Files already downloaded and verified
Files already downloaded and verified
Trainset:
 Mean:
  Loss: 9.989892
  NLLloss: 4.425799
  ECELoss: 38.63%
  MCELoss: 86.08%
  Accuracy: 10.72%
 Ensemble:
  Loss: 9.966792
  NLLloss: 4.402701
  ECELoss: 37.81%
  MCELoss: 88.37%
  Accuracy: 10.95%
Testset:
 Mean:
  Loss: 32.170186
  NLLloss: 4.349727
  ECELoss: 38.61%
  MCELoss: 90.48%
  Accuracy: 10.37%
 Ensemble:
  Loss: 32.151583
  NLLloss: 4.331124
  ECELoss: 38.10%
  MCELoss: 85.68%
  Accuracy: 10.32%
-->Epoch: 001    Loss: 7.611443    NLLloss: 2.076579    ECELoss:  2.25%    MCELoss: 55.37%    Accuracy: 25.53%    Time: 0:00:03
-->Epoch: 002    Loss: 7.225068    NLLloss: 1.749676    ECELoss:  0.75%    MCELoss: 14.13%    Accuracy: 36.00%    Time: 0:00:03
-->Epoch: 003    Loss: 7.026511    NLLloss: 1.610565    ECELoss:  0.89%    MCELoss:  5.09%    Accuracy: 41.67%    Time: 0:00:03
-->Epoch: 004    Loss: 6.887255    NLLloss: 1.530726    ECELoss:  0.46%    MCELoss: 12.93%    Accuracy: 44.78%    Time: 0:00:03
-->Epoch: 005    Loss: 6.770497    NLLloss: 1.473326    ECELoss:  0.73%    MCELoss: 11.90%    Accuracy: 46.92%    Time: 0:00:03
-->Epoch: 006    Loss: 6.656681    NLLloss: 1.418828    ECELoss:  0.74%    MCELoss: 12.72%    Accuracy: 49.08%    Time: 0:00:03
-->Epoch: 007    Loss: 6.559077    NLLloss: 1.380438    ECELoss:  0.71%    MCELoss: 27.17%    Accuracy: 50.56%    Time: 0:00:03
-->Epoch: 008    Loss: 6.469309    NLLloss: 1.349861    ECELoss:  0.76%    MCELoss:  2.76%    Accuracy: 51.62%    Time: 0:00:03
-->Epoch: 009    Loss: 6.377444    NLLloss: 1.317104    ECELoss:  0.66%    MCELoss: 12.00%    Accuracy: 52.91%    Time: 0:00:03
-->Epoch: 010    Loss: 6.300191    NLLloss: 1.298872    ECELoss:  0.75%    MCELoss:  4.07%    Accuracy: 53.54%    Time: 0:00:03
Trainset:
 Mean:
  Loss: 6.232117
  NLLloss: 1.260562
  ECELoss: 1.52%
  MCELoss: 3.63%
  Accuracy: 55.08%
 Ensemble:
  Loss: 6.233822
  NLLloss: 1.262267
  ECELoss: 1.86%
  MCELoss: 13.25%
  Accuracy: 54.88%
Testset:
 Mean:
  Loss: 26.041305
  NLLloss: 1.183531
  ECELoss: 2.59%
  MCELoss: 11.94%
  Accuracy: 57.70%
 Ensemble:
  Loss: 26.042062
  NLLloss: 1.184287
  ECELoss: 3.71%
  MCELoss: 7.28%
  Accuracy: 57.99%
-->Epoch: 011    Loss: 6.224038    NLLloss: 1.281585    ECELoss:  0.95%    MCELoss:  2.06%    Accuracy: 54.32%    Time: 0:00:03
-->Epoch: 012    Loss: 6.147523    NLLloss: 1.263842    ECELoss:  0.76%    MCELoss:  1.51%    Accuracy: 55.11%    Time: 0:00:03
-->Epoch: 013    Loss: 6.071436    NLLloss: 1.246433    ECELoss:  0.71%    MCELoss: 12.92%    Accuracy: 55.48%    Time: 0:00:03
-->Epoch: 014    Loss: 5.995223    NLLloss: 1.228779    ECELoss:  0.73%    MCELoss:  1.78%    Accuracy: 56.47%    Time: 0:00:03
-->Epoch: 015    Loss: 5.917740    NLLloss: 1.209692    ECELoss:  0.66%    MCELoss:  1.37%    Accuracy: 56.85%    Time: 0:00:03
-->Epoch: 016    Loss: 5.861669    NLLloss: 1.211783    ECELoss:  0.65%    MCELoss:  1.28%    Accuracy: 56.93%    Time: 0:00:03
-->Epoch: 017    Loss: 5.782451    NLLloss: 1.190658    ECELoss:  0.55%    MCELoss:  1.78%    Accuracy: 57.80%    Time: 0:00:03
-->Epoch: 018    Loss: 5.708144    NLLloss: 1.174264    ECELoss:  0.64%    MCELoss:  2.36%    Accuracy: 58.18%    Time: 0:00:03
-->Epoch: 019    Loss: 5.643968    NLLloss: 1.167737    ECELoss:  0.55%    MCELoss: 13.25%    Accuracy: 58.53%    Time: 0:00:03
-->Epoch: 020    Loss: 5.575450    NLLloss: 1.156708    ECELoss:  0.50%    MCELoss:  1.57%    Accuracy: 58.95%    Time: 0:00:03
Trainset:
 Mean:
  Loss: 5.505192
  NLLloss: 1.115407
  ECELoss: 1.88%
  MCELoss: 3.71%
  Accuracy: 60.69%
 Ensemble:
  Loss: 5.512209
  NLLloss: 1.122424
  ECELoss: 2.59%
  MCELoss: 4.55%
  Accuracy: 60.43%
Testset:
 Mean:
  Loss: 23.004847
  NLLloss: 1.055920
  ECELoss: 2.13%
  MCELoss: 10.87%
  Accuracy: 62.90%
 Ensemble:
  Loss: 23.005311
  NLLloss: 1.056384
  ECELoss: 3.00%
  MCELoss: 6.84%
  Accuracy: 62.96%
-->Epoch: 021    Loss: 5.505430    NLLloss: 1.143962    ECELoss:  0.96%    MCELoss: 13.30%    Accuracy: 59.56%    Time: 0:00:03
-->Epoch: 022    Loss: 5.450056    NLLloss: 1.145680    ECELoss:  0.46%    MCELoss:  1.07%    Accuracy: 59.37%    Time: 0:00:03
-->Epoch: 023    Loss: 5.376393    NLLloss: 1.128924    ECELoss:  0.55%    MCELoss:  2.12%    Accuracy: 59.84%    Time: 0:00:03
-->Epoch: 024    Loss: 5.310175    NLLloss: 1.119282    ECELoss:  0.70%    MCELoss:  2.88%    Accuracy: 60.35%    Time: 0:00:03
-->Epoch: 025    Loss: 5.250598    NLLloss: 1.116063    ECELoss:  0.63%    MCELoss:  1.19%    Accuracy: 60.63%    Time: 0:00:03
-->Epoch: 026    Loss: 5.184758    NLLloss: 1.106301    ECELoss:  0.53%    MCELoss:  1.21%    Accuracy: 60.70%    Time: 0:00:03
-->Epoch: 027    Loss: 5.131451    NLLloss: 1.108746    ECELoss:  0.55%    MCELoss:  2.63%    Accuracy: 60.86%    Time: 0:00:03
-->Epoch: 028    Loss: 5.077837    NLLloss: 1.110709    ECELoss:  0.41%    MCELoss:  1.58%    Accuracy: 60.69%    Time: 0:00:03
-->Epoch: 029    Loss: 5.004122    NLLloss: 1.092260    ECELoss:  0.51%    MCELoss:  1.10%    Accuracy: 61.40%    Time: 0:00:04
-->Epoch: 030    Loss: 4.944186    NLLloss: 1.087317    ECELoss:  0.44%    MCELoss:  0.80%    Accuracy: 61.53%    Time: 0:00:04
Trainset:
 Mean:
  Loss: 4.884274
  NLLloss: 1.055033
  ECELoss: 1.49%
  MCELoss: 5.46%
  Accuracy: 62.78%
 Ensemble:
  Loss: 4.883997
  NLLloss: 1.054755
  ECELoss: 3.01%
  MCELoss: 6.69%
  Accuracy: 62.62%
Testset:
 Mean:
  Loss: 20.143836
  NLLloss: 0.997626
  ECELoss: 2.68%
  MCELoss: 8.45%
  Accuracy: 65.17%
 Ensemble:
  Loss: 20.144662
  NLLloss: 0.998452
  ECELoss: 3.95%
  MCELoss: 7.96%
  Accuracy: 65.20%
-->Epoch: 031    Loss: 4.891541    NLLloss: 1.089275    ECELoss:  0.70%    MCELoss:  2.96%    Accuracy: 61.40%    Time: 0:00:03
-->Epoch: 032    Loss: 4.834971    NLLloss: 1.086947    ECELoss:  0.66%    MCELoss:  3.75%    Accuracy: 61.60%    Time: 0:00:04
-->Epoch: 033    Loss: 4.780798    NLLloss: 1.086706    ECELoss:  0.48%    MCELoss:  2.35%    Accuracy: 61.58%    Time: 0:00:04
-->Epoch: 034    Loss: 4.727000    NLLloss: 1.086438    ECELoss:  0.77%    MCELoss:  3.56%    Accuracy: 61.64%    Time: 0:00:03
-->Epoch: 035    Loss: 4.670092    NLLloss: 1.082695    ECELoss:  0.68%    MCELoss:  2.27%    Accuracy: 61.61%    Time: 0:00:03
-->Epoch: 036    Loss: 4.612914    NLLloss: 1.078332    ECELoss:  0.51%    MCELoss:  4.29%    Accuracy: 61.96%    Time: 0:00:03
-->Epoch: 037    Loss: 4.551593    NLLloss: 1.069481    ECELoss:  0.76%    MCELoss:  3.40%    Accuracy: 62.48%    Time: 0:00:03
-->Epoch: 038    Loss: 4.495991    NLLloss: 1.065954    ECELoss:  0.44%    MCELoss:  1.32%    Accuracy: 62.19%    Time: 0:00:03
-->Epoch: 039    Loss: 4.447620    NLLloss: 1.069190    ECELoss:  0.52%    MCELoss:  3.30%    Accuracy: 62.19%    Time: 0:00:03
-->Epoch: 040    Loss: 4.393824    NLLloss: 1.066651    ECELoss:  0.59%    MCELoss:  1.51%    Accuracy: 62.58%    Time: 0:00:03
Trainset:
 Mean:
  Loss: 4.292908
  NLLloss: 0.991527
  ECELoss: 1.84%
  MCELoss: 5.37%
  Accuracy: 65.10%
 Ensemble:
  Loss: 4.301321
  NLLloss: 0.999940
  ECELoss: 4.25%
  MCELoss: 6.59%
  Accuracy: 65.02%
Testset:
 Mean:
  Loss: 17.440928
  NLLloss: 0.934025
  ECELoss: 2.79%
  MCELoss: 5.32%
  Accuracy: 67.49%
 Ensemble:
  Loss: 17.446558
  NLLloss: 0.939656
  ECELoss: 4.88%
  MCELoss: 9.24%
  Accuracy: 67.42%
-->Epoch: 041    Loss: 4.347588    NLLloss: 1.071266    ECELoss:  0.47%    MCELoss:  1.00%    Accuracy: 62.21%    Time: 0:00:03
-->Epoch: 042    Loss: 4.295211    NLLloss: 1.069314    ECELoss:  0.70%    MCELoss:  2.75%    Accuracy: 62.32%    Time: 0:00:03
-->Epoch: 043    Loss: 4.241065    NLLloss: 1.065229    ECELoss:  0.88%    MCELoss: 86.78%    Accuracy: 62.29%    Time: 0:00:03
-->Epoch: 044    Loss: 4.202334    NLLloss: 1.076066    ECELoss:  1.02%    MCELoss:  2.13%    Accuracy: 61.96%    Time: 0:00:03
-->Epoch: 045    Loss: 4.156667    NLLloss: 1.079500    ECELoss:  0.63%    MCELoss:  2.77%    Accuracy: 61.91%    Time: 0:00:03
-->Epoch: 046    Loss: 4.104127    NLLloss: 1.075902    ECELoss:  0.93%    MCELoss:  2.01%    Accuracy: 62.01%    Time: 0:00:03
-->Epoch: 047    Loss: 4.051581    NLLloss: 1.072001    ECELoss:  0.83%    MCELoss:  1.46%    Accuracy: 62.10%    Time: 0:00:03
-->Epoch: 048    Loss: 4.007249    NLLloss: 1.075855    ECELoss:  0.70%    MCELoss:  4.57%    Accuracy: 61.84%    Time: 0:00:03
-->Epoch: 049    Loss: 3.948642    NLLloss: 1.064813    ECELoss:  0.53%    MCELoss:  1.31%    Accuracy: 62.43%    Time: 0:00:03
-->Epoch: 050    Loss: 3.904764    NLLloss: 1.068164    ECELoss:  0.84%    MCELoss:  1.54%    Accuracy: 62.23%    Time: 0:00:03
Trainset:
 Mean:
  Loss: 3.795391
  NLLloss: 0.982564
  ECELoss: 1.98%
  MCELoss: 3.75%
  Accuracy: 65.53%
 Ensemble:
  Loss: 3.805670
  NLLloss: 0.992843
  ECELoss: 5.19%
  MCELoss: 8.73%
  Accuracy: 65.37%
Testset:
 Mean:
  Loss: 14.988097
  NLLloss: 0.923961
  ECELoss: 2.98%
  MCELoss: 6.16%
  Accuracy: 68.20%
 Ensemble:
  Loss: 14.995451
  NLLloss: 0.931315
  ECELoss: 5.84%
  MCELoss: 8.82%
  Accuracy: 68.10%
-->Epoch: 051    Loss: 3.867393    NLLloss: 1.077239    ECELoss:  0.95%    MCELoss:  2.00%    Accuracy: 62.16%    Time: 0:00:03
-->Epoch: 052    Loss: 3.815072    NLLloss: 1.069943    ECELoss:  0.89%    MCELoss:  3.08%    Accuracy: 62.30%    Time: 0:00:03
-->Epoch: 053    Loss: 3.775357    NLLloss: 1.073896    ECELoss:  0.92%    MCELoss:  2.76%    Accuracy: 62.08%    Time: 0:00:03
-->Epoch: 054    Loss: 3.730884    NLLloss: 1.071738    ECELoss:  0.70%    MCELoss:  2.54%    Accuracy: 62.24%    Time: 0:00:03
-->Epoch: 055    Loss: 3.697902    NLLloss: 1.079834    ECELoss:  1.18%    MCELoss:  2.10%    Accuracy: 62.05%    Time: 0:00:03
-->Epoch: 056    Loss: 3.650977    NLLloss: 1.072763    ECELoss:  0.83%    MCELoss:  3.15%    Accuracy: 62.14%    Time: 0:00:03
-->Epoch: 057    Loss: 3.615590    NLLloss: 1.076116    ECELoss:  0.88%    MCELoss:  1.89%    Accuracy: 62.01%    Time: 0:00:03
-->Epoch: 058    Loss: 3.577812    NLLloss: 1.075801    ECELoss:  0.90%    MCELoss:  3.20%    Accuracy: 62.28%    Time: 0:00:03
-->Epoch: 059    Loss: 3.547923    NLLloss: 1.082095    ECELoss:  0.85%    MCELoss:  1.84%    Accuracy: 61.86%    Time: 0:00:03
-->Epoch: 060    Loss: 3.509701    NLLloss: 1.078977    ECELoss:  1.11%    MCELoss:  1.86%    Accuracy: 61.92%    Time: 0:00:03
Trainset:
 Mean:
  Loss: 3.374388
  NLLloss: 0.961002
  ECELoss: 1.66%
  MCELoss: 2.89%
  Accuracy: 66.16%
 Ensemble:
  Loss: 3.393160
  NLLloss: 0.979773
  ECELoss: 4.86%
  MCELoss: 7.96%
  Accuracy: 65.49%
Testset:
 Mean:
  Loss: 12.979548
  NLLloss: 0.912615
  ECELoss: 2.29%
  MCELoss: 4.68%
  Accuracy: 67.87%
 Ensemble:
  Loss: 12.987817
  NLLloss: 0.920884
  ECELoss: 5.33%
  MCELoss: 10.91%
  Accuracy: 68.02%
-->Epoch: 061    Loss: 3.477577    NLLloss: 1.080700    ECELoss:  0.92%    MCELoss:  2.61%    Accuracy: 61.90%    Time: 0:00:03
-->Epoch: 062    Loss: 3.438810    NLLloss: 1.074796    ECELoss:  1.20%    MCELoss:  2.29%    Accuracy: 62.03%    Time: 0:00:03
-->Epoch: 063    Loss: 3.407870    NLLloss: 1.075695    ECELoss:  0.90%    MCELoss: 13.33%    Accuracy: 62.07%    Time: 0:00:03
-->Epoch: 064    Loss: 3.381481    NLLloss: 1.079893    ECELoss:  0.93%    MCELoss:  3.08%    Accuracy: 62.20%    Time: 0:00:03
-->Epoch: 065    Loss: 3.353038    NLLloss: 1.080888    ECELoss:  0.88%    MCELoss:  6.19%    Accuracy: 61.85%    Time: 0:00:03
-->Epoch: 066    Loss: 3.321571    NLLloss: 1.077920    ECELoss:  0.93%    MCELoss:  3.14%    Accuracy: 62.10%    Time: 0:00:03
-->Epoch: 067    Loss: 3.290509    NLLloss: 1.074472    ECELoss:  0.88%    MCELoss:  2.10%    Accuracy: 62.25%    Time: 0:00:03
-->Epoch: 068    Loss: 3.272528    NLLloss: 1.082978    ECELoss:  1.15%    MCELoss: 12.99%    Accuracy: 61.88%    Time: 0:00:03
-->Epoch: 069    Loss: 3.243891    NLLloss: 1.079739    ECELoss:  0.93%    MCELoss: 13.33%    Accuracy: 61.93%    Time: 0:00:03
-->Epoch: 070    Loss: 3.225895    NLLloss: 1.086225    ECELoss:  0.87%    MCELoss:  2.02%    Accuracy: 61.90%    Time: 0:00:04
Trainset:
 Mean:
  Loss: 3.095793
  NLLloss: 0.968274
  ECELoss: 2.65%
  MCELoss: 5.01%
  Accuracy: 65.92%
 Ensemble:
  Loss: 3.111518
  NLLloss: 0.983998
  ECELoss: 6.59%
  MCELoss: 10.28%
  Accuracy: 65.92%
Testset:
 Mean:
  Loss: 11.545718
  NLLloss: 0.908122
  ECELoss: 3.64%
  MCELoss: 8.64%
  Accuracy: 68.79%
 Ensemble:
  Loss: 11.560603
  NLLloss: 0.923006
  ECELoss: 6.91%
  MCELoss: 13.51%
  Accuracy: 68.56%
-->Epoch: 071    Loss: 3.196884    NLLloss: 1.080801    ECELoss:  1.02%    MCELoss: 12.77%    Accuracy: 61.57%    Time: 0:00:03
-->Epoch: 072    Loss: 3.179434    NLLloss: 1.085867    ECELoss:  1.02%    MCELoss:  1.77%    Accuracy: 61.88%    Time: 0:00:03
-->Epoch: 073    Loss: 3.153898    NLLloss: 1.081936    ECELoss:  1.01%    MCELoss:  5.07%    Accuracy: 62.21%    Time: 0:00:03
-->Epoch: 074    Loss: 3.130229    NLLloss: 1.079007    ECELoss:  1.07%    MCELoss:  6.84%    Accuracy: 62.00%    Time: 0:00:03
-->Epoch: 075    Loss: 3.111368    NLLloss: 1.079947    ECELoss:  0.92%    MCELoss:  2.97%    Accuracy: 61.83%    Time: 0:00:03
-->Epoch: 076    Loss: 3.098151    NLLloss: 1.085633    ECELoss:  0.98%    MCELoss: 86.95%    Accuracy: 61.80%    Time: 0:00:03
-->Epoch: 077    Loss: 3.081171    NLLloss: 1.086678    ECELoss:  1.12%    MCELoss:  2.14%    Accuracy: 62.07%    Time: 0:00:03
-->Epoch: 078    Loss: 3.060366    NLLloss: 1.083064    ECELoss:  0.88%    MCELoss:  2.61%    Accuracy: 61.91%    Time: 0:00:03
-->Epoch: 079    Loss: 3.046899    NLLloss: 1.085842    ECELoss:  0.90%    MCELoss:  2.40%    Accuracy: 61.88%    Time: 0:00:03
-->Epoch: 080    Loss: 3.035327    NLLloss: 1.089637    ECELoss:  1.02%    MCELoss:  2.98%    Accuracy: 61.69%    Time: 0:00:03
Trainset:
 Mean:
  Loss: 2.894097
  NLLloss: 0.955980
  ECELoss: 3.72%
  MCELoss: 5.39%
  Accuracy: 66.51%
 Ensemble:
  Loss: 2.920282
  NLLloss: 0.982166
  ECELoss: 7.27%
  MCELoss: 11.41%
  Accuracy: 66.05%
Testset:
 Mean:
  Loss: 10.594686
  NLLloss: 0.904104
  ECELoss: 4.28%
  MCELoss: 11.19%
  Accuracy: 68.99%
 Ensemble:
  Loss: 10.607935
  NLLloss: 0.917353
  ECELoss: 7.94%
  MCELoss: 11.73%
  Accuracy: 69.03%
-->Epoch: 081    Loss: 3.017194    NLLloss: 1.086120    ECELoss:  1.15%    MCELoss:  3.11%    Accuracy: 61.80%    Time: 0:00:03
-->Epoch: 082    Loss: 3.003427    NLLloss: 1.086188    ECELoss:  0.89%    MCELoss:  2.30%    Accuracy: 61.41%    Time: 0:00:03
-->Epoch: 083    Loss: 2.983100    NLLloss: 1.078935    ECELoss:  1.11%    MCELoss:  3.12%    Accuracy: 62.12%    Time: 0:00:03
-->Epoch: 084    Loss: 2.977280    NLLloss: 1.085387    ECELoss:  0.92%    MCELoss:  2.24%    Accuracy: 61.80%    Time: 0:00:03
-->Epoch: 085    Loss: 2.969572    NLLloss: 1.089187    ECELoss:  0.92%    MCELoss:  2.52%    Accuracy: 61.37%    Time: 0:00:03
-->Epoch: 086    Loss: 2.954018    NLLloss: 1.084301    ECELoss:  0.76%    MCELoss:  2.17%    Accuracy: 61.70%    Time: 0:00:03
-->Epoch: 087    Loss: 2.940109    NLLloss: 1.080265    ECELoss:  1.13%    MCELoss:  2.80%    Accuracy: 61.82%    Time: 0:00:03
-->Epoch: 088    Loss: 2.932657    NLLloss: 1.081978    ECELoss:  1.12%    MCELoss:  3.30%    Accuracy: 61.82%    Time: 0:00:03
-->Epoch: 089    Loss: 2.924505    NLLloss: 1.082191    ECELoss:  0.93%    MCELoss:  2.05%    Accuracy: 61.87%    Time: 0:00:03
-->Epoch: 090    Loss: 2.916426    NLLloss: 1.081735    ECELoss:  0.89%    MCELoss:  1.63%    Accuracy: 61.79%    Time: 0:00:03
Trainset:
 Mean:
  Loss: 2.790806
  NLLloss: 0.959789
  ECELoss: 3.81%
  MCELoss: 86.84%
  Accuracy: 66.27%
 Ensemble:
  Loss: 2.814143
  NLLloss: 0.983126
  ECELoss: 7.63%
  MCELoss: 86.83%
  Accuracy: 66.10%
Testset:
 Mean:
  Loss: 10.057865
  NLLloss: 0.902780
  ECELoss: 4.47%
  MCELoss: 8.77%
  Accuracy: 68.95%
 Ensemble:
  Loss: 10.076102
  NLLloss: 0.921018
  ECELoss: 7.98%
  MCELoss: 12.80%
  Accuracy: 68.87%
-->Epoch: 091    Loss: 2.905969    NLLloss: 1.078197    ECELoss:  1.07%    MCELoss:  4.86%    Accuracy: 61.94%    Time: 0:00:03
-->Epoch: 092    Loss: 2.898044    NLLloss: 1.076426    ECELoss:  0.85%    MCELoss: 12.88%    Accuracy: 62.03%    Time: 0:00:03
-->Epoch: 093    Loss: 2.902847    NLLloss: 1.086621    ECELoss:  0.88%    MCELoss:  2.60%    Accuracy: 61.82%    Time: 0:00:03
-->Epoch: 094    Loss: 2.888182    NLLloss: 1.076648    ECELoss:  0.84%    MCELoss:  2.26%    Accuracy: 62.12%    Time: 0:00:03
-->Epoch: 095    Loss: 2.886551    NLLloss: 1.078965    ECELoss:  0.93%    MCELoss:  8.49%    Accuracy: 61.87%    Time: 0:00:03
-->Epoch: 096    Loss: 2.886616    NLLloss: 1.082257    ECELoss:  0.89%    MCELoss: 12.79%    Accuracy: 61.77%    Time: 0:00:03
-->Epoch: 097    Loss: 2.881638    NLLloss: 1.079780    ECELoss:  0.73%    MCELoss:  1.76%    Accuracy: 61.89%    Time: 0:00:03
-->Epoch: 098    Loss: 2.879120    NLLloss: 1.079049    ECELoss:  1.17%    MCELoss:  3.37%    Accuracy: 61.98%    Time: 0:00:03
-->Epoch: 099    Loss: 2.879893    NLLloss: 1.080895    ECELoss:  0.91%    MCELoss:  2.91%    Accuracy: 61.97%    Time: 0:00:03
-->Epoch: 100    Loss: 2.873066    NLLloss: 1.074429    ECELoss:  0.97%    MCELoss:  3.88%    Accuracy: 62.15%    Time: 0:00:03
Trainset:
 Mean:
  Loss: 2.756254
  NLLloss: 0.957616
  ECELoss: 3.73%
  MCELoss: 5.55%
  Accuracy: 66.44%
 Ensemble:
  Loss: 2.774462
  NLLloss: 0.975824
  ECELoss: 7.67%
  MCELoss: 12.12%
  Accuracy: 66.37%
Testset:
 Mean:
  Loss: 9.893602
  NLLloss: 0.900415
  ECELoss: 4.22%
  MCELoss: 7.79%
  Accuracy: 68.93%
 Ensemble:
  Loss: 9.909939
  NLLloss: 0.916752
  ECELoss: 8.03%
  MCELoss: 11.93%
  Accuracy: 69.08%
