Files already downloaded and verified
Files already downloaded and verified
Trainset:
 Mean:
  Loss: 11.225268
  NLLloss: 4.425799
  ECELoss: 38.63%
  MCELoss: 86.08%
  Accuracy: 10.72%
 Ensemble:
  Loss: 11.218435
  NLLloss: 4.418967
  ECELoss: 38.28%
  MCELoss: 89.38%
  Accuracy: 10.98%
Testset:
 Mean:
  Loss: 38.347067
  NLLloss: 4.349727
  ECELoss: 38.61%
  MCELoss: 90.48%
  Accuracy: 10.37%
 Ensemble:
  Loss: 38.344214
  NLLloss: 4.346874
  ECELoss: 38.55%
  MCELoss: 90.09%
  Accuracy: 10.34%
-->Epoch: 001    Loss: 8.840122    NLLloss: 2.070409    ECELoss:  2.09%    MCELoss: 34.54%    Accuracy: 25.67%    Time: 0:00:03
-->Epoch: 002    Loss: 8.455636    NLLloss: 1.746157    ECELoss:  0.59%    MCELoss: 15.05%    Accuracy: 36.12%    Time: 0:00:03
-->Epoch: 003    Loss: 8.258382    NLLloss: 1.609132    ECELoss:  0.73%    MCELoss:  7.20%    Accuracy: 41.73%    Time: 0:00:03
-->Epoch: 004    Loss: 8.119094    NLLloss: 1.530064    ECELoss:  0.68%    MCELoss: 12.72%    Accuracy: 44.88%    Time: 0:00:03
-->Epoch: 005    Loss: 7.999758    NLLloss: 1.470920    ECELoss:  0.55%    MCELoss: 12.93%    Accuracy: 46.92%    Time: 0:00:03
-->Epoch: 006    Loss: 7.884577    NLLloss: 1.415915    ECELoss:  1.16%    MCELoss:  3.71%    Accuracy: 49.46%    Time: 0:00:03
-->Epoch: 007    Loss: 7.781812    NLLloss: 1.373313    ECELoss:  0.85%    MCELoss:  2.14%    Accuracy: 50.84%    Time: 0:00:03
-->Epoch: 008    Loss: 7.689576    NLLloss: 1.341235    ECELoss:  0.75%    MCELoss:  3.83%    Accuracy: 51.97%    Time: 0:00:03
-->Epoch: 009    Loss: 7.599678    NLLloss: 1.311462    ECELoss:  0.82%    MCELoss:  1.65%    Accuracy: 53.25%    Time: 0:00:03
-->Epoch: 010    Loss: 7.515812    NLLloss: 1.287704    ECELoss:  0.71%    MCELoss:  1.79%    Accuracy: 54.05%    Time: 0:00:03
Trainset:
 Mean:
  Loss: 7.456625
  NLLloss: 1.258874
  ECELoss: 1.49%
  MCELoss: 12.57%
  Accuracy: 54.98%
 Ensemble:
  Loss: 7.457772
  NLLloss: 1.260020
  ECELoss: 1.67%
  MCELoss: 3.87%
  Accuracy: 55.13%
Testset:
 Mean:
  Loss: 32.171501
  NLLloss: 1.182743
  ECELoss: 3.06%
  MCELoss: 5.85%
  Accuracy: 58.13%
 Ensemble:
  Loss: 32.171856
  NLLloss: 1.183097
  ECELoss: 3.26%
  MCELoss: 5.27%
  Accuracy: 58.19%
-->Epoch: 011    Loss: 7.434829    NLLloss: 1.266798    ECELoss:  0.95%    MCELoss:  2.33%    Accuracy: 55.07%    Time: 0:00:03
-->Epoch: 012    Loss: 7.358243    NLLloss: 1.250250    ECELoss:  0.78%    MCELoss: 13.25%    Accuracy: 55.51%    Time: 0:00:03
-->Epoch: 013    Loss: 7.277064    NLLloss: 1.229082    ECELoss:  0.81%    MCELoss:  2.24%    Accuracy: 56.34%    Time: 0:00:03
-->Epoch: 014    Loss: 7.198726    NLLloss: 1.210743    ECELoss:  0.64%    MCELoss:  2.12%    Accuracy: 56.91%    Time: 0:00:03
-->Epoch: 015    Loss: 7.122896    NLLloss: 1.194898    ECELoss:  0.73%    MCELoss:  3.55%    Accuracy: 57.48%    Time: 0:00:03
-->Epoch: 016    Loss: 7.061648    NLLloss: 1.193569    ECELoss:  0.54%    MCELoss:  2.05%    Accuracy: 57.66%    Time: 0:00:03
-->Epoch: 017    Loss: 6.981511    NLLloss: 1.173311    ECELoss:  0.54%    MCELoss:  1.69%    Accuracy: 58.34%    Time: 0:00:03
-->Epoch: 018    Loss: 6.900159    NLLloss: 1.151821    ECELoss:  0.92%    MCELoss:  1.97%    Accuracy: 59.20%    Time: 0:00:03
-->Epoch: 019    Loss: 6.833038    NLLloss: 1.144486    ECELoss:  0.60%    MCELoss:  1.43%    Accuracy: 59.37%    Time: 0:00:03
-->Epoch: 020    Loss: 6.762776    NLLloss: 1.133982    ECELoss:  0.75%    MCELoss:  2.19%    Accuracy: 59.85%    Time: 0:00:03
Trainset:
 Mean:
  Loss: 6.705941
  NLLloss: 1.107300
  ECELoss: 1.27%
  MCELoss: 13.32%
  Accuracy: 60.89%
 Ensemble:
  Loss: 6.709244
  NLLloss: 1.110604
  ECELoss: 1.42%
  MCELoss: 4.29%
  Accuracy: 60.71%
Testset:
 Mean:
  Loss: 29.043745
  NLLloss: 1.050546
  ECELoss: 1.60%
  MCELoss: 8.29%
  Accuracy: 62.90%
 Ensemble:
  Loss: 29.043124
  NLLloss: 1.049926
  ECELoss: 1.92%
  MCELoss: 4.87%
  Accuracy: 63.09%
-->Epoch: 021    Loss: 6.686483    NLLloss: 1.117365    ECELoss:  0.89%    MCELoss:  1.89%    Accuracy: 60.56%    Time: 0:00:08
-->Epoch: 022    Loss: 6.626991    NLLloss: 1.117519    ECELoss:  0.59%    MCELoss:  4.96%    Accuracy: 60.25%    Time: 0:00:07
-->Epoch: 023    Loss: 6.548105    NLLloss: 1.098227    ECELoss:  0.70%    MCELoss:  3.94%    Accuracy: 61.12%    Time: 0:00:06
-->Epoch: 024    Loss: 6.482301    NLLloss: 1.091925    ECELoss:  0.74%    MCELoss:  1.70%    Accuracy: 61.49%    Time: 0:00:06
-->Epoch: 025    Loss: 6.417284    NLLloss: 1.086343    ECELoss:  0.45%    MCELoss:  1.75%    Accuracy: 61.53%    Time: 0:00:05
-->Epoch: 026    Loss: 6.351924    NLLloss: 1.080358    ECELoss:  0.61%    MCELoss:  1.91%    Accuracy: 61.82%    Time: 0:00:05
-->Epoch: 027    Loss: 6.289318    NLLloss: 1.077027    ECELoss:  0.68%    MCELoss:  1.40%    Accuracy: 62.05%    Time: 0:00:05
-->Epoch: 028    Loss: 6.225882    NLLloss: 1.072733    ECELoss:  0.60%    MCELoss:  5.03%    Accuracy: 61.93%    Time: 0:00:05
-->Epoch: 029    Loss: 6.154227    NLLloss: 1.060197    ECELoss:  0.74%    MCELoss: 13.01%    Accuracy: 62.70%    Time: 0:00:05
-->Epoch: 030    Loss: 6.091320    NLLloss: 1.056297    ECELoss:  0.60%    MCELoss:  1.36%    Accuracy: 62.91%    Time: 0:00:04
Trainset:
 Mean:
  Loss: 6.046093
  NLLloss: 1.040811
  ECELoss: 1.11%
  MCELoss: 3.08%
  Accuracy: 63.17%
 Ensemble:
  Loss: 6.047973
  NLLloss: 1.042691
  ECELoss: 1.90%
  MCELoss: 13.03%
  Accuracy: 63.39%
Testset:
 Mean:
  Loss: 26.014257
  NLLloss: 0.987848
  ECELoss: 1.94%
  MCELoss: 4.15%
  Accuracy: 65.47%
 Ensemble:
  Loss: 26.014345
  NLLloss: 0.987936
  ECELoss: 2.57%
  MCELoss: 6.27%
  Accuracy: 65.54%
-->Epoch: 031    Loss: 6.030002    NLLloss: 1.053836    ECELoss:  0.58%    MCELoss:  4.03%    Accuracy: 62.81%    Time: 0:00:04
-->Epoch: 032    Loss: 5.964597    NLLloss: 1.047214    ECELoss:  0.60%    MCELoss:  1.39%    Accuracy: 63.02%    Time: 0:00:04
-->Epoch: 033    Loss: 5.901804    NLLloss: 1.043004    ECELoss:  0.56%    MCELoss:  1.47%    Accuracy: 63.36%    Time: 0:00:04
-->Epoch: 034    Loss: 5.840911    NLLloss: 1.040554    ECELoss:  0.47%    MCELoss:  4.07%    Accuracy: 63.16%    Time: 0:00:04
-->Epoch: 035    Loss: 5.780684    NLLloss: 1.038663    ECELoss:  0.61%    MCELoss:  3.58%    Accuracy: 63.22%    Time: 0:00:04
-->Epoch: 036    Loss: 5.713079    NLLloss: 1.029274    ECELoss:  0.53%    MCELoss:  6.67%    Accuracy: 63.62%    Time: 0:00:04
-->Epoch: 037    Loss: 5.651036    NLLloss: 1.025327    ECELoss:  0.45%    MCELoss:  1.66%    Accuracy: 63.68%    Time: 0:00:04
-->Epoch: 038    Loss: 5.591023    NLLloss: 1.023131    ECELoss:  0.54%    MCELoss:  1.93%    Accuracy: 63.92%    Time: 0:00:04
-->Epoch: 039    Loss: 5.528496    NLLloss: 1.018173    ECELoss:  0.49%    MCELoss:  5.54%    Accuracy: 63.97%    Time: 0:00:04
-->Epoch: 040    Loss: 5.468389    NLLloss: 1.015427    ECELoss:  0.56%    MCELoss:  3.51%    Accuracy: 64.28%    Time: 0:00:04
Trainset:
 Mean:
  Loss: 5.412544
  NLLloss: 0.988499
  ECELoss: 1.19%
  MCELoss: 2.72%
  Accuracy: 65.08%
 Ensemble:
  Loss: 5.414778
  NLLloss: 0.990733
  ECELoss: 2.23%
  MCELoss: 4.23%
  Accuracy: 65.12%
Testset:
 Mean:
  Loss: 23.057949
  NLLloss: 0.937725
  ECELoss: 1.43%
  MCELoss: 7.29%
  Accuracy: 66.82%
 Ensemble:
  Loss: 23.058530
  NLLloss: 0.938306
  ECELoss: 2.46%
  MCELoss: 8.98%
  Accuracy: 66.80%
-->Epoch: 041    Loss: 5.411469    NLLloss: 1.015696    ECELoss:  0.59%    MCELoss:  3.67%    Accuracy: 64.45%    Time: 0:00:03
-->Epoch: 042    Loss: 5.350466    NLLloss: 1.011676    ECELoss:  0.55%    MCELoss:  3.81%    Accuracy: 64.31%    Time: 0:00:04
-->Epoch: 043    Loss: 5.288626    NLLloss: 1.006549    ECELoss:  0.38%    MCELoss:  6.41%    Accuracy: 64.42%    Time: 0:00:03
-->Epoch: 044    Loss: 5.235495    NLLloss: 1.009892    ECELoss:  0.47%    MCELoss:  8.58%    Accuracy: 64.38%    Time: 0:00:03
-->Epoch: 045    Loss: 5.190654    NLLloss: 1.021216    ECELoss:  0.55%    MCELoss:  2.52%    Accuracy: 64.09%    Time: 0:00:03
-->Epoch: 046    Loss: 5.128214    NLLloss: 1.014753    ECELoss:  0.76%    MCELoss:  2.75%    Accuracy: 64.54%    Time: 0:00:03
-->Epoch: 047    Loss: 5.067990    NLLloss: 1.010279    ECELoss:  0.50%    MCELoss:  2.37%    Accuracy: 64.38%    Time: 0:00:03
-->Epoch: 048    Loss: 5.010271    NLLloss: 1.007921    ECELoss:  0.55%    MCELoss:  3.71%    Accuracy: 64.58%    Time: 0:00:03
-->Epoch: 049    Loss: 4.948319    NLLloss: 1.000962    ECELoss:  0.63%    MCELoss:  4.45%    Accuracy: 64.98%    Time: 0:00:03
-->Epoch: 050    Loss: 4.897683    NLLloss: 1.005110    ECELoss:  0.46%    MCELoss:  5.66%    Accuracy: 64.52%    Time: 0:00:03
Trainset:
 Mean:
  Loss: 4.829783
  NLLloss: 0.964755
  ECELoss: 1.89%
  MCELoss: 3.99%
  Accuracy: 66.18%
 Ensemble:
  Loss: 4.834909
  NLLloss: 0.969881
  ECELoss: 3.43%
  MCELoss: 5.80%
  Accuracy: 66.01%
Testset:
 Mean:
  Loss: 20.239508
  NLLloss: 0.914365
  ECELoss: 2.55%
  MCELoss: 7.53%
  Accuracy: 68.26%
 Ensemble:
  Loss: 20.242322
  NLLloss: 0.917181
  ECELoss: 3.96%
  MCELoss: 8.09%
  Accuracy: 68.29%
-->Epoch: 051    Loss: 4.849906    NLLloss: 1.011187    ECELoss:  0.67%    MCELoss:  4.25%    Accuracy: 64.57%    Time: 0:00:03
-->Epoch: 052    Loss: 4.788714    NLLloss: 1.002431    ECELoss:  0.71%    MCELoss: 87.14%    Accuracy: 64.69%    Time: 0:00:03
-->Epoch: 053    Loss: 4.738160    NLLloss: 1.002908    ECELoss:  0.69%    MCELoss:  4.35%    Accuracy: 64.43%    Time: 0:00:03
-->Epoch: 054    Loss: 4.688433    NLLloss: 1.002754    ECELoss:  0.57%    MCELoss:  5.92%    Accuracy: 64.78%    Time: 0:00:03
-->Epoch: 055    Loss: 4.640039    NLLloss: 1.002488    ECELoss:  0.59%    MCELoss:  1.92%    Accuracy: 64.94%    Time: 0:00:03
-->Epoch: 056    Loss: 4.594245    NLLloss: 1.003404    ECELoss:  0.43%    MCELoss:  3.61%    Accuracy: 64.69%    Time: 0:00:03
-->Epoch: 057    Loss: 4.544842    NLLloss: 0.999483    ECELoss:  0.53%    MCELoss:  4.25%    Accuracy: 64.74%    Time: 0:00:03
-->Epoch: 058    Loss: 4.503546    NLLloss: 1.002380    ECELoss:  0.56%    MCELoss:  1.04%    Accuracy: 64.71%    Time: 0:00:03
-->Epoch: 059    Loss: 4.467368    NLLloss: 1.008973    ECELoss:  0.68%    MCELoss:  4.31%    Accuracy: 64.65%    Time: 0:00:03
-->Epoch: 060    Loss: 4.418100    NLLloss: 1.001164    ECELoss:  0.87%    MCELoss:  3.06%    Accuracy: 64.80%    Time: 0:00:03
Trainset:
 Mean:
  Loss: 4.317089
  NLLloss: 0.920751
  ECELoss: 1.38%
  MCELoss: 4.17%
  Accuracy: 67.58%
 Ensemble:
  Loss: 4.328625
  NLLloss: 0.932286
  ECELoss: 3.71%
  MCELoss: 6.48%
  Accuracy: 67.35%
Testset:
 Mean:
  Loss: 17.868773
  NLLloss: 0.887080
  ECELoss: 1.70%
  MCELoss: 12.60%
  Accuracy: 69.36%
 Ensemble:
  Loss: 17.868812
  NLLloss: 0.887119
  ECELoss: 3.87%
  MCELoss: 7.85%
  Accuracy: 69.33%
-->Epoch: 061    Loss: 4.381611    NLLloss: 1.004875    ECELoss:  0.66%    MCELoss:  1.17%    Accuracy: 64.76%    Time: 0:00:03
-->Epoch: 062    Loss: 4.340714    NLLloss: 1.002983    ECELoss:  0.57%    MCELoss: 13.20%    Accuracy: 64.49%    Time: 0:00:03
-->Epoch: 063    Loss: 4.297291    NLLloss: 0.997302    ECELoss:  0.51%    MCELoss:  3.44%    Accuracy: 64.81%    Time: 0:00:03
-->Epoch: 064    Loss: 4.268461    NLLloss: 1.004924    ECELoss:  0.66%    MCELoss:  2.83%    Accuracy: 64.65%    Time: 0:00:03
-->Epoch: 065    Loss: 4.235936    NLLloss: 1.007537    ECELoss:  0.64%    MCELoss:  3.28%    Accuracy: 64.45%    Time: 0:00:03
-->Epoch: 066    Loss: 4.194229    NLLloss: 0.999931    ECELoss:  0.80%    MCELoss:  1.87%    Accuracy: 65.12%    Time: 0:00:03
-->Epoch: 067    Loss: 4.162341    NLLloss: 1.001093    ECELoss:  0.76%    MCELoss:  6.75%    Accuracy: 64.82%    Time: 0:00:03
-->Epoch: 068    Loss: 4.135970    NLLloss: 1.006516    ECELoss:  0.77%    MCELoss:  1.83%    Accuracy: 64.70%    Time: 0:00:03
-->Epoch: 069    Loss: 4.106114    NLLloss: 1.007244    ECELoss:  0.70%    MCELoss:  2.48%    Accuracy: 64.60%    Time: 0:00:03
-->Epoch: 070    Loss: 4.078478    NLLloss: 1.009122    ECELoss:  0.80%    MCELoss:  7.10%    Accuracy: 64.46%    Time: 0:00:03
Trainset:
 Mean:
  Loss: 3.971442
  NLLloss: 0.916720
  ECELoss: 1.95%
  MCELoss: 3.51%
  Accuracy: 67.73%
 Ensemble:
  Loss: 3.984777
  NLLloss: 0.930055
  ECELoss: 5.12%
  MCELoss: 9.01%
  Accuracy: 67.70%
Testset:
 Mean:
  Loss: 16.146377
  NLLloss: 0.872767
  ECELoss: 2.60%
  MCELoss: 8.15%
  Accuracy: 70.11%
 Ensemble:
  Loss: 16.153943
  NLLloss: 0.880333
  ECELoss: 5.08%
  MCELoss: 8.37%
  Accuracy: 69.77%
-->Epoch: 071    Loss: 4.045753    NLLloss: 1.004863    ECELoss:  0.94%    MCELoss:  2.50%    Accuracy: 64.70%    Time: 0:00:03
-->Epoch: 072    Loss: 4.023763    NLLloss: 1.010149    ECELoss:  0.70%    MCELoss:  1.34%    Accuracy: 64.58%    Time: 0:00:03
-->Epoch: 073    Loss: 3.995431    NLLloss: 1.007974    ECELoss:  0.79%    MCELoss:  2.27%    Accuracy: 64.73%    Time: 0:00:03
-->Epoch: 074    Loss: 3.968547    NLLloss: 1.006199    ECELoss:  0.75%    MCELoss:  1.99%    Accuracy: 64.87%    Time: 0:00:03
-->Epoch: 075    Loss: 3.948334    NLLloss: 1.010041    ECELoss:  0.65%    MCELoss:  3.02%    Accuracy: 64.54%    Time: 0:00:03
-->Epoch: 076    Loss: 3.926486    NLLloss: 1.011201    ECELoss:  0.86%    MCELoss:  2.68%    Accuracy: 64.29%    Time: 0:00:03
-->Epoch: 077    Loss: 3.907863    NLLloss: 1.014496    ECELoss:  0.56%    MCELoss:  2.81%    Accuracy: 64.44%    Time: 0:00:03
-->Epoch: 078    Loss: 3.879175    NLLloss: 1.006739    ECELoss:  0.67%    MCELoss:  1.43%    Accuracy: 64.61%    Time: 0:00:03
-->Epoch: 079    Loss: 3.863507    NLLloss: 1.010948    ECELoss:  0.72%    MCELoss:  1.88%    Accuracy: 64.48%    Time: 0:00:03
-->Epoch: 080    Loss: 3.848916    NLLloss: 1.015221    ECELoss:  0.69%    MCELoss:  3.09%    Accuracy: 64.20%    Time: 0:00:03
Trainset:
 Mean:
  Loss: 3.732288
  NLLloss: 0.907919
  ECELoss: 2.77%
  MCELoss: 13.24%
  Accuracy: 68.22%
 Ensemble:
  Loss: 3.754970
  NLLloss: 0.930601
  ECELoss: 5.60%
  MCELoss: 8.64%
  Accuracy: 67.71%
Testset:
 Mean:
  Loss: 14.990617
  NLLloss: 0.868774
  ECELoss: 2.91%
  MCELoss: 5.26%
  Accuracy: 70.03%
 Ensemble:
  Loss: 15.000923
  NLLloss: 0.879079
  ECELoss: 5.45%
  MCELoss: 12.44%
  Accuracy: 69.54%
-->Epoch: 081    Loss: 3.825951    NLLloss: 1.010194    ECELoss:  0.73%    MCELoss:  1.34%    Accuracy: 64.52%    Time: 0:00:03
-->Epoch: 082    Loss: 3.809495    NLLloss: 1.010635    ECELoss:  0.71%    MCELoss:  1.88%    Accuracy: 64.68%    Time: 0:00:04
-->Epoch: 083    Loss: 3.792502    NLLloss: 1.009616    ECELoss:  0.90%    MCELoss:  5.05%    Accuracy: 64.70%    Time: 0:00:03
-->Epoch: 084    Loss: 3.777460    NLLloss: 1.009605    ECELoss:  0.62%    MCELoss:  5.94%    Accuracy: 64.53%    Time: 0:00:03
-->Epoch: 085    Loss: 3.765913    NLLloss: 1.012111    ECELoss:  1.00%    MCELoss:  6.47%    Accuracy: 64.24%    Time: 0:00:03
-->Epoch: 086    Loss: 3.747624    NLLloss: 1.006907    ECELoss:  0.90%    MCELoss:  4.19%    Accuracy: 64.49%    Time: 0:00:03
-->Epoch: 087    Loss: 3.740396    NLLloss: 1.011852    ECELoss:  0.75%    MCELoss:  1.45%    Accuracy: 64.23%    Time: 0:00:03
-->Epoch: 088    Loss: 3.725675    NLLloss: 1.008349    ECELoss:  0.73%    MCELoss:  1.34%    Accuracy: 64.49%    Time: 0:00:03
-->Epoch: 089    Loss: 3.716930    NLLloss: 1.009951    ECELoss:  0.53%    MCELoss:  1.67%    Accuracy: 64.53%    Time: 0:00:03
-->Epoch: 090    Loss: 3.707842    NLLloss: 1.010256    ECELoss:  0.93%    MCELoss:  2.20%    Accuracy: 64.54%    Time: 0:00:03
Trainset:
 Mean:
  Loss: 3.593415
  NLLloss: 0.900338
  ECELoss: 3.11%
  MCELoss: 5.37%
  Accuracy: 68.39%
 Ensemble:
  Loss: 3.615083
  NLLloss: 0.922006
  ECELoss: 6.50%
  MCELoss: 10.10%
  Accuracy: 68.21%
Testset:
 Mean:
  Loss: 14.324786
  NLLloss: 0.859404
  ECELoss: 3.11%
  MCELoss: 8.72%
  Accuracy: 70.15%
 Ensemble:
  Loss: 14.337660
  NLLloss: 0.872277
  ECELoss: 6.55%
  MCELoss: 10.03%
  Accuracy: 70.38%
-->Epoch: 091    Loss: 3.692715    NLLloss: 1.003628    ECELoss:  0.53%    MCELoss:  1.32%    Accuracy: 64.70%    Time: 0:00:03
-->Epoch: 092    Loss: 3.687554    NLLloss: 1.006054    ECELoss:  0.92%    MCELoss:  4.26%    Accuracy: 64.68%    Time: 0:00:03
-->Epoch: 093    Loss: 3.688452    NLLloss: 1.013605    ECELoss:  0.95%    MCELoss:  1.72%    Accuracy: 64.53%    Time: 0:00:03
-->Epoch: 094    Loss: 3.672870    NLLloss: 1.003798    ECELoss:  0.88%    MCELoss:  5.64%    Accuracy: 64.77%    Time: 0:00:03
-->Epoch: 095    Loss: 3.671104    NLLloss: 1.006898    ECELoss:  0.72%    MCELoss:  1.95%    Accuracy: 64.64%    Time: 0:00:03
-->Epoch: 096    Loss: 3.671751    NLLloss: 1.011525    ECELoss:  0.58%    MCELoss:  3.59%    Accuracy: 64.52%    Time: 0:00:03
-->Epoch: 097    Loss: 3.663519    NLLloss: 1.006395    ECELoss:  0.84%    MCELoss:  1.60%    Accuracy: 64.67%    Time: 0:00:03
-->Epoch: 098    Loss: 3.663077    NLLloss: 1.008171    ECELoss:  0.71%    MCELoss:  4.68%    Accuracy: 64.60%    Time: 0:00:03
-->Epoch: 099    Loss: 3.660148    NLLloss: 1.006568    ECELoss:  0.59%    MCELoss:  7.60%    Accuracy: 64.65%    Time: 0:00:03
-->Epoch: 100    Loss: 3.661763    NLLloss: 1.008628    ECELoss:  0.76%    MCELoss:  1.71%    Accuracy: 64.68%    Time: 0:00:03
Trainset:
 Mean:
  Loss: 3.555329
  NLLloss: 0.902194
  ECELoss: 3.27%
  MCELoss: 4.86%
  Accuracy: 68.46%
 Ensemble:
  Loss: 3.570680
  NLLloss: 0.917545
  ECELoss: 6.68%
  MCELoss: 13.10%
  Accuracy: 68.34%
Testset:
 Mean:
  Loss: 14.123368
  NLLloss: 0.857691
  ECELoss: 3.42%
  MCELoss: 8.17%
  Accuracy: 70.43%
 Ensemble:
  Loss: 14.135146
  NLLloss: 0.869470
  ECELoss: 6.47%
  MCELoss: 10.13%
  Accuracy: 70.20%
