Files already downloaded and verified
Files already downloaded and verified
Trainset:
 Mean:
  Loss: 12.460665
  NLLloss: 4.425799
  ECELoss: 38.63%
  MCELoss: 86.08%
  Accuracy: 10.72%
 Ensemble:
  Loss: 12.456290
  NLLloss: 4.421425
  ECELoss: 38.32%
  MCELoss: 89.51%
  Accuracy: 11.01%
Testset:
 Mean:
  Loss: 44.524051
  NLLloss: 4.349727
  ECELoss: 38.61%
  MCELoss: 90.48%
  Accuracy: 10.37%
 Ensemble:
  Loss: 44.523631
  NLLloss: 4.349308
  ECELoss: 38.64%
  MCELoss: 90.32%
  Accuracy: 10.33%
-->Epoch: 001    Loss: 10.071794    NLLloss: 2.066773    ECELoss:  2.25%    MCELoss: 44.77%    Accuracy: 25.64%    Time: 0:00:03
-->Epoch: 002    Loss: 9.688333    NLLloss: 1.743702    ECELoss:  0.41%    MCELoss: 16.73%    Accuracy: 36.60%    Time: 0:00:03
-->Epoch: 003    Loss: 9.491752    NLLloss: 1.607525    ECELoss:  0.84%    MCELoss: 15.84%    Accuracy: 41.97%    Time: 0:00:03
-->Epoch: 004    Loss: 9.352781    NLLloss: 1.528962    ECELoss:  0.88%    MCELoss: 27.05%    Accuracy: 44.98%    Time: 0:00:03
-->Epoch: 005    Loss: 9.237067    NLLloss: 1.473649    ECELoss:  0.80%    MCELoss: 13.27%    Accuracy: 46.81%    Time: 0:00:03
-->Epoch: 006    Loss: 9.124520    NLLloss: 1.421494    ECELoss:  1.17%    MCELoss: 12.99%    Accuracy: 49.24%    Time: 0:00:03
-->Epoch: 007    Loss: 9.024209    NLLloss: 1.381581    ECELoss:  0.78%    MCELoss: 37.73%    Accuracy: 50.45%    Time: 0:00:03
-->Epoch: 008    Loss: 8.931849    NLLloss: 1.349612    ECELoss:  0.90%    MCELoss: 36.85%    Accuracy: 51.85%    Time: 0:00:03
-->Epoch: 009    Loss: 8.841482    NLLloss: 1.319628    ECELoss:  0.81%    MCELoss:  2.88%    Accuracy: 52.95%    Time: 0:00:03
-->Epoch: 010    Loss: 8.761198    NLLloss: 1.299728    ECELoss:  0.98%    MCELoss:  3.24%    Accuracy: 53.82%    Time: 0:00:03
Trainset:
 Mean:
  Loss: 8.703887
  NLLloss: 1.272911
  ECELoss: 1.96%
  MCELoss: 13.22%
  Accuracy: 54.74%
 Ensemble:
  Loss: 8.704466
  NLLloss: 1.273490
  ECELoss: 2.10%
  MCELoss: 12.78%
  Accuracy: 54.69%
Testset:
 Mean:
  Loss: 38.346125
  NLLloss: 1.191249
  ECELoss: 3.62%
  MCELoss: 6.40%
  Accuracy: 58.00%
 Ensemble:
  Loss: 38.346156
  NLLloss: 1.191279
  ECELoss: 3.59%
  MCELoss: 5.83%
  Accuracy: 58.06%
-->Epoch: 011    Loss: 8.681638    NLLloss: 1.280527    ECELoss:  1.15%    MCELoss: 13.25%    Accuracy: 54.78%    Time: 0:00:03
-->Epoch: 012    Loss: 8.599003    NLLloss: 1.258254    ECELoss:  0.85%    MCELoss: 12.82%    Accuracy: 55.40%    Time: 0:00:03
-->Epoch: 013    Loss: 8.520685    NLLloss: 1.240296    ECELoss:  0.96%    MCELoss: 13.08%    Accuracy: 56.04%    Time: 0:00:03
-->Epoch: 014    Loss: 8.437872    NLLloss: 1.217831    ECELoss:  0.72%    MCELoss: 13.33%    Accuracy: 56.71%    Time: 0:00:03
-->Epoch: 015    Loss: 8.365197    NLLloss: 1.205502    ECELoss:  0.74%    MCELoss: 13.19%    Accuracy: 57.11%    Time: 0:00:03
-->Epoch: 016    Loss: 8.294477    NLLloss: 1.195109    ECELoss:  0.76%    MCELoss:  2.23%    Accuracy: 57.57%    Time: 0:00:03
-->Epoch: 017    Loss: 8.220761    NLLloss: 1.181715    ECELoss:  0.67%    MCELoss:  1.93%    Accuracy: 58.03%    Time: 0:00:03
-->Epoch: 018    Loss: 8.137753    NLLloss: 1.159036    ECELoss:  0.91%    MCELoss:  1.90%    Accuracy: 58.91%    Time: 0:00:03
-->Epoch: 019    Loss: 8.073974    NLLloss: 1.155568    ECELoss:  0.66%    MCELoss: 13.16%    Accuracy: 59.10%    Time: 0:00:03
-->Epoch: 020    Loss: 8.001635    NLLloss: 1.143521    ECELoss:  1.02%    MCELoss:  2.07%    Accuracy: 59.68%    Time: 0:00:03
Trainset:
 Mean:
  Loss: 7.950027
  NLLloss: 1.122360
  ECELoss: 1.28%
  MCELoss: 3.35%
  Accuracy: 60.18%
 Ensemble:
  Loss: 7.949644
  NLLloss: 1.121977
  ECELoss: 1.37%
  MCELoss: 4.39%
  Accuracy: 60.31%
Testset:
 Mean:
  Loss: 35.199643
  NLLloss: 1.061307
  ECELoss: 2.29%
  MCELoss: 5.14%
  Accuracy: 62.81%
 Ensemble:
  Loss: 35.199480
  NLLloss: 1.061144
  ECELoss: 2.36%
  MCELoss: 5.79%
  Accuracy: 62.86%
-->Epoch: 021    Loss: 7.919659    NLLloss: 1.121823    ECELoss:  0.70%    MCELoss:  2.09%    Accuracy: 60.11%    Time: 0:00:03
-->Epoch: 022    Loss: 7.863833    NLLloss: 1.126279    ECELoss:  0.62%    MCELoss:  5.60%    Accuracy: 60.11%    Time: 0:00:03
-->Epoch: 023    Loss: 7.781886    NLLloss: 1.104604    ECELoss:  0.89%    MCELoss:  2.28%    Accuracy: 61.04%    Time: 0:00:03
-->Epoch: 024    Loss: 7.711873    NLLloss: 1.094836    ECELoss:  0.70%    MCELoss:  3.65%    Accuracy: 61.36%    Time: 0:00:03
-->Epoch: 025    Loss: 7.643584    NLLloss: 1.086773    ECELoss:  0.70%    MCELoss:  4.80%    Accuracy: 61.53%    Time: 0:00:03
-->Epoch: 026    Loss: 7.578299    NLLloss: 1.081702    ECELoss:  0.57%    MCELoss:  3.11%    Accuracy: 61.61%    Time: 0:00:46
-->Epoch: 027    Loss: 7.510949    NLLloss: 1.074546    ECELoss:  0.62%    MCELoss:  2.04%    Accuracy: 62.12%    Time: 0:00:10
-->Epoch: 028    Loss: 7.450858    NLLloss: 1.074613    ECELoss:  0.53%    MCELoss:  2.03%    Accuracy: 61.93%    Time: 0:00:08
-->Epoch: 029    Loss: 7.372797    NLLloss: 1.056722    ECELoss:  0.78%    MCELoss:  2.47%    Accuracy: 62.84%    Time: 0:00:07
-->Epoch: 030    Loss: 7.305638    NLLloss: 1.049721    ECELoss:  0.66%    MCELoss:  2.83%    Accuracy: 63.04%    Time: 0:00:06
Trainset:
 Mean:
  Loss: 7.275920
  NLLloss: 1.050367
  ECELoss: 0.53%
  MCELoss: 3.09%
  Accuracy: 62.78%
 Ensemble:
  Loss: 7.272766
  NLLloss: 1.047213
  ECELoss: 0.66%
  MCELoss: 3.69%
  Accuracy: 63.15%
Testset:
 Mean:
  Loss: 32.115128
  NLLloss: 0.987366
  ECELoss: 1.38%
  MCELoss: 4.28%
  Accuracy: 64.93%
 Ensemble:
  Loss: 32.114716
  NLLloss: 0.986954
  ECELoss: 1.59%
  MCELoss: 3.86%
  Accuracy: 65.13%
-->Epoch: 031    Loss: 7.245478    NLLloss: 1.049651    ECELoss:  0.45%    MCELoss:  3.61%    Accuracy: 62.84%    Time: 0:00:05
-->Epoch: 032    Loss: 7.176122    NLLloss: 1.040376    ECELoss:  0.72%    MCELoss:  4.18%    Accuracy: 63.42%    Time: 0:00:05
-->Epoch: 033    Loss: 7.111126    NLLloss: 1.035425    ECELoss:  0.55%    MCELoss:  1.91%    Accuracy: 63.63%    Time: 0:00:05
-->Epoch: 034    Loss: 7.046483    NLLloss: 1.030813    ECELoss:  0.57%    MCELoss:  3.39%    Accuracy: 63.53%    Time: 0:00:04
-->Epoch: 035    Loss: 6.986139    NLLloss: 1.030460    ECELoss:  0.46%    MCELoss:  1.78%    Accuracy: 63.78%    Time: 0:00:04
-->Epoch: 036    Loss: 6.915582    NLLloss: 1.019866    ECELoss:  0.52%    MCELoss:  1.12%    Accuracy: 64.09%    Time: 0:00:04
-->Epoch: 037    Loss: 6.847552    NLLloss: 1.011793    ECELoss:  0.81%    MCELoss:  2.12%    Accuracy: 64.33%    Time: 0:00:04
-->Epoch: 038    Loss: 6.781949    NLLloss: 1.006094    ECELoss:  0.58%    MCELoss:  2.87%    Accuracy: 64.56%    Time: 0:00:04
-->Epoch: 039    Loss: 6.724528    NLLloss: 1.008489    ECELoss:  0.69%    MCELoss:  3.30%    Accuracy: 64.55%    Time: 0:00:04
-->Epoch: 040    Loss: 6.655069    NLLloss: 0.998794    ECELoss:  0.49%    MCELoss:  9.45%    Accuracy: 64.71%    Time: 0:00:04
Trainset:
 Mean:
  Loss: 6.616169
  NLLloss: 0.990055
  ECELoss: 0.74%
  MCELoss: 1.52%
  Accuracy: 65.25%
 Ensemble:
  Loss: 6.617127
  NLLloss: 0.991012
  ECELoss: 0.47%
  MCELoss: 5.88%
  Accuracy: 64.97%
Testset:
 Mean:
  Loss: 29.065597
  NLLloss: 0.935026
  ECELoss: 1.39%
  MCELoss: 4.77%
  Accuracy: 67.46%
 Ensemble:
  Loss: 29.065565
  NLLloss: 0.934994
  ECELoss: 1.10%
  MCELoss: 15.78%
  Accuracy: 67.39%
-->Epoch: 041    Loss: 6.593688    NLLloss: 0.997113    ECELoss:  0.56%    MCELoss:  3.98%    Accuracy: 64.99%    Time: 0:00:04
-->Epoch: 042    Loss: 6.527232    NLLloss: 0.990311    ECELoss:  0.71%    MCELoss:  7.23%    Accuracy: 65.17%    Time: 0:00:04
-->Epoch: 043    Loss: 6.459850    NLLloss: 0.982531    ECELoss:  0.50%    MCELoss:  4.78%    Accuracy: 65.25%    Time: 0:00:04
-->Epoch: 044    Loss: 6.408231    NLLloss: 0.990461    ECELoss:  0.57%    MCELoss:  1.36%    Accuracy: 64.93%    Time: 0:00:04
-->Epoch: 045    Loss: 6.352700    NLLloss: 0.994424    ECELoss:  0.46%    MCELoss:  4.18%    Accuracy: 64.94%    Time: 0:00:04
-->Epoch: 046    Loss: 6.286019    NLLloss: 0.987105    ECELoss:  0.50%    MCELoss:  2.52%    Accuracy: 65.40%    Time: 0:00:04
-->Epoch: 047    Loss: 6.220213    NLLloss: 0.980597    ECELoss:  0.44%    MCELoss:  2.14%    Accuracy: 65.34%    Time: 0:00:03
-->Epoch: 048    Loss: 6.153714    NLLloss: 0.973249    ECELoss:  0.44%    MCELoss:  1.47%    Accuracy: 65.75%    Time: 0:00:04
-->Epoch: 049    Loss: 6.086791    NLLloss: 0.965406    ECELoss:  0.78%    MCELoss:  1.97%    Accuracy: 66.09%    Time: 0:00:04
-->Epoch: 050    Loss: 6.032142    NLLloss: 0.969691    ECELoss:  0.46%    MCELoss:  1.23%    Accuracy: 65.87%    Time: 0:00:04
Trainset:
 Mean:
  Loss: 5.999083
  NLLloss: 0.966376
  ECELoss: 0.82%
  MCELoss: 2.05%
  Accuracy: 66.15%
 Ensemble:
  Loss: 6.000522
  NLLloss: 0.967815
  ECELoss: 1.06%
  MCELoss: 5.85%
  Accuracy: 66.11%
Testset:
 Mean:
  Loss: 26.077586
  NLLloss: 0.914050
  ECELoss: 2.13%
  MCELoss: 5.99%
  Accuracy: 68.52%
 Ensemble:
  Loss: 26.077883
  NLLloss: 0.914347
  ECELoss: 1.99%
  MCELoss: 7.70%
  Accuracy: 68.47%
-->Epoch: 051    Loss: 5.980654    NLLloss: 0.976478    ECELoss:  0.51%    MCELoss:  4.42%    Accuracy: 65.81%    Time: 0:00:03
-->Epoch: 052    Loss: 5.910743    NLLloss: 0.963559    ECELoss:  0.54%    MCELoss:  1.86%    Accuracy: 66.20%    Time: 0:00:03
-->Epoch: 053    Loss: 5.848853    NLLloss: 0.957358    ECELoss:  0.61%    MCELoss:  1.90%    Accuracy: 66.42%    Time: 0:00:03
-->Epoch: 054    Loss: 5.791433    NLLloss: 0.954322    ECELoss:  0.65%    MCELoss:  2.48%    Accuracy: 66.08%    Time: 0:00:03
-->Epoch: 055    Loss: 5.735039    NLLloss: 0.950966    ECELoss:  0.64%    MCELoss:  2.89%    Accuracy: 66.66%    Time: 0:00:03
-->Epoch: 056    Loss: 5.682500    NLLloss: 0.950181    ECELoss:  0.70%    MCELoss:  3.40%    Accuracy: 66.33%    Time: 0:00:03
-->Epoch: 057    Loss: 5.625256    NLLloss: 0.943434    ECELoss:  0.61%    MCELoss:  5.09%    Accuracy: 66.68%    Time: 0:00:03
-->Epoch: 058    Loss: 5.582706    NLLloss: 0.950078    ECELoss:  0.54%    MCELoss:  1.59%    Accuracy: 66.66%    Time: 0:00:03
-->Epoch: 059    Loss: 5.538337    NLLloss: 0.953581    ECELoss:  0.37%    MCELoss:  1.38%    Accuracy: 66.38%    Time: 0:00:03
-->Epoch: 060    Loss: 5.478574    NLLloss: 0.940374    ECELoss:  0.47%    MCELoss:  9.99%    Accuracy: 66.99%    Time: 0:00:03
Trainset:
 Mean:
  Loss: 5.422715
  NLLloss: 0.907686
  ECELoss: 0.53%
  MCELoss: 2.81%
  Accuracy: 68.01%
 Ensemble:
  Loss: 5.425341
  NLLloss: 0.910312
  ECELoss: 1.35%
  MCELoss: 3.45%
  Accuracy: 67.84%
Testset:
 Mean:
  Loss: 23.449397
  NLLloss: 0.874253
  ECELoss: 1.10%
  MCELoss: 5.03%
  Accuracy: 69.69%
 Ensemble:
  Loss: 23.449064
  NLLloss: 0.873920
  ECELoss: 1.62%
  MCELoss: 4.96%
  Accuracy: 69.55%
-->Epoch: 061    Loss: 5.435358    NLLloss: 0.942419    ECELoss:  0.57%    MCELoss:  2.05%    Accuracy: 66.91%    Time: 0:00:03
-->Epoch: 062    Loss: 5.390774    NLLloss: 0.941836    ECELoss:  0.35%    MCELoss:  1.12%    Accuracy: 66.77%    Time: 0:00:03
-->Epoch: 063    Loss: 5.343052    NLLloss: 0.936864    ECELoss:  0.45%    MCELoss:  2.17%    Accuracy: 67.07%    Time: 0:00:03
-->Epoch: 064    Loss: 5.303083    NLLloss: 0.938340    ECELoss:  0.58%    MCELoss:  4.97%    Accuracy: 66.91%    Time: 0:00:03
-->Epoch: 065    Loss: 5.264326    NLLloss: 0.939706    ECELoss:  0.35%    MCELoss:  0.65%    Accuracy: 67.05%    Time: 0:00:03
-->Epoch: 066    Loss: 5.220747    NLLloss: 0.935031    ECELoss:  0.55%    MCELoss:  6.12%    Accuracy: 67.10%    Time: 0:00:03
-->Epoch: 067    Loss: 5.180580    NLLloss: 0.932526    ECELoss:  0.51%    MCELoss:  1.91%    Accuracy: 67.32%    Time: 0:00:03
-->Epoch: 068    Loss: 5.149101    NLLloss: 0.937494    ECELoss:  0.57%    MCELoss:  2.03%    Accuracy: 67.09%    Time: 0:00:03
-->Epoch: 069    Loss: 5.110506    NLLloss: 0.934052    ECELoss:  0.76%    MCELoss:  1.87%    Accuracy: 67.08%    Time: 0:00:03
-->Epoch: 070    Loss: 5.076451    NLLloss: 0.933908    ECELoss:  0.69%    MCELoss:  5.69%    Accuracy: 67.04%    Time: 0:00:03
Trainset:
 Mean:
  Loss: 5.013245
  NLLloss: 0.887533
  ECELoss: 0.83%
  MCELoss: 5.28%
  Accuracy: 68.80%
 Ensemble:
  Loss: 5.013262
  NLLloss: 0.887551
  ECELoss: 2.15%
  MCELoss: 4.15%
  Accuracy: 68.57%
Testset:
 Mean:
  Loss: 21.483245
  NLLloss: 0.854692
  ECELoss: 1.01%
  MCELoss: 3.17%
  Accuracy: 70.29%
 Ensemble:
  Loss: 21.483628
  NLLloss: 0.855075
  ECELoss: 2.28%
  MCELoss: 7.38%
  Accuracy: 70.52%
-->Epoch: 071    Loss: 5.041558    NLLloss: 0.931765    ECELoss:  0.37%    MCELoss:  5.94%    Accuracy: 67.22%    Time: 0:00:03
-->Epoch: 072    Loss: 5.010098    NLLloss: 0.931772    ECELoss:  0.59%    MCELoss:  2.13%    Accuracy: 67.28%    Time: 0:00:03
-->Epoch: 073    Loss: 4.978193    NLLloss: 0.930125    ECELoss:  0.52%    MCELoss:  5.61%    Accuracy: 67.43%    Time: 0:00:03
-->Epoch: 074    Loss: 4.943528    NLLloss: 0.924553    ECELoss:  0.55%    MCELoss:  6.47%    Accuracy: 67.48%    Time: 0:00:03
-->Epoch: 075    Loss: 4.925407    NLLloss: 0.934283    ECELoss:  0.50%    MCELoss:  2.40%    Accuracy: 67.17%    Time: 0:00:03
-->Epoch: 076    Loss: 4.896742    NLLloss: 0.932284    ECELoss:  0.56%    MCELoss:  1.74%    Accuracy: 67.21%    Time: 0:00:03
-->Epoch: 077    Loss: 4.875102    NLLloss: 0.936166    ECELoss:  0.50%    MCELoss:  9.39%    Accuracy: 67.23%    Time: 0:00:03
-->Epoch: 078    Loss: 4.840838    NLLloss: 0.926217    ECELoss:  0.59%    MCELoss:  3.28%    Accuracy: 67.42%    Time: 0:00:03
-->Epoch: 079    Loss: 4.823928    NLLloss: 0.932466    ECELoss:  0.75%    MCELoss:  2.19%    Accuracy: 67.30%    Time: 0:00:03
-->Epoch: 080    Loss: 4.799317    NLLloss: 0.929883    ECELoss:  0.62%    MCELoss:  4.51%    Accuracy: 67.40%    Time: 0:00:03
Trainset:
 Mean:
  Loss: 4.730434
  NLLloss: 0.871871
  ECELoss: 1.43%
  MCELoss: 6.20%
  Accuracy: 69.28%
 Ensemble:
  Loss: 4.740405
  NLLloss: 0.881842
  ECELoss: 3.32%
  MCELoss: 6.03%
  Accuracy: 69.30%
Testset:
 Mean:
  Loss: 20.135676
  NLLloss: 0.842864
  ECELoss: 1.56%
  MCELoss: 13.62%
  Accuracy: 70.45%
 Ensemble:
  Loss: 20.137142
  NLLloss: 0.844330
  ECELoss: 2.89%
  MCELoss: 5.63%
  Accuracy: 70.41%
-->Epoch: 081    Loss: 4.778702    NLLloss: 0.930214    ECELoss:  0.58%    MCELoss:  1.71%    Accuracy: 67.30%    Time: 0:00:03
-->Epoch: 082    Loss: 4.759228    NLLloss: 0.930510    ECELoss:  0.52%    MCELoss:  3.81%    Accuracy: 67.28%    Time: 0:00:03
-->Epoch: 083    Loss: 4.738765    NLLloss: 0.928708    ECELoss:  0.55%    MCELoss:  6.85%    Accuracy: 67.49%    Time: 0:00:03
-->Epoch: 084    Loss: 4.720662    NLLloss: 0.928163    ECELoss:  0.48%    MCELoss:  2.59%    Accuracy: 67.39%    Time: 0:00:03
-->Epoch: 085    Loss: 4.705167    NLLloss: 0.929134    ECELoss:  0.68%    MCELoss:  1.93%    Accuracy: 67.37%    Time: 0:00:03
-->Epoch: 086    Loss: 4.688516    NLLloss: 0.927822    ECELoss:  0.51%    MCELoss:  9.98%    Accuracy: 67.32%    Time: 0:00:03
-->Epoch: 087    Loss: 4.670677    NLLloss: 0.924215    ECELoss:  0.47%    MCELoss:  4.41%    Accuracy: 67.23%    Time: 0:00:03
-->Epoch: 088    Loss: 4.656572    NLLloss: 0.923253    ECELoss:  0.55%    MCELoss:  2.29%    Accuracy: 67.66%    Time: 0:00:03
-->Epoch: 089    Loss: 4.650355    NLLloss: 0.929155    ECELoss:  0.35%    MCELoss:  1.44%    Accuracy: 67.40%    Time: 0:00:03
-->Epoch: 090    Loss: 4.633815    NLLloss: 0.923665    ECELoss:  0.54%    MCELoss:  6.62%    Accuracy: 67.44%    Time: 0:00:03
Trainset:
 Mean:
  Loss: 4.568486
  NLLloss: 0.863638
  ECELoss: 1.83%
  MCELoss: 7.38%
  Accuracy: 69.63%
 Ensemble:
  Loss: 4.578845
  NLLloss: 0.873997
  ECELoss: 4.08%
  MCELoss: 6.87%
  Accuracy: 69.63%
Testset:
 Mean:
  Loss: 19.362070
  NLLloss: 0.837834
  ECELoss: 1.33%
  MCELoss: 7.78%
  Accuracy: 70.58%
 Ensemble:
  Loss: 19.365447
  NLLloss: 0.841210
  ECELoss: 3.74%
  MCELoss: 11.15%
  Accuracy: 70.60%
-->Epoch: 091    Loss: 4.617665    NLLloss: 0.917496    ECELoss:  0.53%    MCELoss:  1.25%    Accuracy: 67.70%    Time: 0:00:03
-->Epoch: 092    Loss: 4.613994    NLLloss: 0.922725    ECELoss:  0.42%    MCELoss:  2.91%    Accuracy: 67.62%    Time: 0:00:03
-->Epoch: 093    Loss: 4.610838    NLLloss: 0.927394    ECELoss:  0.53%    MCELoss:  2.70%    Accuracy: 67.35%    Time: 0:00:03
-->Epoch: 094    Loss: 4.597952    NLLloss: 0.921288    ECELoss:  0.58%    MCELoss:  4.16%    Accuracy: 67.64%    Time: 0:00:03
-->Epoch: 095    Loss: 4.594146    NLLloss: 0.923213    ECELoss:  0.75%    MCELoss:  2.29%    Accuracy: 67.76%    Time: 0:00:03
-->Epoch: 096    Loss: 4.594052    NLLloss: 0.927804    ECELoss:  0.53%    MCELoss:  1.33%    Accuracy: 67.59%    Time: 0:00:03
-->Epoch: 097    Loss: 4.581560    NLLloss: 0.918956    ECELoss:  0.57%    MCELoss:  2.25%    Accuracy: 67.60%    Time: 0:00:03
-->Epoch: 098    Loss: 4.579642    NLLloss: 0.919641    ECELoss:  0.50%    MCELoss: 13.06%    Accuracy: 67.71%    Time: 0:00:03
-->Epoch: 099    Loss: 4.578539    NLLloss: 0.920097    ECELoss:  0.44%    MCELoss:  1.64%    Accuracy: 67.80%    Time: 0:00:03
-->Epoch: 100    Loss: 4.573917    NLLloss: 0.915999    ECELoss:  0.51%    MCELoss:  5.16%    Accuracy: 67.92%    Time: 0:00:03
Trainset:
 Mean:
  Loss: 4.517685
  NLLloss: 0.859767
  ECELoss: 1.88%
  MCELoss: 3.32%
  Accuracy: 69.88%
 Ensemble:
  Loss: 4.519985
  NLLloss: 0.862067
  ECELoss: 4.37%
  MCELoss: 7.47%
  Accuracy: 70.05%
Testset:
 Mean:
  Loss: 19.118838
  NLLloss: 0.829247
  ECELoss: 1.58%
  MCELoss: 6.42%
  Accuracy: 71.12%
 Ensemble:
  Loss: 19.121375
  NLLloss: 0.831784
  ECELoss: 3.94%
  MCELoss: 6.29%
  Accuracy: 71.33%
