Files already downloaded and verified
Files already downloaded and verified
Trainset:
 Mean:
  Loss: 8.754671
  NLLloss: 4.425799
  ECELoss: 38.63%
  MCELoss: 86.08%
  Accuracy: 10.72%
 Ensemble:
  Loss: 8.667044
  NLLloss: 4.338172
  ECELoss: 35.06%
  MCELoss: 88.62%
  Accuracy: 11.00%
Testset:
 Mean:
  Loss: 25.994082
  NLLloss: 4.349727
  ECELoss: 38.61%
  MCELoss: 90.48%
  Accuracy: 10.37%
 Ensemble:
  Loss: 25.909608
  NLLloss: 4.265253
  ECELoss: 35.32%
  MCELoss: 96.01%
  Accuracy: 10.58%
-->Epoch: 001    Loss: 6.423980    NLLloss: 2.121382    ECELoss:  3.13%    MCELoss: 87.02%    Accuracy: 23.48%    Time: 0:00:03
-->Epoch: 002    Loss: 6.029080    NLLloss: 1.782325    ECELoss:  1.03%    MCELoss: 28.08%    Accuracy: 34.38%    Time: 0:00:03
-->Epoch: 003    Loss: 5.831545    NLLloss: 1.641037    ECELoss:  0.64%    MCELoss:  5.10%    Accuracy: 39.82%    Time: 0:00:03
-->Epoch: 004    Loss: 5.690480    NLLloss: 1.556235    ECELoss:  0.82%    MCELoss: 36.92%    Accuracy: 43.28%    Time: 0:00:03
-->Epoch: 005    Loss: 5.571824    NLLloss: 1.493579    ECELoss:  0.83%    MCELoss: 13.04%    Accuracy: 45.95%    Time: 0:00:03
-->Epoch: 006    Loss: 5.462254    NLLloss: 1.439797    ECELoss:  0.93%    MCELoss: 12.21%    Accuracy: 48.04%    Time: 0:00:03
-->Epoch: 007    Loss: 5.367528    NLLloss: 1.400678    ECELoss:  0.95%    MCELoss: 11.99%    Accuracy: 49.60%    Time: 0:00:03
-->Epoch: 008    Loss: 5.283079    NLLloss: 1.371619    ECELoss:  0.84%    MCELoss: 13.08%    Accuracy: 50.78%    Time: 0:00:03
-->Epoch: 009    Loss: 5.190956    NLLloss: 1.334656    ECELoss:  1.01%    MCELoss:  2.65%    Accuracy: 52.24%    Time: 0:00:03
-->Epoch: 010    Loss: 5.124286    NLLloss: 1.322859    ECELoss:  0.71%    MCELoss: 13.09%    Accuracy: 52.55%    Time: 0:00:03
Trainset:
 Mean:
  Loss: 5.043332
  NLLloss: 1.269499
  ECELoss: 1.50%
  MCELoss: 12.67%
  Accuracy: 54.57%
 Ensemble:
  Loss: 5.041413
  NLLloss: 1.267581
  ECELoss: 3.22%
  MCELoss: 87.18%
  Accuracy: 54.92%
Testset:
 Mean:
  Loss: 20.064841
  NLLloss: 1.195680
  ECELoss: 2.76%
  MCELoss: 5.64%
  Accuracy: 57.61%
 Ensemble:
  Loss: 20.065070
  NLLloss: 1.195908
  ECELoss: 4.27%
  MCELoss: 6.55%
  Accuracy: 57.77%
-->Epoch: 011    Loss: 5.049663    NLLloss: 1.302727    ECELoss:  0.97%    MCELoss:  2.23%    Accuracy: 53.32%    Time: 0:00:03
-->Epoch: 012    Loss: 4.982928    NLLloss: 1.290260    ECELoss:  0.89%    MCELoss:  2.55%    Accuracy: 53.75%    Time: 0:00:03
-->Epoch: 013    Loss: 4.911133    NLLloss: 1.272481    ECELoss:  1.09%    MCELoss:  3.29%    Accuracy: 54.69%    Time: 0:00:03
-->Epoch: 014    Loss: 4.845299    NLLloss: 1.260383    ECELoss:  1.13%    MCELoss: 12.98%    Accuracy: 55.29%    Time: 0:00:03
-->Epoch: 015    Loss: 4.777663    NLLloss: 1.246118    ECELoss:  1.01%    MCELoss: 12.92%    Accuracy: 55.64%    Time: 0:00:03
-->Epoch: 016    Loss: 4.721210    NLLloss: 1.242633    ECELoss:  0.88%    MCELoss:  2.06%    Accuracy: 55.68%    Time: 0:00:03
-->Epoch: 017    Loss: 4.656099    NLLloss: 1.230138    ECELoss:  0.89%    MCELoss:  2.77%    Accuracy: 56.29%    Time: 0:00:03
-->Epoch: 018    Loss: 4.592647    NLLloss: 1.218967    ECELoss:  0.89%    MCELoss: 13.21%    Accuracy: 56.51%    Time: 0:00:03
-->Epoch: 019    Loss: 4.537881    NLLloss: 1.216000    ECELoss:  1.08%    MCELoss:  2.41%    Accuracy: 56.75%    Time: 0:00:03
-->Epoch: 020    Loss: 4.477240    NLLloss: 1.206897    ECELoss:  0.82%    MCELoss: 37.23%    Accuracy: 56.85%    Time: 0:00:03
Trainset:
 Mean:
  Loss: 4.372727
  NLLloss: 1.128273
  ECELoss: 2.65%
  MCELoss: 13.19%
  Accuracy: 60.02%
 Ensemble:
  Loss: 4.382292
  NLLloss: 1.137838
  ECELoss: 4.48%
  MCELoss: 7.01%
  Accuracy: 59.75%
Testset:
 Mean:
  Loss: 17.284865
  NLLloss: 1.062594
  ECELoss: 3.37%
  MCELoss: 7.24%
  Accuracy: 62.69%
 Ensemble:
  Loss: 17.288176
  NLLloss: 1.065905
  ECELoss: 5.57%
  MCELoss: 8.36%
  Accuracy: 62.96%
-->Epoch: 021    Loss: 4.414289    NLLloss: 1.195076    ECELoss:  1.00%    MCELoss:  2.23%    Accuracy: 57.47%    Time: 0:00:03
-->Epoch: 022    Loss: 4.368577    NLLloss: 1.200201    ECELoss:  0.81%    MCELoss:  2.01%    Accuracy: 57.41%    Time: 0:00:03
-->Epoch: 023    Loss: 4.306955    NLLloss: 1.189125    ECELoss:  1.07%    MCELoss:  1.81%    Accuracy: 57.76%    Time: 0:00:03
-->Epoch: 024    Loss: 4.248147    NLLloss: 1.180275    ECELoss:  1.04%    MCELoss:  2.42%    Accuracy: 58.19%    Time: 0:00:03
-->Epoch: 025    Loss: 4.200301    NLLloss: 1.182130    ECELoss:  1.05%    MCELoss:  1.73%    Accuracy: 57.83%    Time: 0:00:03
-->Epoch: 026    Loss: 4.146468    NLLloss: 1.177578    ECELoss:  1.03%    MCELoss: 12.97%    Accuracy: 58.20%    Time: 0:00:03
-->Epoch: 027    Loss: 4.098114    NLLloss: 1.177875    ECELoss:  0.80%    MCELoss:  3.16%    Accuracy: 57.92%    Time: 0:00:03
-->Epoch: 028    Loss: 4.043131    NLLloss: 1.171311    ECELoss:  0.98%    MCELoss:  2.22%    Accuracy: 58.33%    Time: 0:00:03
-->Epoch: 029    Loss: 3.984705    NLLloss: 1.160931    ECELoss:  1.24%    MCELoss:  2.29%    Accuracy: 58.68%    Time: 0:00:03
-->Epoch: 030    Loss: 3.937702    NLLloss: 1.161660    ECELoss:  0.89%    MCELoss:  2.51%    Accuracy: 58.70%    Time: 0:00:03
Trainset:
 Mean:
  Loss: 3.839303
  NLLloss: 1.087230
  ECELoss: 3.07%
  MCELoss: 12.30%
  Accuracy: 61.30%
 Ensemble:
  Loss: 3.848496
  NLLloss: 1.096422
  ECELoss: 5.70%
  MCELoss: 13.32%
  Accuracy: 61.26%
Testset:
 Mean:
  Loss: 14.784967
  NLLloss: 1.024600
  ECELoss: 3.62%
  MCELoss: 8.02%
  Accuracy: 63.80%
 Ensemble:
  Loss: 14.794817
  NLLloss: 1.034450
  ECELoss: 5.74%
  MCELoss: 8.29%
  Accuracy: 63.41%
-->Epoch: 031    Loss: 3.894414    NLLloss: 1.165726    ECELoss:  0.88%    MCELoss:  2.35%    Accuracy: 58.41%    Time: 0:00:03
-->Epoch: 032    Loss: 3.842072    NLLloss: 1.160361    ECELoss:  1.18%    MCELoss: 87.33%    Accuracy: 58.76%    Time: 0:00:03
-->Epoch: 033    Loss: 3.794299    NLLloss: 1.158916    ECELoss:  1.05%    MCELoss: 86.99%    Accuracy: 59.05%    Time: 0:00:03
-->Epoch: 034    Loss: 3.750959    NLLloss: 1.161451    ECELoss:  0.91%    MCELoss: 12.93%    Accuracy: 58.62%    Time: 0:00:22
-->Epoch: 035    Loss: 3.700134    NLLloss: 1.156210    ECELoss:  0.99%    MCELoss: 36.97%    Accuracy: 59.10%    Time: 0:00:11
-->Epoch: 036    Loss: 3.649851    NLLloss: 1.151256    ECELoss:  1.11%    MCELoss:  5.45%    Accuracy: 59.06%    Time: 0:00:10
-->Epoch: 037    Loss: 3.607384    NLLloss: 1.153628    ECELoss:  1.07%    MCELoss:  3.49%    Accuracy: 58.90%    Time: 0:00:10
-->Epoch: 038    Loss: 3.553618    NLLloss: 1.144186    ECELoss:  0.88%    MCELoss:  2.24%    Accuracy: 59.33%    Time: 0:00:08
-->Epoch: 039    Loss: 3.518693    NLLloss: 1.153123    ECELoss:  1.02%    MCELoss:  2.35%    Accuracy: 58.98%    Time: 0:00:08
-->Epoch: 040    Loss: 3.474301    NLLloss: 1.152085    ECELoss:  1.21%    MCELoss:  3.78%    Accuracy: 58.97%    Time: 0:00:07
Trainset:
 Mean:
  Loss: 3.347585
  NLLloss: 1.047081
  ECELoss: 3.04%
  MCELoss: 5.27%
  Accuracy: 63.01%
 Ensemble:
  Loss: 3.362397
  NLLloss: 1.061893
  ECELoss: 5.83%
  MCELoss: 13.04%
  Accuracy: 62.71%
Testset:
 Mean:
  Loss: 12.476381
  NLLloss: 0.973861
  ECELoss: 3.87%
  MCELoss: 7.24%
  Accuracy: 65.89%
 Ensemble:
  Loss: 12.488731
  NLLloss: 0.986210
  ECELoss: 6.83%
  MCELoss: 12.47%
  Accuracy: 65.97%
-->Epoch: 041    Loss: 3.428687    NLLloss: 1.149376    ECELoss:  1.28%    MCELoss:  3.34%    Accuracy: 59.24%    Time: 0:00:04
-->Epoch: 042    Loss: 3.384362    NLLloss: 1.147569    ECELoss:  1.16%    MCELoss: 12.93%    Accuracy: 59.46%    Time: 0:00:04
-->Epoch: 043    Loss: 3.348204    NLLloss: 1.153525    ECELoss:  1.32%    MCELoss: 12.53%    Accuracy: 59.06%    Time: 0:00:04
-->Epoch: 044    Loss: 3.309372    NLLloss: 1.156091    ECELoss:  1.21%    MCELoss:  2.88%    Accuracy: 58.85%    Time: 0:00:04
-->Epoch: 045    Loss: 3.266676    NLLloss: 1.154394    ECELoss:  1.09%    MCELoss:  2.22%    Accuracy: 59.08%    Time: 0:00:04
-->Epoch: 046    Loss: 3.224818    NLLloss: 1.153405    ECELoss:  1.19%    MCELoss:  2.80%    Accuracy: 59.09%    Time: 0:00:04
-->Epoch: 047    Loss: 3.180125    NLLloss: 1.149015    ECELoss:  0.99%    MCELoss:  2.31%    Accuracy: 59.07%    Time: 0:00:04
-->Epoch: 048    Loss: 3.148852    NLLloss: 1.157401    ECELoss:  1.23%    MCELoss:  8.76%    Accuracy: 58.98%    Time: 0:00:04
-->Epoch: 049    Loss: 3.103259    NLLloss: 1.150938    ECELoss:  1.03%    MCELoss: 12.74%    Accuracy: 59.21%    Time: 0:00:04
-->Epoch: 050    Loss: 3.062581    NLLloss: 1.149097    ECELoss:  0.78%    MCELoss: 12.99%    Accuracy: 59.25%    Time: 0:00:04
Trainset:
 Mean:
  Loss: 2.938358
  NLLloss: 1.044471
  ECELoss: 3.37%
  MCELoss: 5.26%
  Accuracy: 63.26%
 Ensemble:
  Loss: 2.949341
  NLLloss: 1.055454
  ECELoss: 6.53%
  MCELoss: 13.33%
  Accuracy: 63.00%
Testset:
 Mean:
  Loss: 10.437306
  NLLloss: 0.967868
  ECELoss: 4.11%
  MCELoss: 6.80%
  Accuracy: 66.07%
 Ensemble:
  Loss: 10.448865
  NLLloss: 0.979428
  ECELoss: 7.37%
  MCELoss: 10.65%
  Accuracy: 66.23%
-->Epoch: 051    Loss: 3.031812    NLLloss: 1.156460    ECELoss:  1.30%    MCELoss: 13.30%    Accuracy: 58.96%    Time: 0:00:04
-->Epoch: 052    Loss: 2.990842    NLLloss: 1.152328    ECELoss:  1.25%    MCELoss:  2.45%    Accuracy: 59.29%    Time: 0:00:04
-->Epoch: 053    Loss: 2.954137    NLLloss: 1.151145    ECELoss:  1.03%    MCELoss: 13.32%    Accuracy: 59.02%    Time: 0:00:04
-->Epoch: 054    Loss: 2.921884    NLLloss: 1.153342    ECELoss:  1.38%    MCELoss: 12.64%    Accuracy: 59.13%    Time: 0:00:04
-->Epoch: 055    Loss: 2.889016    NLLloss: 1.153690    ECELoss:  1.24%    MCELoss:  4.08%    Accuracy: 59.21%    Time: 0:00:03
-->Epoch: 056    Loss: 2.856259    NLLloss: 1.153146    ECELoss:  1.04%    MCELoss: 86.79%    Accuracy: 59.18%    Time: 0:00:04
-->Epoch: 057    Loss: 2.824690    NLLloss: 1.152639    ECELoss:  1.10%    MCELoss: 12.94%    Accuracy: 59.25%    Time: 0:00:03
-->Epoch: 058    Loss: 2.795795    NLLloss: 1.153725    ECELoss:  1.09%    MCELoss:  2.57%    Accuracy: 59.08%    Time: 0:00:04
-->Epoch: 059    Loss: 2.772692    NLLloss: 1.159464    ECELoss:  1.17%    MCELoss: 12.97%    Accuracy: 58.87%    Time: 0:00:04
-->Epoch: 060    Loss: 2.735731    NLLloss: 1.150412    ECELoss:  0.94%    MCELoss: 12.68%    Accuracy: 59.16%    Time: 0:00:03
Trainset:
 Mean:
  Loss: 2.602744
  NLLloss: 1.031160
  ECELoss: 2.82%
  MCELoss: 4.82%
  Accuracy: 63.46%
 Ensemble:
  Loss: 2.619604
  NLLloss: 1.048020
  ECELoss: 5.73%
  MCELoss: 8.98%
  Accuracy: 62.96%
Testset:
 Mean:
  Loss: 8.817897
  NLLloss: 0.959975
  ECELoss: 4.09%
  MCELoss: 13.90%
  Accuracy: 66.75%
 Ensemble:
  Loss: 8.828355
  NLLloss: 0.970433
  ECELoss: 7.15%
  MCELoss: 13.19%
  Accuracy: 66.71%
-->Epoch: 061    Loss: 2.711383    NLLloss: 1.152763    ECELoss:  1.31%    MCELoss:  2.65%    Accuracy: 59.21%    Time: 0:00:04
-->Epoch: 062    Loss: 2.681741    NLLloss: 1.148853    ECELoss:  1.29%    MCELoss:  2.51%    Accuracy: 59.44%    Time: 0:00:03
-->Epoch: 063    Loss: 2.653245    NLLloss: 1.145151    ECELoss:  1.56%    MCELoss: 13.31%    Accuracy: 59.36%    Time: 0:00:03
-->Epoch: 064    Loss: 2.639613    NLLloss: 1.155298    ECELoss:  1.05%    MCELoss: 87.04%    Accuracy: 59.22%    Time: 0:00:03
-->Epoch: 065    Loss: 2.620213    NLLloss: 1.158783    ECELoss:  1.31%    MCELoss:  2.23%    Accuracy: 58.86%    Time: 0:00:03
-->Epoch: 066    Loss: 2.592101    NLLloss: 1.152664    ECELoss:  1.06%    MCELoss:  2.90%    Accuracy: 59.04%    Time: 0:00:03
-->Epoch: 067    Loss: 2.570347    NLLloss: 1.152048    ECELoss:  1.30%    MCELoss:  3.57%    Accuracy: 59.24%    Time: 0:00:03
-->Epoch: 068    Loss: 2.549791    NLLloss: 1.151688    ECELoss:  1.17%    MCELoss:  3.18%    Accuracy: 59.21%    Time: 0:00:03
-->Epoch: 069    Loss: 2.532982    NLLloss: 1.154231    ECELoss:  1.00%    MCELoss:  3.35%    Accuracy: 58.95%    Time: 0:00:03
-->Epoch: 070    Loss: 2.510581    NLLloss: 1.150351    ECELoss:  1.05%    MCELoss:  2.65%    Accuracy: 59.10%    Time: 0:00:03
Trainset:
 Mean:
  Loss: 2.381329
  NLLloss: 1.030308
  ECELoss: 3.41%
  MCELoss: 5.30%
  Accuracy: 63.50%
 Ensemble:
  Loss: 2.395608
  NLLloss: 1.044587
  ECELoss: 6.80%
  MCELoss: 10.80%
  Accuracy: 63.53%
Testset:
 Mean:
  Loss: 7.707371
  NLLloss: 0.952265
  ECELoss: 4.53%
  MCELoss: 7.34%
  Accuracy: 66.78%
 Ensemble:
  Loss: 7.721463
  NLLloss: 0.966357
  ECELoss: 7.51%
  MCELoss: 12.00%
  Accuracy: 66.63%
-->Epoch: 071    Loss: 2.489299    NLLloss: 1.146905    ECELoss:  1.07%    MCELoss:  2.92%    Accuracy: 59.33%    Time: 0:00:03
-->Epoch: 072    Loss: 2.478418    NLLloss: 1.152933    ECELoss:  1.06%    MCELoss: 13.18%    Accuracy: 59.05%    Time: 0:00:03
-->Epoch: 073    Loss: 2.458972    NLLloss: 1.149585    ECELoss:  1.04%    MCELoss:  2.42%    Accuracy: 59.18%    Time: 0:00:03
-->Epoch: 074    Loss: 2.439485    NLLloss: 1.145511    ECELoss:  1.21%    MCELoss:  2.51%    Accuracy: 59.47%    Time: 0:00:03
-->Epoch: 075    Loss: 2.427932    NLLloss: 1.148677    ECELoss:  1.02%    MCELoss:  2.07%    Accuracy: 59.40%    Time: 0:00:03
-->Epoch: 076    Loss: 2.415084    NLLloss: 1.149871    ECELoss:  1.32%    MCELoss:  3.14%    Accuracy: 59.42%    Time: 0:00:03
-->Epoch: 077    Loss: 2.404464    NLLloss: 1.152495    ECELoss:  1.28%    MCELoss:  5.49%    Accuracy: 59.25%    Time: 0:00:03
-->Epoch: 078    Loss: 2.384262    NLLloss: 1.144822    ECELoss:  1.05%    MCELoss:  2.75%    Accuracy: 59.35%    Time: 0:00:03
-->Epoch: 079    Loss: 2.375390    NLLloss: 1.147774    ECELoss:  1.24%    MCELoss: 13.30%    Accuracy: 59.53%    Time: 0:00:03
-->Epoch: 080    Loss: 2.371773    NLLloss: 1.155315    ECELoss:  1.07%    MCELoss:  2.41%    Accuracy: 59.10%    Time: 0:00:03
Trainset:
 Mean:
  Loss: 2.239645
  NLLloss: 1.028663
  ECELoss: 4.28%
  MCELoss: 6.18%
  Accuracy: 63.79%
 Ensemble:
  Loss: 2.258700
  NLLloss: 1.047717
  ECELoss: 7.20%
  MCELoss: 11.03%
  Accuracy: 63.50%
Testset:
 Mean:
  Loss: 7.011973
  NLLloss: 0.957062
  ECELoss: 5.14%
  MCELoss: 12.76%
  Accuracy: 66.79%
 Ensemble:
  Loss: 7.022570
  NLLloss: 0.967659
  ECELoss: 7.86%
  MCELoss: 15.76%
  Accuracy: 66.58%
-->Epoch: 081    Loss: 2.357519    NLLloss: 1.151634    ECELoss:  1.20%    MCELoss:  4.00%    Accuracy: 59.39%    Time: 0:00:03
-->Epoch: 082    Loss: 2.343085    NLLloss: 1.147211    ECELoss:  1.24%    MCELoss: 13.24%    Accuracy: 59.13%    Time: 0:00:03
-->Epoch: 083    Loss: 2.330424    NLLloss: 1.143930    ECELoss:  1.01%    MCELoss:  2.09%    Accuracy: 59.36%    Time: 0:00:03
-->Epoch: 084    Loss: 2.320730    NLLloss: 1.143016    ECELoss:  1.11%    MCELoss: 13.14%    Accuracy: 59.72%    Time: 0:00:03
-->Epoch: 085    Loss: 2.317420    NLLloss: 1.147857    ECELoss:  0.84%    MCELoss:  2.65%    Accuracy: 59.27%    Time: 0:00:03
-->Epoch: 086    Loss: 2.304382    NLLloss: 1.142436    ECELoss:  0.96%    MCELoss: 12.82%    Accuracy: 59.47%    Time: 0:00:04
-->Epoch: 087    Loss: 2.300590    NLLloss: 1.145654    ECELoss:  1.01%    MCELoss:  2.70%    Accuracy: 59.36%    Time: 0:00:03
-->Epoch: 088    Loss: 2.289323    NLLloss: 1.140815    ECELoss:  0.84%    MCELoss:  4.21%    Accuracy: 59.46%    Time: 0:00:03
-->Epoch: 089    Loss: 2.284998    NLLloss: 1.142420    ECELoss:  1.17%    MCELoss:  2.10%    Accuracy: 59.72%    Time: 0:00:03
-->Epoch: 090    Loss: 2.280657    NLLloss: 1.143447    ECELoss:  1.18%    MCELoss:  2.86%    Accuracy: 59.47%    Time: 0:00:03
Trainset:
 Mean:
  Loss: 2.157872
  NLLloss: 1.023245
  ECELoss: 4.52%
  MCELoss: 6.53%
  Accuracy: 63.99%
 Ensemble:
  Loss: 2.178322
  NLLloss: 1.043694
  ECELoss: 7.38%
  MCELoss: 13.25%
  Accuracy: 63.59%
Testset:
 Mean:
  Loss: 6.625792
  NLLloss: 0.952657
  ECELoss: 5.14%
  MCELoss: 8.44%
  Accuracy: 66.89%
 Ensemble:
  Loss: 6.637342
  NLLloss: 0.964207
  ECELoss: 7.97%
  MCELoss: 13.28%
  Accuracy: 66.76%
-->Epoch: 091    Loss: 2.272581    NLLloss: 1.140229    ECELoss:  1.12%    MCELoss: 13.31%    Accuracy: 59.33%    Time: 0:00:03
-->Epoch: 092    Loss: 2.269461    NLLloss: 1.141443    ECELoss:  1.20%    MCELoss:  3.87%    Accuracy: 59.82%    Time: 0:00:03
-->Epoch: 093    Loss: 2.273175    NLLloss: 1.148954    ECELoss:  1.12%    MCELoss:  2.58%    Accuracy: 59.46%    Time: 0:00:03
-->Epoch: 094    Loss: 2.261286    NLLloss: 1.140354    ECELoss:  1.03%    MCELoss:  1.98%    Accuracy: 59.64%    Time: 0:00:03
-->Epoch: 095    Loss: 2.257460    NLLloss: 1.139297    ECELoss:  1.02%    MCELoss: 13.21%    Accuracy: 59.71%    Time: 0:00:03
-->Epoch: 096    Loss: 2.258701    NLLloss: 1.142801    ECELoss:  1.00%    MCELoss: 12.71%    Accuracy: 59.35%    Time: 0:00:03
-->Epoch: 097    Loss: 2.250133    NLLloss: 1.135993    ECELoss:  0.89%    MCELoss: 13.04%    Accuracy: 59.52%    Time: 0:00:03
-->Epoch: 098    Loss: 2.253329    NLLloss: 1.140460    ECELoss:  1.16%    MCELoss:  4.49%    Accuracy: 59.49%    Time: 0:00:03
-->Epoch: 099    Loss: 2.256096    NLLloss: 1.143980    ECELoss:  1.06%    MCELoss:  2.19%    Accuracy: 59.59%    Time: 0:00:03
-->Epoch: 100    Loss: 2.248101    NLLloss: 1.136236    ECELoss:  1.43%    MCELoss:  3.09%    Accuracy: 60.01%    Time: 0:00:03
Trainset:
 Mean:
  Loss: 2.142016
  NLLloss: 1.030151
  ECELoss: 4.29%
  MCELoss: 87.02%
  Accuracy: 63.79%
 Ensemble:
  Loss: 2.153966
  NLLloss: 1.042101
  ECELoss: 7.33%
  MCELoss: 10.88%
  Accuracy: 63.65%
Testset:
 Mean:
  Loss: 6.511320
  NLLloss: 0.951996
  ECELoss: 5.39%
  MCELoss: 9.02%
  Accuracy: 67.12%
 Ensemble:
  Loss: 6.522210
  NLLloss: 0.962885
  ECELoss: 7.91%
  MCELoss: 11.15%
  Accuracy: 66.64%
