Files already downloaded and verified
Files already downloaded and verified
Trainset:
 Mean:
  Loss: 9.989892
  NLLloss: 4.425799
  ECELoss: 38.63%
  MCELoss: 86.08%
  Accuracy: 10.72%
 Ensemble:
  Loss: 9.966792
  NLLloss: 4.402701
  ECELoss: 37.81%
  MCELoss: 88.37%
  Accuracy: 10.95%
Testset:
 Mean:
  Loss: 32.170186
  NLLloss: 4.349727
  ECELoss: 38.61%
  MCELoss: 90.48%
  Accuracy: 10.37%
 Ensemble:
  Loss: 32.151583
  NLLloss: 4.331124
  ECELoss: 38.10%
  MCELoss: 85.68%
  Accuracy: 10.32%
-->Epoch: 001    Loss: 7.611799    NLLloss: 2.076936    ECELoss:  2.26%    MCELoss: 45.12%    Accuracy: 25.48%    Time: 0:00:08
-->Epoch: 002    Loss: 7.223200    NLLloss: 1.747805    ECELoss:  0.72%    MCELoss: 14.65%    Accuracy: 36.05%    Time: 0:00:08
-->Epoch: 003    Loss: 7.023507    NLLloss: 1.607551    ECELoss:  0.70%    MCELoss: 12.77%    Accuracy: 41.69%    Time: 0:00:08
-->Epoch: 004    Loss: 6.884702    NLLloss: 1.528157    ECELoss:  0.44%    MCELoss: 11.82%    Accuracy: 44.82%    Time: 0:00:08
-->Epoch: 005    Loss: 6.768285    NLLloss: 1.471088    ECELoss:  0.52%    MCELoss: 12.89%    Accuracy: 46.84%    Time: 0:00:08
-->Epoch: 006    Loss: 6.654627    NLLloss: 1.416711    ECELoss:  0.73%    MCELoss: 13.23%    Accuracy: 49.18%    Time: 0:00:07
-->Epoch: 007    Loss: 6.556768    NLLloss: 1.378065    ECELoss:  0.85%    MCELoss: 12.67%    Accuracy: 50.67%    Time: 0:00:08
-->Epoch: 008    Loss: 6.465411    NLLloss: 1.345905    ECELoss:  0.65%    MCELoss: 20.09%    Accuracy: 51.74%    Time: 0:00:09
-->Epoch: 009    Loss: 6.372924    NLLloss: 1.312522    ECELoss:  0.60%    MCELoss:  2.30%    Accuracy: 53.19%    Time: 0:00:08
-->Epoch: 010    Loss: 6.297094    NLLloss: 1.295702    ECELoss:  0.79%    MCELoss:  1.84%    Accuracy: 53.77%    Time: 0:00:07
Trainset:
 Mean:
  Loss: 6.226178
  NLLloss: 1.254531
  ECELoss: 1.85%
  MCELoss: 4.24%
  Accuracy: 55.44%
 Ensemble:
  Loss: 6.228702
  NLLloss: 1.257054
  ECELoss: 2.06%
  MCELoss: 4.16%
  Accuracy: 55.09%
Testset:
 Mean:
  Loss: 26.033867
  NLLloss: 1.175629
  ECELoss: 2.87%
  MCELoss: 5.11%
  Accuracy: 58.23%
 Ensemble:
  Loss: 26.034913
  NLLloss: 1.176675
  ECELoss: 3.19%
  MCELoss: 5.07%
  Accuracy: 58.10%
-->Epoch: 011    Loss: 6.220049    NLLloss: 1.277501    ECELoss:  0.64%    MCELoss:  3.60%    Accuracy: 54.36%    Time: 0:00:07
-->Epoch: 012    Loss: 6.144454    NLLloss: 1.260685    ECELoss:  0.72%    MCELoss:  1.75%    Accuracy: 55.15%    Time: 0:00:06
-->Epoch: 013    Loss: 6.068734    NLLloss: 1.243656    ECELoss:  0.57%    MCELoss:  3.01%    Accuracy: 55.65%    Time: 0:00:07
-->Epoch: 014    Loss: 5.991808    NLLloss: 1.225282    ECELoss:  0.71%    MCELoss:  1.71%    Accuracy: 56.60%    Time: 0:00:07
-->Epoch: 015    Loss: 5.912341    NLLloss: 1.204214    ECELoss:  0.64%    MCELoss:  2.11%    Accuracy: 57.12%    Time: 0:00:06
-->Epoch: 016    Loss: 5.857868    NLLloss: 1.207946    ECELoss:  0.41%    MCELoss: 86.79%    Accuracy: 56.91%    Time: 0:00:06
-->Epoch: 017    Loss: 5.779474    NLLloss: 1.187625    ECELoss:  0.67%    MCELoss: 13.17%    Accuracy: 58.01%    Time: 0:00:07
-->Epoch: 018    Loss: 5.706319    NLLloss: 1.172387    ECELoss:  0.47%    MCELoss:  1.11%    Accuracy: 58.24%    Time: 0:00:06
-->Epoch: 019    Loss: 5.639525    NLLloss: 1.163225    ECELoss:  0.51%    MCELoss:  1.32%    Accuracy: 58.62%    Time: 0:00:06
-->Epoch: 020    Loss: 5.574895    NLLloss: 1.156078    ECELoss:  0.70%    MCELoss:  4.58%    Accuracy: 59.03%    Time: 0:00:07
Trainset:
 Mean:
  Loss: 5.502149
  NLLloss: 1.112277
  ECELoss: 1.87%
  MCELoss: 12.81%
  Accuracy: 60.97%
 Ensemble:
  Loss: 5.508308
  NLLloss: 1.118436
  ECELoss: 2.41%
  MCELoss: 4.89%
  Accuracy: 60.56%
Testset:
 Mean:
  Loss: 22.997972
  NLLloss: 1.048608
  ECELoss: 2.29%
  MCELoss: 4.58%
  Accuracy: 63.41%
 Ensemble:
  Loss: 22.997765
  NLLloss: 1.048402
  ECELoss: 3.64%
  MCELoss: 6.07%
  Accuracy: 63.88%
-->Epoch: 021    Loss: 5.504735    NLLloss: 1.143159    ECELoss:  0.67%    MCELoss:  2.51%    Accuracy: 59.60%    Time: 0:00:07
-->Epoch: 022    Loss: 5.451530    NLLloss: 1.146989    ECELoss:  0.63%    MCELoss:  1.26%    Accuracy: 59.40%    Time: 0:00:07
-->Epoch: 023    Loss: 5.378742    NLLloss: 1.131101    ECELoss:  0.34%    MCELoss:  3.40%    Accuracy: 59.78%    Time: 0:00:06
-->Epoch: 024    Loss: 5.308875    NLLloss: 1.117823    ECELoss:  0.53%    MCELoss:  2.66%    Accuracy: 60.59%    Time: 0:00:07
-->Epoch: 025    Loss: 5.251520    NLLloss: 1.116828    ECELoss:  0.65%    MCELoss:  4.90%    Accuracy: 60.42%    Time: 0:00:08
-->Epoch: 026    Loss: 5.188077    NLLloss: 1.109454    ECELoss:  0.55%    MCELoss:  4.91%    Accuracy: 60.68%    Time: 0:00:07
-->Epoch: 027    Loss: 5.132703    NLLloss: 1.109797    ECELoss:  0.65%    MCELoss:  4.02%    Accuracy: 60.91%    Time: 0:00:06
-->Epoch: 028    Loss: 5.076843    NLLloss: 1.109403    ECELoss:  0.42%    MCELoss:  4.61%    Accuracy: 60.53%    Time: 0:00:07
-->Epoch: 029    Loss: 5.004373    NLLloss: 1.092162    ECELoss:  0.64%    MCELoss: 13.13%    Accuracy: 61.40%    Time: 0:00:07
-->Epoch: 030    Loss: 4.946774    NLLloss: 1.089508    ECELoss:  0.56%    MCELoss: 13.17%    Accuracy: 61.50%    Time: 0:00:06
Trainset:
 Mean:
  Loss: 4.883441
  NLLloss: 1.053747
  ECELoss: 1.25%
  MCELoss: 3.61%
  Accuracy: 62.88%
 Ensemble:
  Loss: 4.881772
  NLLloss: 1.052078
  ECELoss: 2.92%
  MCELoss: 5.00%
  Accuracy: 62.98%
Testset:
 Mean:
  Loss: 20.144055
  NLLloss: 0.995585
  ECELoss: 2.41%
  MCELoss: 8.57%
  Accuracy: 65.56%
 Ensemble:
  Loss: 20.145286
  NLLloss: 0.996816
  ECELoss: 3.65%
  MCELoss: 6.03%
  Accuracy: 65.46%
-->Epoch: 031    Loss: 4.892016    NLLloss: 1.089303    ECELoss:  0.75%    MCELoss:  2.99%    Accuracy: 61.52%    Time: 0:00:06
-->Epoch: 032    Loss: 4.835247    NLLloss: 1.086684    ECELoss:  0.62%    MCELoss:  1.80%    Accuracy: 61.62%    Time: 0:00:07
-->Epoch: 033    Loss: 4.782262    NLLloss: 1.087461    ECELoss:  0.51%    MCELoss:  6.37%    Accuracy: 61.82%    Time: 0:00:07
-->Epoch: 034    Loss: 4.726209    NLLloss: 1.084881    ECELoss:  0.55%    MCELoss:  1.34%    Accuracy: 61.56%    Time: 0:00:06
-->Epoch: 035    Loss: 4.670505    NLLloss: 1.082269    ECELoss:  0.52%    MCELoss:  1.14%    Accuracy: 61.63%    Time: 0:00:07
-->Epoch: 036    Loss: 4.614735    NLLloss: 1.079203    ECELoss:  0.51%    MCELoss:  1.72%    Accuracy: 61.97%    Time: 0:00:07
-->Epoch: 037    Loss: 4.554505    NLLloss: 1.071373    ECELoss:  0.72%    MCELoss:  4.04%    Accuracy: 62.28%    Time: 0:00:07
-->Epoch: 038    Loss: 4.499476    NLLloss: 1.068275    ECELoss:  0.67%    MCELoss:  2.29%    Accuracy: 62.24%    Time: 0:00:06
-->Epoch: 039    Loss: 4.452450    NLLloss: 1.072837    ECELoss:  0.69%    MCELoss:  3.44%    Accuracy: 62.14%    Time: 0:00:07
-->Epoch: 040    Loss: 4.396794    NLLloss: 1.068299    ECELoss:  0.68%    MCELoss:  2.28%    Accuracy: 62.38%    Time: 0:00:07
Trainset:
 Mean:
  Loss: 4.301129
  NLLloss: 0.998324
  ECELoss: 1.76%
  MCELoss: 3.74%
  Accuracy: 64.73%
 Ensemble:
  Loss: 4.309489
  NLLloss: 1.006684
  ECELoss: 4.21%
  MCELoss: 10.22%
  Accuracy: 64.69%
Testset:
 Mean:
  Loss: 17.448868
  NLLloss: 0.934845
  ECELoss: 2.67%
  MCELoss: 5.38%
  Accuracy: 67.38%
 Ensemble:
  Loss: 17.456964
  NLLloss: 0.942941
  ECELoss: 5.08%
  MCELoss: 11.73%
  Accuracy: 67.54%
-->Epoch: 041    Loss: 4.350759    NLLloss: 1.072949    ECELoss:  0.68%    MCELoss:  1.30%    Accuracy: 62.22%    Time: 0:00:07
-->Epoch: 042    Loss: 4.297531    NLLloss: 1.070053    ECELoss:  0.81%    MCELoss:  1.85%    Accuracy: 62.59%    Time: 0:00:06
-->Epoch: 043    Loss: 4.244852    NLLloss: 1.067318    ECELoss:  0.98%    MCELoss:  2.16%    Accuracy: 62.44%    Time: 0:00:06
-->Epoch: 044    Loss: 4.206889    NLLloss: 1.078853    ECELoss:  0.78%    MCELoss:  1.87%    Accuracy: 61.98%    Time: 0:00:07
-->Epoch: 045    Loss: 4.158155    NLLloss: 1.079174    ECELoss:  0.65%    MCELoss:  1.82%    Accuracy: 61.81%    Time: 0:00:07
-->Epoch: 046    Loss: 4.108533    NLLloss: 1.078335    ECELoss:  1.01%    MCELoss:  3.86%    Accuracy: 61.88%    Time: 0:00:06
-->Epoch: 047    Loss: 4.061985    NLLloss: 1.080236    ECELoss:  0.80%    MCELoss:  1.42%    Accuracy: 61.84%    Time: 0:00:07
-->Epoch: 048    Loss: 4.011937    NLLloss: 1.078229    ECELoss:  1.06%    MCELoss: 13.15%    Accuracy: 61.80%    Time: 0:00:07
-->Epoch: 049    Loss: 3.953003    NLLloss: 1.066728    ECELoss:  0.64%    MCELoss:  3.11%    Accuracy: 62.37%    Time: 0:00:06
-->Epoch: 050    Loss: 3.907472    NLLloss: 1.068315    ECELoss:  0.86%    MCELoss:  4.59%    Accuracy: 62.33%    Time: 0:00:06
Trainset:
 Mean:
  Loss: 3.801130
  NLLloss: 0.985622
  ECELoss: 1.78%
  MCELoss: 3.60%
  Accuracy: 65.33%
 Ensemble:
  Loss: 3.810847
  NLLloss: 0.995340
  ECELoss: 5.25%
  MCELoss: 8.54%
  Accuracy: 65.29%
Testset:
 Mean:
  Loss: 15.000352
  NLLloss: 0.922814
  ECELoss: 2.73%
  MCELoss: 6.20%
  Accuracy: 68.03%
 Ensemble:
  Loss: 15.008453
  NLLloss: 0.930915
  ECELoss: 5.61%
  MCELoss: 9.61%
  Accuracy: 67.79%
-->Epoch: 051    Loss: 3.870817    NLLloss: 1.078332    ECELoss:  1.00%    MCELoss:  2.37%    Accuracy: 62.04%    Time: 0:00:07
-->Epoch: 052    Loss: 3.820170    NLLloss: 1.073985    ECELoss:  0.83%    MCELoss:  2.08%    Accuracy: 62.00%    Time: 0:00:07
-->Epoch: 053    Loss: 3.776001    NLLloss: 1.075604    ECELoss:  0.96%    MCELoss:  2.34%    Accuracy: 62.08%    Time: 0:00:06
-->Epoch: 054    Loss: 3.732465    NLLloss: 1.077509    ECELoss:  0.72%    MCELoss:  2.13%    Accuracy: 62.07%    Time: 0:00:06
-->Epoch: 055    Loss: 3.695972    NLLloss: 1.085956    ECELoss:  1.26%    MCELoss:  2.08%    Accuracy: 61.91%    Time: 0:00:07
-->Epoch: 056    Loss: 3.642448    NLLloss: 1.076988    ECELoss:  0.68%    MCELoss: 13.33%    Accuracy: 61.98%    Time: 0:00:07
-->Epoch: 057    Loss: 3.600097    NLLloss: 1.079002    ECELoss:  0.85%    MCELoss:  1.64%    Accuracy: 61.99%    Time: 0:00:07
-->Epoch: 058    Loss: 3.558712    NLLloss: 1.081370    ECELoss:  0.83%    MCELoss:  1.99%    Accuracy: 61.79%    Time: 0:00:06
-->Epoch: 059    Loss: 3.524365    NLLloss: 1.090268    ECELoss:  0.90%    MCELoss:  1.62%    Accuracy: 61.55%    Time: 0:00:07
-->Epoch: 060    Loss: 3.477864    NLLloss: 1.086628    ECELoss:  0.81%    MCELoss: 12.85%    Accuracy: 61.50%    Time: 0:00:07
Trainset:
 Mean:
  Loss: 3.335692
  NLLloss: 0.965932
  ECELoss: 2.49%
  MCELoss: 4.33%
  Accuracy: 66.18%
 Ensemble:
  Loss: 3.356999
  NLLloss: 0.987239
  ECELoss: 5.63%
  MCELoss: 86.72%
  Accuracy: 65.45%
Testset:
 Mean:
  Loss: 12.761961
  NLLloss: 0.913162
  ECELoss: 2.72%
  MCELoss: 6.09%
  Accuracy: 68.13%
 Ensemble:
  Loss: 12.773776
  NLLloss: 0.924977
  ECELoss: 6.13%
  MCELoss: 10.06%
  Accuracy: 68.25%
-->Epoch: 061    Loss: 3.438264    NLLloss: 1.089423    ECELoss:  1.06%    MCELoss:  1.73%    Accuracy: 61.61%    Time: 0:00:07
-->Epoch: 062    Loss: 3.391884    NLLloss: 1.085134    ECELoss:  1.13%    MCELoss:  2.31%    Accuracy: 61.60%    Time: 0:00:07
-->Epoch: 063    Loss: 3.350827    NLLloss: 1.085781    ECELoss:  0.82%    MCELoss: 12.97%    Accuracy: 61.42%    Time: 0:00:07
-->Epoch: 064    Loss: 3.314853    NLLloss: 1.090944    ECELoss:  0.95%    MCELoss:  5.57%    Accuracy: 61.63%    Time: 0:00:08
-->Epoch: 065    Loss: 3.277487    NLLloss: 1.094261    ECELoss:  1.11%    MCELoss:  4.41%    Accuracy: 61.51%    Time: 0:00:08
-->Epoch: 066    Loss: 3.234464    NLLloss: 1.091656    ECELoss:  0.84%    MCELoss:  2.86%    Accuracy: 61.48%    Time: 0:00:08
-->Epoch: 067    Loss: 3.196282    NLLloss: 1.093550    ECELoss:  0.93%    MCELoss:  2.42%    Accuracy: 61.34%    Time: 0:00:07
-->Epoch: 068    Loss: 3.160253    NLLloss: 1.097184    ECELoss:  1.07%    MCELoss:  2.99%    Accuracy: 61.21%    Time: 0:00:09
-->Epoch: 069    Loss: 3.127850    NLLloss: 1.103956    ECELoss:  0.88%    MCELoss:  4.86%    Accuracy: 61.19%    Time: 0:00:08
-->Epoch: 070    Loss: 3.088944    NLLloss: 1.103791    ECELoss:  1.00%    MCELoss:  2.25%    Accuracy: 61.22%    Time: 0:00:08
Trainset:
 Mean:
  Loss: 2.941974
  NLLloss: 0.976376
  ECELoss: 2.53%
  MCELoss: 5.23%
  Accuracy: 65.68%
 Ensemble:
  Loss: 2.959433
  NLLloss: 0.993834
  ECELoss: 6.30%
  MCELoss: 13.03%
  Accuracy: 65.44%
Testset:
 Mean:
  Loss: 10.743402
  NLLloss: 0.915411
  ECELoss: 2.79%
  MCELoss: 8.01%
  Accuracy: 68.00%
 Ensemble:
  Loss: 10.760363
  NLLloss: 0.932371
  ECELoss: 6.34%
  MCELoss: 12.24%
  Accuracy: 67.83%
-->Epoch: 071    Loss: 3.044766    NLLloss: 1.098146    ECELoss:  1.10%    MCELoss:  5.71%    Accuracy: 61.10%    Time: 0:00:09
-->Epoch: 072    Loss: 3.012917    NLLloss: 1.104001    ECELoss:  0.93%    MCELoss:  2.28%    Accuracy: 61.21%    Time: 0:00:09
-->Epoch: 073    Loss: 2.973735    NLLloss: 1.101993    ECELoss:  0.99%    MCELoss:  2.20%    Accuracy: 61.29%    Time: 0:00:09
-->Epoch: 074    Loss: 2.941115    NLLloss: 1.106210    ECELoss:  1.31%    MCELoss:  4.54%    Accuracy: 61.05%    Time: 0:00:08
-->Epoch: 075    Loss: 2.906607    NLLloss: 1.108009    ECELoss:  0.84%    MCELoss:  2.51%    Accuracy: 60.81%    Time: 0:00:08
-->Epoch: 076    Loss: 2.877480    NLLloss: 1.114855    ECELoss:  1.04%    MCELoss:  2.59%    Accuracy: 60.71%    Time: 0:00:08
-->Epoch: 077    Loss: 2.845974    NLLloss: 1.118871    ECELoss:  1.12%    MCELoss:  3.81%    Accuracy: 60.76%    Time: 0:00:09
-->Epoch: 078    Loss: 2.807127    NLLloss: 1.115020    ECELoss:  1.09%    MCELoss: 12.57%    Accuracy: 60.74%    Time: 0:00:07
-->Epoch: 079    Loss: 2.774324    NLLloss: 1.116547    ECELoss:  0.81%    MCELoss:  2.32%    Accuracy: 60.67%    Time: 0:00:08
-->Epoch: 080    Loss: 2.748251    NLLloss: 1.124289    ECELoss:  1.05%    MCELoss:  2.42%    Accuracy: 60.44%    Time: 0:00:07
Trainset:
 Mean:
  Loss: 2.592409
  NLLloss: 0.985388
  ECELoss: 4.62%
  MCELoss: 6.29%
  Accuracy: 65.62%
 Ensemble:
  Loss: 2.618422
  NLLloss: 1.011402
  ECELoss: 7.82%
  MCELoss: 13.24%
  Accuracy: 64.99%
Testset:
 Mean:
  Loss: 8.966197
  NLLloss: 0.931096
  ECELoss: 5.08%
  MCELoss: 8.28%
  Accuracy: 68.00%
 Ensemble:
  Loss: 8.978602
  NLLloss: 0.943501
  ECELoss: 8.54%
  MCELoss: 13.27%
  Accuracy: 68.08%
-->Epoch: 081    Loss: 2.709777    NLLloss: 1.119182    ECELoss:  0.97%    MCELoss:  2.43%    Accuracy: 60.65%    Time: 0:00:08
-->Epoch: 082    Loss: 2.680409    NLLloss: 1.122764    ECELoss:  1.05%    MCELoss:  2.59%    Accuracy: 60.16%    Time: 0:00:08
-->Epoch: 083    Loss: 2.643040    NLLloss: 1.117939    ECELoss:  1.14%    MCELoss:  2.60%    Accuracy: 60.77%    Time: 0:00:09
-->Epoch: 084    Loss: 2.615415    NLLloss: 1.122339    ECELoss:  1.23%    MCELoss:  2.45%    Accuracy: 60.59%    Time: 0:00:08
-->Epoch: 085    Loss: 2.593585    NLLloss: 1.131900    ECELoss:  1.17%    MCELoss: 12.92%    Accuracy: 59.69%    Time: 0:00:06
-->Epoch: 086    Loss: 2.562468    NLLloss: 1.131462    ECELoss:  1.02%    MCELoss:  1.97%    Accuracy: 60.08%    Time: 0:00:09
-->Epoch: 087    Loss: 2.533779    NLLloss: 1.132725    ECELoss:  0.99%    MCELoss:  2.87%    Accuracy: 59.94%    Time: 0:00:10
-->Epoch: 088    Loss: 2.499640    NLLloss: 1.128095    ECELoss:  1.24%    MCELoss:  3.13%    Accuracy: 60.18%    Time: 0:00:10
-->Epoch: 089    Loss: 2.476983    NLLloss: 1.134458    ECELoss:  0.89%    MCELoss: 12.98%    Accuracy: 60.16%    Time: 0:00:09
-->Epoch: 090    Loss: 2.444307    NLLloss: 1.129954    ECELoss:  1.03%    MCELoss:  2.19%    Accuracy: 60.06%    Time: 0:00:10
Trainset:
 Mean:
  Loss: 2.309123
  NLLloss: 1.008780
  ECELoss: 3.94%
  MCELoss: 5.46%
  Accuracy: 64.35%
 Ensemble:
  Loss: 2.334153
  NLLloss: 1.033809
  ECELoss: 7.38%
  MCELoss: 11.55%
  Accuracy: 64.08%
Testset:
 Mean:
  Loss: 7.444351
  NLLloss: 0.942634
  ECELoss: 4.46%
  MCELoss: 13.19%
  Accuracy: 67.24%
 Ensemble:
  Loss: 7.461164
  NLLloss: 0.959446
  ECELoss: 8.02%
  MCELoss: 13.06%
  Accuracy: 67.46%
-->Epoch: 091    Loss: 2.418900    NLLloss: 1.132252    ECELoss:  0.90%    MCELoss:  1.92%    Accuracy: 60.12%    Time: 0:00:06
-->Epoch: 092    Loss: 2.390161    NLLloss: 1.130644    ECELoss:  0.90%    MCELoss:  2.78%    Accuracy: 60.16%    Time: 0:00:08
-->Epoch: 093    Loss: 2.372654    NLLloss: 1.139420    ECELoss:  0.87%    MCELoss:  2.76%    Accuracy: 59.88%    Time: 0:00:09
-->Epoch: 094    Loss: 2.338356    NLLloss: 1.130947    ECELoss:  0.96%    MCELoss:  2.35%    Accuracy: 60.08%    Time: 0:00:10
-->Epoch: 095    Loss: 2.319772    NLLloss: 1.137416    ECELoss:  1.52%    MCELoss: 12.70%    Accuracy: 60.09%    Time: 0:00:09
-->Epoch: 096    Loss: 2.298276    NLLloss: 1.140260    ECELoss:  0.98%    MCELoss:  1.80%    Accuracy: 59.66%    Time: 0:00:09
-->Epoch: 097    Loss: 2.271058    NLLloss: 1.136773    ECELoss:  1.28%    MCELoss:  2.21%    Accuracy: 59.99%    Time: 0:00:09
-->Epoch: 098    Loss: 2.255814    NLLloss: 1.144693    ECELoss:  1.31%    MCELoss:  4.24%    Accuracy: 59.80%    Time: 0:00:09
-->Epoch: 099    Loss: 2.230029    NLLloss: 1.141190    ECELoss:  1.01%    MCELoss: 13.26%    Accuracy: 59.81%    Time: 0:00:10
-->Epoch: 100    Loss: 2.206243    NLLloss: 1.138958    ECELoss:  1.15%    MCELoss:  2.01%    Accuracy: 59.92%    Time: 0:00:10
Trainset:
 Mean:
  Loss: 2.074604
  NLLloss: 1.018042
  ECELoss: 4.31%
  MCELoss: 7.66%
  Accuracy: 64.33%
 Ensemble:
  Loss: 2.088873
  NLLloss: 1.032311
  ECELoss: 8.03%
  MCELoss: 11.85%
  Accuracy: 64.42%
Testset:
 Mean:
  Loss: 6.232842
  NLLloss: 0.950031
  ECELoss: 4.93%
  MCELoss: 7.65%
  Accuracy: 67.02%
 Ensemble:
  Loss: 6.245282
  NLLloss: 0.962471
  ECELoss: 8.15%
  MCELoss: 12.86%
  Accuracy: 67.01%
-->Epoch: 101    Loss: 2.189070    NLLloss: 1.142663    ECELoss:  0.90%    MCELoss:  2.98%    Accuracy: 59.70%    Time: 0:00:10
-->Epoch: 102    Loss: 2.168463    NLLloss: 1.142275    ECELoss:  1.10%    MCELoss: 13.00%    Accuracy: 59.55%    Time: 0:00:09
-->Epoch: 103    Loss: 2.154828    NLLloss: 1.148283    ECELoss:  1.07%    MCELoss:  3.41%    Accuracy: 59.51%    Time: 0:00:09
-->Epoch: 104    Loss: 2.129828    NLLloss: 1.142301    ECELoss:  1.29%    MCELoss:  2.81%    Accuracy: 59.74%    Time: 0:00:10
-->Epoch: 105    Loss: 2.115971    NLLloss: 1.146992    ECELoss:  1.06%    MCELoss: 13.07%    Accuracy: 59.70%    Time: 0:00:10
-->Epoch: 106    Loss: 2.097842    NLLloss: 1.147093    ECELoss:  1.14%    MCELoss: 13.08%    Accuracy: 59.47%    Time: 0:00:10
-->Epoch: 107    Loss: 2.081663    NLLloss: 1.148455    ECELoss:  1.02%    MCELoss:  3.21%    Accuracy: 59.36%    Time: 0:00:09
-->Epoch: 108    Loss: 2.066540    NLLloss: 1.150138    ECELoss:  0.98%    MCELoss:  2.26%    Accuracy: 59.46%    Time: 0:00:10
-->Epoch: 109    Loss: 2.045076    NLLloss: 1.144976    ECELoss:  1.02%    MCELoss: 12.86%    Accuracy: 59.45%    Time: 0:00:06
-->Epoch: 110    Loss: 2.030240    NLLloss: 1.145935    ECELoss:  1.16%    MCELoss:  2.34%    Accuracy: 59.52%    Time: 0:00:08
Trainset:
 Mean:
  Loss: 1.905502
  NLLloss: 1.029109
  ECELoss: 5.12%
  MCELoss: 8.43%
  Accuracy: 63.94%
 Ensemble:
  Loss: 1.930730
  NLLloss: 1.054338
  ECELoss: 8.24%
  MCELoss: 13.27%
  Accuracy: 63.70%
Testset:
 Mean:
  Loss: 5.348192
  NLLloss: 0.966228
  ECELoss: 5.74%
  MCELoss: 11.43%
  Accuracy: 66.79%
 Ensemble:
  Loss: 5.363885
  NLLloss: 0.981921
  ECELoss: 8.75%
  MCELoss: 11.65%
  Accuracy: 66.71%
-->Epoch: 111    Loss: 2.019723    NLLloss: 1.150850    ECELoss:  0.86%    MCELoss:  3.03%    Accuracy: 59.31%    Time: 0:00:10
-->Epoch: 112    Loss: 1.999810    NLLloss: 1.145972    ECELoss:  0.88%    MCELoss:  3.00%    Accuracy: 59.43%    Time: 0:00:09
-->Epoch: 113    Loss: 1.991138    NLLloss: 1.151911    ECELoss:  1.17%    MCELoss:  2.14%    Accuracy: 59.45%    Time: 0:00:09
-->Epoch: 114    Loss: 1.971500    NLLloss: 1.146261    ECELoss:  0.98%    MCELoss:  3.66%    Accuracy: 59.50%    Time: 0:00:09
-->Epoch: 115    Loss: 1.962806    NLLloss: 1.151091    ECELoss:  1.28%    MCELoss:  3.10%    Accuracy: 59.43%    Time: 0:00:09
-->Epoch: 116    Loss: 1.947685    NLLloss: 1.149070    ECELoss:  0.96%    MCELoss:  5.54%    Accuracy: 59.68%    Time: 0:00:10
-->Epoch: 117    Loss: 1.935223    NLLloss: 1.149224    ECELoss:  0.98%    MCELoss:  1.86%    Accuracy: 59.43%    Time: 0:00:08
-->Epoch: 118    Loss: 1.925979    NLLloss: 1.152154    ECELoss:  0.96%    MCELoss:  2.15%    Accuracy: 59.20%    Time: 0:00:06
-->Epoch: 119    Loss: 1.914828    NLLloss: 1.152711    ECELoss:  1.05%    MCELoss: 12.27%    Accuracy: 59.32%    Time: 0:00:10
-->Epoch: 120    Loss: 1.900088    NLLloss: 1.149300    ECELoss:  1.12%    MCELoss:  2.21%    Accuracy: 59.62%    Time: 0:00:10
Trainset:
 Mean:
  Loss: 1.772688
  NLLloss: 1.027439
  ECELoss: 4.12%
  MCELoss: 20.23%
  Accuracy: 63.80%
 Ensemble:
  Loss: 1.785045
  NLLloss: 1.039796
  ECELoss: 7.31%
  MCELoss: 87.12%
  Accuracy: 63.89%
Testset:
 Mean:
  Loss: 4.691110
  NLLloss: 0.964867
  ECELoss: 4.48%
  MCELoss: 10.68%
  Accuracy: 66.45%
 Ensemble:
  Loss: 4.696406
  NLLloss: 0.970164
  ECELoss: 7.59%
  MCELoss: 11.86%
  Accuracy: 66.70%
-->Epoch: 121    Loss: 1.885246    NLLloss: 1.145303    ECELoss:  1.07%    MCELoss:  2.56%    Accuracy: 59.48%    Time: 0:00:09
-->Epoch: 122    Loss: 1.874836    NLLloss: 1.145463    ECELoss:  1.01%    MCELoss:  2.12%    Accuracy: 59.45%    Time: 0:00:09
-->Epoch: 123    Loss: 1.868248    NLLloss: 1.149137    ECELoss:  1.02%    MCELoss: 12.79%    Accuracy: 59.64%    Time: 0:00:09
-->Epoch: 124    Loss: 1.848455    NLLloss: 1.139165    ECELoss:  0.99%    MCELoss:  3.78%    Accuracy: 59.70%    Time: 0:00:08
-->Epoch: 125    Loss: 1.847888    NLLloss: 1.148209    ECELoss:  0.87%    MCELoss:  1.90%    Accuracy: 59.53%    Time: 0:00:06
-->Epoch: 126    Loss: 1.837423    NLLloss: 1.146942    ECELoss:  0.80%    MCELoss: 11.41%    Accuracy: 59.54%    Time: 0:00:09
-->Epoch: 127    Loss: 1.823171    NLLloss: 1.141622    ECELoss:  0.96%    MCELoss:  2.79%    Accuracy: 59.78%    Time: 0:00:11
-->Epoch: 128    Loss: 1.822105    NLLloss: 1.149055    ECELoss:  0.82%    MCELoss:  1.64%    Accuracy: 59.29%    Time: 0:00:10
-->Epoch: 129    Loss: 1.813009    NLLloss: 1.148014    ECELoss:  1.11%    MCELoss: 13.21%    Accuracy: 59.43%    Time: 0:00:10
-->Epoch: 130    Loss: 1.800419    NLLloss: 1.143420    ECELoss:  0.77%    MCELoss: 12.96%    Accuracy: 59.43%    Time: 0:00:10
Trainset:
 Mean:
  Loss: 1.688678
  NLLloss: 1.035561
  ECELoss: 4.77%
  MCELoss: 7.10%
  Accuracy: 63.66%
 Ensemble:
  Loss: 1.708168
  NLLloss: 1.055052
  ECELoss: 6.93%
  MCELoss: 10.63%
  Accuracy: 63.10%
Testset:
 Mean:
  Loss: 4.237470
  NLLloss: 0.971888
  ECELoss: 5.17%
  MCELoss: 11.56%
  Accuracy: 66.50%
 Ensemble:
  Loss: 4.248967
  NLLloss: 0.983385
  ECELoss: 8.01%
  MCELoss: 12.45%
  Accuracy: 66.81%
-->Epoch: 131    Loss: 1.795874    NLLloss: 1.146515    ECELoss:  0.83%    MCELoss: 12.69%    Accuracy: 59.38%    Time: 0:00:09
-->Epoch: 132    Loss: 1.785639    NLLloss: 1.143803    ECELoss:  0.91%    MCELoss:  1.93%    Accuracy: 59.42%    Time: 0:00:08
-->Epoch: 133    Loss: 1.779678    NLLloss: 1.145013    ECELoss:  0.82%    MCELoss:  1.59%    Accuracy: 59.51%    Time: 0:00:06
-->Epoch: 134    Loss: 1.770790    NLLloss: 1.142975    ECELoss:  0.79%    MCELoss:  2.85%    Accuracy: 59.40%    Time: 0:00:08
-->Epoch: 135    Loss: 1.760381    NLLloss: 1.139185    ECELoss:  1.17%    MCELoss:  1.93%    Accuracy: 59.72%    Time: 0:00:09
-->Epoch: 136    Loss: 1.760571    NLLloss: 1.145767    ECELoss:  1.36%    MCELoss: 12.63%    Accuracy: 59.61%    Time: 0:00:09
-->Epoch: 137    Loss: 1.751348    NLLloss: 1.142771    ECELoss:  0.82%    MCELoss:  2.24%    Accuracy: 59.40%    Time: 0:00:10
-->Epoch: 138    Loss: 1.747892    NLLloss: 1.145451    ECELoss:  0.99%    MCELoss:  1.86%    Accuracy: 59.51%    Time: 0:00:10
-->Epoch: 139    Loss: 1.739999    NLLloss: 1.143394    ECELoss:  1.08%    MCELoss: 13.15%    Accuracy: 59.83%    Time: 0:00:10
-->Epoch: 140    Loss: 1.735647    NLLloss: 1.144714    ECELoss:  1.05%    MCELoss:  1.94%    Accuracy: 59.55%    Time: 0:00:09
Trainset:
 Mean:
  Loss: 1.617101
  NLLloss: 1.029041
  ECELoss: 5.12%
  MCELoss: 7.25%
  Accuracy: 64.07%
 Ensemble:
  Loss: 1.628206
  NLLloss: 1.040147
  ECELoss: 7.80%
  MCELoss: 12.09%
  Accuracy: 64.03%
Testset:
 Mean:
  Loss: 3.901840
  NLLloss: 0.961544
  ECELoss: 5.94%
  MCELoss: 9.84%
  Accuracy: 67.20%
 Ensemble:
  Loss: 3.905393
  NLLloss: 0.965096
  ECELoss: 8.06%
  MCELoss: 12.24%
  Accuracy: 67.05%
-->Epoch: 141    Loss: 1.724290    NLLloss: 1.138884    ECELoss:  0.74%    MCELoss: 13.24%    Accuracy: 59.54%    Time: 0:00:09
-->Epoch: 142    Loss: 1.718463    NLLloss: 1.138318    ECELoss:  1.11%    MCELoss:  2.29%    Accuracy: 59.77%    Time: 0:00:06
-->Epoch: 143    Loss: 1.710020    NLLloss: 1.134910    ECELoss:  0.95%    MCELoss:  3.23%    Accuracy: 59.96%    Time: 0:00:08
-->Epoch: 144    Loss: 1.707313    NLLloss: 1.136992    ECELoss:  1.01%    MCELoss:  2.44%    Accuracy: 59.75%    Time: 0:00:09
-->Epoch: 145    Loss: 1.707663    NLLloss: 1.142100    ECELoss:  1.12%    MCELoss:  4.91%    Accuracy: 59.83%    Time: 0:00:10
-->Epoch: 146    Loss: 1.700619    NLLloss: 1.139640    ECELoss:  1.03%    MCELoss:  1.94%    Accuracy: 59.52%    Time: 0:00:09
-->Epoch: 147    Loss: 1.693394    NLLloss: 1.136942    ECELoss:  1.35%    MCELoss:  4.71%    Accuracy: 59.90%    Time: 0:00:09
-->Epoch: 148    Loss: 1.686442    NLLloss: 1.134221    ECELoss:  1.12%    MCELoss:  2.91%    Accuracy: 60.02%    Time: 0:00:10
-->Epoch: 149    Loss: 1.684075    NLLloss: 1.136194    ECELoss:  0.77%    MCELoss:  1.93%    Accuracy: 59.75%    Time: 0:00:09
-->Epoch: 150    Loss: 1.684225    NLLloss: 1.140425    ECELoss:  0.82%    MCELoss:  2.14%    Accuracy: 59.58%    Time: 0:00:10
Trainset:
 Mean:
  Loss: 1.578366
  NLLloss: 1.036536
  ECELoss: 3.68%
  MCELoss: 6.31%
  Accuracy: 63.36%
 Ensemble:
  Loss: 1.585333
  NLLloss: 1.043502
  ECELoss: 6.54%
  MCELoss: 10.44%
  Accuracy: 63.43%
Testset:
 Mean:
  Loss: 3.675621
  NLLloss: 0.966468
  ECELoss: 4.37%
  MCELoss: 8.05%
  Accuracy: 66.34%
 Ensemble:
  Loss: 3.680086
  NLLloss: 0.970933
  ECELoss: 7.25%
  MCELoss: 12.52%
  Accuracy: 66.68%
-->Epoch: 151    Loss: 1.672860    NLLloss: 1.133040    ECELoss:  0.84%    MCELoss:  3.41%    Accuracy: 59.98%    Time: 0:00:09
-->Epoch: 152    Loss: 1.671117    NLLloss: 1.135166    ECELoss:  1.06%    MCELoss: 13.22%    Accuracy: 59.93%    Time: 0:00:10
-->Epoch: 153    Loss: 1.667361    NLLloss: 1.135265    ECELoss:  1.08%    MCELoss:  3.76%    Accuracy: 59.81%    Time: 0:00:10
-->Epoch: 154    Loss: 1.658057    NLLloss: 1.129771    ECELoss:  0.92%    MCELoss:  3.86%    Accuracy: 60.07%    Time: 0:00:10
-->Epoch: 155    Loss: 1.657728    NLLloss: 1.133077    ECELoss:  0.71%    MCELoss:  2.08%    Accuracy: 59.67%    Time: 0:00:10
-->Epoch: 156    Loss: 1.641817    NLLloss: 1.120844    ECELoss:  0.84%    MCELoss: 86.88%    Accuracy: 60.26%    Time: 0:00:10
-->Epoch: 157    Loss: 1.647798    NLLloss: 1.130342    ECELoss:  1.19%    MCELoss:  2.67%    Accuracy: 60.26%    Time: 0:00:10
-->Epoch: 158    Loss: 1.635637    NLLloss: 1.121429    ECELoss:  0.96%    MCELoss:  2.28%    Accuracy: 60.39%    Time: 0:00:11
-->Epoch: 159    Loss: 1.635453    NLLloss: 1.124594    ECELoss:  0.89%    MCELoss:  2.72%    Accuracy: 59.99%    Time: 0:00:08
-->Epoch: 160    Loss: 1.631117    NLLloss: 1.123368    ECELoss:  0.85%    MCELoss:  1.96%    Accuracy: 60.09%    Time: 0:00:06
Trainset:
 Mean:
  Loss: 1.521773
  NLLloss: 1.015567
  ECELoss: 4.60%
  MCELoss: 7.72%
  Accuracy: 64.42%
 Ensemble:
  Loss: 1.532293
  NLLloss: 1.026087
  ECELoss: 7.20%
  MCELoss: 11.47%
  Accuracy: 64.36%
Testset:
 Mean:
  Loss: 3.482104
  NLLloss: 0.951071
  ECELoss: 5.17%
  MCELoss: 11.23%
  Accuracy: 67.51%
 Ensemble:
  Loss: 3.487103
  NLLloss: 0.956070
  ECELoss: 7.63%
  MCELoss: 13.73%
  Accuracy: 67.49%
-->Epoch: 161    Loss: 1.627506    NLLloss: 1.122843    ECELoss:  0.90%    MCELoss:  1.82%    Accuracy: 60.16%    Time: 0:00:10
-->Epoch: 162    Loss: 1.632518    NLLloss: 1.130950    ECELoss:  0.97%    MCELoss:  2.00%    Accuracy: 59.90%    Time: 0:00:09
-->Epoch: 163    Loss: 1.629058    NLLloss: 1.130447    ECELoss:  0.93%    MCELoss:  1.59%    Accuracy: 59.97%    Time: 0:00:10
-->Epoch: 164    Loss: 1.622783    NLLloss: 1.127174    ECELoss:  0.99%    MCELoss:  2.23%    Accuracy: 60.15%    Time: 0:00:08
-->Epoch: 165    Loss: 1.619009    NLLloss: 1.126395    ECELoss:  0.95%    MCELoss:  2.27%    Accuracy: 60.32%    Time: 0:00:08
-->Epoch: 166    Loss: 1.610508    NLLloss: 1.120702    ECELoss:  1.01%    MCELoss:  2.37%    Accuracy: 60.36%    Time: 0:00:06
-->Epoch: 167    Loss: 1.608154    NLLloss: 1.121181    ECELoss:  1.01%    MCELoss:  2.10%    Accuracy: 60.23%    Time: 0:00:08
-->Epoch: 168    Loss: 1.603385    NLLloss: 1.119061    ECELoss:  0.93%    MCELoss:  2.38%    Accuracy: 60.51%    Time: 0:00:08
-->Epoch: 169    Loss: 1.596500    NLLloss: 1.114746    ECELoss:  0.79%    MCELoss:  4.02%    Accuracy: 60.61%    Time: 0:00:09
-->Epoch: 170    Loss: 1.597130    NLLloss: 1.117911    ECELoss:  0.83%    MCELoss:  1.73%    Accuracy: 60.47%    Time: 0:00:08
Trainset:
 Mean:
  Loss: 1.496608
  NLLloss: 1.018667
  ECELoss: 3.73%
  MCELoss: 6.05%
  Accuracy: 64.15%
 Ensemble:
  Loss: 1.501564
  NLLloss: 1.023623
  ECELoss: 6.86%
  MCELoss: 10.45%
  Accuracy: 64.43%
Testset:
 Mean:
  Loss: 3.343690
  NLLloss: 0.953984
  ECELoss: 4.15%
  MCELoss: 15.35%
  Accuracy: 67.01%
 Ensemble:
  Loss: 3.345105
  NLLloss: 0.955399
  ECELoss: 6.83%
  MCELoss: 10.92%
  Accuracy: 67.25%
-->Epoch: 171    Loss: 1.596357    NLLloss: 1.119677    ECELoss:  0.96%    MCELoss:  2.44%    Accuracy: 60.65%    Time: 0:00:08
-->Epoch: 172    Loss: 1.591379    NLLloss: 1.117243    ECELoss:  0.90%    MCELoss:  2.19%    Accuracy: 60.39%    Time: 0:00:07
-->Epoch: 173    Loss: 1.595310    NLLloss: 1.123526    ECELoss:  0.94%    MCELoss:  3.02%    Accuracy: 60.34%    Time: 0:00:07
-->Epoch: 174    Loss: 1.587081    NLLloss: 1.117558    ECELoss:  0.88%    MCELoss:  1.62%    Accuracy: 60.37%    Time: 0:00:09
-->Epoch: 175    Loss: 1.587209    NLLloss: 1.120049    ECELoss:  0.95%    MCELoss:  2.18%    Accuracy: 60.64%    Time: 0:00:08
-->Epoch: 176    Loss: 1.579969    NLLloss: 1.115122    ECELoss:  0.69%    MCELoss: 12.55%    Accuracy: 60.51%    Time: 0:00:08
-->Epoch: 177    Loss: 1.574441    NLLloss: 1.111808    ECELoss:  1.04%    MCELoss:  2.02%    Accuracy: 60.84%    Time: 0:00:07
-->Epoch: 178    Loss: 1.573014    NLLloss: 1.112615    ECELoss:  0.80%    MCELoss:  7.24%    Accuracy: 60.68%    Time: 0:00:07
-->Epoch: 179    Loss: 1.576273    NLLloss: 1.117963    ECELoss:  1.00%    MCELoss:  2.15%    Accuracy: 60.72%    Time: 0:00:09
-->Epoch: 180    Loss: 1.565286    NLLloss: 1.109221    ECELoss:  0.81%    MCELoss:  1.66%    Accuracy: 60.67%    Time: 0:00:08
Trainset:
 Mean:
  Loss: 1.463347
  NLLloss: 1.008332
  ECELoss: 3.21%
  MCELoss: 4.89%
  Accuracy: 64.59%
 Ensemble:
  Loss: 1.470438
  NLLloss: 1.015423
  ECELoss: 5.94%
  MCELoss: 13.22%
  Accuracy: 64.40%
Testset:
 Mean:
  Loss: 3.214982
  NLLloss: 0.939906
  ECELoss: 3.45%
  MCELoss: 8.27%
  Accuracy: 67.22%
 Ensemble:
  Loss: 3.220956
  NLLloss: 0.945880
  ECELoss: 6.32%
  MCELoss: 17.11%
  Accuracy: 67.52%
-->Epoch: 181    Loss: 1.565968    NLLloss: 1.111926    ECELoss:  0.88%    MCELoss:  1.90%    Accuracy: 60.80%    Time: 0:00:07
-->Epoch: 182    Loss: 1.565054    NLLloss: 1.113005    ECELoss:  0.82%    MCELoss:  1.91%    Accuracy: 60.64%    Time: 0:00:08
-->Epoch: 183    Loss: 1.558604    NLLloss: 1.108486    ECELoss:  0.87%    MCELoss:  1.84%    Accuracy: 60.65%    Time: 0:00:08
-->Epoch: 184    Loss: 1.554335    NLLloss: 1.106313    ECELoss:  0.88%    MCELoss:  2.23%    Accuracy: 60.85%    Time: 0:00:08
-->Epoch: 185    Loss: 1.546874    NLLloss: 1.100736    ECELoss:  0.82%    MCELoss:  2.42%    Accuracy: 61.08%    Time: 0:00:08
-->Epoch: 186    Loss: 1.553563    NLLloss: 1.109194    ECELoss:  0.84%    MCELoss:  1.84%    Accuracy: 60.90%    Time: 0:00:08
-->Epoch: 187    Loss: 1.556508    NLLloss: 1.114080    ECELoss:  0.80%    MCELoss:  3.40%    Accuracy: 60.34%    Time: 0:00:07
-->Epoch: 188    Loss: 1.548295    NLLloss: 1.107717    ECELoss:  0.83%    MCELoss:  5.40%    Accuracy: 61.00%    Time: 0:00:07
-->Epoch: 189    Loss: 1.555390    NLLloss: 1.116481    ECELoss:  1.04%    MCELoss:  1.66%    Accuracy: 60.53%    Time: 0:00:06
-->Epoch: 190    Loss: 1.541526    NLLloss: 1.104329    ECELoss:  0.88%    MCELoss:  3.61%    Accuracy: 60.91%    Time: 0:00:06
Trainset:
 Mean:
  Loss: 1.453902
  NLLloss: 1.017677
  ECELoss: 2.57%
  MCELoss: 4.03%
  Accuracy: 64.00%
 Ensemble:
  Loss: 1.454770
  NLLloss: 1.018544
  ECELoss: 5.47%
  MCELoss: 9.17%
  Accuracy: 64.04%
Testset:
 Mean:
  Loss: 3.134665
  NLLloss: 0.953536
  ECELoss: 3.23%
  MCELoss: 13.30%
  Accuracy: 66.96%
 Ensemble:
  Loss: 3.130147
  NLLloss: 0.949018
  ECELoss: 5.84%
  MCELoss: 10.21%
  Accuracy: 67.32%
-->Epoch: 191    Loss: 1.542718    NLLloss: 1.107294    ECELoss:  0.89%    MCELoss:  3.72%    Accuracy: 60.96%    Time: 0:00:07
-->Epoch: 192    Loss: 1.542453    NLLloss: 1.108656    ECELoss:  0.81%    MCELoss:  3.27%    Accuracy: 61.06%    Time: 0:00:06
-->Epoch: 193    Loss: 1.536469    NLLloss: 1.104343    ECELoss:  0.82%    MCELoss:  1.49%    Accuracy: 61.21%    Time: 0:00:07
-->Epoch: 194    Loss: 1.540180    NLLloss: 1.109669    ECELoss:  0.75%    MCELoss:  5.95%    Accuracy: 60.79%    Time: 0:00:06
-->Epoch: 195    Loss: 1.538409    NLLloss: 1.109516    ECELoss:  0.77%    MCELoss:  1.54%    Accuracy: 60.83%    Time: 0:00:07
-->Epoch: 196    Loss: 1.528162    NLLloss: 1.100844    ECELoss:  0.68%    MCELoss:  1.50%    Accuracy: 61.24%    Time: 0:00:07
-->Epoch: 197    Loss: 1.533410    NLLloss: 1.107691    ECELoss:  0.83%    MCELoss:  3.18%    Accuracy: 61.02%    Time: 0:00:06
-->Epoch: 198    Loss: 1.527779    NLLloss: 1.103480    ECELoss:  0.79%    MCELoss: 37.09%    Accuracy: 61.05%    Time: 0:00:07
-->Epoch: 199    Loss: 1.526815    NLLloss: 1.104033    ECELoss:  0.95%    MCELoss: 13.30%    Accuracy: 61.04%    Time: 0:00:07
-->Epoch: 200    Loss: 1.516372    NLLloss: 1.094983    ECELoss:  0.72%    MCELoss:  2.56%    Accuracy: 61.24%    Time: 0:00:05
Trainset:
 Mean:
  Loss: 1.430769
  NLLloss: 1.010081
  ECELoss: 3.57%
  MCELoss: 5.64%
  Accuracy: 64.38%
 Ensemble:
  Loss: 1.441902
  NLLloss: 1.021214
  ECELoss: 5.95%
  MCELoss: 8.91%
  Accuracy: 64.03%
Testset:
 Mean:
  Loss: 3.053787
  NLLloss: 0.950347
  ECELoss: 3.83%
  MCELoss: 7.62%
  Accuracy: 67.06%
 Ensemble:
  Loss: 3.061469
  NLLloss: 0.958030
  ECELoss: 6.67%
  MCELoss: 11.17%
  Accuracy: 67.36%
-->Epoch: 201    Loss: 1.519620    NLLloss: 1.099561    ECELoss:  0.71%    MCELoss:  2.79%    Accuracy: 61.05%    Time: 0:00:07
-->Epoch: 202    Loss: 1.522181    NLLloss: 1.103322    ECELoss:  0.64%    MCELoss: 20.22%    Accuracy: 61.01%    Time: 0:00:07
-->Epoch: 203    Loss: 1.516459    NLLloss: 1.098993    ECELoss:  0.80%    MCELoss:  4.30%    Accuracy: 61.32%    Time: 0:00:06
-->Epoch: 204    Loss: 1.519204    NLLloss: 1.103089    ECELoss:  0.56%    MCELoss:  2.52%    Accuracy: 60.92%    Time: 0:00:07
-->Epoch: 205    Loss: 1.520555    NLLloss: 1.105832    ECELoss:  0.86%    MCELoss:  2.21%    Accuracy: 60.75%    Time: 0:00:07
-->Epoch: 206    Loss: 1.513406    NLLloss: 1.100085    ECELoss:  0.88%    MCELoss:  1.93%    Accuracy: 61.50%    Time: 0:00:07
-->Epoch: 207    Loss: 1.515368    NLLloss: 1.103357    ECELoss:  0.85%    MCELoss:  2.51%    Accuracy: 61.08%    Time: 0:00:06
-->Epoch: 208    Loss: 1.511338    NLLloss: 1.100561    ECELoss:  0.69%    MCELoss: 13.30%    Accuracy: 61.00%    Time: 0:00:07
-->Epoch: 209    Loss: 1.507974    NLLloss: 1.098390    ECELoss:  0.63%    MCELoss:  2.42%    Accuracy: 61.14%    Time: 0:00:07
-->Epoch: 210    Loss: 1.503647    NLLloss: 1.095292    ECELoss:  1.06%    MCELoss:  2.51%    Accuracy: 61.34%    Time: 0:00:06
Trainset:
 Mean:
  Loss: 1.421010
  NLLloss: 1.013232
  ECELoss: 2.70%
  MCELoss: 4.29%
  Accuracy: 64.15%
 Ensemble:
  Loss: 1.428171
  NLLloss: 1.020393
  ECELoss: 5.56%
  MCELoss: 9.11%
  Accuracy: 64.28%
Testset:
 Mean:
  Loss: 2.984484
  NLLloss: 0.945595
  ECELoss: 3.57%
  MCELoss: 7.35%
  Accuracy: 67.28%
 Ensemble:
  Loss: 2.987428
  NLLloss: 0.948539
  ECELoss: 5.95%
  MCELoss: 15.82%
  Accuracy: 67.39%
-->Epoch: 211    Loss: 1.503693    NLLloss: 1.096504    ECELoss:  0.65%    MCELoss:  1.45%    Accuracy: 61.15%    Time: 0:00:06
-->Epoch: 212    Loss: 1.501744    NLLloss: 1.095674    ECELoss:  0.82%    MCELoss:  1.35%    Accuracy: 61.15%    Time: 0:00:08
-->Epoch: 213    Loss: 1.500750    NLLloss: 1.095895    ECELoss:  0.94%    MCELoss:  1.85%    Accuracy: 61.17%    Time: 0:00:07
-->Epoch: 214    Loss: 1.497442    NLLloss: 1.093866    ECELoss:  0.81%    MCELoss:  4.86%    Accuracy: 61.43%    Time: 0:00:06
-->Epoch: 215    Loss: 1.497542    NLLloss: 1.095009    ECELoss:  0.81%    MCELoss:  3.51%    Accuracy: 61.16%    Time: 0:00:07
-->Epoch: 216    Loss: 1.500342    NLLloss: 1.098883    ECELoss:  0.88%    MCELoss:  7.24%    Accuracy: 61.17%    Time: 0:00:07
-->Epoch: 217    Loss: 1.494710    NLLloss: 1.094266    ECELoss:  0.99%    MCELoss:  5.66%    Accuracy: 61.48%    Time: 0:00:07
-->Epoch: 218    Loss: 1.495477    NLLloss: 1.095989    ECELoss:  0.66%    MCELoss:  6.13%    Accuracy: 61.08%    Time: 0:00:06
-->Epoch: 219    Loss: 1.494655    NLLloss: 1.096193    ECELoss:  0.55%    MCELoss:  4.05%    Accuracy: 61.20%    Time: 0:00:06
-->Epoch: 220    Loss: 1.487361    NLLloss: 1.089706    ECELoss:  0.71%    MCELoss:  3.69%    Accuracy: 61.48%    Time: 0:00:07
Trainset:
 Mean:
  Loss: 1.396773
  NLLloss: 0.999615
  ECELoss: 2.80%
  MCELoss: 6.96%
  Accuracy: 64.60%
 Ensemble:
  Loss: 1.405441
  NLLloss: 1.008283
  ECELoss: 5.67%
  MCELoss: 9.54%
  Accuracy: 64.66%
Testset:
 Mean:
  Loss: 2.921146
  NLLloss: 0.935358
  ECELoss: 3.53%
  MCELoss: 7.49%
  Accuracy: 67.57%
 Ensemble:
  Loss: 2.924604
  NLLloss: 0.938816
  ECELoss: 5.84%
  MCELoss: 13.39%
  Accuracy: 67.59%
-->Epoch: 221    Loss: 1.487269    NLLloss: 1.090541    ECELoss:  0.58%    MCELoss: 87.00%    Accuracy: 61.28%    Time: 0:00:07
-->Epoch: 222    Loss: 1.483371    NLLloss: 1.087631    ECELoss:  0.70%    MCELoss:  1.42%    Accuracy: 61.61%    Time: 0:00:06
-->Epoch: 223    Loss: 1.477231    NLLloss: 1.082520    ECELoss:  0.83%    MCELoss:  1.55%    Accuracy: 61.86%    Time: 0:00:07
-->Epoch: 224    Loss: 1.481536    NLLloss: 1.087750    ECELoss:  0.83%    MCELoss:  2.66%    Accuracy: 61.56%    Time: 0:00:07
-->Epoch: 225    Loss: 1.483501    NLLloss: 1.090555    ECELoss:  0.69%    MCELoss:  1.60%    Accuracy: 61.35%    Time: 0:00:07
-->Epoch: 226    Loss: 1.483286    NLLloss: 1.091285    ECELoss:  0.87%    MCELoss: 12.56%    Accuracy: 61.33%    Time: 0:00:06
-->Epoch: 227    Loss: 1.481284    NLLloss: 1.090125    ECELoss:  0.78%    MCELoss:  1.51%    Accuracy: 61.56%    Time: 0:00:07
-->Epoch: 228    Loss: 1.480119    NLLloss: 1.089694    ECELoss:  0.70%    MCELoss:  1.50%    Accuracy: 61.47%    Time: 0:00:07
-->Epoch: 229    Loss: 1.481009    NLLloss: 1.091305    ECELoss:  0.67%    MCELoss:  2.32%    Accuracy: 61.30%    Time: 0:00:06
-->Epoch: 230    Loss: 1.474276    NLLloss: 1.085304    ECELoss:  0.66%    MCELoss:  2.50%    Accuracy: 61.57%    Time: 0:00:07
Trainset:
 Mean:
  Loss: 1.403653
  NLLloss: 1.015139
  ECELoss: 2.56%
  MCELoss: 4.94%
  Accuracy: 63.97%
 Ensemble:
  Loss: 1.410339
  NLLloss: 1.021825
  ECELoss: 5.27%
  MCELoss: 10.09%
  Accuracy: 64.06%
Testset:
 Mean:
  Loss: 2.896511
  NLLloss: 0.953944
  ECELoss: 3.07%
  MCELoss: 8.51%
  Accuracy: 66.83%
 Ensemble:
  Loss: 2.898840
  NLLloss: 0.956272
  ECELoss: 5.45%
  MCELoss: 8.08%
  Accuracy: 66.90%
-->Epoch: 231    Loss: 1.482925    NLLloss: 1.094776    ECELoss:  0.72%    MCELoss:  1.29%    Accuracy: 61.07%    Time: 0:00:07
-->Epoch: 232    Loss: 1.471730    NLLloss: 1.084492    ECELoss:  0.76%    MCELoss:  3.07%    Accuracy: 61.62%    Time: 0:00:07
-->Epoch: 233    Loss: 1.472912    NLLloss: 1.086468    ECELoss:  0.68%    MCELoss:  1.28%    Accuracy: 61.63%    Time: 0:00:08
-->Epoch: 234    Loss: 1.466017    NLLloss: 1.080406    ECELoss:  0.70%    MCELoss: 13.14%    Accuracy: 61.61%    Time: 0:00:06
-->Epoch: 235    Loss: 1.470204    NLLloss: 1.085290    ECELoss:  0.63%    MCELoss:  0.98%    Accuracy: 61.48%    Time: 0:00:06
-->Epoch: 236    Loss: 1.475578    NLLloss: 1.091333    ECELoss:  0.76%    MCELoss:  1.38%    Accuracy: 61.25%    Time: 0:00:07
-->Epoch: 237    Loss: 1.474046    NLLloss: 1.090532    ECELoss:  0.87%    MCELoss:  3.32%    Accuracy: 61.54%    Time: 0:00:06
-->Epoch: 238    Loss: 1.465383    NLLloss: 1.082607    ECELoss:  0.88%    MCELoss:  2.53%    Accuracy: 61.69%    Time: 0:00:07
-->Epoch: 239    Loss: 1.467979    NLLloss: 1.085913    ECELoss:  0.64%    MCELoss: 13.25%    Accuracy: 61.43%    Time: 0:00:07
-->Epoch: 240    Loss: 1.467389    NLLloss: 1.086019    ECELoss:  0.93%    MCELoss:  1.77%    Accuracy: 61.59%    Time: 0:00:07
Trainset:
 Mean:
  Loss: 1.376589
  NLLloss: 0.995515
  ECELoss: 2.73%
  MCELoss: 5.10%
  Accuracy: 64.74%
 Ensemble:
  Loss: 1.385214
  NLLloss: 1.004140
  ECELoss: 5.44%
  MCELoss: 9.31%
  Accuracy: 64.78%
Testset:
 Mean:
  Loss: 2.833949
  NLLloss: 0.928578
  ECELoss: 3.48%
  MCELoss: 9.19%
  Accuracy: 67.84%
 Ensemble:
  Loss: 2.836435
  NLLloss: 0.931064
  ECELoss: 5.49%
  MCELoss: 9.27%
  Accuracy: 67.57%
-->Epoch: 241    Loss: 1.466077    NLLloss: 1.085263    ECELoss:  0.68%    MCELoss:  2.17%    Accuracy: 61.64%    Time: 0:00:07
-->Epoch: 242    Loss: 1.462217    NLLloss: 1.081962    ECELoss:  0.82%    MCELoss:  1.34%    Accuracy: 61.84%    Time: 0:00:06
-->Epoch: 243    Loss: 1.462955    NLLloss: 1.083323    ECELoss:  0.85%    MCELoss:  3.17%    Accuracy: 61.81%    Time: 0:00:07
-->Epoch: 244    Loss: 1.462365    NLLloss: 1.083190    ECELoss:  0.84%    MCELoss:  1.95%    Accuracy: 61.74%    Time: 0:00:07
-->Epoch: 245    Loss: 1.459177    NLLloss: 1.080591    ECELoss:  0.59%    MCELoss:  3.31%    Accuracy: 61.65%    Time: 0:00:06
-->Epoch: 246    Loss: 1.463233    NLLloss: 1.085185    ECELoss:  0.67%    MCELoss:  1.86%    Accuracy: 61.51%    Time: 0:00:07
-->Epoch: 247    Loss: 1.454791    NLLloss: 1.077311    ECELoss:  0.92%    MCELoss:  2.63%    Accuracy: 62.03%    Time: 0:00:07
-->Epoch: 248    Loss: 1.463500    NLLloss: 1.086589    ECELoss:  0.76%    MCELoss:  2.13%    Accuracy: 61.55%    Time: 0:00:07
-->Epoch: 249    Loss: 1.457433    NLLloss: 1.081121    ECELoss:  0.65%    MCELoss:  2.74%    Accuracy: 61.61%    Time: 0:00:06
-->Epoch: 250    Loss: 1.458093    NLLloss: 1.082397    ECELoss:  0.81%    MCELoss:  4.21%    Accuracy: 61.70%    Time: 0:00:07
Trainset:
 Mean:
  Loss: 1.366466
  NLLloss: 0.991059
  ECELoss: 3.22%
  MCELoss: 4.99%
  Accuracy: 65.11%
 Ensemble:
  Loss: 1.375410
  NLLloss: 1.000002
  ECELoss: 6.00%
  MCELoss: 9.18%
  Accuracy: 65.11%
Testset:
 Mean:
  Loss: 2.805621
  NLLloss: 0.928584
  ECELoss: 3.41%
  MCELoss: 6.21%
  Accuracy: 67.77%
 Ensemble:
  Loss: 2.812766
  NLLloss: 0.935729
  ECELoss: 5.90%
  MCELoss: 9.06%
  Accuracy: 67.87%
-->Epoch: 251    Loss: 1.455908    NLLloss: 1.080848    ECELoss:  0.71%    MCELoss:  1.69%    Accuracy: 61.67%    Time: 0:00:06
-->Epoch: 252    Loss: 1.457272    NLLloss: 1.082854    ECELoss:  0.88%    MCELoss:  1.94%    Accuracy: 61.91%    Time: 0:00:07
-->Epoch: 253    Loss: 1.451848    NLLloss: 1.078017    ECELoss:  0.74%    MCELoss:  1.97%    Accuracy: 61.97%    Time: 0:00:06
-->Epoch: 254    Loss: 1.452153    NLLloss: 1.078894    ECELoss:  1.03%    MCELoss:  2.82%    Accuracy: 61.89%    Time: 0:00:08
-->Epoch: 255    Loss: 1.453660    NLLloss: 1.080856    ECELoss:  0.58%    MCELoss:  1.42%    Accuracy: 61.75%    Time: 0:00:07
-->Epoch: 256    Loss: 1.449340    NLLloss: 1.076998    ECELoss:  0.66%    MCELoss:  1.92%    Accuracy: 61.88%    Time: 0:00:06
-->Epoch: 257    Loss: 1.447657    NLLloss: 1.075872    ECELoss:  0.51%    MCELoss:  1.43%    Accuracy: 61.96%    Time: 0:00:07
-->Epoch: 258    Loss: 1.459429    NLLloss: 1.088056    ECELoss:  0.65%    MCELoss:  1.47%    Accuracy: 61.56%    Time: 0:00:08
-->Epoch: 259    Loss: 1.449921    NLLloss: 1.078961    ECELoss:  0.51%    MCELoss:  2.26%    Accuracy: 61.74%    Time: 0:00:08
-->Epoch: 260    Loss: 1.446812    NLLloss: 1.076333    ECELoss:  0.82%    MCELoss:  3.91%    Accuracy: 61.93%    Time: 0:00:08
Trainset:
 Mean:
  Loss: 1.357574
  NLLloss: 0.987352
  ECELoss: 2.70%
  MCELoss: 4.74%
  Accuracy: 64.92%
 Ensemble:
  Loss: 1.369098
  NLLloss: 0.998876
  ECELoss: 5.15%
  MCELoss: 7.90%
  Accuracy: 64.90%
Testset:
 Mean:
  Loss: 2.774605
  NLLloss: 0.923497
  ECELoss: 3.33%
  MCELoss: 8.39%
  Accuracy: 67.94%
 Ensemble:
  Loss: 2.781820
  NLLloss: 0.930712
  ECELoss: 5.57%
  MCELoss: 12.93%
  Accuracy: 67.93%
-->Epoch: 261    Loss: 1.445077    NLLloss: 1.075118    ECELoss:  0.62%    MCELoss:  1.19%    Accuracy: 62.13%    Time: 0:00:08
-->Epoch: 262    Loss: 1.444893    NLLloss: 1.075535    ECELoss:  0.79%    MCELoss:  1.27%    Accuracy: 62.07%    Time: 0:00:09
-->Epoch: 263    Loss: 1.451578    NLLloss: 1.082794    ECELoss:  0.76%    MCELoss:  1.58%    Accuracy: 61.86%    Time: 0:00:08
-->Epoch: 264    Loss: 1.444472    NLLloss: 1.076132    ECELoss:  0.84%    MCELoss:  2.19%    Accuracy: 62.01%    Time: 0:00:07
-->Epoch: 265    Loss: 1.442531    NLLloss: 1.074550    ECELoss:  0.96%    MCELoss:  5.91%    Accuracy: 62.30%    Time: 0:00:09
-->Epoch: 266    Loss: 1.444351    NLLloss: 1.076792    ECELoss:  0.56%    MCELoss:  3.90%    Accuracy: 61.91%    Time: 0:00:08
-->Epoch: 267    Loss: 1.445862    NLLloss: 1.078757    ECELoss:  0.66%    MCELoss:  2.28%    Accuracy: 61.85%    Time: 0:00:08
-->Epoch: 268    Loss: 1.443918    NLLloss: 1.077287    ECELoss:  0.67%    MCELoss:  2.52%    Accuracy: 61.96%    Time: 0:00:08
-->Epoch: 269    Loss: 1.436301    NLLloss: 1.070116    ECELoss:  0.53%    MCELoss:  2.04%    Accuracy: 62.19%    Time: 0:00:08
-->Epoch: 270    Loss: 1.437820    NLLloss: 1.072097    ECELoss:  0.78%    MCELoss:  4.06%    Accuracy: 62.13%    Time: 0:00:07
Trainset:
 Mean:
  Loss: 1.360831
  NLLloss: 0.995345
  ECELoss: 3.24%
  MCELoss: 5.30%
  Accuracy: 64.94%
 Ensemble:
  Loss: 1.371281
  NLLloss: 1.005796
  ECELoss: 5.86%
  MCELoss: 9.22%
  Accuracy: 64.98%
Testset:
 Mean:
  Loss: 2.758261
  NLLloss: 0.930833
  ECELoss: 3.93%
  MCELoss: 9.14%
  Accuracy: 68.07%
 Ensemble:
  Loss: 2.763084
  NLLloss: 0.935656
  ECELoss: 5.88%
  MCELoss: 9.71%
  Accuracy: 67.67%
-->Epoch: 271    Loss: 1.440716    NLLloss: 1.075411    ECELoss:  0.68%    MCELoss:  4.60%    Accuracy: 62.02%    Time: 0:00:08
-->Epoch: 272    Loss: 1.437528    NLLloss: 1.072563    ECELoss:  0.59%    MCELoss:  2.38%    Accuracy: 61.88%    Time: 0:00:08
-->Epoch: 273    Loss: 1.438420    NLLloss: 1.073847    ECELoss:  0.78%    MCELoss: 86.78%    Accuracy: 62.02%    Time: 0:00:07
-->Epoch: 274    Loss: 1.439134    NLLloss: 1.074998    ECELoss:  0.80%    MCELoss:  1.85%    Accuracy: 62.10%    Time: 0:00:09
-->Epoch: 275    Loss: 1.437711    NLLloss: 1.073922    ECELoss:  0.72%    MCELoss:  5.89%    Accuracy: 62.18%    Time: 0:00:08
-->Epoch: 276    Loss: 1.440277    NLLloss: 1.076765    ECELoss:  0.67%    MCELoss:  2.08%    Accuracy: 61.82%    Time: 0:00:08
-->Epoch: 277    Loss: 1.436247    NLLloss: 1.073178    ECELoss:  0.86%    MCELoss:  2.01%    Accuracy: 62.15%    Time: 0:00:08
-->Epoch: 278    Loss: 1.432967    NLLloss: 1.070303    ECELoss:  0.68%    MCELoss:  6.46%    Accuracy: 62.02%    Time: 0:00:08
-->Epoch: 279    Loss: 1.431880    NLLloss: 1.069674    ECELoss:  0.78%    MCELoss:  2.23%    Accuracy: 62.27%    Time: 0:00:08
-->Epoch: 280    Loss: 1.431057    NLLloss: 1.069242    ECELoss:  0.59%    MCELoss:  4.21%    Accuracy: 62.20%    Time: 0:00:07
Trainset:
 Mean:
  Loss: 1.345226
  NLLloss: 0.983591
  ECELoss: 2.99%
  MCELoss: 5.20%
  Accuracy: 65.15%
 Ensemble:
  Loss: 1.357595
  NLLloss: 0.995960
  ECELoss: 5.66%
  MCELoss: 9.59%
  Accuracy: 65.07%
Testset:
 Mean:
  Loss: 2.729687
  NLLloss: 0.921512
  ECELoss: 3.28%
  MCELoss: 6.61%
  Accuracy: 68.08%
 Ensemble:
  Loss: 2.737297
  NLLloss: 0.929121
  ECELoss: 5.78%
  MCELoss: 10.04%
  Accuracy: 68.06%
-->Epoch: 281    Loss: 1.434520    NLLloss: 1.073062    ECELoss:  0.72%    MCELoss:  1.92%    Accuracy: 62.16%    Time: 0:00:08
-->Epoch: 282    Loss: 1.430453    NLLloss: 1.069414    ECELoss:  0.66%    MCELoss:  3.20%    Accuracy: 62.24%    Time: 0:00:08
-->Epoch: 283    Loss: 1.428622    NLLloss: 1.067946    ECELoss:  1.02%    MCELoss:  1.79%    Accuracy: 62.28%    Time: 0:00:07
-->Epoch: 284    Loss: 1.431966    NLLloss: 1.071581    ECELoss:  0.65%    MCELoss:  1.13%    Accuracy: 61.98%    Time: 0:00:08
-->Epoch: 285    Loss: 1.430021    NLLloss: 1.070038    ECELoss:  0.70%    MCELoss:  5.03%    Accuracy: 62.35%    Time: 0:00:08
-->Epoch: 286    Loss: 1.432740    NLLloss: 1.073092    ECELoss:  0.84%    MCELoss:  6.02%    Accuracy: 62.29%    Time: 0:00:08
-->Epoch: 287    Loss: 1.423147    NLLloss: 1.063811    ECELoss:  0.83%    MCELoss:  2.03%    Accuracy: 62.54%    Time: 0:00:08
-->Epoch: 288    Loss: 1.432139    NLLloss: 1.073174    ECELoss:  0.69%    MCELoss:  3.91%    Accuracy: 62.06%    Time: 0:00:07
-->Epoch: 289    Loss: 1.428789    NLLloss: 1.070161    ECELoss:  0.69%    MCELoss:  2.28%    Accuracy: 62.13%    Time: 0:00:08
-->Epoch: 290    Loss: 1.421248    NLLloss: 1.062971    ECELoss:  0.48%    MCELoss: 12.56%    Accuracy: 62.17%    Time: 0:00:08
Trainset:
 Mean:
  Loss: 1.340502
  NLLloss: 0.982359
  ECELoss: 2.71%
  MCELoss: 4.19%
  Accuracy: 65.36%
 Ensemble:
  Loss: 1.345365
  NLLloss: 0.987222
  ECELoss: 5.60%
  MCELoss: 8.51%
  Accuracy: 65.47%
Testset:
 Mean:
  Loss: 2.708578
  NLLloss: 0.917862
  ECELoss: 3.08%
  MCELoss: 9.50%
  Accuracy: 68.16%
 Ensemble:
  Loss: 2.710931
  NLLloss: 0.920215
  ECELoss: 5.60%
  MCELoss: 9.47%
  Accuracy: 68.29%
-->Epoch: 291    Loss: 1.422940    NLLloss: 1.064867    ECELoss:  0.82%    MCELoss:  1.41%    Accuracy: 62.33%    Time: 0:00:07
-->Epoch: 292    Loss: 1.428760    NLLloss: 1.070903    ECELoss:  0.54%    MCELoss:  2.29%    Accuracy: 62.16%    Time: 0:00:08
-->Epoch: 293    Loss: 1.426863    NLLloss: 1.069246    ECELoss:  0.62%    MCELoss:  1.82%    Accuracy: 62.20%    Time: 0:00:09
-->Epoch: 294    Loss: 1.420344    NLLloss: 1.063043    ECELoss:  0.72%    MCELoss:  5.65%    Accuracy: 62.27%    Time: 0:00:08
-->Epoch: 295    Loss: 1.422341    NLLloss: 1.065361    ECELoss:  0.51%    MCELoss: 12.80%    Accuracy: 62.21%    Time: 0:00:08
-->Epoch: 296    Loss: 1.422669    NLLloss: 1.066015    ECELoss:  0.54%    MCELoss: 13.29%    Accuracy: 62.24%    Time: 0:00:08
-->Epoch: 297    Loss: 1.430430    NLLloss: 1.073996    ECELoss:  0.81%    MCELoss:  1.76%    Accuracy: 62.00%    Time: 0:00:08
-->Epoch: 298    Loss: 1.423442    NLLloss: 1.067251    ECELoss:  0.69%    MCELoss:  2.30%    Accuracy: 62.30%    Time: 0:00:08
-->Epoch: 299    Loss: 1.426979    NLLloss: 1.071082    ECELoss:  0.89%    MCELoss:  2.11%    Accuracy: 62.14%    Time: 0:00:08
-->Epoch: 300    Loss: 1.418835    NLLloss: 1.063245    ECELoss:  0.86%    MCELoss:  2.67%    Accuracy: 62.50%    Time: 0:00:09
Trainset:
 Mean:
  Loss: 1.331341
  NLLloss: 0.975965
  ECELoss: 2.87%
  MCELoss: 5.15%
  Accuracy: 65.60%
 Ensemble:
  Loss: 1.346629
  NLLloss: 0.991253
  ECELoss: 5.28%
  MCELoss: 12.98%
  Accuracy: 65.20%
Testset:
 Mean:
  Loss: 2.692243
  NLLloss: 0.915363
  ECELoss: 3.26%
  MCELoss: 6.98%
  Accuracy: 68.35%
 Ensemble:
  Loss: 2.694390
  NLLloss: 0.917511
  ECELoss: 5.88%
  MCELoss: 8.36%
  Accuracy: 68.58%
-->Epoch: 301    Loss: 1.416216    NLLloss: 1.060980    ECELoss:  0.75%    MCELoss:  4.58%    Accuracy: 62.60%    Time: 0:00:08
-->Epoch: 302    Loss: 1.422428    NLLloss: 1.067483    ECELoss:  0.64%    MCELoss:  1.81%    Accuracy: 62.41%    Time: 0:00:09
-->Epoch: 303    Loss: 1.421522    NLLloss: 1.066715    ECELoss:  0.51%    MCELoss:  1.42%    Accuracy: 62.20%    Time: 0:00:08
-->Epoch: 304    Loss: 1.417306    NLLloss: 1.062757    ECELoss:  0.66%    MCELoss:  1.28%    Accuracy: 62.35%    Time: 0:00:08
-->Epoch: 305    Loss: 1.413817    NLLloss: 1.059523    ECELoss:  0.93%    MCELoss:  1.99%    Accuracy: 62.67%    Time: 0:00:06
-->Epoch: 306    Loss: 1.418020    NLLloss: 1.063967    ECELoss:  0.73%    MCELoss:  1.21%    Accuracy: 62.14%    Time: 0:00:08
-->Epoch: 307    Loss: 1.418549    NLLloss: 1.064711    ECELoss:  0.83%    MCELoss:  4.34%    Accuracy: 62.38%    Time: 0:00:09
-->Epoch: 308    Loss: 1.419905    NLLloss: 1.066317    ECELoss:  0.72%    MCELoss:  4.56%    Accuracy: 62.13%    Time: 0:00:08
-->Epoch: 309    Loss: 1.417668    NLLloss: 1.064385    ECELoss:  0.79%    MCELoss:  4.10%    Accuracy: 62.36%    Time: 0:00:08
-->Epoch: 310    Loss: 1.414041    NLLloss: 1.060979    ECELoss:  0.81%    MCELoss:  2.86%    Accuracy: 62.56%    Time: 0:00:07
Trainset:
 Mean:
  Loss: 1.335174
  NLLloss: 0.982182
  ECELoss: 3.17%
  MCELoss: 5.17%
  Accuracy: 65.37%
 Ensemble:
  Loss: 1.344568
  NLLloss: 0.991576
  ECELoss: 5.55%
  MCELoss: 13.19%
  Accuracy: 65.16%
Testset:
 Mean:
  Loss: 2.689206
  NLLloss: 0.924247
  ECELoss: 3.65%
  MCELoss: 10.61%
  Accuracy: 68.10%
 Ensemble:
  Loss: 2.689158
  NLLloss: 0.924199
  ECELoss: 6.07%
  MCELoss: 9.15%
  Accuracy: 68.31%
-->Epoch: 311    Loss: 1.420344    NLLloss: 1.067439    ECELoss:  0.69%    MCELoss:  2.58%    Accuracy: 61.93%    Time: 0:00:08
-->Epoch: 312    Loss: 1.413052    NLLloss: 1.060375    ECELoss:  0.73%    MCELoss: 12.68%    Accuracy: 62.43%    Time: 0:00:09
-->Epoch: 313    Loss: 1.418464    NLLloss: 1.066038    ECELoss:  0.72%    MCELoss:  2.41%    Accuracy: 62.59%    Time: 0:00:07
-->Epoch: 314    Loss: 1.418691    NLLloss: 1.066508    ECELoss:  0.68%    MCELoss: 13.21%    Accuracy: 62.30%    Time: 0:00:07
-->Epoch: 315    Loss: 1.411649    NLLloss: 1.059698    ECELoss:  0.68%    MCELoss:  2.88%    Accuracy: 62.55%    Time: 0:00:08
-->Epoch: 316    Loss: 1.414500    NLLloss: 1.062785    ECELoss:  0.50%    MCELoss:  1.04%    Accuracy: 62.32%    Time: 0:00:09
-->Epoch: 317    Loss: 1.412682    NLLloss: 1.061179    ECELoss:  0.60%    MCELoss:  1.78%    Accuracy: 62.59%    Time: 0:00:08
-->Epoch: 318    Loss: 1.415755    NLLloss: 1.064469    ECELoss:  0.69%    MCELoss:  1.40%    Accuracy: 62.24%    Time: 0:00:08
-->Epoch: 319    Loss: 1.416232    NLLloss: 1.065136    ECELoss:  0.73%    MCELoss:  1.54%    Accuracy: 62.27%    Time: 0:00:07
-->Epoch: 320    Loss: 1.411626    NLLloss: 1.060701    ECELoss:  0.52%    MCELoss:  1.49%    Accuracy: 62.32%    Time: 0:00:07
Trainset:
 Mean:
  Loss: 1.328762
  NLLloss: 0.977952
  ECELoss: 2.97%
  MCELoss: 5.34%
  Accuracy: 65.41%
 Ensemble:
  Loss: 1.339934
  NLLloss: 0.989123
  ECELoss: 5.72%
  MCELoss: 8.83%
  Accuracy: 65.52%
Testset:
 Mean:
  Loss: 2.669234
  NLLloss: 0.915182
  ECELoss: 3.60%
  MCELoss: 7.39%
  Accuracy: 68.31%
 Ensemble:
  Loss: 2.675883
  NLLloss: 0.921831
  ECELoss: 6.14%
  MCELoss: 11.08%
  Accuracy: 68.59%
-->Epoch: 321    Loss: 1.408138    NLLloss: 1.057473    ECELoss:  0.67%    MCELoss:  4.84%    Accuracy: 62.59%    Time: 0:00:08
-->Epoch: 322    Loss: 1.411324    NLLloss: 1.060803    ECELoss:  0.54%    MCELoss:  1.48%    Accuracy: 62.51%    Time: 0:00:07
-->Epoch: 323    Loss: 1.415762    NLLloss: 1.065371    ECELoss:  0.47%    MCELoss:  1.06%    Accuracy: 62.36%    Time: 0:00:08
-->Epoch: 324    Loss: 1.411668    NLLloss: 1.061457    ECELoss:  0.70%    MCELoss:  2.24%    Accuracy: 62.55%    Time: 0:00:07
-->Epoch: 325    Loss: 1.412268    NLLloss: 1.062239    ECELoss:  0.78%    MCELoss:  3.86%    Accuracy: 62.37%    Time: 0:00:08
-->Epoch: 326    Loss: 1.406595    NLLloss: 1.056731    ECELoss:  0.80%    MCELoss:  1.97%    Accuracy: 62.72%    Time: 0:00:08
-->Epoch: 327    Loss: 1.404481    NLLloss: 1.054809    ECELoss:  0.50%    MCELoss:  1.18%    Accuracy: 62.41%    Time: 0:00:07
-->Epoch: 328    Loss: 1.414497    NLLloss: 1.065034    ECELoss:  0.73%    MCELoss: 13.30%    Accuracy: 62.43%    Time: 0:00:08
-->Epoch: 329    Loss: 1.412191    NLLloss: 1.062942    ECELoss:  0.47%    MCELoss:  0.96%    Accuracy: 62.26%    Time: 0:00:08
-->Epoch: 330    Loss: 1.414777    NLLloss: 1.065694    ECELoss:  0.67%    MCELoss:  3.53%    Accuracy: 62.38%    Time: 0:00:09
Trainset:
 Mean:
  Loss: 1.330572
  NLLloss: 0.981576
  ECELoss: 3.42%
  MCELoss: 5.89%
  Accuracy: 65.33%
 Ensemble:
  Loss: 1.342056
  NLLloss: 0.993060
  ECELoss: 6.05%
  MCELoss: 9.15%
  Accuracy: 65.23%
Testset:
 Mean:
  Loss: 2.664225
  NLLloss: 0.919244
  ECELoss: 4.24%
  MCELoss: 12.34%
  Accuracy: 68.35%
 Ensemble:
  Loss: 2.669973
  NLLloss: 0.924992
  ECELoss: 6.53%
  MCELoss: 9.29%
  Accuracy: 68.38%
-->Epoch: 331    Loss: 1.407244    NLLloss: 1.058365    ECELoss:  0.46%    MCELoss:  3.09%    Accuracy: 62.47%    Time: 0:00:08
-->Epoch: 332    Loss: 1.406285    NLLloss: 1.057543    ECELoss:  0.60%    MCELoss:  6.36%    Accuracy: 62.60%    Time: 0:00:08
-->Epoch: 333    Loss: 1.407441    NLLloss: 1.058909    ECELoss:  0.70%    MCELoss:  3.06%    Accuracy: 62.73%    Time: 0:00:08
-->Epoch: 334    Loss: 1.404168    NLLloss: 1.055808    ECELoss:  0.78%    MCELoss:  5.34%    Accuracy: 62.70%    Time: 0:00:08
-->Epoch: 335    Loss: 1.412420    NLLloss: 1.064197    ECELoss:  0.77%    MCELoss:  1.77%    Accuracy: 62.45%    Time: 0:00:07
-->Epoch: 336    Loss: 1.409378    NLLloss: 1.061294    ECELoss:  0.68%    MCELoss:  1.77%    Accuracy: 62.54%    Time: 0:00:08
-->Epoch: 337    Loss: 1.410421    NLLloss: 1.062530    ECELoss:  0.68%    MCELoss:  1.55%    Accuracy: 62.28%    Time: 0:00:09
-->Epoch: 338    Loss: 1.399694    NLLloss: 1.051991    ECELoss:  0.95%    MCELoss:  7.08%    Accuracy: 62.89%    Time: 0:00:08
-->Epoch: 339    Loss: 1.402161    NLLloss: 1.054619    ECELoss:  0.62%    MCELoss:  5.17%    Accuracy: 62.77%    Time: 0:00:08
-->Epoch: 340    Loss: 1.406639    NLLloss: 1.059274    ECELoss:  0.48%    MCELoss:  2.29%    Accuracy: 62.52%    Time: 0:00:07
Trainset:
 Mean:
  Loss: 1.320044
  NLLloss: 0.972738
  ECELoss: 3.17%
  MCELoss: 4.76%
  Accuracy: 65.55%
 Ensemble:
  Loss: 1.332239
  NLLloss: 0.984933
  ECELoss: 5.77%
  MCELoss: 8.99%
  Accuracy: 65.48%
Testset:
 Mean:
  Loss: 2.649831
  NLLloss: 0.913299
  ECELoss: 3.52%
  MCELoss: 6.90%
  Accuracy: 68.37%
 Ensemble:
  Loss: 2.657792
  NLLloss: 0.921259
  ECELoss: 5.88%
  MCELoss: 9.02%
  Accuracy: 68.24%
-->Epoch: 341    Loss: 1.403883    NLLloss: 1.056645    ECELoss:  0.64%    MCELoss:  3.16%    Accuracy: 62.56%    Time: 0:00:08
-->Epoch: 342    Loss: 1.406158    NLLloss: 1.059065    ECELoss:  0.56%    MCELoss:  1.41%    Accuracy: 62.65%    Time: 0:00:08
-->Epoch: 343    Loss: 1.404344    NLLloss: 1.057402    ECELoss:  0.70%    MCELoss:  2.31%    Accuracy: 62.51%    Time: 0:00:07
-->Epoch: 344    Loss: 1.401446    NLLloss: 1.054617    ECELoss:  0.67%    MCELoss: 12.78%    Accuracy: 62.75%    Time: 0:00:08
-->Epoch: 345    Loss: 1.402886    NLLloss: 1.056141    ECELoss:  0.76%    MCELoss:  2.12%    Accuracy: 62.54%    Time: 0:00:08
-->Epoch: 346    Loss: 1.401030    NLLloss: 1.054393    ECELoss:  0.73%    MCELoss:  1.83%    Accuracy: 62.67%    Time: 0:00:09
-->Epoch: 347    Loss: 1.400788    NLLloss: 1.054272    ECELoss:  0.73%    MCELoss:  3.28%    Accuracy: 62.64%    Time: 0:00:09
-->Epoch: 348    Loss: 1.399616    NLLloss: 1.053227    ECELoss:  0.69%    MCELoss:  3.92%    Accuracy: 62.77%    Time: 0:00:06
-->Epoch: 349    Loss: 1.400058    NLLloss: 1.053816    ECELoss:  0.64%    MCELoss: 12.90%    Accuracy: 62.62%    Time: 0:00:08
-->Epoch: 350    Loss: 1.398113    NLLloss: 1.052005    ECELoss:  0.56%    MCELoss:  3.31%    Accuracy: 62.80%    Time: 0:00:08
Trainset:
 Mean:
  Loss: 1.318714
  NLLloss: 0.972665
  ECELoss: 2.89%
  MCELoss: 4.64%
  Accuracy: 65.76%
 Ensemble:
  Loss: 1.328623
  NLLloss: 0.982575
  ECELoss: 5.46%
  MCELoss: 9.14%
  Accuracy: 65.58%
Testset:
 Mean:
  Loss: 2.644950
  NLLloss: 0.914706
  ECELoss: 3.07%
  MCELoss: 17.91%
  Accuracy: 68.25%
 Ensemble:
  Loss: 2.647849
  NLLloss: 0.917606
  ECELoss: 5.65%
  MCELoss: 8.39%
  Accuracy: 68.50%
-->Epoch: 351    Loss: 1.403739    NLLloss: 1.057719    ECELoss:  0.67%    MCELoss:  1.58%    Accuracy: 62.59%    Time: 0:00:07
-->Epoch: 352    Loss: 1.398271    NLLloss: 1.052342    ECELoss:  0.61%    MCELoss: 13.23%    Accuracy: 62.68%    Time: 0:00:08
-->Epoch: 353    Loss: 1.399745    NLLloss: 1.053923    ECELoss:  0.55%    MCELoss:  2.29%    Accuracy: 62.66%    Time: 0:00:08
-->Epoch: 354    Loss: 1.400295    NLLloss: 1.054560    ECELoss:  0.67%    MCELoss:  2.86%    Accuracy: 62.72%    Time: 0:00:08
-->Epoch: 355    Loss: 1.403745    NLLloss: 1.058115    ECELoss:  0.65%    MCELoss:  8.09%    Accuracy: 62.43%    Time: 0:00:08
-->Epoch: 356    Loss: 1.396648    NLLloss: 1.051105    ECELoss:  0.83%    MCELoss:  3.81%    Accuracy: 62.87%    Time: 0:00:07
-->Epoch: 357    Loss: 1.400716    NLLloss: 1.055284    ECELoss:  0.61%    MCELoss:  2.65%    Accuracy: 62.72%    Time: 0:00:08
-->Epoch: 358    Loss: 1.394309    NLLloss: 1.048974    ECELoss:  0.55%    MCELoss:  1.08%    Accuracy: 62.65%    Time: 0:00:07
-->Epoch: 359    Loss: 1.397339    NLLloss: 1.052108    ECELoss:  0.53%    MCELoss:  1.43%    Accuracy: 62.85%    Time: 0:00:07
-->Epoch: 360    Loss: 1.394969    NLLloss: 1.049840    ECELoss:  0.60%    MCELoss:  1.36%    Accuracy: 62.77%    Time: 0:00:07
Trainset:
 Mean:
  Loss: 1.316024
  NLLloss: 0.970947
  ECELoss: 2.76%
  MCELoss: 5.18%
  Accuracy: 65.67%
 Ensemble:
  Loss: 1.328067
  NLLloss: 0.982990
  ECELoss: 5.31%
  MCELoss: 9.56%
  Accuracy: 65.45%
Testset:
 Mean:
  Loss: 2.642269
  NLLloss: 0.916881
  ECELoss: 2.97%
  MCELoss: 5.95%
  Accuracy: 68.33%
 Ensemble:
  Loss: 2.642285
  NLLloss: 0.916898
  ECELoss: 5.60%
  MCELoss: 9.60%
  Accuracy: 68.45%
-->Epoch: 361    Loss: 1.397757    NLLloss: 1.052723    ECELoss:  0.77%    MCELoss:  1.47%    Accuracy: 62.84%    Time: 0:00:06
-->Epoch: 362    Loss: 1.396237    NLLloss: 1.051311    ECELoss:  0.90%    MCELoss:  2.85%    Accuracy: 62.71%    Time: 0:00:07
-->Epoch: 363    Loss: 1.395571    NLLloss: 1.050747    ECELoss:  0.76%    MCELoss:  1.79%    Accuracy: 62.81%    Time: 0:00:07
-->Epoch: 364    Loss: 1.396530    NLLloss: 1.051793    ECELoss:  0.61%    MCELoss:  2.75%    Accuracy: 62.83%    Time: 0:00:06
-->Epoch: 365    Loss: 1.397334    NLLloss: 1.052696    ECELoss:  0.69%    MCELoss:  2.88%    Accuracy: 62.86%    Time: 0:00:07
-->Epoch: 366    Loss: 1.397372    NLLloss: 1.052835    ECELoss:  0.77%    MCELoss:  1.97%    Accuracy: 62.91%    Time: 0:00:07
-->Epoch: 367    Loss: 1.392558    NLLloss: 1.048104    ECELoss:  0.46%    MCELoss:  6.99%    Accuracy: 62.77%    Time: 0:00:07
-->Epoch: 368    Loss: 1.397867    NLLloss: 1.053459    ECELoss:  0.78%    MCELoss:  1.79%    Accuracy: 62.81%    Time: 0:00:06
-->Epoch: 369    Loss: 1.398470    NLLloss: 1.054132    ECELoss:  0.71%    MCELoss:  2.82%    Accuracy: 62.71%    Time: 0:00:07
-->Epoch: 370    Loss: 1.396050    NLLloss: 1.051770    ECELoss:  0.66%    MCELoss:  2.08%    Accuracy: 62.74%    Time: 0:00:06
Trainset:
 Mean:
  Loss: 1.313481
  NLLloss: 0.969241
  ECELoss: 2.92%
  MCELoss: 5.93%
  Accuracy: 65.77%
 Ensemble:
  Loss: 1.322812
  NLLloss: 0.978573
  ECELoss: 5.60%
  MCELoss: 9.47%
  Accuracy: 65.79%
Testset:
 Mean:
  Loss: 2.631479
  NLLloss: 0.910281
  ECELoss: 3.43%
  MCELoss: 7.79%
  Accuracy: 68.55%
 Ensemble:
  Loss: 2.636835
  NLLloss: 0.915638
  ECELoss: 5.92%
  MCELoss: 8.99%
  Accuracy: 68.56%
-->Epoch: 371    Loss: 1.396179    NLLloss: 1.051974    ECELoss:  0.58%    MCELoss:  2.08%    Accuracy: 63.09%    Time: 0:00:07
-->Epoch: 372    Loss: 1.393550    NLLloss: 1.049404    ECELoss:  0.82%    MCELoss:  3.70%    Accuracy: 63.03%    Time: 0:00:06
-->Epoch: 373    Loss: 1.393563    NLLloss: 1.049497    ECELoss:  0.74%    MCELoss:  2.09%    Accuracy: 62.93%    Time: 0:00:07
-->Epoch: 374    Loss: 1.393730    NLLloss: 1.049735    ECELoss:  0.64%    MCELoss:  3.12%    Accuracy: 62.86%    Time: 0:00:07
-->Epoch: 375    Loss: 1.392124    NLLloss: 1.048174    ECELoss:  0.69%    MCELoss:  5.01%    Accuracy: 62.90%    Time: 0:00:06
-->Epoch: 376    Loss: 1.394949    NLLloss: 1.051040    ECELoss:  0.67%    MCELoss:  1.91%    Accuracy: 62.84%    Time: 0:00:04
-->Epoch: 377    Loss: 1.394507    NLLloss: 1.050653    ECELoss:  0.73%    MCELoss:  4.62%    Accuracy: 62.93%    Time: 0:00:04
-->Epoch: 378    Loss: 1.393052    NLLloss: 1.049244    ECELoss:  0.67%    MCELoss:  2.54%    Accuracy: 62.80%    Time: 0:00:06
-->Epoch: 379    Loss: 1.392078    NLLloss: 1.048318    ECELoss:  0.76%    MCELoss:  6.15%    Accuracy: 62.90%    Time: 0:00:07
-->Epoch: 380    Loss: 1.385056    NLLloss: 1.041338    ECELoss:  0.75%    MCELoss:  1.88%    Accuracy: 63.12%    Time: 0:00:07
Trainset:
 Mean:
  Loss: 1.312604
  NLLloss: 0.968911
  ECELoss: 2.89%
  MCELoss: 4.51%
  Accuracy: 65.75%
 Ensemble:
  Loss: 1.322982
  NLLloss: 0.979289
  ECELoss: 5.70%
  MCELoss: 8.93%
  Accuracy: 65.78%
Testset:
 Mean:
  Loss: 2.628222
  NLLloss: 0.909759
  ECELoss: 3.45%
  MCELoss: 6.64%
  Accuracy: 68.61%
 Ensemble:
  Loss: 2.633145
  NLLloss: 0.914683
  ECELoss: 5.74%
  MCELoss: 9.67%
  Accuracy: 68.52%
-->Epoch: 381    Loss: 1.388829    NLLloss: 1.045163    ECELoss:  0.57%    MCELoss:  1.63%    Accuracy: 62.81%    Time: 0:00:07
-->Epoch: 382    Loss: 1.391291    NLLloss: 1.047682    ECELoss:  0.55%    MCELoss:  1.86%    Accuracy: 62.88%    Time: 0:00:06
-->Epoch: 383    Loss: 1.391674    NLLloss: 1.048120    ECELoss:  0.62%    MCELoss:  3.04%    Accuracy: 62.90%    Time: 0:00:07
-->Epoch: 384    Loss: 1.386274    NLLloss: 1.042771    ECELoss:  0.76%    MCELoss:  4.68%    Accuracy: 63.11%    Time: 0:00:07
-->Epoch: 385    Loss: 1.394925    NLLloss: 1.051464    ECELoss:  0.61%    MCELoss:  5.95%    Accuracy: 62.74%    Time: 0:00:06
-->Epoch: 386    Loss: 1.391000    NLLloss: 1.047571    ECELoss:  0.72%    MCELoss:  1.72%    Accuracy: 63.20%    Time: 0:00:08
-->Epoch: 387    Loss: 1.388685    NLLloss: 1.045283    ECELoss:  0.64%    MCELoss:  4.45%    Accuracy: 62.91%    Time: 0:00:07
-->Epoch: 388    Loss: 1.393369    NLLloss: 1.049983    ECELoss:  0.65%    MCELoss:  6.76%    Accuracy: 62.93%    Time: 0:00:07
-->Epoch: 389    Loss: 1.393851    NLLloss: 1.050486    ECELoss:  0.36%    MCELoss:  0.88%    Accuracy: 62.77%    Time: 0:00:06
-->Epoch: 390    Loss: 1.389994    NLLloss: 1.046655    ECELoss:  0.68%    MCELoss:  1.11%    Accuracy: 63.07%    Time: 0:00:07
Trainset:
 Mean:
  Loss: 1.313213
  NLLloss: 0.969886
  ECELoss: 2.48%
  MCELoss: 4.66%
  Accuracy: 65.59%
 Ensemble:
  Loss: 1.320372
  NLLloss: 0.977046
  ECELoss: 5.47%
  MCELoss: 9.33%
  Accuracy: 65.89%
Testset:
 Mean:
  Loss: 2.623262
  NLLloss: 0.906628
  ECELoss: 3.21%
  MCELoss: 6.61%
  Accuracy: 68.64%
 Ensemble:
  Loss: 2.626928
  NLLloss: 0.910294
  ECELoss: 5.79%
  MCELoss: 8.99%
  Accuracy: 68.82%
-->Epoch: 391    Loss: 1.389343    NLLloss: 1.046020    ECELoss:  0.73%    MCELoss:  1.81%    Accuracy: 63.13%    Time: 0:00:07
-->Epoch: 392    Loss: 1.388057    NLLloss: 1.044755    ECELoss:  0.60%    MCELoss:  1.53%    Accuracy: 62.97%    Time: 0:00:07
-->Epoch: 393    Loss: 1.390565    NLLloss: 1.047284    ECELoss:  0.44%    MCELoss:  0.73%    Accuracy: 62.92%    Time: 0:00:08
-->Epoch: 394    Loss: 1.385409    NLLloss: 1.042148    ECELoss:  0.82%    MCELoss:  4.67%    Accuracy: 63.09%    Time: 0:00:07
-->Epoch: 395    Loss: 1.385818    NLLloss: 1.042572    ECELoss:  0.71%    MCELoss:  1.72%    Accuracy: 63.13%    Time: 0:00:09
-->Epoch: 396    Loss: 1.390051    NLLloss: 1.046816    ECELoss:  0.66%    MCELoss:  3.89%    Accuracy: 63.34%    Time: 0:00:08
-->Epoch: 397    Loss: 1.385974    NLLloss: 1.042749    ECELoss:  0.79%    MCELoss:  6.22%    Accuracy: 63.18%    Time: 0:00:08
-->Epoch: 398    Loss: 1.385696    NLLloss: 1.042479    ECELoss:  0.67%    MCELoss:  1.67%    Accuracy: 63.29%    Time: 0:00:08
-->Epoch: 399    Loss: 1.386974    NLLloss: 1.043760    ECELoss:  0.64%    MCELoss:  2.23%    Accuracy: 63.07%    Time: 0:00:08
-->Epoch: 400    Loss: 1.392325    NLLloss: 1.049112    ECELoss:  0.46%    MCELoss:  2.50%    Accuracy: 62.87%    Time: 0:00:07
Trainset:
 Mean:
  Loss: 1.306248
  NLLloss: 0.963036
  ECELoss: 3.00%
  MCELoss: 4.64%
  Accuracy: 66.07%
 Ensemble:
  Loss: 1.320039
  NLLloss: 0.976826
  ECELoss: 5.39%
  MCELoss: 9.45%
  Accuracy: 65.71%
Testset:
 Mean:
  Loss: 2.621065
  NLLloss: 0.905000
  ECELoss: 3.26%
  MCELoss: 6.87%
  Accuracy: 68.71%
 Ensemble:
  Loss: 2.622583
  NLLloss: 0.906518
  ECELoss: 5.83%
  MCELoss: 9.40%
  Accuracy: 68.92%
