Files already downloaded and verified
Files already downloaded and verified
-->Epoch: 001    Loss: 1.92409456    Accuracy: 29.41    Time: 0:00:03
-->Epoch: 002    Loss: 1.65999228    Accuracy: 39.34    Time: 0:00:02
-->Epoch: 003    Loss: 1.58311581    Accuracy: 42.42    Time: 0:00:03
-->Epoch: 004    Loss: 1.51339533    Accuracy: 45.04    Time: 0:00:03
-->Epoch: 005    Loss: 1.46365391    Accuracy: 47.05    Time: 0:00:03
-->Epoch: 006    Loss: 1.40699646    Accuracy: 49.24    Time: 0:00:03
-->Epoch: 007    Loss: 1.37566358    Accuracy: 50.47    Time: 0:00:03
-->Epoch: 008    Loss: 1.34125424    Accuracy: 52.06    Time: 0:00:02
-->Epoch: 009    Loss: 1.32000998    Accuracy: 52.71    Time: 0:00:03
-->Epoch: 010    Loss: 1.28894218    Accuracy: 54.16    Time: 0:00:03
Train set:
 Average loss: 1.274544
 Accuracy: 54.77
Test set:
 Average loss: 1.200347
 Accuracy: 57.58
-->Epoch: 011    Loss: 1.27183177    Accuracy: 54.52    Time: 0:00:03
-->Epoch: 012    Loss: 1.24906651    Accuracy: 55.34    Time: 0:00:03
-->Epoch: 013    Loss: 1.23770016    Accuracy: 56.00    Time: 0:00:03
-->Epoch: 014    Loss: 1.22303611    Accuracy: 56.40    Time: 0:00:03
-->Epoch: 015    Loss: 1.20246326    Accuracy: 57.23    Time: 0:00:02
-->Epoch: 016    Loss: 1.19539267    Accuracy: 57.69    Time: 0:00:02
-->Epoch: 017    Loss: 1.17450910    Accuracy: 58.37    Time: 0:00:03
-->Epoch: 018    Loss: 1.17653704    Accuracy: 58.18    Time: 0:00:03
-->Epoch: 019    Loss: 1.15071059    Accuracy: 59.15    Time: 0:00:03
-->Epoch: 020    Loss: 1.14812440    Accuracy: 59.43    Time: 0:00:02
Train set:
 Average loss: 1.135050
 Accuracy: 60.12
Test set:
 Average loss: 1.067910
 Accuracy: 62.48
-->Epoch: 021    Loss: 1.14086105    Accuracy: 59.47    Time: 0:00:02
-->Epoch: 022    Loss: 1.13417703    Accuracy: 59.83    Time: 0:00:03
-->Epoch: 023    Loss: 1.11805362    Accuracy: 60.21    Time: 0:00:03
-->Epoch: 024    Loss: 1.10954521    Accuracy: 60.67    Time: 0:00:03
-->Epoch: 025    Loss: 1.10826455    Accuracy: 60.51    Time: 0:00:03
-->Epoch: 026    Loss: 1.09349837    Accuracy: 61.42    Time: 0:00:03
-->Epoch: 027    Loss: 1.08878670    Accuracy: 61.35    Time: 0:00:03
-->Epoch: 028    Loss: 1.07990551    Accuracy: 61.61    Time: 0:00:03
-->Epoch: 029    Loss: 1.06908003    Accuracy: 61.85    Time: 0:00:02
-->Epoch: 030    Loss: 1.05870426    Accuracy: 62.55    Time: 0:00:02
Train set:
 Average loss: 1.063994
 Accuracy: 62.19
Test set:
 Average loss: 0.996820
 Accuracy: 64.83
-->Epoch: 031    Loss: 1.05793607    Accuracy: 62.37    Time: 0:00:03
-->Epoch: 032    Loss: 1.05440128    Accuracy: 62.62    Time: 0:00:03
-->Epoch: 033    Loss: 1.04870721    Accuracy: 63.06    Time: 0:00:03
-->Epoch: 034    Loss: 1.04300734    Accuracy: 63.16    Time: 0:00:03
-->Epoch: 035    Loss: 1.03240105    Accuracy: 63.33    Time: 0:00:03
-->Epoch: 036    Loss: 1.04236652    Accuracy: 63.14    Time: 0:00:03
-->Epoch: 037    Loss: 1.02712160    Accuracy: 63.80    Time: 0:00:02
-->Epoch: 038    Loss: 1.02089680    Accuracy: 63.93    Time: 0:00:03
-->Epoch: 039    Loss: 1.02086708    Accuracy: 63.89    Time: 0:00:02
-->Epoch: 040    Loss: 1.01666826    Accuracy: 63.89    Time: 0:00:03
Train set:
 Average loss: 1.015759
 Accuracy: 63.86
Test set:
 Average loss: 0.958984
 Accuracy: 66.21
-->Epoch: 041    Loss: 1.00847168    Accuracy: 64.32    Time: 0:00:03
-->Epoch: 042    Loss: 1.00175361    Accuracy: 64.47    Time: 0:00:43
-->Epoch: 043    Loss: 0.99762448    Accuracy: 64.87    Time: 0:00:10
-->Epoch: 044    Loss: 1.00600262    Accuracy: 64.28    Time: 0:00:08
-->Epoch: 045    Loss: 1.00103886    Accuracy: 64.34    Time: 0:00:07
-->Epoch: 046    Loss: 0.99687742    Accuracy: 64.86    Time: 0:00:06
-->Epoch: 047    Loss: 0.98479044    Accuracy: 65.18    Time: 0:00:06
-->Epoch: 048    Loss: 0.98621928    Accuracy: 65.09    Time: 0:00:05
-->Epoch: 049    Loss: 0.98397517    Accuracy: 65.30    Time: 0:00:05
-->Epoch: 050    Loss: 0.98360986    Accuracy: 65.23    Time: 0:00:05
Train set:
 Average loss: 0.971711
 Accuracy: 65.31
Test set:
 Average loss: 0.915357
 Accuracy: 68.14
-->Epoch: 051    Loss: 0.97721495    Accuracy: 65.48    Time: 0:00:04
-->Epoch: 052    Loss: 0.97112834    Accuracy: 65.78    Time: 0:00:04
-->Epoch: 053    Loss: 0.96693635    Accuracy: 65.83    Time: 0:00:04
-->Epoch: 054    Loss: 0.96276110    Accuracy: 65.75    Time: 0:00:05
-->Epoch: 055    Loss: 0.97269173    Accuracy: 65.61    Time: 0:00:04
-->Epoch: 056    Loss: 0.95802082    Accuracy: 66.30    Time: 0:00:04
-->Epoch: 057    Loss: 0.95639908    Accuracy: 66.03    Time: 0:00:04
-->Epoch: 058    Loss: 0.95257759    Accuracy: 66.57    Time: 0:00:04
-->Epoch: 059    Loss: 0.94569101    Accuracy: 66.46    Time: 0:00:04
-->Epoch: 060    Loss: 0.95599287    Accuracy: 66.07    Time: 0:00:03
Train set:
 Average loss: 0.935984
 Accuracy: 67.09
Test set:
 Average loss: 0.886387
 Accuracy: 69.09
-->Epoch: 061    Loss: 0.94264906    Accuracy: 66.75    Time: 0:00:03
-->Epoch: 062    Loss: 0.94807196    Accuracy: 66.34    Time: 0:00:03
-->Epoch: 063    Loss: 0.94182854    Accuracy: 66.65    Time: 0:00:03
-->Epoch: 064    Loss: 0.94006836    Accuracy: 66.67    Time: 0:00:03
-->Epoch: 065    Loss: 0.94079984    Accuracy: 66.86    Time: 0:00:04
-->Epoch: 066    Loss: 0.93406333    Accuracy: 67.01    Time: 0:00:03
-->Epoch: 067    Loss: 0.93476474    Accuracy: 66.94    Time: 0:00:03
-->Epoch: 068    Loss: 0.93263814    Accuracy: 67.01    Time: 0:00:03
-->Epoch: 069    Loss: 0.92562696    Accuracy: 67.13    Time: 0:00:04
-->Epoch: 070    Loss: 0.93400271    Accuracy: 66.79    Time: 0:00:03
Train set:
 Average loss: 0.915189
 Accuracy: 67.77
Test set:
 Average loss: 0.883229
 Accuracy: 68.89
-->Epoch: 071    Loss: 0.92911844    Accuracy: 67.22    Time: 0:00:03
-->Epoch: 072    Loss: 0.92764814    Accuracy: 66.94    Time: 0:00:03
-->Epoch: 073    Loss: 0.92702213    Accuracy: 67.29    Time: 0:00:03
-->Epoch: 074    Loss: 0.92508904    Accuracy: 67.14    Time: 0:00:03
-->Epoch: 075    Loss: 0.91508268    Accuracy: 67.55    Time: 0:00:03
-->Epoch: 076    Loss: 0.91408058    Accuracy: 67.80    Time: 0:00:03
-->Epoch: 077    Loss: 0.90539946    Accuracy: 67.93    Time: 0:00:03
-->Epoch: 078    Loss: 0.91158250    Accuracy: 67.78    Time: 0:00:03
-->Epoch: 079    Loss: 0.90841530    Accuracy: 67.94    Time: 0:00:03
-->Epoch: 080    Loss: 0.91389863    Accuracy: 67.89    Time: 0:00:03
Train set:
 Average loss: 0.899771
 Accuracy: 68.06
Test set:
 Average loss: 0.865595
 Accuracy: 69.25
-->Epoch: 081    Loss: 0.90811212    Accuracy: 67.74    Time: 0:00:03
-->Epoch: 082    Loss: 0.90393468    Accuracy: 68.13    Time: 0:00:03
-->Epoch: 083    Loss: 0.90225175    Accuracy: 68.22    Time: 0:00:03
-->Epoch: 084    Loss: 0.90289891    Accuracy: 67.96    Time: 0:00:03
-->Epoch: 085    Loss: 0.89725974    Accuracy: 68.24    Time: 0:00:03
-->Epoch: 086    Loss: 0.90613034    Accuracy: 67.89    Time: 0:00:03
-->Epoch: 087    Loss: 0.89705245    Accuracy: 68.35    Time: 0:00:03
-->Epoch: 088    Loss: 0.89730258    Accuracy: 68.23    Time: 0:00:03
-->Epoch: 089    Loss: 0.89419011    Accuracy: 68.17    Time: 0:00:03
-->Epoch: 090    Loss: 0.89426767    Accuracy: 68.35    Time: 0:00:03
Train set:
 Average loss: 0.884285
 Accuracy: 68.62
Test set:
 Average loss: 0.853795
 Accuracy: 70.02
-->Epoch: 091    Loss: 0.89407961    Accuracy: 68.40    Time: 0:00:03
-->Epoch: 092    Loss: 0.88759076    Accuracy: 68.70    Time: 0:00:02
-->Epoch: 093    Loss: 0.89181781    Accuracy: 68.47    Time: 0:00:02
-->Epoch: 094    Loss: 0.89198112    Accuracy: 68.55    Time: 0:00:03
-->Epoch: 095    Loss: 0.89045001    Accuracy: 68.67    Time: 0:00:03
-->Epoch: 096    Loss: 0.89211871    Accuracy: 68.25    Time: 0:00:03
-->Epoch: 097    Loss: 0.88305044    Accuracy: 68.81    Time: 0:00:03
-->Epoch: 098    Loss: 0.88747361    Accuracy: 68.83    Time: 0:00:03
-->Epoch: 099    Loss: 0.88209582    Accuracy: 68.84    Time: 0:00:03
-->Epoch: 100    Loss: 0.87820965    Accuracy: 68.80    Time: 0:00:02
Train set:
 Average loss: 0.872692
 Accuracy: 68.95
Test set:
 Average loss: 0.842879
 Accuracy: 70.44
-->Epoch: 101    Loss: 0.87321847    Accuracy: 69.25    Time: 0:00:02
-->Epoch: 102    Loss: 0.88067196    Accuracy: 68.93    Time: 0:00:02
-->Epoch: 103    Loss: 0.87874864    Accuracy: 69.01    Time: 0:00:03
-->Epoch: 104    Loss: 0.88633461    Accuracy: 68.67    Time: 0:00:03
-->Epoch: 105    Loss: 0.87582467    Accuracy: 68.95    Time: 0:00:03
-->Epoch: 106    Loss: 0.87165466    Accuracy: 69.12    Time: 0:00:03
-->Epoch: 107    Loss: 0.87609446    Accuracy: 68.95    Time: 0:00:03
-->Epoch: 108    Loss: 0.87261646    Accuracy: 69.27    Time: 0:00:03
-->Epoch: 109    Loss: 0.86832067    Accuracy: 69.50    Time: 0:00:03
-->Epoch: 110    Loss: 0.86976564    Accuracy: 69.21    Time: 0:00:03
Train set:
 Average loss: 0.861358
 Accuracy: 69.66
Test set:
 Average loss: 0.830084
 Accuracy: 70.83
-->Epoch: 111    Loss: 0.86551691    Accuracy: 69.60    Time: 0:00:03
-->Epoch: 112    Loss: 0.86206684    Accuracy: 69.43    Time: 0:00:03
-->Epoch: 113    Loss: 0.86408862    Accuracy: 69.44    Time: 0:00:03
-->Epoch: 114    Loss: 0.86095046    Accuracy: 69.53    Time: 0:00:03
-->Epoch: 115    Loss: 0.86362806    Accuracy: 69.52    Time: 0:00:03
-->Epoch: 116    Loss: 0.86414815    Accuracy: 69.54    Time: 0:00:03
-->Epoch: 117    Loss: 0.86404572    Accuracy: 69.57    Time: 0:00:03
-->Epoch: 118    Loss: 0.85952747    Accuracy: 69.79    Time: 0:00:03
-->Epoch: 119    Loss: 0.86091548    Accuracy: 69.72    Time: 0:00:03
-->Epoch: 120    Loss: 0.85390895    Accuracy: 69.69    Time: 0:00:03
Train set:
 Average loss: 0.853513
 Accuracy: 69.90
Test set:
 Average loss: 0.825800
 Accuracy: 71.21
-->Epoch: 121    Loss: 0.86028060    Accuracy: 69.63    Time: 0:00:03
-->Epoch: 122    Loss: 0.85819032    Accuracy: 69.51    Time: 0:00:03
-->Epoch: 123    Loss: 0.85764036    Accuracy: 69.76    Time: 0:00:03
-->Epoch: 124    Loss: 0.86483673    Accuracy: 69.29    Time: 0:00:03
-->Epoch: 125    Loss: 0.85582902    Accuracy: 69.87    Time: 0:00:03
-->Epoch: 126    Loss: 0.85499621    Accuracy: 69.74    Time: 0:00:03
-->Epoch: 127    Loss: 0.85715642    Accuracy: 69.63    Time: 0:00:03
-->Epoch: 128    Loss: 0.85200562    Accuracy: 70.07    Time: 0:00:03
-->Epoch: 129    Loss: 0.85635508    Accuracy: 69.74    Time: 0:00:03
-->Epoch: 130    Loss: 0.84678130    Accuracy: 70.05    Time: 0:00:03
Train set:
 Average loss: 0.845146
 Accuracy: 70.22
Test set:
 Average loss: 0.824152
 Accuracy: 71.02
-->Epoch: 131    Loss: 0.84772526    Accuracy: 69.97    Time: 0:00:03
-->Epoch: 132    Loss: 0.85014689    Accuracy: 70.18    Time: 0:00:03
-->Epoch: 133    Loss: 0.84437132    Accuracy: 70.29    Time: 0:00:03
-->Epoch: 134    Loss: 0.85063154    Accuracy: 70.22    Time: 0:00:03
-->Epoch: 135    Loss: 0.84738033    Accuracy: 70.09    Time: 0:00:03
-->Epoch: 136    Loss: 0.84280016    Accuracy: 69.99    Time: 0:00:03
-->Epoch: 137    Loss: 0.83803656    Accuracy: 70.35    Time: 0:00:03
-->Epoch: 138    Loss: 0.84612398    Accuracy: 70.16    Time: 0:00:03
-->Epoch: 139    Loss: 0.84602808    Accuracy: 70.13    Time: 0:00:03
-->Epoch: 140    Loss: 0.84301257    Accuracy: 70.07    Time: 0:00:03
Train set:
 Average loss: 0.854550
 Accuracy: 69.97
Test set:
 Average loss: 0.827920
 Accuracy: 70.95
-->Epoch: 141    Loss: 0.84035705    Accuracy: 70.42    Time: 0:00:03
-->Epoch: 142    Loss: 0.84005237    Accuracy: 70.11    Time: 0:00:03
-->Epoch: 143    Loss: 0.83751108    Accuracy: 70.20    Time: 0:00:03
-->Epoch: 144    Loss: 0.83988252    Accuracy: 70.62    Time: 0:00:03
-->Epoch: 145    Loss: 0.83770873    Accuracy: 70.50    Time: 0:00:03
-->Epoch: 146    Loss: 0.83512537    Accuracy: 70.49    Time: 0:00:03
-->Epoch: 147    Loss: 0.83253421    Accuracy: 70.77    Time: 0:00:03
-->Epoch: 148    Loss: 0.84427693    Accuracy: 70.18    Time: 0:00:03
-->Epoch: 149    Loss: 0.84012448    Accuracy: 70.59    Time: 0:00:03
-->Epoch: 150    Loss: 0.82697159    Accuracy: 70.69    Time: 0:00:03
Train set:
 Average loss: 0.831964
 Accuracy: 70.38
Test set:
 Average loss: 0.812433
 Accuracy: 71.45
-->Epoch: 151    Loss: 0.83551510    Accuracy: 70.49    Time: 0:00:03
-->Epoch: 152    Loss: 0.82898789    Accuracy: 70.66    Time: 0:00:03
-->Epoch: 153    Loss: 0.83417898    Accuracy: 70.54    Time: 0:00:03
-->Epoch: 154    Loss: 0.82602265    Accuracy: 70.80    Time: 0:00:03
-->Epoch: 155    Loss: 0.83060608    Accuracy: 70.78    Time: 0:00:03
-->Epoch: 156    Loss: 0.84079728    Accuracy: 70.11    Time: 0:00:03
-->Epoch: 157    Loss: 0.83555461    Accuracy: 70.31    Time: 0:00:03
-->Epoch: 158    Loss: 0.82474871    Accuracy: 70.79    Time: 0:00:03
-->Epoch: 159    Loss: 0.82551042    Accuracy: 70.72    Time: 0:00:03
-->Epoch: 160    Loss: 0.82763022    Accuracy: 70.71    Time: 0:00:03
Train set:
 Average loss: 0.842443
 Accuracy: 70.35
Test set:
 Average loss: 0.831923
 Accuracy: 70.96
-->Epoch: 161    Loss: 0.82505108    Accuracy: 70.90    Time: 0:00:03
-->Epoch: 162    Loss: 0.82862786    Accuracy: 70.83    Time: 0:00:03
-->Epoch: 163    Loss: 0.81749953    Accuracy: 71.28    Time: 0:00:03
-->Epoch: 164    Loss: 0.82681818    Accuracy: 70.65    Time: 0:00:03
-->Epoch: 165    Loss: 0.83014620    Accuracy: 70.70    Time: 0:00:03
-->Epoch: 166    Loss: 0.82314416    Accuracy: 70.82    Time: 0:00:03
-->Epoch: 167    Loss: 0.81536412    Accuracy: 70.85    Time: 0:00:03
-->Epoch: 168    Loss: 0.82866411    Accuracy: 70.75    Time: 0:00:03
-->Epoch: 169    Loss: 0.81676027    Accuracy: 71.02    Time: 0:00:03
-->Epoch: 170    Loss: 0.81608379    Accuracy: 71.21    Time: 0:00:03
Train set:
 Average loss: 0.822116
 Accuracy: 71.06
Test set:
 Average loss: 0.810826
 Accuracy: 71.48
-->Epoch: 171    Loss: 0.82606965    Accuracy: 70.83    Time: 0:00:03
-->Epoch: 172    Loss: 0.82015853    Accuracy: 71.02    Time: 0:00:03
-->Epoch: 173    Loss: 0.82038120    Accuracy: 71.00    Time: 0:00:03
-->Epoch: 174    Loss: 0.81931954    Accuracy: 71.17    Time: 0:00:03
-->Epoch: 175    Loss: 0.82143468    Accuracy: 71.13    Time: 0:00:03
-->Epoch: 176    Loss: 0.82512385    Accuracy: 70.91    Time: 0:00:03
-->Epoch: 177    Loss: 0.81258223    Accuracy: 71.44    Time: 0:00:03
-->Epoch: 178    Loss: 0.81801867    Accuracy: 71.08    Time: 0:00:03
-->Epoch: 179    Loss: 0.81323542    Accuracy: 71.15    Time: 0:00:03
-->Epoch: 180    Loss: 0.81808779    Accuracy: 71.09    Time: 0:00:03
Train set:
 Average loss: 0.814206
 Accuracy: 71.35
Test set:
 Average loss: 0.800365
 Accuracy: 71.94
-->Epoch: 181    Loss: 0.81479505    Accuracy: 71.15    Time: 0:00:03
-->Epoch: 182    Loss: 0.81135761    Accuracy: 71.34    Time: 0:00:03
-->Epoch: 183    Loss: 0.81111322    Accuracy: 71.46    Time: 0:00:03
-->Epoch: 184    Loss: 0.81058798    Accuracy: 71.20    Time: 0:00:03
-->Epoch: 185    Loss: 0.81691859    Accuracy: 71.30    Time: 0:00:03
-->Epoch: 186    Loss: 0.81845367    Accuracy: 71.06    Time: 0:00:03
-->Epoch: 187    Loss: 0.81866752    Accuracy: 71.06    Time: 0:00:03
-->Epoch: 188    Loss: 0.81152115    Accuracy: 71.27    Time: 0:00:03
-->Epoch: 189    Loss: 0.81814144    Accuracy: 71.05    Time: 0:00:03
-->Epoch: 190    Loss: 0.81031565    Accuracy: 71.17    Time: 0:00:03
Train set:
 Average loss: 0.803142
 Accuracy: 71.80
Test set:
 Average loss: 0.791392
 Accuracy: 72.28
-->Epoch: 191    Loss: 0.81061594    Accuracy: 71.30    Time: 0:00:03
-->Epoch: 192    Loss: 0.80894871    Accuracy: 71.48    Time: 0:00:03
-->Epoch: 193    Loss: 0.80963177    Accuracy: 71.49    Time: 0:00:03
-->Epoch: 194    Loss: 0.80469330    Accuracy: 71.63    Time: 0:00:03
-->Epoch: 195    Loss: 0.80827193    Accuracy: 71.34    Time: 0:00:03
-->Epoch: 196    Loss: 0.81076109    Accuracy: 71.33    Time: 0:00:03
-->Epoch: 197    Loss: 0.80977028    Accuracy: 71.33    Time: 0:00:03
-->Epoch: 198    Loss: 0.80657397    Accuracy: 71.61    Time: 0:00:03
-->Epoch: 199    Loss: 0.80945882    Accuracy: 71.41    Time: 0:00:03
-->Epoch: 200    Loss: 0.79739945    Accuracy: 71.82    Time: 0:00:03
Train set:
 Average loss: 0.790827
 Accuracy: 71.99
Test set:
 Average loss: 0.783607
 Accuracy: 72.35
-->Epoch: 201    Loss: 0.80609820    Accuracy: 71.52    Time: 0:00:03
-->Epoch: 202    Loss: 0.80382381    Accuracy: 71.82    Time: 0:00:03
-->Epoch: 203    Loss: 0.80286830    Accuracy: 71.52    Time: 0:00:03
-->Epoch: 204    Loss: 0.80231727    Accuracy: 71.46    Time: 0:00:03
-->Epoch: 205    Loss: 0.80106236    Accuracy: 71.61    Time: 0:00:03
-->Epoch: 206    Loss: 0.79790954    Accuracy: 71.74    Time: 0:00:03
-->Epoch: 207    Loss: 0.79870487    Accuracy: 71.80    Time: 0:00:03
-->Epoch: 208    Loss: 0.80796775    Accuracy: 71.37    Time: 0:00:03
-->Epoch: 209    Loss: 0.79011481    Accuracy: 72.30    Time: 0:00:03
-->Epoch: 210    Loss: 0.80119721    Accuracy: 71.63    Time: 0:00:03
Train set:
 Average loss: 0.776114
 Accuracy: 72.51
Test set:
 Average loss: 0.772495
 Accuracy: 72.89
-->Epoch: 211    Loss: 0.79606773    Accuracy: 71.64    Time: 0:00:03
-->Epoch: 212    Loss: 0.79622768    Accuracy: 71.81    Time: 0:00:03
-->Epoch: 213    Loss: 0.79372292    Accuracy: 71.70    Time: 0:00:03
-->Epoch: 214    Loss: 0.80091248    Accuracy: 71.72    Time: 0:00:03
-->Epoch: 215    Loss: 0.78938578    Accuracy: 72.05    Time: 0:00:03
-->Epoch: 216    Loss: 0.79335731    Accuracy: 71.90    Time: 0:00:03
-->Epoch: 217    Loss: 0.79585722    Accuracy: 72.01    Time: 0:00:03
-->Epoch: 218    Loss: 0.79385148    Accuracy: 71.93    Time: 0:00:03
-->Epoch: 219    Loss: 0.78736905    Accuracy: 72.44    Time: 0:00:03
-->Epoch: 220    Loss: 0.78989309    Accuracy: 72.08    Time: 0:00:03
Train set:
 Average loss: 0.794540
 Accuracy: 71.98
Test set:
 Average loss: 0.784143
 Accuracy: 72.49
-->Epoch: 221    Loss: 0.79652694    Accuracy: 71.78    Time: 0:00:03
-->Epoch: 222    Loss: 0.78925624    Accuracy: 71.91    Time: 0:00:03
-->Epoch: 223    Loss: 0.79122694    Accuracy: 72.04    Time: 0:00:03
-->Epoch: 224    Loss: 0.79234156    Accuracy: 72.04    Time: 0:00:03
-->Epoch: 225    Loss: 0.78698038    Accuracy: 72.24    Time: 0:00:03
-->Epoch: 226    Loss: 0.79072194    Accuracy: 72.12    Time: 0:00:03
-->Epoch: 227    Loss: 0.78697747    Accuracy: 72.31    Time: 0:00:03
-->Epoch: 228    Loss: 0.78742951    Accuracy: 72.18    Time: 0:00:03
-->Epoch: 229    Loss: 0.78138299    Accuracy: 72.49    Time: 0:00:03
-->Epoch: 230    Loss: 0.78703576    Accuracy: 72.10    Time: 0:00:03
Train set:
 Average loss: 0.784622
 Accuracy: 72.39
Test set:
 Average loss: 0.782714
 Accuracy: 72.56
-->Epoch: 231    Loss: 0.78777344    Accuracy: 72.14    Time: 0:00:03
-->Epoch: 232    Loss: 0.78317408    Accuracy: 72.29    Time: 0:00:03
-->Epoch: 233    Loss: 0.78621145    Accuracy: 72.36    Time: 0:00:03
-->Epoch: 234    Loss: 0.78271458    Accuracy: 72.44    Time: 0:00:03
-->Epoch: 235    Loss: 0.78445122    Accuracy: 72.24    Time: 0:00:03
-->Epoch: 236    Loss: 0.78238894    Accuracy: 72.53    Time: 0:00:03
-->Epoch: 237    Loss: 0.77982969    Accuracy: 72.38    Time: 0:00:03
-->Epoch: 238    Loss: 0.78146823    Accuracy: 72.40    Time: 0:00:03
-->Epoch: 239    Loss: 0.77804569    Accuracy: 72.84    Time: 0:00:03
-->Epoch: 240    Loss: 0.78135410    Accuracy: 72.28    Time: 0:00:03
Train set:
 Average loss: 0.774165
 Accuracy: 72.72
Test set:
 Average loss: 0.774186
 Accuracy: 72.88
-->Epoch: 241    Loss: 0.77975962    Accuracy: 72.59    Time: 0:00:03
-->Epoch: 242    Loss: 0.77523945    Accuracy: 72.43    Time: 0:00:03
-->Epoch: 243    Loss: 0.77780269    Accuracy: 72.42    Time: 0:00:03
-->Epoch: 244    Loss: 0.77873644    Accuracy: 72.53    Time: 0:00:03
-->Epoch: 245    Loss: 0.77768541    Accuracy: 72.46    Time: 0:00:03
-->Epoch: 246    Loss: 0.77334354    Accuracy: 72.64    Time: 0:00:03
-->Epoch: 247    Loss: 0.77592473    Accuracy: 72.68    Time: 0:00:03
-->Epoch: 248    Loss: 0.77661209    Accuracy: 72.41    Time: 0:00:03
-->Epoch: 249    Loss: 0.77376848    Accuracy: 72.74    Time: 0:00:03
-->Epoch: 250    Loss: 0.77139110    Accuracy: 72.65    Time: 0:00:03
Train set:
 Average loss: 0.758356
 Accuracy: 73.21
Test set:
 Average loss: 0.755470
 Accuracy: 73.14
-->Epoch: 251    Loss: 0.77522851    Accuracy: 72.84    Time: 0:00:03
-->Epoch: 252    Loss: 0.77122840    Accuracy: 72.87    Time: 0:00:03
-->Epoch: 253    Loss: 0.77017547    Accuracy: 72.70    Time: 0:00:03
-->Epoch: 254    Loss: 0.76427358    Accuracy: 73.17    Time: 0:00:03
-->Epoch: 255    Loss: 0.77472651    Accuracy: 72.51    Time: 0:00:03
-->Epoch: 256    Loss: 0.77331985    Accuracy: 72.62    Time: 0:00:03
-->Epoch: 257    Loss: 0.76806413    Accuracy: 72.75    Time: 0:00:03
-->Epoch: 258    Loss: 0.77151374    Accuracy: 72.63    Time: 0:00:03
-->Epoch: 259    Loss: 0.76607495    Accuracy: 73.01    Time: 0:00:03
-->Epoch: 260    Loss: 0.76100432    Accuracy: 73.11    Time: 0:00:03
Train set:
 Average loss: 0.759024
 Accuracy: 73.16
Test set:
 Average loss: 0.757878
 Accuracy: 73.73
-->Epoch: 261    Loss: 0.77117980    Accuracy: 72.82    Time: 0:00:03
-->Epoch: 262    Loss: 0.76926253    Accuracy: 72.70    Time: 0:00:03
-->Epoch: 263    Loss: 0.77149160    Accuracy: 72.69    Time: 0:00:03
-->Epoch: 264    Loss: 0.76093545    Accuracy: 73.03    Time: 0:00:03
-->Epoch: 265    Loss: 0.76069448    Accuracy: 72.91    Time: 0:00:03
-->Epoch: 266    Loss: 0.76853335    Accuracy: 72.82    Time: 0:00:03
-->Epoch: 267    Loss: 0.76598275    Accuracy: 73.03    Time: 0:00:03
-->Epoch: 268    Loss: 0.76476334    Accuracy: 73.03    Time: 0:00:03
-->Epoch: 269    Loss: 0.75861589    Accuracy: 73.18    Time: 0:00:03
-->Epoch: 270    Loss: 0.76009280    Accuracy: 73.20    Time: 0:00:03
Train set:
 Average loss: 0.757941
 Accuracy: 73.12
Test set:
 Average loss: 0.761292
 Accuracy: 73.33
-->Epoch: 271    Loss: 0.76051444    Accuracy: 73.19    Time: 0:00:03
-->Epoch: 272    Loss: 0.76562536    Accuracy: 72.94    Time: 0:00:03
-->Epoch: 273    Loss: 0.76577154    Accuracy: 73.01    Time: 0:00:03
-->Epoch: 274    Loss: 0.75998513    Accuracy: 73.29    Time: 0:00:03
-->Epoch: 275    Loss: 0.76020607    Accuracy: 73.28    Time: 0:00:03
-->Epoch: 276    Loss: 0.76125701    Accuracy: 73.13    Time: 0:00:03
-->Epoch: 277    Loss: 0.75968403    Accuracy: 73.02    Time: 0:00:03
-->Epoch: 278    Loss: 0.76260882    Accuracy: 72.91    Time: 0:00:03
-->Epoch: 279    Loss: 0.76224160    Accuracy: 72.94    Time: 0:00:03
-->Epoch: 280    Loss: 0.75519850    Accuracy: 73.35    Time: 0:00:03
Train set:
 Average loss: 0.749293
 Accuracy: 73.49
Test set:
 Average loss: 0.755293
 Accuracy: 73.63
-->Epoch: 281    Loss: 0.76128042    Accuracy: 73.04    Time: 0:00:03
-->Epoch: 282    Loss: 0.75870242    Accuracy: 73.12    Time: 0:00:03
-->Epoch: 283    Loss: 0.75864254    Accuracy: 73.41    Time: 0:00:03
-->Epoch: 284    Loss: 0.75231042    Accuracy: 73.43    Time: 0:00:03
-->Epoch: 285    Loss: 0.75369118    Accuracy: 73.40    Time: 0:00:03
-->Epoch: 286    Loss: 0.76189134    Accuracy: 73.03    Time: 0:00:03
-->Epoch: 287    Loss: 0.75076577    Accuracy: 73.42    Time: 0:00:03
-->Epoch: 288    Loss: 0.75220090    Accuracy: 73.45    Time: 0:00:03
-->Epoch: 289    Loss: 0.75797493    Accuracy: 73.37    Time: 0:00:03
-->Epoch: 290    Loss: 0.75486528    Accuracy: 73.48    Time: 0:00:03
Train set:
 Average loss: 0.749741
 Accuracy: 73.44
Test set:
 Average loss: 0.754982
 Accuracy: 73.40
-->Epoch: 291    Loss: 0.74698277    Accuracy: 73.57    Time: 0:00:03
-->Epoch: 292    Loss: 0.74798254    Accuracy: 73.48    Time: 0:00:03
-->Epoch: 293    Loss: 0.75006745    Accuracy: 73.48    Time: 0:00:03
-->Epoch: 294    Loss: 0.75149654    Accuracy: 73.58    Time: 0:00:03
-->Epoch: 295    Loss: 0.75582605    Accuracy: 73.33    Time: 0:00:03
-->Epoch: 296    Loss: 0.74803608    Accuracy: 73.46    Time: 0:00:03
-->Epoch: 297    Loss: 0.75192026    Accuracy: 73.53    Time: 0:00:03
-->Epoch: 298    Loss: 0.75105888    Accuracy: 73.16    Time: 0:00:03
-->Epoch: 299    Loss: 0.74910775    Accuracy: 73.44    Time: 0:00:03
-->Epoch: 300    Loss: 0.75116395    Accuracy: 73.27    Time: 0:00:03
Train set:
 Average loss: 0.739612
 Accuracy: 73.82
Test set:
 Average loss: 0.758758
 Accuracy: 73.71
-->Epoch: 301    Loss: 0.74536246    Accuracy: 73.51    Time: 0:00:03
-->Epoch: 302    Loss: 0.74547947    Accuracy: 73.58    Time: 0:00:03
-->Epoch: 303    Loss: 0.74906530    Accuracy: 73.48    Time: 0:00:03
-->Epoch: 304    Loss: 0.73919908    Accuracy: 73.97    Time: 0:00:03
-->Epoch: 305    Loss: 0.74573710    Accuracy: 73.71    Time: 0:00:03
-->Epoch: 306    Loss: 0.74638889    Accuracy: 73.89    Time: 0:00:03
-->Epoch: 307    Loss: 0.74458335    Accuracy: 73.56    Time: 0:00:03
-->Epoch: 308    Loss: 0.74052783    Accuracy: 73.97    Time: 0:00:03
-->Epoch: 309    Loss: 0.74405045    Accuracy: 73.61    Time: 0:00:03
-->Epoch: 310    Loss: 0.74555392    Accuracy: 73.67    Time: 0:00:03
Train set:
 Average loss: 0.736691
 Accuracy: 73.91
Test set:
 Average loss: 0.749936
 Accuracy: 73.98
-->Epoch: 311    Loss: 0.74590542    Accuracy: 73.64    Time: 0:00:03
-->Epoch: 312    Loss: 0.74736958    Accuracy: 73.55    Time: 0:00:03
-->Epoch: 313    Loss: 0.74367470    Accuracy: 73.71    Time: 0:00:03
-->Epoch: 314    Loss: 0.74072704    Accuracy: 73.88    Time: 0:00:03
-->Epoch: 315    Loss: 0.73765425    Accuracy: 74.02    Time: 0:00:03
-->Epoch: 316    Loss: 0.74049492    Accuracy: 73.78    Time: 0:00:03
-->Epoch: 317    Loss: 0.73971053    Accuracy: 73.73    Time: 0:00:03
-->Epoch: 318    Loss: 0.73917084    Accuracy: 73.88    Time: 0:00:03
-->Epoch: 319    Loss: 0.73900450    Accuracy: 73.87    Time: 0:00:03
-->Epoch: 320    Loss: 0.73900953    Accuracy: 73.68    Time: 0:00:03
Train set:
 Average loss: 0.737798
 Accuracy: 73.87
Test set:
 Average loss: 0.754795
 Accuracy: 73.48
-->Epoch: 321    Loss: 0.73839066    Accuracy: 73.73    Time: 0:00:03
-->Epoch: 322    Loss: 0.73771070    Accuracy: 74.05    Time: 0:00:03
-->Epoch: 323    Loss: 0.74044208    Accuracy: 73.97    Time: 0:00:03
-->Epoch: 324    Loss: 0.73924286    Accuracy: 73.91    Time: 0:00:03
-->Epoch: 325    Loss: 0.73795909    Accuracy: 73.93    Time: 0:00:03
-->Epoch: 326    Loss: 0.73896263    Accuracy: 73.89    Time: 0:00:03
-->Epoch: 327    Loss: 0.73186920    Accuracy: 74.10    Time: 0:00:03
-->Epoch: 328    Loss: 0.73779816    Accuracy: 73.87    Time: 0:00:03
-->Epoch: 329    Loss: 0.73632186    Accuracy: 74.14    Time: 0:00:03
-->Epoch: 330    Loss: 0.73184000    Accuracy: 73.93    Time: 0:00:03
Train set:
 Average loss: 0.736061
 Accuracy: 73.94
Test set:
 Average loss: 0.754582
 Accuracy: 73.69
-->Epoch: 331    Loss: 0.73818322    Accuracy: 73.87    Time: 0:00:03
-->Epoch: 332    Loss: 0.73738554    Accuracy: 73.98    Time: 0:00:03
-->Epoch: 333    Loss: 0.73537148    Accuracy: 74.09    Time: 0:00:03
-->Epoch: 334    Loss: 0.72853575    Accuracy: 74.27    Time: 0:00:03
-->Epoch: 335    Loss: 0.73696550    Accuracy: 74.00    Time: 0:00:03
-->Epoch: 336    Loss: 0.73572443    Accuracy: 74.03    Time: 0:00:03
-->Epoch: 337    Loss: 0.73128615    Accuracy: 74.13    Time: 0:00:03
-->Epoch: 338    Loss: 0.73510910    Accuracy: 74.14    Time: 0:00:03
-->Epoch: 339    Loss: 0.73444332    Accuracy: 74.05    Time: 0:00:03
-->Epoch: 340    Loss: 0.72899128    Accuracy: 74.11    Time: 0:00:03
Train set:
 Average loss: 0.729507
 Accuracy: 74.39
Test set:
 Average loss: 0.748459
 Accuracy: 73.59
-->Epoch: 341    Loss: 0.72715202    Accuracy: 74.23    Time: 0:00:03
-->Epoch: 342    Loss: 0.72690099    Accuracy: 74.35    Time: 0:00:03
-->Epoch: 343    Loss: 0.72787689    Accuracy: 74.36    Time: 0:00:03
-->Epoch: 344    Loss: 0.72410861    Accuracy: 74.64    Time: 0:00:03
-->Epoch: 345    Loss: 0.72880396    Accuracy: 74.32    Time: 0:00:03
-->Epoch: 346    Loss: 0.73085032    Accuracy: 74.02    Time: 0:00:03
-->Epoch: 347    Loss: 0.72873730    Accuracy: 74.50    Time: 0:00:03
-->Epoch: 348    Loss: 0.72822042    Accuracy: 74.22    Time: 0:00:03
-->Epoch: 349    Loss: 0.72487490    Accuracy: 74.19    Time: 0:00:03
-->Epoch: 350    Loss: 0.72701605    Accuracy: 74.22    Time: 0:00:03
Train set:
 Average loss: 0.724538
 Accuracy: 74.42
Test set:
 Average loss: 0.751264
 Accuracy: 73.45
-->Epoch: 351    Loss: 0.72655949    Accuracy: 74.33    Time: 0:00:03
-->Epoch: 352    Loss: 0.72820876    Accuracy: 74.40    Time: 0:00:03
-->Epoch: 353    Loss: 0.72367999    Accuracy: 74.36    Time: 0:00:03
-->Epoch: 354    Loss: 0.72214742    Accuracy: 74.58    Time: 0:00:03
-->Epoch: 355    Loss: 0.72341837    Accuracy: 74.58    Time: 0:00:03
-->Epoch: 356    Loss: 0.72446509    Accuracy: 74.57    Time: 0:00:03
-->Epoch: 357    Loss: 0.72745114    Accuracy: 74.24    Time: 0:00:03
-->Epoch: 358    Loss: 0.72390381    Accuracy: 74.22    Time: 0:00:03
-->Epoch: 359    Loss: 0.71402778    Accuracy: 74.74    Time: 0:00:03
-->Epoch: 360    Loss: 0.72698472    Accuracy: 74.11    Time: 0:00:03
Train set:
 Average loss: 0.716809
 Accuracy: 74.78
Test set:
 Average loss: 0.740841
 Accuracy: 74.04
-->Epoch: 361    Loss: 0.71779444    Accuracy: 74.76    Time: 0:00:03
-->Epoch: 362    Loss: 0.71951072    Accuracy: 74.55    Time: 0:00:03
-->Epoch: 363    Loss: 0.72204625    Accuracy: 74.53    Time: 0:00:03
-->Epoch: 364    Loss: 0.72552847    Accuracy: 74.24    Time: 0:00:03
-->Epoch: 365    Loss: 0.72552365    Accuracy: 74.28    Time: 0:00:03
-->Epoch: 366    Loss: 0.72194263    Accuracy: 74.52    Time: 0:00:03
-->Epoch: 367    Loss: 0.71873780    Accuracy: 74.57    Time: 0:00:03
-->Epoch: 368    Loss: 0.71787329    Accuracy: 74.66    Time: 0:00:03
-->Epoch: 369    Loss: 0.71742994    Accuracy: 74.67    Time: 0:00:03
-->Epoch: 370    Loss: 0.72411886    Accuracy: 74.37    Time: 0:00:03
Train set:
 Average loss: 0.716630
 Accuracy: 74.56
Test set:
 Average loss: 0.742729
 Accuracy: 73.91
-->Epoch: 371    Loss: 0.72184692    Accuracy: 74.57    Time: 0:00:03
-->Epoch: 372    Loss: 0.72073165    Accuracy: 74.38    Time: 0:00:03
-->Epoch: 373    Loss: 0.71716671    Accuracy: 74.61    Time: 0:00:03
-->Epoch: 374    Loss: 0.72067437    Accuracy: 74.38    Time: 0:00:03
-->Epoch: 375    Loss: 0.71417409    Accuracy: 74.61    Time: 0:00:03
-->Epoch: 376    Loss: 0.71610432    Accuracy: 74.70    Time: 0:00:03
-->Epoch: 377    Loss: 0.71875579    Accuracy: 74.54    Time: 0:00:03
-->Epoch: 378    Loss: 0.71912664    Accuracy: 74.63    Time: 0:00:03
-->Epoch: 379    Loss: 0.71243969    Accuracy: 74.92    Time: 0:00:03
-->Epoch: 380    Loss: 0.71271577    Accuracy: 75.04    Time: 0:00:03
Train set:
 Average loss: 0.715363
 Accuracy: 74.92
Test set:
 Average loss: 0.743495
 Accuracy: 73.97
-->Epoch: 381    Loss: 0.71182754    Accuracy: 74.71    Time: 0:00:03
-->Epoch: 382    Loss: 0.71653986    Accuracy: 74.75    Time: 0:00:03
-->Epoch: 383    Loss: 0.71634493    Accuracy: 74.58    Time: 0:00:03
-->Epoch: 384    Loss: 0.71454032    Accuracy: 74.66    Time: 0:00:03
-->Epoch: 385    Loss: 0.71421146    Accuracy: 74.74    Time: 0:00:03
-->Epoch: 386    Loss: 0.71294899    Accuracy: 74.81    Time: 0:00:03
-->Epoch: 387    Loss: 0.71462739    Accuracy: 74.67    Time: 0:00:03
-->Epoch: 388    Loss: 0.71608039    Accuracy: 74.56    Time: 0:00:03
-->Epoch: 389    Loss: 0.71245374    Accuracy: 74.78    Time: 0:00:03
-->Epoch: 390    Loss: 0.71498279    Accuracy: 74.78    Time: 0:00:03
Train set:
 Average loss: 0.709024
 Accuracy: 75.04
Test set:
 Average loss: 0.737333
 Accuracy: 74.23
-->Epoch: 391    Loss: 0.71127521    Accuracy: 75.05    Time: 0:00:03
-->Epoch: 392    Loss: 0.71560920    Accuracy: 74.56    Time: 0:00:03
-->Epoch: 393    Loss: 0.71829373    Accuracy: 74.75    Time: 0:00:03
-->Epoch: 394    Loss: 0.71002394    Accuracy: 74.78    Time: 0:00:03
-->Epoch: 395    Loss: 0.71135904    Accuracy: 74.69    Time: 0:00:03
-->Epoch: 396    Loss: 0.71086952    Accuracy: 74.99    Time: 0:00:03
-->Epoch: 397    Loss: 0.71014077    Accuracy: 74.89    Time: 0:00:03
-->Epoch: 398    Loss: 0.70718112    Accuracy: 75.08    Time: 0:00:03
-->Epoch: 399    Loss: 0.71078661    Accuracy: 74.95    Time: 0:00:03
-->Epoch: 400    Loss: 0.70938948    Accuracy: 74.84    Time: 0:00:03
Train set:
 Average loss: 0.708810
 Accuracy: 75.06
Test set:
 Average loss: 0.736114
 Accuracy: 73.97
