Files already downloaded and verified
Files already downloaded and verified
Trainset:
 Mean:
  Average loss: 3.810857
  Accuracy: 74.85
 Ensemble:
  Average loss: 4.430174
  Accuracy: 55.24
Testset:
 Mean:
  Average loss: 16.235662
  Accuracy: 73.97
 Ensemble:
  Average loss: 16.692042
  Accuracy: 59.82
-->Epoch: 001    Loss: 4.53252350    Accuracy: 50.77    Time: 0:00:06
-->Epoch: 002    Loss: 4.29953429    Accuracy: 56.02    Time: 0:00:05
-->Epoch: 003    Loss: 4.21203754    Accuracy: 57.71    Time: 0:00:06
-->Epoch: 004    Loss: 4.14369710    Accuracy: 58.91    Time: 0:00:06
-->Epoch: 005    Loss: 4.07857011    Accuracy: 59.65    Time: 0:00:05
-->Epoch: 006    Loss: 4.02304693    Accuracy: 59.81    Time: 0:00:05
-->Epoch: 007    Loss: 3.95900640    Accuracy: 60.69    Time: 0:00:05
-->Epoch: 008    Loss: 3.91475387    Accuracy: 60.88    Time: 0:00:05
-->Epoch: 009    Loss: 3.86154382    Accuracy: 61.25    Time: 0:00:06
-->Epoch: 010    Loss: 3.81128570    Accuracy: 61.59    Time: 0:00:05
Trainset:
 Mean:
  Average loss: 3.609043
  Accuracy: 67.82
 Ensemble:
  Average loss: 3.642423
  Accuracy: 68.06
Testset:
 Mean:
  Average loss: 14.359721
  Accuracy: 70.06
 Ensemble:
  Average loss: 14.393000
  Accuracy: 69.75
-->Epoch: 011    Loss: 3.76215952    Accuracy: 61.83    Time: 0:00:07
-->Epoch: 012    Loss: 3.72072848    Accuracy: 62.11    Time: 0:00:06
-->Epoch: 013    Loss: 3.67381996    Accuracy: 62.32    Time: 0:00:06
-->Epoch: 014    Loss: 3.64175871    Accuracy: 61.93    Time: 0:00:07
-->Epoch: 015    Loss: 3.59540647    Accuracy: 62.13    Time: 0:00:07
-->Epoch: 016    Loss: 3.54732381    Accuracy: 62.55    Time: 0:00:07
-->Epoch: 017    Loss: 3.51744991    Accuracy: 62.23    Time: 0:00:05
-->Epoch: 018    Loss: 3.46653380    Accuracy: 62.65    Time: 0:00:05
-->Epoch: 019    Loss: 3.42796631    Accuracy: 62.53    Time: 0:00:06
-->Epoch: 020    Loss: 3.38831305    Accuracy: 62.65    Time: 0:00:06
Trainset:
 Mean:
  Average loss: 3.224832
  Accuracy: 67.69
 Ensemble:
  Average loss: 3.243112
  Accuracy: 68.24
Testset:
 Mean:
  Average loss: 12.405170
  Accuracy: 69.37
 Ensemble:
  Average loss: 12.422319
  Accuracy: 70.17
-->Epoch: 021    Loss: 3.35508071    Accuracy: 62.51    Time: 0:00:05
-->Epoch: 022    Loss: 3.31601705    Accuracy: 62.45    Time: 0:00:06
-->Epoch: 023    Loss: 3.28492246    Accuracy: 62.48    Time: 0:00:06
-->Epoch: 024    Loss: 3.23888293    Accuracy: 62.61    Time: 0:00:05
-->Epoch: 025    Loss: 3.20575337    Accuracy: 62.56    Time: 0:00:06
-->Epoch: 026    Loss: 3.17026568    Accuracy: 62.66    Time: 0:00:05
-->Epoch: 027    Loss: 3.13539070    Accuracy: 62.20    Time: 0:00:05
-->Epoch: 028    Loss: 3.10055318    Accuracy: 62.59    Time: 0:00:06
-->Epoch: 029    Loss: 3.06001565    Accuracy: 62.60    Time: 0:00:06
-->Epoch: 030    Loss: 3.03287981    Accuracy: 62.38    Time: 0:00:06
Trainset:
 Mean:
  Average loss: 2.852502
  Accuracy: 67.88
 Ensemble:
  Average loss: 2.878780
  Accuracy: 68.02
Testset:
 Mean:
  Average loss: 10.584179
  Accuracy: 69.77
 Ensemble:
  Average loss: 10.602939
  Accuracy: 70.39
-->Epoch: 031    Loss: 2.99564960    Accuracy: 62.65    Time: 0:00:05
-->Epoch: 032    Loss: 2.96039524    Accuracy: 62.39    Time: 0:00:06
-->Epoch: 033    Loss: 2.94096631    Accuracy: 62.16    Time: 0:00:05
-->Epoch: 034    Loss: 2.89836420    Accuracy: 62.34    Time: 0:00:05
-->Epoch: 035    Loss: 2.86149119    Accuracy: 62.51    Time: 0:00:05
-->Epoch: 036    Loss: 2.83966951    Accuracy: 62.13    Time: 0:00:05
-->Epoch: 037    Loss: 2.80222125    Accuracy: 61.98    Time: 0:00:06
-->Epoch: 038    Loss: 2.77686635    Accuracy: 61.99    Time: 0:00:05
-->Epoch: 039    Loss: 2.74371734    Accuracy: 62.07    Time: 0:00:06
-->Epoch: 040    Loss: 2.70904259    Accuracy: 62.18    Time: 0:00:06
Trainset:
 Mean:
  Average loss: 2.531958
  Accuracy: 67.66
 Ensemble:
  Average loss: 2.567840
  Accuracy: 67.44
Testset:
 Mean:
  Average loss: 8.948671
  Accuracy: 69.87
 Ensemble:
  Average loss: 8.973916
  Accuracy: 69.48
-->Epoch: 041    Loss: 2.68799278    Accuracy: 61.80    Time: 0:00:06
-->Epoch: 042    Loss: 2.65601157    Accuracy: 61.97    Time: 0:00:06
-->Epoch: 043    Loss: 2.62331194    Accuracy: 61.93    Time: 0:00:06
-->Epoch: 044    Loss: 2.59772720    Accuracy: 61.96    Time: 0:00:05
-->Epoch: 045    Loss: 2.56445100    Accuracy: 61.92    Time: 0:00:05
-->Epoch: 046    Loss: 2.54102542    Accuracy: 61.91    Time: 0:00:06
-->Epoch: 047    Loss: 2.51722262    Accuracy: 61.81    Time: 0:00:05
-->Epoch: 048    Loss: 2.49051374    Accuracy: 61.95    Time: 0:00:05
-->Epoch: 049    Loss: 2.47098072    Accuracy: 61.54    Time: 0:00:05
-->Epoch: 050    Loss: 2.44991535    Accuracy: 61.38    Time: 0:00:05
Trainset:
 Mean:
  Average loss: 2.267852
  Accuracy: 67.40
 Ensemble:
  Average loss: 2.303276
  Accuracy: 67.20
Testset:
 Mean:
  Average loss: 7.567740
  Accuracy: 69.69
 Ensemble:
  Average loss: 7.595575
  Accuracy: 69.15
-->Epoch: 051    Loss: 2.41471797    Accuracy: 61.43    Time: 0:00:05
-->Epoch: 052    Loss: 2.40213224    Accuracy: 61.40    Time: 0:00:05
-->Epoch: 053    Loss: 2.37668809    Accuracy: 61.49    Time: 0:00:05
-->Epoch: 054    Loss: 2.35305753    Accuracy: 61.27    Time: 0:00:06
-->Epoch: 055    Loss: 2.33571390    Accuracy: 61.33    Time: 0:00:05
-->Epoch: 056    Loss: 2.31024402    Accuracy: 61.41    Time: 0:00:06
-->Epoch: 057    Loss: 2.28409965    Accuracy: 61.58    Time: 0:00:06
-->Epoch: 058    Loss: 2.26717524    Accuracy: 61.41    Time: 0:00:06
-->Epoch: 059    Loss: 2.25096478    Accuracy: 61.24    Time: 0:00:06
-->Epoch: 060    Loss: 2.23435180    Accuracy: 61.10    Time: 0:00:05
Trainset:
 Mean:
  Average loss: 2.092046
  Accuracy: 65.87
 Ensemble:
  Average loss: 2.121074
  Accuracy: 65.49
Testset:
 Mean:
  Average loss: 6.499749
  Accuracy: 68.63
 Ensemble:
  Average loss: 6.529636
  Accuracy: 68.31
-->Epoch: 061    Loss: 2.21589580    Accuracy: 61.04    Time: 0:00:05
-->Epoch: 062    Loss: 2.19738936    Accuracy: 61.22    Time: 0:00:06
-->Epoch: 063    Loss: 2.17291825    Accuracy: 61.30    Time: 0:00:05
-->Epoch: 064    Loss: 2.16527596    Accuracy: 61.03    Time: 0:00:06
-->Epoch: 065    Loss: 2.14050241    Accuracy: 61.16    Time: 0:00:06
-->Epoch: 066    Loss: 2.13480678    Accuracy: 61.05    Time: 0:00:05
-->Epoch: 067    Loss: 2.11039148    Accuracy: 61.24    Time: 0:00:05
-->Epoch: 068    Loss: 2.10978188    Accuracy: 60.64    Time: 0:00:06
-->Epoch: 069    Loss: 2.08731709    Accuracy: 60.75    Time: 0:00:05
-->Epoch: 070    Loss: 2.07678882    Accuracy: 60.98    Time: 0:00:05
Trainset:
 Mean:
  Average loss: 1.927707
  Accuracy: 65.69
 Ensemble:
  Average loss: 1.950718
  Accuracy: 65.37
Testset:
 Mean:
  Average loss: 5.699621
  Accuracy: 67.77
 Ensemble:
  Average loss: 5.713809
  Accuracy: 67.62
-->Epoch: 071    Loss: 2.05912970    Accuracy: 60.72    Time: 0:00:05
-->Epoch: 072    Loss: 2.04508724    Accuracy: 60.98    Time: 0:00:06
-->Epoch: 073    Loss: 2.03913539    Accuracy: 60.29    Time: 0:00:06
-->Epoch: 074    Loss: 2.02404173    Accuracy: 60.56    Time: 0:00:06
-->Epoch: 075    Loss: 2.01504887    Accuracy: 60.55    Time: 0:00:05
-->Epoch: 076    Loss: 2.00016959    Accuracy: 60.75    Time: 0:00:06
-->Epoch: 077    Loss: 1.99149168    Accuracy: 60.52    Time: 0:00:05
-->Epoch: 078    Loss: 1.97492723    Accuracy: 60.60    Time: 0:00:05
-->Epoch: 079    Loss: 1.96130605    Accuracy: 60.70    Time: 0:00:05
-->Epoch: 080    Loss: 1.95482673    Accuracy: 60.37    Time: 0:00:06
Trainset:
 Mean:
  Average loss: 1.801490
  Accuracy: 65.99
 Ensemble:
  Average loss: 1.834466
  Accuracy: 65.16
Testset:
 Mean:
  Average loss: 5.068590
  Accuracy: 67.61
 Ensemble:
  Average loss: 5.097726
  Accuracy: 67.45
-->Epoch: 081    Loss: 1.94337975    Accuracy: 60.18    Time: 0:00:05
-->Epoch: 082    Loss: 1.92738786    Accuracy: 60.98    Time: 0:00:06
-->Epoch: 083    Loss: 1.92083965    Accuracy: 60.80    Time: 0:00:06
-->Epoch: 084    Loss: 1.91451415    Accuracy: 60.57    Time: 0:00:06
-->Epoch: 085    Loss: 1.90084687    Accuracy: 60.78    Time: 0:00:06
-->Epoch: 086    Loss: 1.88849487    Accuracy: 60.64    Time: 0:00:06
-->Epoch: 087    Loss: 1.87590561    Accuracy: 61.05    Time: 0:00:06
-->Epoch: 088    Loss: 1.86749588    Accuracy: 60.62    Time: 0:00:05
-->Epoch: 089    Loss: 1.86794116    Accuracy: 60.29    Time: 0:00:05
-->Epoch: 090    Loss: 1.85484181    Accuracy: 60.60    Time: 0:00:05
Trainset:
 Mean:
  Average loss: 1.732398
  Accuracy: 64.89
 Ensemble:
  Average loss: 1.758129
  Accuracy: 64.57
Testset:
 Mean:
  Average loss: 4.613438
  Accuracy: 66.74
 Ensemble:
  Average loss: 4.634636
  Accuracy: 66.26
-->Epoch: 091    Loss: 1.85391613    Accuracy: 60.34    Time: 0:00:05
-->Epoch: 092    Loss: 1.84034779    Accuracy: 60.17    Time: 0:00:06
-->Epoch: 093    Loss: 1.83381019    Accuracy: 60.61    Time: 0:00:06
-->Epoch: 094    Loss: 1.82564583    Accuracy: 60.41    Time: 0:00:06
-->Epoch: 095    Loss: 1.81564338    Accuracy: 60.39    Time: 0:00:06
-->Epoch: 096    Loss: 1.81111359    Accuracy: 60.39    Time: 0:00:05
-->Epoch: 097    Loss: 1.79925941    Accuracy: 60.81    Time: 0:00:06
-->Epoch: 098    Loss: 1.79174621    Accuracy: 60.34    Time: 0:00:05
-->Epoch: 099    Loss: 1.78975204    Accuracy: 60.41    Time: 0:00:06
-->Epoch: 100    Loss: 1.78805591    Accuracy: 60.23    Time: 0:00:06
Trainset:
 Mean:
  Average loss: 1.646449
  Accuracy: 65.24
 Ensemble:
  Average loss: 1.662230
  Accuracy: 65.03
Testset:
 Mean:
  Average loss: 4.224080
  Accuracy: 67.17
 Ensemble:
  Average loss: 4.233210
  Accuracy: 67.49
