Files already downloaded and verified
Files already downloaded and verified
Trainset:
 Mean:
  Loss: 0.698707
  NLLloss: 0.698707
  ECELoss: 0.68%
  MCELoss: 19.16%
  Accuracy: 75.47%
 Ensemble:
  Loss: 0.716970
  NLLloss: 0.716970
  ECELoss: 4.62%
  MCELoss: 12.67%
  Accuracy: 75.18%
Testset:
 Mean:
  Loss: 0.730247
  NLLloss: 0.730247
  ECELoss: 2.20%
  MCELoss: 19.45%
  Accuracy: 74.90%
 Ensemble:
  Loss: 0.735938
  NLLloss: 0.735938
  ECELoss: 2.82%
  MCELoss: 5.02%
  Accuracy: 74.76%
-->Epoch: 001    Loss: 0.895153    NLLloss: 0.895153    ECELoss:  2.28%    MCELoss:  4.69%    Accuracy: 68.83%    Time: 0:00:06
-->Epoch: 002    Loss: 0.868992    NLLloss: 0.868992    ECELoss:  1.41%    MCELoss: 18.92%    Accuracy: 69.45%    Time: 0:00:08
-->Epoch: 003    Loss: 0.842636    NLLloss: 0.842636    ECELoss:  0.90%    MCELoss:  3.76%    Accuracy: 70.11%    Time: 0:00:08
-->Epoch: 004    Loss: 0.835407    NLLloss: 0.835407    ECELoss:  0.91%    MCELoss:  5.65%    Accuracy: 70.35%    Time: 0:00:08
-->Epoch: 005    Loss: 0.838396    NLLloss: 0.838396    ECELoss:  0.94%    MCELoss:  3.77%    Accuracy: 70.33%    Time: 0:00:08
-->Epoch: 006    Loss: 0.828111    NLLloss: 0.828111    ECELoss:  0.98%    MCELoss:  7.99%    Accuracy: 70.51%    Time: 0:00:07
-->Epoch: 007    Loss: 0.826097    NLLloss: 0.826097    ECELoss:  1.01%    MCELoss: 14.65%    Accuracy: 70.71%    Time: 0:00:07
-->Epoch: 008    Loss: 0.807286    NLLloss: 0.807286    ECELoss:  0.48%    MCELoss: 14.61%    Accuracy: 71.53%    Time: 0:00:08
-->Epoch: 009    Loss: 0.814518    NLLloss: 0.814518    ECELoss:  0.80%    MCELoss: 11.26%    Accuracy: 71.27%    Time: 0:00:07
-->Epoch: 010    Loss: 0.808000    NLLloss: 0.808000    ECELoss:  0.47%    MCELoss:  5.52%    Accuracy: 71.51%    Time: 0:00:08
Trainset:
 Mean:
  Loss: 0.770775
  NLLloss: 0.770774
  ECELoss: 1.25%
  MCELoss: 8.38%
  Accuracy: 72.92%
 Ensemble:
  Loss: 0.776880
  NLLloss: 0.776881
  ECELoss: 2.82%
  MCELoss: 7.96%
  Accuracy: 72.75%
Testset:
 Mean:
  Loss: 0.785308
  NLLloss: 0.785308
  ECELoss: 1.39%
  MCELoss: 6.20%
  Accuracy: 72.77%
 Ensemble:
  Loss: 0.786622
  NLLloss: 0.786622
  ECELoss: 0.93%
  MCELoss: 15.56%
  Accuracy: 72.33%
-->Epoch: 011    Loss: 0.810900    NLLloss: 0.810899    ECELoss:  0.76%    MCELoss:  5.07%    Accuracy: 71.28%    Time: 0:00:08
-->Epoch: 012    Loss: 0.817365    NLLloss: 0.817365    ECELoss:  0.69%    MCELoss:  1.57%    Accuracy: 71.38%    Time: 0:00:08
-->Epoch: 013    Loss: 0.808950    NLLloss: 0.808950    ECELoss:  0.79%    MCELoss:  5.92%    Accuracy: 71.38%    Time: 0:00:08
-->Epoch: 014    Loss: 0.815209    NLLloss: 0.815209    ECELoss:  0.73%    MCELoss:  2.10%    Accuracy: 71.20%    Time: 0:00:08
-->Epoch: 015    Loss: 0.805887    NLLloss: 0.805887    ECELoss:  0.53%    MCELoss:  1.64%    Accuracy: 71.47%    Time: 0:00:09
-->Epoch: 016    Loss: 0.796545    NLLloss: 0.796544    ECELoss:  0.65%    MCELoss:  4.23%    Accuracy: 71.90%    Time: 0:00:07
-->Epoch: 017    Loss: 0.801151    NLLloss: 0.801151    ECELoss:  0.50%    MCELoss: 10.76%    Accuracy: 72.06%    Time: 0:00:08
-->Epoch: 018    Loss: 0.801460    NLLloss: 0.801460    ECELoss:  0.62%    MCELoss:  9.11%    Accuracy: 71.57%    Time: 0:00:08
-->Epoch: 019    Loss: 0.801464    NLLloss: 0.801464    ECELoss:  0.69%    MCELoss:  4.98%    Accuracy: 71.66%    Time: 0:00:08
-->Epoch: 020    Loss: 0.797452    NLLloss: 0.797452    ECELoss:  0.55%    MCELoss: 11.86%    Accuracy: 71.83%    Time: 0:00:07
Trainset:
 Mean:
  Loss: 0.782984
  NLLloss: 0.782984
  ECELoss: 0.77%
  MCELoss: 1.72%
  Accuracy: 72.42%
 Ensemble:
  Loss: 0.782289
  NLLloss: 0.782289
  ECELoss: 1.64%
  MCELoss: 3.46%
  Accuracy: 72.37%
Testset:
 Mean:
  Loss: 0.792258
  NLLloss: 0.792258
  ECELoss: 1.63%
  MCELoss: 19.65%
  Accuracy: 72.81%
 Ensemble:
  Loss: 0.788151
  NLLloss: 0.788151
  ECELoss: 1.14%
  MCELoss: 19.19%
  Accuracy: 72.82%
-->Epoch: 021    Loss: 0.789803    NLLloss: 0.789803    ECELoss:  0.59%    MCELoss:  5.04%    Accuracy: 72.04%    Time: 0:00:08
-->Epoch: 022    Loss: 0.801537    NLLloss: 0.801537    ECELoss:  0.55%    MCELoss: 13.14%    Accuracy: 71.53%    Time: 0:00:08
-->Epoch: 023    Loss: 0.794094    NLLloss: 0.794094    ECELoss:  0.62%    MCELoss:  3.20%    Accuracy: 71.93%    Time: 0:00:08
-->Epoch: 024    Loss: 0.790469    NLLloss: 0.790469    ECELoss:  0.44%    MCELoss:  6.37%    Accuracy: 72.11%    Time: 0:00:08
-->Epoch: 025    Loss: 0.790584    NLLloss: 0.790584    ECELoss:  0.45%    MCELoss:  1.04%    Accuracy: 72.20%    Time: 0:00:08
-->Epoch: 026    Loss: 0.788502    NLLloss: 0.788502    ECELoss:  0.52%    MCELoss:  5.62%    Accuracy: 72.31%    Time: 0:00:06
-->Epoch: 027    Loss: 0.785751    NLLloss: 0.785752    ECELoss:  0.47%    MCELoss:  4.60%    Accuracy: 72.26%    Time: 0:00:08
-->Epoch: 028    Loss: 0.783934    NLLloss: 0.783934    ECELoss:  0.71%    MCELoss:  4.75%    Accuracy: 72.21%    Time: 0:00:08
-->Epoch: 029    Loss: 0.779750    NLLloss: 0.779750    ECELoss:  0.45%    MCELoss:  9.60%    Accuracy: 72.58%    Time: 0:00:09
-->Epoch: 030    Loss: 0.790209    NLLloss: 0.790209    ECELoss:  0.60%    MCELoss:  4.08%    Accuracy: 72.28%    Time: 0:00:08
Trainset:
 Mean:
  Loss: 0.773143
  NLLloss: 0.773143
  ECELoss: 0.49%
  MCELoss: 12.78%
  Accuracy: 72.72%
 Ensemble:
  Loss: 0.768865
  NLLloss: 0.768865
  ECELoss: 1.16%
  MCELoss: 4.59%
  Accuracy: 72.95%
Testset:
 Mean:
  Loss: 0.773742
  NLLloss: 0.773742
  ECELoss: 2.04%
  MCELoss: 23.69%
  Accuracy: 73.30%
 Ensemble:
  Loss: 0.773182
  NLLloss: 0.773182
  ECELoss: 1.96%
  MCELoss: 16.61%
  Accuracy: 73.38%
-->Epoch: 031    Loss: 0.782385    NLLloss: 0.782385    ECELoss:  0.47%    MCELoss:  4.72%    Accuracy: 72.35%    Time: 0:00:08
-->Epoch: 032    Loss: 0.778519    NLLloss: 0.778518    ECELoss:  0.57%    MCELoss:  3.91%    Accuracy: 72.69%    Time: 0:00:08
-->Epoch: 033    Loss: 0.779459    NLLloss: 0.779459    ECELoss:  0.40%    MCELoss:  7.55%    Accuracy: 72.60%    Time: 0:00:08
-->Epoch: 034    Loss: 0.779780    NLLloss: 0.779780    ECELoss:  0.59%    MCELoss:  2.03%    Accuracy: 72.29%    Time: 0:00:06
-->Epoch: 035    Loss: 0.776699    NLLloss: 0.776699    ECELoss:  0.37%    MCELoss:  6.23%    Accuracy: 72.43%    Time: 0:00:07
-->Epoch: 036    Loss: 0.779169    NLLloss: 0.779169    ECELoss:  0.58%    MCELoss:  4.36%    Accuracy: 72.57%    Time: 0:00:08
-->Epoch: 037    Loss: 0.776583    NLLloss: 0.776583    ECELoss:  0.49%    MCELoss:  2.14%    Accuracy: 72.71%    Time: 0:00:08
-->Epoch: 038    Loss: 0.774567    NLLloss: 0.774567    ECELoss:  0.41%    MCELoss:  3.95%    Accuracy: 72.65%    Time: 0:00:08
-->Epoch: 039    Loss: 0.771242    NLLloss: 0.771242    ECELoss:  0.49%    MCELoss:  5.64%    Accuracy: 72.83%    Time: 0:00:08
-->Epoch: 040    Loss: 0.776607    NLLloss: 0.776608    ECELoss:  0.59%    MCELoss:  6.22%    Accuracy: 72.52%    Time: 0:00:06
Trainset:
 Mean:
  Loss: 0.787171
  NLLloss: 0.787171
  ECELoss: 0.80%
  MCELoss: 1.71%
  Accuracy: 72.17%
 Ensemble:
  Loss: 0.790545
  NLLloss: 0.790545
  ECELoss: 0.79%
  MCELoss: 9.48%
  Accuracy: 71.98%
Testset:
 Mean:
  Loss: 0.799009
  NLLloss: 0.799009
  ECELoss: 2.13%
  MCELoss: 82.93%
  Accuracy: 72.31%
 Ensemble:
  Loss: 0.797308
  NLLloss: 0.797308
  ECELoss: 1.95%
  MCELoss: 18.64%
  Accuracy: 72.44%
-->Epoch: 041    Loss: 0.777205    NLLloss: 0.777205    ECELoss:  0.38%    MCELoss:  1.29%    Accuracy: 72.55%    Time: 0:00:08
-->Epoch: 042    Loss: 0.766538    NLLloss: 0.766538    ECELoss:  0.49%    MCELoss:  1.43%    Accuracy: 72.76%    Time: 0:00:08
-->Epoch: 043    Loss: 0.775595    NLLloss: 0.775595    ECELoss:  0.52%    MCELoss:  7.55%    Accuracy: 72.71%    Time: 0:00:06
-->Epoch: 044    Loss: 0.784098    NLLloss: 0.784098    ECELoss:  0.39%    MCELoss:  4.12%    Accuracy: 72.37%    Time: 0:00:08
-->Epoch: 045    Loss: 0.784730    NLLloss: 0.784729    ECELoss:  0.48%    MCELoss:  7.00%    Accuracy: 72.09%    Time: 0:00:08
-->Epoch: 046    Loss: 0.776262    NLLloss: 0.776262    ECELoss:  0.48%    MCELoss:  2.39%    Accuracy: 72.63%    Time: 0:00:08
-->Epoch: 047    Loss: 0.773684    NLLloss: 0.773684    ECELoss:  0.32%    MCELoss:  2.87%    Accuracy: 72.71%    Time: 0:00:07
-->Epoch: 048    Loss: 0.776251    NLLloss: 0.776251    ECELoss:  0.48%    MCELoss:  7.16%    Accuracy: 72.55%    Time: 0:00:08
-->Epoch: 049    Loss: 0.767279    NLLloss: 0.767279    ECELoss:  0.37%    MCELoss:  1.03%    Accuracy: 73.05%    Time: 0:00:06
-->Epoch: 050    Loss: 0.764937    NLLloss: 0.764937    ECELoss:  0.46%    MCELoss:  2.34%    Accuracy: 73.00%    Time: 0:00:08
Trainset:
 Mean:
  Loss: 0.738645
  NLLloss: 0.738645
  ECELoss: 1.12%
  MCELoss: 5.41%
  Accuracy: 73.85%
 Ensemble:
  Loss: 0.737023
  NLLloss: 0.737022
  ECELoss: 1.64%
  MCELoss: 3.61%
  Accuracy: 73.90%
Testset:
 Mean:
  Loss: 0.760391
  NLLloss: 0.760391
  ECELoss: 1.45%
  MCELoss: 38.40%
  Accuracy: 73.87%
 Ensemble:
  Loss: 0.758936
  NLLloss: 0.758936
  ECELoss: 1.02%
  MCELoss: 9.68%
  Accuracy: 73.86%
-->Epoch: 051    Loss: 0.755330    NLLloss: 0.755329    ECELoss:  0.59%    MCELoss:  8.89%    Accuracy: 73.38%    Time: 0:00:07
-->Epoch: 052    Loss: 0.762973    NLLloss: 0.762972    ECELoss:  0.39%    MCELoss:  2.18%    Accuracy: 73.03%    Time: 0:00:07
-->Epoch: 053    Loss: 0.774124    NLLloss: 0.774124    ECELoss:  0.67%    MCELoss:  6.96%    Accuracy: 72.63%    Time: 0:00:08
-->Epoch: 054    Loss: 0.769778    NLLloss: 0.769778    ECELoss:  0.70%    MCELoss:  3.71%    Accuracy: 72.87%    Time: 0:00:08
-->Epoch: 055    Loss: 0.762369    NLLloss: 0.762369    ECELoss:  0.35%    MCELoss:  1.72%    Accuracy: 72.97%    Time: 0:00:08
-->Epoch: 056    Loss: 0.760459    NLLloss: 0.760459    ECELoss:  0.58%    MCELoss:  2.67%    Accuracy: 73.22%    Time: 0:00:08
-->Epoch: 057    Loss: 0.755706    NLLloss: 0.755706    ECELoss:  0.41%    MCELoss:  7.60%    Accuracy: 73.48%    Time: 0:00:07
-->Epoch: 058    Loss: 0.758822    NLLloss: 0.758822    ECELoss:  0.44%    MCELoss:  2.00%    Accuracy: 73.14%    Time: 0:00:08
-->Epoch: 059    Loss: 0.763632    NLLloss: 0.763632    ECELoss:  0.49%    MCELoss: 15.66%    Accuracy: 73.07%    Time: 0:00:08
-->Epoch: 060    Loss: 0.765265    NLLloss: 0.765265    ECELoss:  0.57%    MCELoss: 12.78%    Accuracy: 73.16%    Time: 0:00:08
Trainset:
 Mean:
  Loss: 0.743609
  NLLloss: 0.743609
  ECELoss: 0.61%
  MCELoss: 10.30%
  Accuracy: 73.74%
 Ensemble:
  Loss: 0.741625
  NLLloss: 0.741625
  ECELoss: 0.88%
  MCELoss: 4.46%
  Accuracy: 73.78%
Testset:
 Mean:
  Loss: 0.755068
  NLLloss: 0.755068
  ECELoss: 1.54%
  MCELoss: 81.60%
  Accuracy: 74.01%
 Ensemble:
  Loss: 0.753443
  NLLloss: 0.753444
  ECELoss: 1.48%
  MCELoss: 19.73%
  Accuracy: 74.01%
-->Epoch: 061    Loss: 0.757664    NLLloss: 0.757664    ECELoss:  0.48%    MCELoss:  6.12%    Accuracy: 73.21%    Time: 0:00:07
-->Epoch: 062    Loss: 0.768820    NLLloss: 0.768820    ECELoss:  0.49%    MCELoss:  5.84%    Accuracy: 72.83%    Time: 0:00:08
-->Epoch: 063    Loss: 0.759863    NLLloss: 0.759863    ECELoss:  0.36%    MCELoss:  7.32%    Accuracy: 73.11%    Time: 0:00:08
-->Epoch: 064    Loss: 0.758502    NLLloss: 0.758502    ECELoss:  0.20%    MCELoss:  2.16%    Accuracy: 73.27%    Time: 0:00:08
-->Epoch: 065    Loss: 0.757918    NLLloss: 0.757918    ECELoss:  0.50%    MCELoss: 17.46%    Accuracy: 73.13%    Time: 0:00:09
-->Epoch: 066    Loss: 0.756472    NLLloss: 0.756472    ECELoss:  0.52%    MCELoss: 13.80%    Accuracy: 73.59%    Time: 0:00:06
-->Epoch: 067    Loss: 0.755323    NLLloss: 0.755323    ECELoss:  0.55%    MCELoss:  7.22%    Accuracy: 73.33%    Time: 0:00:09
-->Epoch: 068    Loss: 0.765509    NLLloss: 0.765509    ECELoss:  0.55%    MCELoss: 14.79%    Accuracy: 72.93%    Time: 0:00:08
-->Epoch: 069    Loss: 0.762160    NLLloss: 0.762160    ECELoss:  0.36%    MCELoss:  1.32%    Accuracy: 73.19%    Time: 0:00:08
-->Epoch: 070    Loss: 0.758221    NLLloss: 0.758221    ECELoss:  0.40%    MCELoss: 11.34%    Accuracy: 73.34%    Time: 0:00:08
Trainset:
 Mean:
  Loss: 0.748082
  NLLloss: 0.748082
  ECELoss: 0.44%
  MCELoss: 10.27%
  Accuracy: 73.52%
 Ensemble:
  Loss: 0.740611
  NLLloss: 0.740611
  ECELoss: 0.71%
  MCELoss: 9.47%
  Accuracy: 73.82%
Testset:
 Mean:
  Loss: 0.771357
  NLLloss: 0.771357
  ECELoss: 2.38%
  MCELoss: 19.22%
  Accuracy: 73.33%
 Ensemble:
  Loss: 0.769237
  NLLloss: 0.769237
  ECELoss: 1.94%
  MCELoss: 18.85%
  Accuracy: 73.42%
-->Epoch: 071    Loss: 0.760253    NLLloss: 0.760253    ECELoss:  0.38%    MCELoss:  2.25%    Accuracy: 73.18%    Time: 0:00:09
-->Epoch: 072    Loss: 0.757204    NLLloss: 0.757204    ECELoss:  0.48%    MCELoss:  8.16%    Accuracy: 73.23%    Time: 0:00:09
-->Epoch: 073    Loss: 0.754860    NLLloss: 0.754860    ECELoss:  0.51%    MCELoss:  8.96%    Accuracy: 73.24%    Time: 0:00:08
-->Epoch: 074    Loss: 0.760578    NLLloss: 0.760578    ECELoss:  0.60%    MCELoss: 15.42%    Accuracy: 72.88%    Time: 0:00:06
-->Epoch: 075    Loss: 0.758606    NLLloss: 0.758606    ECELoss:  0.59%    MCELoss:  8.01%    Accuracy: 73.17%    Time: 0:00:08
-->Epoch: 076    Loss: 0.758765    NLLloss: 0.758765    ECELoss:  0.47%    MCELoss:  5.97%    Accuracy: 73.03%    Time: 0:00:07
-->Epoch: 077    Loss: 0.759171    NLLloss: 0.759172    ECELoss:  0.46%    MCELoss:  2.90%    Accuracy: 73.14%    Time: 0:00:08
-->Epoch: 078    Loss: 0.757404    NLLloss: 0.757403    ECELoss:  0.52%    MCELoss:  9.75%    Accuracy: 73.16%    Time: 0:00:08
-->Epoch: 079    Loss: 0.755411    NLLloss: 0.755411    ECELoss:  0.58%    MCELoss:  2.48%    Accuracy: 73.34%    Time: 0:00:08
-->Epoch: 080    Loss: 0.749950    NLLloss: 0.749950    ECELoss:  0.53%    MCELoss:  1.94%    Accuracy: 73.56%    Time: 0:00:06
Trainset:
 Mean:
  Loss: 0.740024
  NLLloss: 0.740024
  ECELoss: 0.42%
  MCELoss: 4.85%
  Accuracy: 73.93%
 Ensemble:
  Loss: 0.739241
  NLLloss: 0.739241
  ECELoss: 0.56%
  MCELoss: 8.62%
  Accuracy: 73.86%
Testset:
 Mean:
  Loss: 0.757938
  NLLloss: 0.757938
  ECELoss: 1.63%
  MCELoss: 7.62%
  Accuracy: 74.18%
 Ensemble:
  Loss: 0.757949
  NLLloss: 0.757949
  ECELoss: 1.47%
  MCELoss: 19.30%
  Accuracy: 74.13%
-->Epoch: 081    Loss: 0.749756    NLLloss: 0.749756    ECELoss:  0.49%    MCELoss:  9.45%    Accuracy: 73.63%    Time: 0:00:08
-->Epoch: 082    Loss: 0.755763    NLLloss: 0.755763    ECELoss:  0.55%    MCELoss:  8.53%    Accuracy: 73.28%    Time: 0:00:07
-->Epoch: 083    Loss: 0.757342    NLLloss: 0.757342    ECELoss:  0.49%    MCELoss:  3.04%    Accuracy: 73.40%    Time: 0:00:08
-->Epoch: 084    Loss: 0.751427    NLLloss: 0.751427    ECELoss:  0.59%    MCELoss:  3.69%    Accuracy: 73.47%    Time: 0:00:08
-->Epoch: 085    Loss: 0.755011    NLLloss: 0.755011    ECELoss:  0.50%    MCELoss:  3.17%    Accuracy: 73.31%    Time: 0:00:08
-->Epoch: 086    Loss: 0.755829    NLLloss: 0.755829    ECELoss:  0.50%    MCELoss:  3.61%    Accuracy: 73.13%    Time: 0:00:08
-->Epoch: 087    Loss: 0.754784    NLLloss: 0.754784    ECELoss:  0.34%    MCELoss: 11.84%    Accuracy: 73.50%    Time: 0:00:07
-->Epoch: 088    Loss: 0.744370    NLLloss: 0.744370    ECELoss:  0.54%    MCELoss: 11.31%    Accuracy: 73.82%    Time: 0:00:08
-->Epoch: 089    Loss: 0.741529    NLLloss: 0.741529    ECELoss:  0.35%    MCELoss: 17.31%    Accuracy: 73.77%    Time: 0:00:08
-->Epoch: 090    Loss: 0.748813    NLLloss: 0.748813    ECELoss:  0.40%    MCELoss:  6.06%    Accuracy: 73.55%    Time: 0:00:08
Trainset:
 Mean:
  Loss: 0.726464
  NLLloss: 0.726464
  ECELoss: 0.49%
  MCELoss: 2.32%
  Accuracy: 74.41%
 Ensemble:
  Loss: 0.731499
  NLLloss: 0.731499
  ECELoss: 0.44%
  MCELoss: 6.05%
  Accuracy: 74.26%
Testset:
 Mean:
  Loss: 0.749093
  NLLloss: 0.749093
  ECELoss: 1.82%
  MCELoss: 18.50%
  Accuracy: 74.08%
 Ensemble:
  Loss: 0.747941
  NLLloss: 0.747941
  ECELoss: 1.63%
  MCELoss: 18.56%
  Accuracy: 74.25%
-->Epoch: 091    Loss: 0.752654    NLLloss: 0.752654    ECELoss:  0.40%    MCELoss:  7.83%    Accuracy: 73.44%    Time: 0:00:07
-->Epoch: 092    Loss: 0.745105    NLLloss: 0.745105    ECELoss:  0.24%    MCELoss:  5.51%    Accuracy: 73.69%    Time: 0:00:08
-->Epoch: 093    Loss: 0.745045    NLLloss: 0.745045    ECELoss:  0.62%    MCELoss:  9.73%    Accuracy: 73.80%    Time: 0:00:08
-->Epoch: 094    Loss: 0.757730    NLLloss: 0.757730    ECELoss:  0.59%    MCELoss: 13.87%    Accuracy: 73.22%    Time: 0:00:08
-->Epoch: 095    Loss: 0.751183    NLLloss: 0.751183    ECELoss:  0.60%    MCELoss:  2.88%    Accuracy: 73.13%    Time: 0:00:08
-->Epoch: 096    Loss: 0.751445    NLLloss: 0.751444    ECELoss:  0.32%    MCELoss:  2.48%    Accuracy: 73.40%    Time: 0:00:07
-->Epoch: 097    Loss: 0.750088    NLLloss: 0.750088    ECELoss:  0.39%    MCELoss:  2.92%    Accuracy: 73.41%    Time: 0:00:07
-->Epoch: 098    Loss: 0.750337    NLLloss: 0.750337    ECELoss:  0.41%    MCELoss:  7.13%    Accuracy: 73.50%    Time: 0:00:08
-->Epoch: 099    Loss: 0.753360    NLLloss: 0.753360    ECELoss:  0.40%    MCELoss:  6.11%    Accuracy: 73.47%    Time: 0:00:07
-->Epoch: 100    Loss: 0.748389    NLLloss: 0.748389    ECELoss:  0.41%    MCELoss:  2.84%    Accuracy: 73.75%    Time: 0:00:08
Trainset:
 Mean:
  Loss: 0.751017
  NLLloss: 0.751017
  ECELoss: 0.70%
  MCELoss: 1.91%
  Accuracy: 73.58%
 Ensemble:
  Loss: 0.753058
  NLLloss: 0.753058
  ECELoss: 0.49%
  MCELoss: 2.03%
  Accuracy: 73.44%
Testset:
 Mean:
  Loss: 0.766895
  NLLloss: 0.766895
  ECELoss: 2.26%
  MCELoss: 47.73%
  Accuracy: 73.84%
 Ensemble:
  Loss: 0.766004
  NLLloss: 0.766004
  ECELoss: 2.26%
  MCELoss: 30.98%
  Accuracy: 73.70%
