Files already downloaded and verified
Files already downloaded and verified
Trainset:
 Mean:
  Loss: 6.271060
  NLLloss: 0.701521
  ECELoss: 0.53%
  MCELoss: 4.77%
  Accuracy: 75.36%
 Ensemble:
  Loss: 6.270568
  NLLloss: 0.701030
  ECELoss: 0.86%
  MCELoss: 2.01%
  Accuracy: 75.33%
Testset:
 Mean:
  Loss: 28.577940
  NLLloss: 0.730247
  ECELoss: 2.20%
  MCELoss: 19.45%
  Accuracy: 74.90%
 Ensemble:
  Loss: 28.576828
  NLLloss: 0.729136
  ECELoss: 1.88%
  MCELoss: 19.14%
  Accuracy: 74.82%
-->Epoch: 001    Loss: 6.297134    NLLloss: 0.756855    ECELoss:  0.65%    MCELoss: 11.15%    Accuracy: 73.21%    Time: 0:00:07
-->Epoch: 002    Loss: 6.234055    NLLloss: 0.752776    ECELoss:  0.39%    MCELoss: 12.18%    Accuracy: 73.51%    Time: 0:00:07
-->Epoch: 003    Loss: 6.184898    NLLloss: 0.762583    ECELoss:  0.62%    MCELoss:  4.55%    Accuracy: 73.01%    Time: 0:00:06
-->Epoch: 004    Loss: 6.116496    NLLloss: 0.753106    ECELoss:  0.82%    MCELoss:  3.07%    Accuracy: 73.23%    Time: 0:00:07
-->Epoch: 005    Loss: 6.059825    NLLloss: 0.755296    ECELoss:  0.40%    MCELoss:  1.87%    Accuracy: 73.31%    Time: 0:00:07
-->Epoch: 006    Loss: 6.004190    NLLloss: 0.758434    ECELoss:  0.44%    MCELoss:  3.60%    Accuracy: 73.22%    Time: 0:00:07
-->Epoch: 007    Loss: 5.949312    NLLloss: 0.762250    ECELoss:  0.27%    MCELoss:  0.81%    Accuracy: 73.12%    Time: 0:00:06
-->Epoch: 008    Loss: 5.884541    NLLloss: 0.756112    ECELoss:  0.60%    MCELoss:  1.49%    Accuracy: 73.31%    Time: 0:00:07
-->Epoch: 009    Loss: 5.829274    NLLloss: 0.759452    ECELoss:  0.52%    MCELoss:  3.08%    Accuracy: 73.22%    Time: 0:00:07
-->Epoch: 010    Loss: 5.775186    NLLloss: 0.763752    ECELoss:  0.68%    MCELoss: 16.97%    Accuracy: 72.85%    Time: 0:00:08
Trainset:
 Mean:
  Loss: 5.715081
  NLLloss: 0.733072
  ECELoss: 0.44%
  MCELoss: 26.34%
  Accuracy: 74.16%
 Ensemble:
  Loss: 5.717395
  NLLloss: 0.735386
  ECELoss: 0.97%
  MCELoss: 4.26%
  Accuracy: 74.05%
Testset:
 Mean:
  Loss: 25.666084
  NLLloss: 0.756043
  ECELoss: 2.16%
  MCELoss: 6.57%
  Accuracy: 73.79%
 Ensemble:
  Loss: 25.663980
  NLLloss: 0.753938
  ECELoss: 1.65%
  MCELoss: 5.54%
  Accuracy: 73.92%
-->Epoch: 011    Loss: 5.714376    NLLloss: 0.761175    ECELoss:  0.53%    MCELoss:  1.86%    Accuracy: 73.08%    Time: 0:00:08
-->Epoch: 012    Loss: 5.655819    NLLloss: 0.760791    ECELoss:  0.30%    MCELoss: 10.52%    Accuracy: 73.26%    Time: 0:00:08
-->Epoch: 013    Loss: 5.601048    NLLloss: 0.764076    ECELoss:  0.41%    MCELoss:  3.84%    Accuracy: 72.95%    Time: 0:00:09
-->Epoch: 014    Loss: 5.545520    NLLloss: 0.766466    ECELoss:  0.56%    MCELoss:  2.16%    Accuracy: 72.90%    Time: 0:00:07
-->Epoch: 015    Loss: 5.495117    NLLloss: 0.773789    ECELoss:  0.66%    MCELoss:  2.45%    Accuracy: 72.81%    Time: 0:00:07
-->Epoch: 016    Loss: 5.435569    NLLloss: 0.771791    ECELoss:  0.84%    MCELoss:  5.78%    Accuracy: 72.55%    Time: 0:00:08
-->Epoch: 017    Loss: 5.378914    NLLloss: 0.772466    ECELoss:  0.67%    MCELoss:  7.48%    Accuracy: 72.75%    Time: 0:00:08
-->Epoch: 018    Loss: 5.327186    NLLloss: 0.777868    ECELoss:  0.47%    MCELoss:  4.74%    Accuracy: 72.51%    Time: 0:00:09
-->Epoch: 019    Loss: 5.273916    NLLloss: 0.781563    ECELoss:  0.48%    MCELoss:  9.63%    Accuracy: 72.42%    Time: 0:00:08
-->Epoch: 020    Loss: 5.217413    NLLloss: 0.781846    ECELoss:  0.52%    MCELoss:  2.38%    Accuracy: 72.62%    Time: 0:00:07
Trainset:
 Mean:
  Loss: 5.181239
  NLLloss: 0.774295
  ECELoss: 0.86%
  MCELoss: 5.57%
  Accuracy: 72.52%
 Ensemble:
  Loss: 5.185384
  NLLloss: 0.778440
  ECELoss: 2.00%
  MCELoss: 4.26%
  Accuracy: 72.37%
Testset:
 Mean:
  Loss: 22.820244
  NLLloss: 0.785522
  ECELoss: 1.28%
  MCELoss: 14.55%
  Accuracy: 72.56%
 Ensemble:
  Loss: 22.819135
  NLLloss: 0.784414
  ECELoss: 0.92%
  MCELoss: 9.78%
  Accuracy: 72.56%
-->Epoch: 021    Loss: 5.161868    NLLloss: 0.782882    ECELoss:  0.62%    MCELoss:  2.42%    Accuracy: 72.11%    Time: 0:00:08
-->Epoch: 022    Loss: 5.102576    NLLloss: 0.779898    ECELoss:  0.36%    MCELoss:  3.11%    Accuracy: 72.61%    Time: 0:00:08
-->Epoch: 023    Loss: 5.052914    NLLloss: 0.786396    ECELoss:  0.56%    MCELoss:  6.09%    Accuracy: 72.35%    Time: 0:00:08
-->Epoch: 024    Loss: 4.990827    NLLloss: 0.780195    ECELoss:  0.49%    MCELoss:  1.97%    Accuracy: 72.37%    Time: 0:00:08
-->Epoch: 025    Loss: 4.940234    NLLloss: 0.785114    ECELoss:  0.54%    MCELoss: 11.77%    Accuracy: 72.11%    Time: 0:00:07
-->Epoch: 026    Loss: 4.888362    NLLloss: 0.788381    ECELoss:  0.65%    MCELoss:  5.40%    Accuracy: 72.15%    Time: 0:00:08
-->Epoch: 027    Loss: 4.838580    NLLloss: 0.793536    ECELoss:  0.44%    MCELoss:  1.70%    Accuracy: 72.11%    Time: 0:00:08
-->Epoch: 028    Loss: 4.789031    NLLloss: 0.798764    ECELoss:  0.51%    MCELoss: 13.47%    Accuracy: 71.84%    Time: 0:00:08
-->Epoch: 029    Loss: 4.732392    NLLloss: 0.796488    ECELoss:  0.53%    MCELoss: 11.52%    Accuracy: 71.97%    Time: 0:00:07
-->Epoch: 030    Loss: 4.685930    NLLloss: 0.804025    ECELoss:  0.65%    MCELoss:  1.59%    Accuracy: 71.64%    Time: 0:00:08
Trainset:
 Mean:
  Loss: 4.599731
  NLLloss: 0.745003
  ECELoss: 1.42%
  MCELoss: 4.37%
  Accuracy: 73.64%
 Ensemble:
  Loss: 4.602760
  NLLloss: 0.748032
  ECELoss: 3.52%
  MCELoss: 5.74%
  Accuracy: 73.74%
Testset:
 Mean:
  Loss: 20.024536
  NLLloss: 0.750899
  ECELoss: 1.15%
  MCELoss: 18.85%
  Accuracy: 73.88%
 Ensemble:
  Loss: 20.021786
  NLLloss: 0.748148
  ECELoss: 1.76%
  MCELoss: 4.48%
  Accuracy: 74.07%
-->Epoch: 031    Loss: 4.636485    NLLloss: 0.808274    ECELoss:  0.54%    MCELoss:  9.16%    Accuracy: 71.61%    Time: 0:00:08
-->Epoch: 032    Loss: 4.578526    NLLloss: 0.803611    ECELoss:  0.53%    MCELoss:  6.39%    Accuracy: 71.71%    Time: 0:00:08
-->Epoch: 033    Loss: 4.536154    NLLloss: 0.814246    ECELoss:  0.76%    MCELoss:  2.14%    Accuracy: 71.24%    Time: 0:00:07
-->Epoch: 034    Loss: 4.482253    NLLloss: 0.812903    ECELoss:  0.57%    MCELoss: 12.83%    Accuracy: 71.39%    Time: 0:00:08
-->Epoch: 035    Loss: 4.439394    NLLloss: 0.822273    ECELoss:  0.75%    MCELoss:  2.32%    Accuracy: 71.04%    Time: 0:00:08
-->Epoch: 036    Loss: 4.384388    NLLloss: 0.819320    ECELoss:  0.70%    MCELoss: 11.51%    Accuracy: 71.07%    Time: 0:00:08
-->Epoch: 037    Loss: 4.340409    NLLloss: 0.826968    ECELoss:  0.94%    MCELoss:  3.72%    Accuracy: 70.47%    Time: 0:00:08
-->Epoch: 038    Loss: 4.290386    NLLloss: 0.828286    ECELoss:  0.85%    MCELoss:  2.17%    Accuracy: 70.63%    Time: 0:00:07
-->Epoch: 039    Loss: 4.242398    NLLloss: 0.831184    ECELoss:  0.63%    MCELoss:  1.61%    Accuracy: 70.68%    Time: 0:00:06
-->Epoch: 040    Loss: 4.198685    NLLloss: 0.837715    ECELoss:  0.67%    MCELoss:  2.94%    Accuracy: 70.57%    Time: 0:00:07
Trainset:
 Mean:
  Loss: 4.109082
  NLLloss: 0.773338
  ECELoss: 0.99%
  MCELoss: 6.61%
  Accuracy: 72.74%
 Ensemble:
  Loss: 4.123205
  NLLloss: 0.787461
  ECELoss: 3.75%
  MCELoss: 7.10%
  Accuracy: 72.62%
Testset:
 Mean:
  Loss: 17.446633
  NLLloss: 0.767917
  ECELoss: 1.39%
  MCELoss: 7.20%
  Accuracy: 72.98%
 Ensemble:
  Loss: 17.444895
  NLLloss: 0.766178
  ECELoss: 2.34%
  MCELoss: 14.96%
  Accuracy: 73.42%
-->Epoch: 041    Loss: 4.150566    NLLloss: 0.839515    ECELoss:  0.67%    MCELoss:  2.46%    Accuracy: 70.50%    Time: 0:00:07
-->Epoch: 042    Loss: 4.103262    NLLloss: 0.841725    ECELoss:  0.81%    MCELoss:  3.97%    Accuracy: 70.06%    Time: 0:00:08
-->Epoch: 043    Loss: 4.068241    NLLloss: 0.855717    ECELoss:  0.86%    MCELoss:  5.34%    Accuracy: 69.72%    Time: 0:00:08
-->Epoch: 044    Loss: 4.019907    NLLloss: 0.856114    ECELoss:  0.80%    MCELoss:  5.46%    Accuracy: 69.73%    Time: 0:00:08
-->Epoch: 045    Loss: 3.976761    NLLloss: 0.861307    ECELoss:  0.76%    MCELoss: 13.26%    Accuracy: 69.71%    Time: 0:00:07
-->Epoch: 046    Loss: 3.926846    NLLloss: 0.859453    ECELoss:  0.75%    MCELoss:  1.95%    Accuracy: 69.66%    Time: 0:00:06
-->Epoch: 047    Loss: 3.884071    NLLloss: 0.864320    ECELoss:  0.99%    MCELoss:  2.31%    Accuracy: 69.51%    Time: 0:00:08
-->Epoch: 048    Loss: 3.846126    NLLloss: 0.873700    ECELoss:  0.83%    MCELoss:  7.03%    Accuracy: 69.20%    Time: 0:00:09
-->Epoch: 049    Loss: 3.803556    NLLloss: 0.877928    ECELoss:  0.98%    MCELoss: 13.12%    Accuracy: 69.02%    Time: 0:00:08
-->Epoch: 050    Loss: 3.758219    NLLloss: 0.878966    ECELoss:  0.75%    MCELoss:  2.03%    Accuracy: 69.06%    Time: 0:00:08
Trainset:
 Mean:
  Loss: 3.623922
  NLLloss: 0.768009
  ECELoss: 2.97%
  MCELoss: 5.53%
  Accuracy: 73.13%
 Ensemble:
  Loss: 3.650292
  NLLloss: 0.794379
  ECELoss: 6.58%
  MCELoss: 10.45%
  Accuracy: 72.80%
Testset:
 Mean:
  Loss: 15.037255
  NLLloss: 0.757688
  ECELoss: 1.25%
  MCELoss: 7.13%
  Accuracy: 73.29%
 Ensemble:
  Loss: 15.048179
  NLLloss: 0.768612
  ECELoss: 4.39%
  MCELoss: 9.39%
  Accuracy: 72.88%
-->Epoch: 051    Loss: 3.716492    NLLloss: 0.883358    ECELoss:  0.67%    MCELoss:  1.97%    Accuracy: 69.12%    Time: 0:00:09
-->Epoch: 052    Loss: 3.684757    NLLloss: 0.897257    ECELoss:  0.93%    MCELoss:  4.04%    Accuracy: 68.31%    Time: 0:00:08
-->Epoch: 053    Loss: 3.641397    NLLloss: 0.898874    ECELoss:  0.97%    MCELoss:  8.05%    Accuracy: 68.44%    Time: 0:00:08
-->Epoch: 054    Loss: 3.602071    NLLloss: 0.904207    ECELoss:  1.01%    MCELoss: 12.84%    Accuracy: 68.34%    Time: 0:00:08
-->Epoch: 055    Loss: 3.558183    NLLloss: 0.904494    ECELoss:  0.79%    MCELoss:  2.42%    Accuracy: 68.06%    Time: 0:00:07
-->Epoch: 056    Loss: 3.518159    NLLloss: 0.908335    ECELoss:  0.92%    MCELoss:  4.83%    Accuracy: 67.88%    Time: 0:00:08
-->Epoch: 057    Loss: 3.485987    NLLloss: 0.919461    ECELoss:  1.27%    MCELoss:  6.26%    Accuracy: 67.62%    Time: 0:00:08
-->Epoch: 058    Loss: 3.436064    NLLloss: 0.912736    ECELoss:  0.85%    MCELoss:  3.78%    Accuracy: 67.85%    Time: 0:00:08
-->Epoch: 059    Loss: 3.400684    NLLloss: 0.919974    ECELoss:  1.05%    MCELoss:  8.89%    Accuracy: 67.41%    Time: 0:00:09
-->Epoch: 060    Loss: 3.367317    NLLloss: 0.928864    ECELoss:  0.93%    MCELoss:  2.20%    Accuracy: 67.37%    Time: 0:00:06
Trainset:
 Mean:
  Loss: 3.252147
  NLLloss: 0.834886
  ECELoss: 1.03%
  MCELoss: 2.28%
  Accuracy: 70.30%
 Ensemble:
  Loss: 3.275947
  NLLloss: 0.858686
  ECELoss: 5.66%
  MCELoss: 8.96%
  Accuracy: 70.04%
Testset:
 Mean:
  Loss: 12.885540
  NLLloss: 0.799236
  ECELoss: 1.20%
  MCELoss: 11.23%
  Accuracy: 71.76%
 Ensemble:
  Loss: 12.900382
  NLLloss: 0.814077
  ECELoss: 5.05%
  MCELoss: 9.36%
  Accuracy: 71.77%
-->Epoch: 061    Loss: 3.325119    NLLloss: 0.928465    ECELoss:  1.05%    MCELoss:  2.84%    Accuracy: 67.24%    Time: 0:00:07
-->Epoch: 062    Loss: 3.295111    NLLloss: 0.939749    ECELoss:  0.92%    MCELoss:  3.29%    Accuracy: 66.93%    Time: 0:00:09
-->Epoch: 063    Loss: 3.248614    NLLloss: 0.934177    ECELoss:  1.06%    MCELoss:  3.51%    Accuracy: 66.84%    Time: 0:00:06
-->Epoch: 064    Loss: 3.226524    NLLloss: 0.952609    ECELoss:  0.91%    MCELoss:  2.63%    Accuracy: 66.46%    Time: 0:00:08
-->Epoch: 065    Loss: 3.179455    NLLloss: 0.945459    ECELoss:  0.98%    MCELoss:  2.04%    Accuracy: 66.61%    Time: 0:00:08
-->Epoch: 066    Loss: 3.146112    NLLloss: 0.951775    ECELoss:  0.92%    MCELoss:  3.83%    Accuracy: 66.60%    Time: 0:00:08
-->Epoch: 067    Loss: 3.106645    NLLloss: 0.951603    ECELoss:  1.21%    MCELoss:  2.31%    Accuracy: 66.61%    Time: 0:00:08
-->Epoch: 068    Loss: 3.081275    NLLloss: 0.964871    ECELoss:  1.12%    MCELoss:  2.34%    Accuracy: 65.97%    Time: 0:00:08
-->Epoch: 069    Loss: 3.046025    NLLloss: 0.967791    ECELoss:  0.90%    MCELoss:  2.16%    Accuracy: 65.85%    Time: 0:00:07
-->Epoch: 070    Loss: 3.014953    NLLloss: 0.974505    ECELoss:  0.90%    MCELoss:  4.78%    Accuracy: 65.71%    Time: 0:00:07
Trainset:
 Mean:
  Loss: 2.838461
  NLLloss: 0.817083
  ECELoss: 3.00%
  MCELoss: 5.27%
  Accuracy: 71.34%
 Ensemble:
  Loss: 2.873010
  NLLloss: 0.851631
  ECELoss: 7.79%
  MCELoss: 12.51%
  Accuracy: 70.85%
Testset:
 Mean:
  Loss: 10.891602
  NLLloss: 0.784708
  ECELoss: 1.79%
  MCELoss: 3.66%
  Accuracy: 72.14%
 Ensemble:
  Loss: 10.917404
  NLLloss: 0.810511
  ECELoss: 6.14%
  MCELoss: 10.15%
  Accuracy: 71.57%
-->Epoch: 071    Loss: 2.976131    NLLloss: 0.973135    ECELoss:  0.89%    MCELoss:  2.34%    Accuracy: 65.74%    Time: 0:00:08
-->Epoch: 072    Loss: 2.939009    NLLloss: 0.973004    ECELoss:  0.88%    MCELoss:  6.33%    Accuracy: 65.57%    Time: 0:00:08
-->Epoch: 073    Loss: 2.916098    NLLloss: 0.986510    ECELoss:  1.12%    MCELoss:  2.66%    Accuracy: 65.20%    Time: 0:00:07
-->Epoch: 074    Loss: 2.874779    NLLloss: 0.981237    ECELoss:  1.05%    MCELoss:  2.24%    Accuracy: 65.37%    Time: 0:00:09
-->Epoch: 075    Loss: 2.849476    NLLloss: 0.991484    ECELoss:  0.84%    MCELoss:  7.55%    Accuracy: 65.28%    Time: 0:00:08
-->Epoch: 076    Loss: 2.812539    NLLloss: 0.989748    ECELoss:  0.96%    MCELoss:  2.34%    Accuracy: 65.07%    Time: 0:00:08
-->Epoch: 077    Loss: 2.785149    NLLloss: 0.997113    ECELoss:  0.88%    MCELoss:  3.69%    Accuracy: 64.80%    Time: 0:00:07
-->Epoch: 078    Loss: 2.749898    NLLloss: 0.995916    ECELoss:  0.92%    MCELoss:  4.73%    Accuracy: 64.81%    Time: 0:00:06
-->Epoch: 079    Loss: 2.721064    NLLloss: 1.000700    ECELoss:  0.91%    MCELoss:  1.95%    Accuracy: 64.73%    Time: 0:00:08
-->Epoch: 080    Loss: 2.693800    NLLloss: 1.006494    ECELoss:  0.90%    MCELoss:  2.15%    Accuracy: 64.59%    Time: 0:00:08
Trainset:
 Mean:
  Loss: 2.515552
  NLLloss: 0.844867
  ECELoss: 4.05%
  MCELoss: 7.63%
  Accuracy: 70.46%
 Ensemble:
  Loss: 2.557891
  NLLloss: 0.887206
  ECELoss: 8.79%
  MCELoss: 13.84%
  Accuracy: 69.76%
Testset:
 Mean:
  Loss: 9.157520
  NLLloss: 0.804094
  ECELoss: 2.79%
  MCELoss: 8.02%
  Accuracy: 71.44%
 Ensemble:
  Loss: 9.188091
  NLLloss: 0.834665
  ECELoss: 7.52%
  MCELoss: 12.29%
  Accuracy: 71.01%
-->Epoch: 081    Loss: 2.665169    NLLloss: 1.010477    ECELoss:  1.07%    MCELoss:  4.08%    Accuracy: 64.52%    Time: 0:00:07
-->Epoch: 082    Loss: 2.633103    NLLloss: 1.010450    ECELoss:  1.08%    MCELoss:  2.75%    Accuracy: 64.22%    Time: 0:00:08
-->Epoch: 083    Loss: 2.609055    NLLloss: 1.017888    ECELoss:  1.08%    MCELoss:  6.74%    Accuracy: 64.14%    Time: 0:00:08
-->Epoch: 084    Loss: 2.578455    NLLloss: 1.018099    ECELoss:  1.05%    MCELoss:  1.75%    Accuracy: 63.96%    Time: 0:00:08
-->Epoch: 085    Loss: 2.548644    NLLloss: 1.018562    ECELoss:  0.90%    MCELoss:  7.36%    Accuracy: 63.98%    Time: 0:00:08
-->Epoch: 086    Loss: 2.527221    NLLloss: 1.026903    ECELoss:  1.15%    MCELoss:  2.84%    Accuracy: 63.80%    Time: 0:00:07
-->Epoch: 087    Loss: 2.494153    NLLloss: 1.023123    ECELoss:  0.65%    MCELoss:  2.06%    Accuracy: 64.06%    Time: 0:00:07
-->Epoch: 088    Loss: 2.472695    NLLloss: 1.030189    ECELoss:  1.11%    MCELoss:  2.07%    Accuracy: 63.46%    Time: 0:00:08
-->Epoch: 089    Loss: 2.453402    NLLloss: 1.038741    ECELoss:  1.10%    MCELoss:  3.24%    Accuracy: 63.14%    Time: 0:00:09
-->Epoch: 090    Loss: 2.420416    NLLloss: 1.033163    ECELoss:  0.90%    MCELoss:  3.08%    Accuracy: 63.79%    Time: 0:00:08
Trainset:
 Mean:
  Loss: 2.257353
  NLLloss: 0.883644
  ECELoss: 2.82%
  MCELoss: 4.47%
  Accuracy: 68.91%
 Ensemble:
  Loss: 2.298515
  NLLloss: 0.924806
  ECELoss: 7.90%
  MCELoss: 12.42%
  Accuracy: 68.13%
Testset:
 Mean:
  Loss: 7.709290
  NLLloss: 0.840745
  ECELoss: 2.46%
  MCELoss: 6.80%
  Accuracy: 70.66%
 Ensemble:
  Loss: 7.740116
  NLLloss: 0.871572
  ECELoss: 7.18%
  MCELoss: 11.76%
  Accuracy: 69.89%
-->Epoch: 091    Loss: 2.400060    NLLloss: 1.039440    ECELoss:  1.09%    MCELoss:  2.18%    Accuracy: 63.39%    Time: 0:00:08
-->Epoch: 092    Loss: 2.374466    NLLloss: 1.039980    ECELoss:  1.04%    MCELoss:  2.27%    Accuracy: 63.18%    Time: 0:00:08
-->Epoch: 093    Loss: 2.349468    NLLloss: 1.040124    ECELoss:  1.22%    MCELoss:  2.36%    Accuracy: 63.45%    Time: 0:00:09
-->Epoch: 094    Loss: 2.328433    NLLloss: 1.043394    ECELoss:  1.12%    MCELoss:  6.38%    Accuracy: 63.27%    Time: 0:00:07
-->Epoch: 095    Loss: 2.310105    NLLloss: 1.048808    ECELoss:  1.11%    MCELoss:  4.59%    Accuracy: 63.23%    Time: 0:00:08
-->Epoch: 096    Loss: 2.293916    NLLloss: 1.055723    ECELoss:  0.96%    MCELoss: 13.06%    Accuracy: 62.76%    Time: 0:00:08
-->Epoch: 097    Loss: 2.269219    NLLloss: 1.053353    ECELoss:  0.91%    MCELoss: 87.01%    Accuracy: 62.86%    Time: 0:00:07
-->Epoch: 098    Loss: 2.241736    NLLloss: 1.047767    ECELoss:  1.20%    MCELoss:  2.21%    Accuracy: 63.44%    Time: 0:00:08
-->Epoch: 099    Loss: 2.235667    NLLloss: 1.062786    ECELoss:  1.14%    MCELoss:  2.29%    Accuracy: 62.78%    Time: 0:00:08
-->Epoch: 100    Loss: 2.214628    NLLloss: 1.062054    ECELoss:  1.02%    MCELoss: 13.09%    Accuracy: 62.47%    Time: 0:00:06
Trainset:
 Mean:
  Loss: 2.037075
  NLLloss: 0.894627
  ECELoss: 3.28%
  MCELoss: 6.57%
  Accuracy: 68.55%
 Ensemble:
  Loss: 2.080823
  NLLloss: 0.938375
  ECELoss: 8.37%
  MCELoss: 12.18%
  Accuracy: 67.83%
Testset:
 Mean:
  Loss: 6.550326
  NLLloss: 0.838089
  ECELoss: 2.90%
  MCELoss: 6.98%
  Accuracy: 70.51%
 Ensemble:
  Loss: 6.582872
  NLLloss: 0.870636
  ECELoss: 8.26%
  MCELoss: 14.10%
  Accuracy: 70.24%
