Files already downloaded and verified
Files already downloaded and verified
Trainset:
 Mean:
  Loss: 0.704393
  NLLloss: 0.699893
  ECELoss: 0.54%
  MCELoss: 2.82%
  Accuracy: 75.34%
 Ensemble:
  Loss: 0.725303
  NLLloss: 0.720803
  ECELoss: 4.30%
  MCELoss: 8.40%
  Accuracy: 75.06%
Testset:
 Mean:
  Loss: 0.752748
  NLLloss: 0.730247
  ECELoss: 2.20%
  MCELoss: 19.45%
  Accuracy: 74.90%
 Ensemble:
  Loss: 0.754300
  NLLloss: 0.731800
  ECELoss: 2.10%
  MCELoss: 18.99%
  Accuracy: 74.78%
-->Epoch: 001    Loss: 0.908146    NLLloss: 0.903641    ECELoss:  2.47%    MCELoss:  4.23%    Accuracy: 68.37%    Time: 0:00:07
-->Epoch: 002    Loss: 0.864216    NLLloss: 0.859698    ECELoss:  1.27%    MCELoss:  6.57%    Accuracy: 69.68%    Time: 0:00:06
-->Epoch: 003    Loss: 0.858979    NLLloss: 0.854448    ECELoss:  1.32%    MCELoss:  3.97%    Accuracy: 69.74%    Time: 0:00:07
-->Epoch: 004    Loss: 0.840979    NLLloss: 0.836436    ECELoss:  0.89%    MCELoss:  2.88%    Accuracy: 70.53%    Time: 0:00:07
-->Epoch: 005    Loss: 0.838222    NLLloss: 0.833666    ECELoss:  0.89%    MCELoss:  4.22%    Accuracy: 70.43%    Time: 0:00:07
-->Epoch: 006    Loss: 0.837398    NLLloss: 0.832829    ECELoss:  0.76%    MCELoss:  6.97%    Accuracy: 70.75%    Time: 0:00:06
-->Epoch: 007    Loss: 0.834569    NLLloss: 0.829988    ECELoss:  0.89%    MCELoss: 10.17%    Accuracy: 70.62%    Time: 0:00:08
-->Epoch: 008    Loss: 0.845447    NLLloss: 0.840854    ECELoss:  1.01%    MCELoss:  5.19%    Accuracy: 70.41%    Time: 0:00:07
-->Epoch: 009    Loss: 0.823961    NLLloss: 0.819356    ECELoss:  0.54%    MCELoss:  7.10%    Accuracy: 71.12%    Time: 0:00:06
-->Epoch: 010    Loss: 0.821090    NLLloss: 0.816473    ECELoss:  0.42%    MCELoss:  1.19%    Accuracy: 71.38%    Time: 0:00:07
Trainset:
 Mean:
  Loss: 0.776857
  NLLloss: 0.772235
  ECELoss: 0.66%
  MCELoss: 7.12%
  Accuracy: 72.79%
 Ensemble:
  Loss: 0.780302
  NLLloss: 0.775679
  ECELoss: 2.32%
  MCELoss: 10.23%
  Accuracy: 72.72%
Testset:
 Mean:
  Loss: 0.802540
  NLLloss: 0.779425
  ECELoss: 1.95%
  MCELoss: 6.95%
  Accuracy: 72.86%
 Ensemble:
  Loss: 0.796592
  NLLloss: 0.773478
  ECELoss: 1.04%
  MCELoss: 3.92%
  Accuracy: 73.23%
-->Epoch: 011    Loss: 0.805243    NLLloss: 0.800615    ECELoss:  0.68%    MCELoss:  2.22%    Accuracy: 71.54%    Time: 0:00:07
-->Epoch: 012    Loss: 0.827681    NLLloss: 0.823043    ECELoss:  0.78%    MCELoss:  3.40%    Accuracy: 70.86%    Time: 0:00:07
-->Epoch: 013    Loss: 0.823427    NLLloss: 0.818776    ECELoss:  0.75%    MCELoss:  3.38%    Accuracy: 71.20%    Time: 0:00:06
-->Epoch: 014    Loss: 0.823365    NLLloss: 0.818703    ECELoss:  0.52%    MCELoss:  3.52%    Accuracy: 71.11%    Time: 0:00:07
-->Epoch: 015    Loss: 0.819344    NLLloss: 0.814671    ECELoss:  0.85%    MCELoss:  7.46%    Accuracy: 71.16%    Time: 0:00:07
-->Epoch: 016    Loss: 0.813225    NLLloss: 0.808541    ECELoss:  0.61%    MCELoss:  2.22%    Accuracy: 71.63%    Time: 0:00:06
-->Epoch: 017    Loss: 0.809910    NLLloss: 0.805214    ECELoss:  0.66%    MCELoss: 13.60%    Accuracy: 71.47%    Time: 0:00:06
-->Epoch: 018    Loss: 0.813338    NLLloss: 0.808631    ECELoss:  0.89%    MCELoss:  9.40%    Accuracy: 71.19%    Time: 0:00:07
-->Epoch: 019    Loss: 0.812149    NLLloss: 0.807432    ECELoss:  0.61%    MCELoss:  2.09%    Accuracy: 71.47%    Time: 0:00:07
-->Epoch: 020    Loss: 0.809094    NLLloss: 0.804366    ECELoss:  0.62%    MCELoss:  1.40%    Accuracy: 71.61%    Time: 0:00:06
Trainset:
 Mean:
  Loss: 0.802567
  NLLloss: 0.797833
  ECELoss: 0.50%
  MCELoss: 5.22%
  Accuracy: 71.98%
 Ensemble:
  Loss: 0.803289
  NLLloss: 0.798555
  ECELoss: 1.48%
  MCELoss: 12.15%
  Accuracy: 71.96%
Testset:
 Mean:
  Loss: 0.827137
  NLLloss: 0.803468
  ECELoss: 2.03%
  MCELoss: 9.55%
  Accuracy: 72.24%
 Ensemble:
  Loss: 0.820195
  NLLloss: 0.796526
  ECELoss: 1.14%
  MCELoss: 5.51%
  Accuracy: 72.14%
-->Epoch: 021    Loss: 0.814637    NLLloss: 0.809898    ECELoss:  0.62%    MCELoss:  4.84%    Accuracy: 71.56%    Time: 0:00:06
-->Epoch: 022    Loss: 0.809597    NLLloss: 0.804846    ECELoss:  0.54%    MCELoss: 12.75%    Accuracy: 71.37%    Time: 0:00:07
-->Epoch: 023    Loss: 0.811630    NLLloss: 0.806868    ECELoss:  0.88%    MCELoss:  9.13%    Accuracy: 71.38%    Time: 0:00:07
-->Epoch: 024    Loss: 0.804913    NLLloss: 0.800141    ECELoss:  0.53%    MCELoss:  1.81%    Accuracy: 71.69%    Time: 0:00:07
-->Epoch: 025    Loss: 0.802414    NLLloss: 0.797632    ECELoss:  0.44%    MCELoss:  5.24%    Accuracy: 71.97%    Time: 0:00:07
-->Epoch: 026    Loss: 0.806217    NLLloss: 0.801424    ECELoss:  0.58%    MCELoss:  3.30%    Accuracy: 71.69%    Time: 0:00:07
-->Epoch: 027    Loss: 0.794378    NLLloss: 0.789574    ECELoss:  0.51%    MCELoss:  2.54%    Accuracy: 72.13%    Time: 0:00:07
-->Epoch: 028    Loss: 0.813069    NLLloss: 0.808255    ECELoss:  0.70%    MCELoss:  4.38%    Accuracy: 71.49%    Time: 0:00:06
-->Epoch: 029    Loss: 0.806150    NLLloss: 0.801325    ECELoss:  0.49%    MCELoss:  2.12%    Accuracy: 71.61%    Time: 0:00:07
-->Epoch: 030    Loss: 0.805801    NLLloss: 0.800965    ECELoss:  0.64%    MCELoss: 15.17%    Accuracy: 71.68%    Time: 0:00:07
Trainset:
 Mean:
  Loss: 0.826665
  NLLloss: 0.821824
  ECELoss: 1.00%
  MCELoss: 8.61%
  Accuracy: 71.04%
 Ensemble:
  Loss: 0.832729
  NLLloss: 0.827888
  ECELoss: 0.35%
  MCELoss: 7.54%
  Accuracy: 70.74%
Testset:
 Mean:
  Loss: 0.856676
  NLLloss: 0.832471
  ECELoss: 2.77%
  MCELoss: 19.02%
  Accuracy: 71.14%
 Ensemble:
  Loss: 0.852185
  NLLloss: 0.827980
  ECELoss: 1.71%
  MCELoss: 80.07%
  Accuracy: 71.17%
-->Epoch: 031    Loss: 0.805925    NLLloss: 0.801078    ECELoss:  0.45%    MCELoss: 16.66%    Accuracy: 71.83%    Time: 0:00:07
-->Epoch: 032    Loss: 0.800327    NLLloss: 0.795469    ECELoss:  0.54%    MCELoss:  2.44%    Accuracy: 71.96%    Time: 0:00:06
-->Epoch: 033    Loss: 0.795984    NLLloss: 0.791117    ECELoss:  0.30%    MCELoss:  2.53%    Accuracy: 72.25%    Time: 0:00:07
-->Epoch: 034    Loss: 0.798546    NLLloss: 0.793669    ECELoss:  0.52%    MCELoss:  1.68%    Accuracy: 71.93%    Time: 0:00:07
-->Epoch: 035    Loss: 0.798919    NLLloss: 0.794031    ECELoss:  0.50%    MCELoss:  3.01%    Accuracy: 72.01%    Time: 0:00:06
-->Epoch: 036    Loss: 0.797921    NLLloss: 0.793023    ECELoss:  0.39%    MCELoss:  6.78%    Accuracy: 72.12%    Time: 0:00:07
-->Epoch: 037    Loss: 0.811134    NLLloss: 0.806225    ECELoss:  0.57%    MCELoss: 10.64%    Accuracy: 71.53%    Time: 0:00:07
-->Epoch: 038    Loss: 0.785867    NLLloss: 0.780948    ECELoss:  0.59%    MCELoss:  6.61%    Accuracy: 72.33%    Time: 0:00:06
-->Epoch: 039    Loss: 0.799397    NLLloss: 0.794467    ECELoss:  0.47%    MCELoss: 12.33%    Accuracy: 72.08%    Time: 0:00:06
-->Epoch: 040    Loss: 0.794424    NLLloss: 0.789485    ECELoss:  0.54%    MCELoss:  5.37%    Accuracy: 72.26%    Time: 0:00:07
Trainset:
 Mean:
  Loss: 0.762882
  NLLloss: 0.757937
  ECELoss: 0.57%
  MCELoss: 9.79%
  Accuracy: 72.90%
 Ensemble:
  Loss: 0.768460
  NLLloss: 0.763515
  ECELoss: 1.32%
  MCELoss: 7.88%
  Accuracy: 72.93%
Testset:
 Mean:
  Loss: 0.792565
  NLLloss: 0.767842
  ECELoss: 1.55%
  MCELoss: 18.18%
  Accuracy: 73.47%
 Ensemble:
  Loss: 0.790850
  NLLloss: 0.766127
  ECELoss: 1.56%
  MCELoss: 31.67%
  Accuracy: 73.50%
-->Epoch: 041    Loss: 0.781718    NLLloss: 0.776769    ECELoss:  0.58%    MCELoss:  4.74%    Accuracy: 72.59%    Time: 0:00:07
-->Epoch: 042    Loss: 0.795573    NLLloss: 0.790614    ECELoss:  0.54%    MCELoss:  6.32%    Accuracy: 72.02%    Time: 0:00:07
-->Epoch: 043    Loss: 0.790199    NLLloss: 0.785230    ECELoss:  0.73%    MCELoss:  8.52%    Accuracy: 72.18%    Time: 0:00:07
-->Epoch: 044    Loss: 0.794013    NLLloss: 0.789035    ECELoss:  0.45%    MCELoss:  8.53%    Accuracy: 72.23%    Time: 0:00:06
-->Epoch: 045    Loss: 0.789876    NLLloss: 0.784887    ECELoss:  0.60%    MCELoss:  2.50%    Accuracy: 72.18%    Time: 0:00:07
-->Epoch: 046    Loss: 0.793253    NLLloss: 0.788253    ECELoss:  0.79%    MCELoss: 18.77%    Accuracy: 72.33%    Time: 0:00:07
-->Epoch: 047    Loss: 0.790121    NLLloss: 0.785111    ECELoss:  0.75%    MCELoss:  7.33%    Accuracy: 72.56%    Time: 0:00:06
-->Epoch: 048    Loss: 0.785248    NLLloss: 0.780228    ECELoss:  0.60%    MCELoss:  2.23%    Accuracy: 72.69%    Time: 0:00:07
-->Epoch: 049    Loss: 0.781981    NLLloss: 0.776951    ECELoss:  0.45%    MCELoss: 11.91%    Accuracy: 72.45%    Time: 0:00:07
-->Epoch: 050    Loss: 0.788585    NLLloss: 0.783545    ECELoss:  0.70%    MCELoss: 14.75%    Accuracy: 72.20%    Time: 0:00:07
Trainset:
 Mean:
  Loss: 0.763562
  NLLloss: 0.758517
  ECELoss: 0.55%
  MCELoss: 3.65%
  Accuracy: 73.19%
 Ensemble:
  Loss: 0.761573
  NLLloss: 0.756528
  ECELoss: 1.19%
  MCELoss: 2.78%
  Accuracy: 73.24%
Testset:
 Mean:
  Loss: 0.796723
  NLLloss: 0.771497
  ECELoss: 1.88%
  MCELoss: 20.71%
  Accuracy: 73.19%
 Ensemble:
  Loss: 0.793169
  NLLloss: 0.767943
  ECELoss: 1.68%
  MCELoss: 6.47%
  Accuracy: 73.57%
-->Epoch: 051    Loss: 0.782952    NLLloss: 0.777902    ECELoss:  0.49%    MCELoss: 19.75%    Accuracy: 72.81%    Time: 0:00:06
-->Epoch: 052    Loss: 0.780670    NLLloss: 0.775611    ECELoss:  0.56%    MCELoss:  4.67%    Accuracy: 72.67%    Time: 0:00:06
-->Epoch: 053    Loss: 0.786585    NLLloss: 0.781517    ECELoss:  0.47%    MCELoss:  2.92%    Accuracy: 72.35%    Time: 0:00:07
-->Epoch: 054    Loss: 0.783883    NLLloss: 0.778805    ECELoss:  0.65%    MCELoss:  7.30%    Accuracy: 72.44%    Time: 0:00:07
-->Epoch: 055    Loss: 0.778987    NLLloss: 0.773900    ECELoss:  0.35%    MCELoss:  9.11%    Accuracy: 72.74%    Time: 0:00:05
-->Epoch: 056    Loss: 0.784547    NLLloss: 0.779450    ECELoss:  0.55%    MCELoss:  7.53%    Accuracy: 72.48%    Time: 0:00:07
-->Epoch: 057    Loss: 0.785820    NLLloss: 0.780712    ECELoss:  0.57%    MCELoss:  2.57%    Accuracy: 72.48%    Time: 0:00:07
-->Epoch: 058    Loss: 0.780377    NLLloss: 0.775259    ECELoss:  0.50%    MCELoss:  7.40%    Accuracy: 72.70%    Time: 0:00:05
-->Epoch: 059    Loss: 0.772792    NLLloss: 0.767666    ECELoss:  0.53%    MCELoss:  1.55%    Accuracy: 72.90%    Time: 0:00:07
-->Epoch: 060    Loss: 0.784324    NLLloss: 0.779189    ECELoss:  0.63%    MCELoss:  5.45%    Accuracy: 72.29%    Time: 0:00:07
Trainset:
 Mean:
  Loss: 0.759612
  NLLloss: 0.754472
  ECELoss: 0.63%
  MCELoss: 2.68%
  Accuracy: 73.26%
 Ensemble:
  Loss: 0.755055
  NLLloss: 0.749915
  ECELoss: 1.11%
  MCELoss: 2.89%
  Accuracy: 73.17%
Testset:
 Mean:
  Loss: 0.792146
  NLLloss: 0.766447
  ECELoss: 1.53%
  MCELoss: 18.85%
  Accuracy: 73.54%
 Ensemble:
  Loss: 0.788419
  NLLloss: 0.762721
  ECELoss: 1.00%
  MCELoss: 18.72%
  Accuracy: 73.61%
-->Epoch: 061    Loss: 0.779102    NLLloss: 0.773958    ECELoss:  0.42%    MCELoss:  1.03%    Accuracy: 72.58%    Time: 0:00:06
-->Epoch: 062    Loss: 0.784287    NLLloss: 0.779133    ECELoss:  0.57%    MCELoss:  4.39%    Accuracy: 72.50%    Time: 0:00:05
-->Epoch: 063    Loss: 0.789941    NLLloss: 0.784778    ECELoss:  0.83%    MCELoss:  2.31%    Accuracy: 72.15%    Time: 0:00:03
-->Epoch: 064    Loss: 0.785985    NLLloss: 0.780813    ECELoss:  0.51%    MCELoss:  2.28%    Accuracy: 72.44%    Time: 0:00:05
-->Epoch: 065    Loss: 0.779517    NLLloss: 0.774336    ECELoss:  0.64%    MCELoss:  3.03%    Accuracy: 72.63%    Time: 0:00:06
-->Epoch: 066    Loss: 0.777863    NLLloss: 0.772672    ECELoss:  0.45%    MCELoss:  1.59%    Accuracy: 72.74%    Time: 0:00:07
-->Epoch: 067    Loss: 0.785043    NLLloss: 0.779843    ECELoss:  0.60%    MCELoss:  4.15%    Accuracy: 72.35%    Time: 0:00:06
-->Epoch: 068    Loss: 0.771094    NLLloss: 0.765885    ECELoss:  0.54%    MCELoss:  4.47%    Accuracy: 73.02%    Time: 0:00:07
-->Epoch: 069    Loss: 0.774813    NLLloss: 0.769595    ECELoss:  0.41%    MCELoss:  3.55%    Accuracy: 72.94%    Time: 0:00:08
-->Epoch: 070    Loss: 0.769032    NLLloss: 0.763805    ECELoss:  0.50%    MCELoss:  1.65%    Accuracy: 72.99%    Time: 0:00:07
Trainset:
 Mean:
  Loss: 0.753825
  NLLloss: 0.748594
  ECELoss: 0.79%
  MCELoss: 10.31%
  Accuracy: 73.49%
 Ensemble:
  Loss: 0.755622
  NLLloss: 0.750392
  ECELoss: 0.98%
  MCELoss: 2.61%
  Accuracy: 73.47%
Testset:
 Mean:
  Loss: 0.794146
  NLLloss: 0.767993
  ECELoss: 1.51%
  MCELoss: 21.52%
  Accuracy: 73.64%
 Ensemble:
  Loss: 0.791399
  NLLloss: 0.765246
  ECELoss: 1.32%
  MCELoss: 31.89%
  Accuracy: 73.80%
-->Epoch: 071    Loss: 0.782184    NLLloss: 0.776949    ECELoss:  0.71%    MCELoss: 10.94%    Accuracy: 72.65%    Time: 0:00:07
-->Epoch: 072    Loss: 0.774528    NLLloss: 0.769284    ECELoss:  0.43%    MCELoss: 14.44%    Accuracy: 72.88%    Time: 0:00:06
-->Epoch: 073    Loss: 0.771998    NLLloss: 0.766745    ECELoss:  0.40%    MCELoss:  8.00%    Accuracy: 72.97%    Time: 0:00:07
-->Epoch: 074    Loss: 0.779968    NLLloss: 0.774706    ECELoss:  0.44%    MCELoss:  5.25%    Accuracy: 72.67%    Time: 0:00:07
-->Epoch: 075    Loss: 0.778475    NLLloss: 0.773204    ECELoss:  0.45%    MCELoss:  4.14%    Accuracy: 72.69%    Time: 0:00:06
-->Epoch: 076    Loss: 0.772960    NLLloss: 0.767679    ECELoss:  0.56%    MCELoss:  3.68%    Accuracy: 72.87%    Time: 0:00:07
-->Epoch: 077    Loss: 0.774810    NLLloss: 0.769521    ECELoss:  0.60%    MCELoss: 13.77%    Accuracy: 72.81%    Time: 0:00:07
-->Epoch: 078    Loss: 0.776252    NLLloss: 0.770954    ECELoss:  0.43%    MCELoss:  7.18%    Accuracy: 72.78%    Time: 0:00:07
-->Epoch: 079    Loss: 0.769115    NLLloss: 0.763810    ECELoss:  0.31%    MCELoss:  8.31%    Accuracy: 73.01%    Time: 0:00:06
-->Epoch: 080    Loss: 0.762216    NLLloss: 0.756902    ECELoss:  0.41%    MCELoss:  1.37%    Accuracy: 73.27%    Time: 0:00:07
Trainset:
 Mean:
  Loss: 0.744569
  NLLloss: 0.739253
  ECELoss: 0.83%
  MCELoss: 13.08%
  Accuracy: 73.76%
 Ensemble:
  Loss: 0.747776
  NLLloss: 0.742460
  ECELoss: 0.45%
  MCELoss: 1.62%
  Accuracy: 73.78%
Testset:
 Mean:
  Loss: 0.779757
  NLLloss: 0.753174
  ECELoss: 2.29%
  MCELoss: 14.19%
  Accuracy: 73.95%
 Ensemble:
  Loss: 0.778235
  NLLloss: 0.751652
  ECELoss: 2.08%
  MCELoss: 4.46%
  Accuracy: 73.79%
-->Epoch: 081    Loss: 0.774301    NLLloss: 0.768980    ECELoss:  0.40%    MCELoss: 11.05%    Accuracy: 72.91%    Time: 0:00:07
-->Epoch: 082    Loss: 0.775108    NLLloss: 0.769779    ECELoss:  0.43%    MCELoss:  2.96%    Accuracy: 72.88%    Time: 0:00:07
-->Epoch: 083    Loss: 0.770236    NLLloss: 0.764899    ECELoss:  0.47%    MCELoss:  4.77%    Accuracy: 73.13%    Time: 0:00:06
-->Epoch: 084    Loss: 0.772144    NLLloss: 0.766799    ECELoss:  0.42%    MCELoss: 19.27%    Accuracy: 72.87%    Time: 0:00:07
-->Epoch: 085    Loss: 0.761347    NLLloss: 0.755993    ECELoss:  0.46%    MCELoss:  7.45%    Accuracy: 73.39%    Time: 0:00:07
-->Epoch: 086    Loss: 0.766175    NLLloss: 0.760811    ECELoss:  0.44%    MCELoss:  2.96%    Accuracy: 73.27%    Time: 0:00:07
-->Epoch: 087    Loss: 0.772094    NLLloss: 0.766721    ECELoss:  0.40%    MCELoss:  1.87%    Accuracy: 73.11%    Time: 0:00:06
-->Epoch: 088    Loss: 0.766733    NLLloss: 0.761353    ECELoss:  0.66%    MCELoss: 26.96%    Accuracy: 72.91%    Time: 0:00:07
-->Epoch: 089    Loss: 0.765319    NLLloss: 0.759929    ECELoss:  0.40%    MCELoss:  3.65%    Accuracy: 73.27%    Time: 0:00:07
-->Epoch: 090    Loss: 0.764165    NLLloss: 0.758767    ECELoss:  0.44%    MCELoss: 13.57%    Accuracy: 73.21%    Time: 0:00:06
Trainset:
 Mean:
  Loss: 0.752266
  NLLloss: 0.746865
  ECELoss: 0.74%
  MCELoss: 7.13%
  Accuracy: 73.53%
 Ensemble:
  Loss: 0.750239
  NLLloss: 0.744838
  ECELoss: 1.23%
  MCELoss: 7.19%
  Accuracy: 73.56%
Testset:
 Mean:
  Loss: 0.797816
  NLLloss: 0.770812
  ECELoss: 1.36%
  MCELoss: 31.05%
  Accuracy: 73.48%
 Ensemble:
  Loss: 0.795668
  NLLloss: 0.768665
  ECELoss: 1.18%
  MCELoss: 14.53%
  Accuracy: 73.40%
-->Epoch: 091    Loss: 0.764951    NLLloss: 0.759547    ECELoss:  0.40%    MCELoss:  5.07%    Accuracy: 73.23%    Time: 0:00:06
-->Epoch: 092    Loss: 0.758104    NLLloss: 0.752691    ECELoss:  0.31%    MCELoss:  1.62%    Accuracy: 73.47%    Time: 0:00:07
-->Epoch: 093    Loss: 0.766870    NLLloss: 0.761448    ECELoss:  0.67%    MCELoss:  5.01%    Accuracy: 73.18%    Time: 0:00:07
-->Epoch: 094    Loss: 0.764714    NLLloss: 0.759284    ECELoss:  0.57%    MCELoss:  5.86%    Accuracy: 73.35%    Time: 0:00:07
-->Epoch: 095    Loss: 0.761072    NLLloss: 0.755634    ECELoss:  0.56%    MCELoss:  1.52%    Accuracy: 73.38%    Time: 0:00:06
-->Epoch: 096    Loss: 0.762270    NLLloss: 0.756825    ECELoss:  0.37%    MCELoss:  3.92%    Accuracy: 73.28%    Time: 0:00:07
-->Epoch: 097    Loss: 0.764134    NLLloss: 0.758680    ECELoss:  0.42%    MCELoss: 14.72%    Accuracy: 73.40%    Time: 0:00:07
-->Epoch: 098    Loss: 0.759643    NLLloss: 0.754180    ECELoss:  0.40%    MCELoss: 10.16%    Accuracy: 73.61%    Time: 0:00:05
-->Epoch: 099    Loss: 0.768196    NLLloss: 0.762726    ECELoss:  0.61%    MCELoss:  2.84%    Accuracy: 73.13%    Time: 0:00:07
-->Epoch: 100    Loss: 0.757909    NLLloss: 0.752430    ECELoss:  0.51%    MCELoss:  2.15%    Accuracy: 73.26%    Time: 0:00:07
Trainset:
 Mean:
  Loss: 0.752950
  NLLloss: 0.747468
  ECELoss: 0.47%
  MCELoss: 19.00%
  Accuracy: 73.65%
 Ensemble:
  Loss: 0.748036
  NLLloss: 0.742554
  ECELoss: 0.94%
  MCELoss: 14.37%
  Accuracy: 73.92%
Testset:
 Mean:
  Loss: 0.790788
  NLLloss: 0.763378
  ECELoss: 1.52%
  MCELoss: 19.30%
  Accuracy: 73.89%
 Ensemble:
  Loss: 0.788744
  NLLloss: 0.761334
  ECELoss: 1.31%
  MCELoss: 19.26%
  Accuracy: 73.92%
