Files already downloaded and verified
Files already downloaded and verified
Trainset:
 Mean:
  Loss: 0.698707
  NLLloss: 0.698707
  ECELoss: 0.68%
  MCELoss: 19.16%
  Accuracy: 75.47%
 Ensemble:
  Loss: 1.671070
  NLLloss: 1.671069
  ECELoss: 9.84%
  MCELoss: 25.79%
  Accuracy: 44.99%
Testset:
 Mean:
  Loss: 0.730247
  NLLloss: 0.730247
  ECELoss: 2.20%
  MCELoss: 19.45%
  Accuracy: 74.90%
 Ensemble:
  Loss: 1.666137
  NLLloss: 1.666137
  ECELoss: 9.88%
  MCELoss: 26.84%
  Accuracy: 45.75%
-->Epoch: 001    Loss: 2.858810    NLLloss: 2.858810    ECELoss: 26.62%    MCELoss: 59.14%    Accuracy: 26.54%    Time: 0:00:06
-->Epoch: 002    Loss: 2.149379    NLLloss: 2.149379    ECELoss: 12.58%    MCELoss: 39.02%    Accuracy: 28.81%    Time: 0:00:06
-->Epoch: 003    Loss: 1.900569    NLLloss: 1.900569    ECELoss:  7.15%    MCELoss: 24.94%    Accuracy: 33.63%    Time: 0:00:07
-->Epoch: 004    Loss: 1.776343    NLLloss: 1.776343    ECELoss:  5.06%    MCELoss: 18.19%    Accuracy: 38.13%    Time: 0:00:07
-->Epoch: 005    Loss: 1.735525    NLLloss: 1.735526    ECELoss:  5.51%    MCELoss: 17.23%    Accuracy: 39.22%    Time: 0:00:06
-->Epoch: 006    Loss: 1.634376    NLLloss: 1.634377    ECELoss:  3.78%    MCELoss: 12.58%    Accuracy: 42.12%    Time: 0:00:07
-->Epoch: 007    Loss: 1.580836    NLLloss: 1.580836    ECELoss:  3.71%    MCELoss: 10.34%    Accuracy: 44.26%    Time: 0:00:07
-->Epoch: 008    Loss: 1.542702    NLLloss: 1.542702    ECELoss:  3.53%    MCELoss: 14.33%    Accuracy: 45.41%    Time: 0:00:07
-->Epoch: 009    Loss: 1.536978    NLLloss: 1.536978    ECELoss:  3.46%    MCELoss: 12.16%    Accuracy: 46.17%    Time: 0:00:07
-->Epoch: 010    Loss: 1.471617    NLLloss: 1.471617    ECELoss:  2.97%    MCELoss: 30.17%    Accuracy: 47.93%    Time: 0:00:07
Trainset:
 Mean:
  Loss: 1.145170
  NLLloss: 1.145170
  ECELoss: 4.20%
  MCELoss: 37.02%
  Accuracy: 59.85%
 Ensemble:
  Loss: 1.253079
  NLLloss: 1.253079
  ECELoss: 15.71%
  MCELoss: 27.05%
  Accuracy: 58.89%
Testset:
 Mean:
  Loss: 1.088509
  NLLloss: 1.088509
  ECELoss: 3.57%
  MCELoss: 12.27%
  Accuracy: 61.95%
 Ensemble:
  Loss: 1.190195
  NLLloss: 1.190195
  ECELoss: 15.47%
  MCELoss: 24.16%
  Accuracy: 61.29%
-->Epoch: 011    Loss: 1.423440    NLLloss: 1.423440    ECELoss:  2.73%    MCELoss:  6.69%    Accuracy: 49.92%    Time: 0:00:07
-->Epoch: 012    Loss: 1.428622    NLLloss: 1.428622    ECELoss:  3.21%    MCELoss: 13.01%    Accuracy: 49.56%    Time: 0:00:07
-->Epoch: 013    Loss: 1.413732    NLLloss: 1.413732    ECELoss:  2.64%    MCELoss: 12.65%    Accuracy: 50.44%    Time: 0:00:07
-->Epoch: 014    Loss: 1.380895    NLLloss: 1.380895    ECELoss:  2.29%    MCELoss: 20.73%    Accuracy: 51.30%    Time: 0:00:07
-->Epoch: 015    Loss: 1.347983    NLLloss: 1.347983    ECELoss:  2.43%    MCELoss: 12.82%    Accuracy: 52.35%    Time: 0:00:07
-->Epoch: 016    Loss: 1.319207    NLLloss: 1.319207    ECELoss:  2.23%    MCELoss: 12.45%    Accuracy: 53.52%    Time: 0:00:07
-->Epoch: 017    Loss: 1.297329    NLLloss: 1.297329    ECELoss:  1.84%    MCELoss: 13.02%    Accuracy: 54.51%    Time: 0:00:06
-->Epoch: 018    Loss: 1.305294    NLLloss: 1.305294    ECELoss:  2.55%    MCELoss: 12.80%    Accuracy: 53.86%    Time: 0:00:07
-->Epoch: 019    Loss: 1.265372    NLLloss: 1.265372    ECELoss:  1.96%    MCELoss: 12.90%    Accuracy: 55.31%    Time: 0:00:07
-->Epoch: 020    Loss: 1.269473    NLLloss: 1.269473    ECELoss:  2.30%    MCELoss:  4.88%    Accuracy: 55.43%    Time: 0:00:06
Trainset:
 Mean:
  Loss: 1.015821
  NLLloss: 1.015821
  ECELoss: 2.33%
  MCELoss: 12.55%
  Accuracy: 64.32%
 Ensemble:
  Loss: 1.075835
  NLLloss: 1.075836
  ECELoss: 11.73%
  MCELoss: 16.81%
  Accuracy: 64.04%
Testset:
 Mean:
  Loss: 0.957902
  NLLloss: 0.957902
  ECELoss: 2.59%
  MCELoss: 9.04%
  Accuracy: 66.90%
 Ensemble:
  Loss: 1.009138
  NLLloss: 1.009138
  ECELoss: 11.92%
  MCELoss: 87.25%
  Accuracy: 66.71%
-->Epoch: 021    Loss: 1.229025    NLLloss: 1.229025    ECELoss:  1.90%    MCELoss: 86.84%    Accuracy: 56.90%    Time: 0:00:07
-->Epoch: 022    Loss: 1.240565    NLLloss: 1.240564    ECELoss:  1.98%    MCELoss: 12.97%    Accuracy: 56.23%    Time: 0:00:07
-->Epoch: 023    Loss: 1.190701    NLLloss: 1.190701    ECELoss:  1.75%    MCELoss:  4.12%    Accuracy: 58.11%    Time: 0:00:07
-->Epoch: 024    Loss: 1.193200    NLLloss: 1.193200    ECELoss:  1.71%    MCELoss: 12.67%    Accuracy: 58.10%    Time: 0:00:07
-->Epoch: 025    Loss: 1.183631    NLLloss: 1.183631    ECELoss:  1.62%    MCELoss: 86.70%    Accuracy: 58.63%    Time: 0:00:07
-->Epoch: 026    Loss: 1.162686    NLLloss: 1.162685    ECELoss:  1.59%    MCELoss:  4.05%    Accuracy: 59.15%    Time: 0:00:07
-->Epoch: 027    Loss: 1.154127    NLLloss: 1.154127    ECELoss:  1.59%    MCELoss:  3.11%    Accuracy: 59.61%    Time: 0:00:06
-->Epoch: 028    Loss: 1.142883    NLLloss: 1.142883    ECELoss:  1.77%    MCELoss: 87.05%    Accuracy: 59.61%    Time: 0:00:06
-->Epoch: 029    Loss: 1.134382    NLLloss: 1.134382    ECELoss:  1.73%    MCELoss:  4.08%    Accuracy: 60.18%    Time: 0:00:08
-->Epoch: 030    Loss: 1.113393    NLLloss: 1.113393    ECELoss:  1.73%    MCELoss:  3.55%    Accuracy: 61.08%    Time: 0:00:06
Trainset:
 Mean:
  Loss: 0.943111
  NLLloss: 0.943111
  ECELoss: 2.06%
  MCELoss: 87.77%
  Accuracy: 66.70%
 Ensemble:
  Loss: 0.980075
  NLLloss: 0.980075
  ECELoss: 9.11%
  MCELoss: 20.36%
  Accuracy: 66.61%
Testset:
 Mean:
  Loss: 0.891045
  NLLloss: 0.891045
  ECELoss: 2.26%
  MCELoss: 5.67%
  Accuracy: 68.95%
 Ensemble:
  Loss: 0.922417
  NLLloss: 0.922417
  ECELoss: 8.80%
  MCELoss: 12.79%
  Accuracy: 68.87%
-->Epoch: 031    Loss: 1.117012    NLLloss: 1.117012    ECELoss:  1.51%    MCELoss: 37.60%    Accuracy: 61.08%    Time: 0:00:07
-->Epoch: 032    Loss: 1.103164    NLLloss: 1.103165    ECELoss:  1.44%    MCELoss: 12.89%    Accuracy: 61.33%    Time: 0:00:07
-->Epoch: 033    Loss: 1.082930    NLLloss: 1.082930    ECELoss:  1.49%    MCELoss: 13.29%    Accuracy: 62.53%    Time: 0:00:07
-->Epoch: 034    Loss: 1.059938    NLLloss: 1.059938    ECELoss:  1.39%    MCELoss:  2.77%    Accuracy: 62.70%    Time: 0:00:06
-->Epoch: 035    Loss: 1.062711    NLLloss: 1.062711    ECELoss:  1.24%    MCELoss:  3.40%    Accuracy: 62.81%    Time: 0:00:07
-->Epoch: 036    Loss: 1.078313    NLLloss: 1.078313    ECELoss:  1.60%    MCELoss:  3.11%    Accuracy: 62.20%    Time: 0:00:07
-->Epoch: 037    Loss: 1.066864    NLLloss: 1.066864    ECELoss:  1.53%    MCELoss:  3.06%    Accuracy: 62.39%    Time: 0:00:06
-->Epoch: 038    Loss: 1.045302    NLLloss: 1.045302    ECELoss:  1.45%    MCELoss:  2.96%    Accuracy: 63.06%    Time: 0:00:07
-->Epoch: 039    Loss: 1.049860    NLLloss: 1.049860    ECELoss:  1.36%    MCELoss:  3.75%    Accuracy: 63.45%    Time: 0:00:07
-->Epoch: 040    Loss: 1.037602    NLLloss: 1.037602    ECELoss:  1.41%    MCELoss:  2.65%    Accuracy: 63.42%    Time: 0:00:07
Trainset:
 Mean:
  Loss: 0.893293
  NLLloss: 0.893293
  ECELoss: 3.00%
  MCELoss: 5.43%
  Accuracy: 68.65%
 Ensemble:
  Loss: 0.923827
  NLLloss: 0.923826
  ECELoss: 8.57%
  MCELoss: 12.91%
  Accuracy: 68.48%
Testset:
 Mean:
  Loss: 0.851087
  NLLloss: 0.851087
  ECELoss: 2.26%
  MCELoss: 4.48%
  Accuracy: 70.03%
 Ensemble:
  Loss: 0.873516
  NLLloss: 0.873516
  ECELoss: 7.68%
  MCELoss: 13.35%
  Accuracy: 70.03%
-->Epoch: 041    Loss: 1.026845    NLLloss: 1.026846    ECELoss:  1.14%    MCELoss:  3.05%    Accuracy: 64.07%    Time: 0:00:07
-->Epoch: 042    Loss: 1.003747    NLLloss: 1.003747    ECELoss:  1.25%    MCELoss:  2.62%    Accuracy: 64.63%    Time: 0:00:06
-->Epoch: 043    Loss: 1.020040    NLLloss: 1.020040    ECELoss:  1.31%    MCELoss:  2.75%    Accuracy: 64.26%    Time: 0:00:07
-->Epoch: 044    Loss: 1.016392    NLLloss: 1.016392    ECELoss:  1.11%    MCELoss:  2.05%    Accuracy: 64.30%    Time: 0:00:07
-->Epoch: 045    Loss: 0.996394    NLLloss: 0.996394    ECELoss:  1.14%    MCELoss:  2.79%    Accuracy: 64.79%    Time: 0:00:06
-->Epoch: 046    Loss: 0.997455    NLLloss: 0.997455    ECELoss:  1.16%    MCELoss: 12.89%    Accuracy: 65.26%    Time: 0:00:07
-->Epoch: 047    Loss: 0.991889    NLLloss: 0.991889    ECELoss:  1.17%    MCELoss:  3.04%    Accuracy: 65.22%    Time: 0:00:07
-->Epoch: 048    Loss: 0.975248    NLLloss: 0.975248    ECELoss:  1.19%    MCELoss:  2.40%    Accuracy: 65.64%    Time: 0:00:06
-->Epoch: 049    Loss: 0.965280    NLLloss: 0.965279    ECELoss:  1.02%    MCELoss:  7.06%    Accuracy: 66.07%    Time: 0:00:07
-->Epoch: 050    Loss: 0.966179    NLLloss: 0.966178    ECELoss:  1.11%    MCELoss:  2.80%    Accuracy: 66.08%    Time: 0:00:08
Trainset:
 Mean:
  Loss: 0.851517
  NLLloss: 0.851517
  ECELoss: 2.28%
  MCELoss: 4.22%
  Accuracy: 70.23%
 Ensemble:
  Loss: 0.871499
  NLLloss: 0.871499
  ECELoss: 6.65%
  MCELoss: 10.08%
  Accuracy: 70.04%
Testset:
 Mean:
  Loss: 0.822651
  NLLloss: 0.822651
  ECELoss: 1.89%
  MCELoss: 4.89%
  Accuracy: 71.40%
 Ensemble:
  Loss: 0.836343
  NLLloss: 0.836343
  ECELoss: 6.03%
  MCELoss: 11.40%
  Accuracy: 71.61%
-->Epoch: 051    Loss: 0.949145    NLLloss: 0.949144    ECELoss:  1.15%    MCELoss:  2.18%    Accuracy: 66.66%    Time: 0:00:07
-->Epoch: 052    Loss: 0.943182    NLLloss: 0.943183    ECELoss:  0.94%    MCELoss:  1.85%    Accuracy: 66.81%    Time: 0:00:07
-->Epoch: 053    Loss: 0.960854    NLLloss: 0.960854    ECELoss:  1.04%    MCELoss:  2.50%    Accuracy: 66.35%    Time: 0:00:05
-->Epoch: 054    Loss: 0.943681    NLLloss: 0.943681    ECELoss:  0.99%    MCELoss:  4.05%    Accuracy: 66.95%    Time: 0:00:07
-->Epoch: 055    Loss: 0.942118    NLLloss: 0.942118    ECELoss:  0.84%    MCELoss:  1.76%    Accuracy: 66.90%    Time: 0:00:07
-->Epoch: 056    Loss: 0.926765    NLLloss: 0.926765    ECELoss:  0.95%    MCELoss:  3.04%    Accuracy: 67.45%    Time: 0:00:06
-->Epoch: 057    Loss: 0.923435    NLLloss: 0.923436    ECELoss:  1.03%    MCELoss:  3.45%    Accuracy: 67.80%    Time: 0:00:07
-->Epoch: 058    Loss: 0.927366    NLLloss: 0.927366    ECELoss:  0.91%    MCELoss:  3.33%    Accuracy: 67.34%    Time: 0:00:07
-->Epoch: 059    Loss: 0.930692    NLLloss: 0.930692    ECELoss:  0.95%    MCELoss:  2.73%    Accuracy: 67.36%    Time: 0:00:07
-->Epoch: 060    Loss: 0.934305    NLLloss: 0.934304    ECELoss:  0.97%    MCELoss:  1.82%    Accuracy: 67.15%    Time: 0:00:07
Trainset:
 Mean:
  Loss: 0.840678
  NLLloss: 0.840678
  ECELoss: 0.88%
  MCELoss: 3.66%
  Accuracy: 70.38%
 Ensemble:
  Loss: 0.856442
  NLLloss: 0.856441
  ECELoss: 4.30%
  MCELoss: 6.65%
  Accuracy: 70.16%
Testset:
 Mean:
  Loss: 0.820508
  NLLloss: 0.820508
  ECELoss: 1.85%
  MCELoss: 3.85%
  Accuracy: 71.52%
 Ensemble:
  Loss: 0.821966
  NLLloss: 0.821966
  ECELoss: 3.39%
  MCELoss: 9.09%
  Accuracy: 71.65%
-->Epoch: 061    Loss: 0.912876    NLLloss: 0.912876    ECELoss:  0.74%    MCELoss:  2.39%    Accuracy: 67.82%    Time: 0:00:07
-->Epoch: 062    Loss: 0.914016    NLLloss: 0.914016    ECELoss:  1.15%    MCELoss:  5.31%    Accuracy: 67.73%    Time: 0:00:07
-->Epoch: 063    Loss: 0.908387    NLLloss: 0.908387    ECELoss:  0.85%    MCELoss:  1.93%    Accuracy: 68.28%    Time: 0:00:07
-->Epoch: 064    Loss: 0.898374    NLLloss: 0.898374    ECELoss:  0.96%    MCELoss:  4.45%    Accuracy: 68.39%    Time: 0:00:06
-->Epoch: 065    Loss: 0.895429    NLLloss: 0.895429    ECELoss:  0.86%    MCELoss:  2.92%    Accuracy: 68.38%    Time: 0:00:07
-->Epoch: 066    Loss: 0.901665    NLLloss: 0.901665    ECELoss:  0.88%    MCELoss:  1.81%    Accuracy: 68.22%    Time: 0:00:07
-->Epoch: 067    Loss: 0.892377    NLLloss: 0.892376    ECELoss:  0.78%    MCELoss:  1.82%    Accuracy: 68.64%    Time: 0:00:06
-->Epoch: 068    Loss: 0.890195    NLLloss: 0.890195    ECELoss:  0.75%    MCELoss: 13.29%    Accuracy: 68.55%    Time: 0:00:07
-->Epoch: 069    Loss: 0.878186    NLLloss: 0.878186    ECELoss:  0.74%    MCELoss:  1.68%    Accuracy: 69.06%    Time: 0:00:07
-->Epoch: 070    Loss: 0.887388    NLLloss: 0.887388    ECELoss:  1.08%    MCELoss:  2.95%    Accuracy: 68.63%    Time: 0:00:06
Trainset:
 Mean:
  Loss: 0.819242
  NLLloss: 0.819241
  ECELoss: 0.63%
  MCELoss: 2.13%
  Accuracy: 71.16%
 Ensemble:
  Loss: 0.816130
  NLLloss: 0.816130
  ECELoss: 3.05%
  MCELoss: 6.29%
  Accuracy: 71.45%
Testset:
 Mean:
  Loss: 0.796181
  NLLloss: 0.796181
  ECELoss: 1.60%
  MCELoss: 2.93%
  Accuracy: 72.00%
 Ensemble:
  Loss: 0.795070
  NLLloss: 0.795070
  ECELoss: 2.11%
  MCELoss: 5.78%
  Accuracy: 72.40%
-->Epoch: 071    Loss: 0.882559    NLLloss: 0.882559    ECELoss:  0.82%    MCELoss:  2.18%    Accuracy: 69.10%    Time: 0:00:06
-->Epoch: 072    Loss: 0.877074    NLLloss: 0.877074    ECELoss:  1.02%    MCELoss:  3.04%    Accuracy: 69.17%    Time: 0:00:07
-->Epoch: 073    Loss: 0.866846    NLLloss: 0.866846    ECELoss:  0.62%    MCELoss:  4.99%    Accuracy: 69.52%    Time: 0:00:07
-->Epoch: 074    Loss: 0.875852    NLLloss: 0.875851    ECELoss:  0.74%    MCELoss: 12.49%    Accuracy: 69.24%    Time: 0:00:06
-->Epoch: 075    Loss: 0.865297    NLLloss: 0.865297    ECELoss:  0.76%    MCELoss:  2.23%    Accuracy: 69.51%    Time: 0:00:07
-->Epoch: 076    Loss: 0.859699    NLLloss: 0.859699    ECELoss:  0.78%    MCELoss:  2.47%    Accuracy: 69.70%    Time: 0:00:07
-->Epoch: 077    Loss: 0.863820    NLLloss: 0.863820    ECELoss:  0.48%    MCELoss:  6.53%    Accuracy: 69.65%    Time: 0:00:06
-->Epoch: 078    Loss: 0.852516    NLLloss: 0.852516    ECELoss:  0.88%    MCELoss:  3.18%    Accuracy: 69.76%    Time: 0:00:06
-->Epoch: 079    Loss: 0.855055    NLLloss: 0.855055    ECELoss:  0.73%    MCELoss:  3.00%    Accuracy: 69.83%    Time: 0:00:07
-->Epoch: 080    Loss: 0.840836    NLLloss: 0.840836    ECELoss:  0.63%    MCELoss:  1.71%    Accuracy: 70.47%    Time: 0:00:08
Trainset:
 Mean:
  Loss: 0.787374
  NLLloss: 0.787374
  ECELoss: 1.03%
  MCELoss: 11.17%
  Accuracy: 72.36%
 Ensemble:
  Loss: 0.793428
  NLLloss: 0.793428
  ECELoss: 3.08%
  MCELoss: 5.96%
  Accuracy: 72.08%
Testset:
 Mean:
  Loss: 0.782338
  NLLloss: 0.782338
  ECELoss: 1.31%
  MCELoss: 5.74%
  Accuracy: 72.76%
 Ensemble:
  Loss: 0.780326
  NLLloss: 0.780326
  ECELoss: 2.00%
  MCELoss: 24.03%
  Accuracy: 73.02%
-->Epoch: 081    Loss: 0.846122    NLLloss: 0.846121    ECELoss:  0.65%    MCELoss:  1.59%    Accuracy: 70.19%    Time: 0:00:07
-->Epoch: 082    Loss: 0.846143    NLLloss: 0.846143    ECELoss:  0.69%    MCELoss:  4.90%    Accuracy: 70.29%    Time: 0:00:06
-->Epoch: 083    Loss: 0.843354    NLLloss: 0.843354    ECELoss:  0.67%    MCELoss:  1.68%    Accuracy: 70.17%    Time: 0:00:07
-->Epoch: 084    Loss: 0.837101    NLLloss: 0.837100    ECELoss:  0.66%    MCELoss:  2.64%    Accuracy: 70.73%    Time: 0:00:07
-->Epoch: 085    Loss: 0.833405    NLLloss: 0.833405    ECELoss:  0.48%    MCELoss:  1.72%    Accuracy: 70.71%    Time: 0:00:06
-->Epoch: 086    Loss: 0.839678    NLLloss: 0.839678    ECELoss:  0.67%    MCELoss:  6.09%    Accuracy: 70.50%    Time: 0:00:07
-->Epoch: 087    Loss: 0.833572    NLLloss: 0.833572    ECELoss:  0.72%    MCELoss:  2.61%    Accuracy: 70.92%    Time: 0:00:07
-->Epoch: 088    Loss: 0.823266    NLLloss: 0.823266    ECELoss:  0.42%    MCELoss:  2.65%    Accuracy: 71.10%    Time: 0:00:06
-->Epoch: 089    Loss: 0.820818    NLLloss: 0.820818    ECELoss:  0.69%    MCELoss:  2.69%    Accuracy: 71.07%    Time: 0:00:07
-->Epoch: 090    Loss: 0.823079    NLLloss: 0.823080    ECELoss:  0.84%    MCELoss:  1.82%    Accuracy: 71.04%    Time: 0:00:07
Trainset:
 Mean:
  Loss: 0.769161
  NLLloss: 0.769161
  ECELoss: 0.66%
  MCELoss: 4.57%
  Accuracy: 72.88%
 Ensemble:
  Loss: 0.775451
  NLLloss: 0.775451
  ECELoss: 2.36%
  MCELoss: 4.37%
  Accuracy: 73.00%
Testset:
 Mean:
  Loss: 0.766333
  NLLloss: 0.766333
  ECELoss: 2.03%
  MCELoss: 10.06%
  Accuracy: 73.52%
 Ensemble:
  Loss: 0.763112
  NLLloss: 0.763112
  ECELoss: 1.42%
  MCELoss: 4.21%
  Accuracy: 73.59%
-->Epoch: 091    Loss: 0.832005    NLLloss: 0.832005    ECELoss:  0.82%    MCELoss:  5.47%    Accuracy: 70.70%    Time: 0:00:07
-->Epoch: 092    Loss: 0.817157    NLLloss: 0.817157    ECELoss:  0.72%    MCELoss:  2.46%    Accuracy: 71.45%    Time: 0:00:07
-->Epoch: 093    Loss: 0.815601    NLLloss: 0.815601    ECELoss:  0.72%    MCELoss:  8.29%    Accuracy: 71.59%    Time: 0:00:06
-->Epoch: 094    Loss: 0.826341    NLLloss: 0.826341    ECELoss:  0.89%    MCELoss:  1.71%    Accuracy: 70.83%    Time: 0:00:07
-->Epoch: 095    Loss: 0.826395    NLLloss: 0.826395    ECELoss:  0.60%    MCELoss:  8.21%    Accuracy: 70.85%    Time: 0:00:07
-->Epoch: 096    Loss: 0.813394    NLLloss: 0.813394    ECELoss:  0.72%    MCELoss:  2.14%    Accuracy: 71.43%    Time: 0:00:06
-->Epoch: 097    Loss: 0.810354    NLLloss: 0.810354    ECELoss:  0.66%    MCELoss:  1.27%    Accuracy: 71.50%    Time: 0:00:07
-->Epoch: 098    Loss: 0.812491    NLLloss: 0.812491    ECELoss:  0.71%    MCELoss:  1.53%    Accuracy: 71.41%    Time: 0:00:07
-->Epoch: 099    Loss: 0.808822    NLLloss: 0.808822    ECELoss:  0.43%    MCELoss:  1.76%    Accuracy: 71.63%    Time: 0:00:07
-->Epoch: 100    Loss: 0.810160    NLLloss: 0.810160    ECELoss:  0.68%    MCELoss: 11.03%    Accuracy: 71.45%    Time: 0:00:06
Trainset:
 Mean:
  Loss: 0.785683
  NLLloss: 0.785682
  ECELoss: 0.82%
  MCELoss: 3.41%
  Accuracy: 72.49%
 Ensemble:
  Loss: 0.782074
  NLLloss: 0.782073
  ECELoss: 1.21%
  MCELoss: 4.43%
  Accuracy: 72.43%
Testset:
 Mean:
  Loss: 0.783218
  NLLloss: 0.783218
  ECELoss: 2.11%
  MCELoss: 8.03%
  Accuracy: 73.06%
 Ensemble:
  Loss: 0.777756
  NLLloss: 0.777756
  ECELoss: 1.26%
  MCELoss: 10.45%
  Accuracy: 72.92%
