Files already downloaded and verified
Files already downloaded and verified
Trainset:
 Mean:
  Loss: 0.703281
  NLLloss: 0.701881
  ECELoss: 0.70%
  MCELoss: 7.42%
  Accuracy: 75.53%
 Ensemble:
  Loss: 0.870462
  NLLloss: 0.869062
  ECELoss: 13.18%
  MCELoss: 20.30%
  Accuracy: 72.23%
Testset:
 Mean:
  Loss: 0.737248
  NLLloss: 0.730247
  ECELoss: 2.20%
  MCELoss: 19.45%
  Accuracy: 74.90%
 Ensemble:
  Loss: 0.856823
  NLLloss: 0.849823
  ECELoss: 11.14%
  MCELoss: 17.84%
  Accuracy: 72.70%
-->Epoch: 001    Loss: 1.301904    NLLloss: 1.300500    ECELoss:  8.04%    MCELoss: 12.03%    Accuracy: 56.68%    Time: 0:00:07
-->Epoch: 002    Loss: 1.144812    NLLloss: 1.143400    ECELoss:  4.47%    MCELoss:  7.49%    Accuracy: 60.26%    Time: 0:00:07
-->Epoch: 003    Loss: 1.083692    NLLloss: 1.082273    ECELoss:  2.90%    MCELoss:  4.90%    Accuracy: 62.26%    Time: 0:00:05
-->Epoch: 004    Loss: 1.048150    NLLloss: 1.046723    ECELoss:  2.17%    MCELoss:  5.46%    Accuracy: 63.39%    Time: 0:00:07
-->Epoch: 005    Loss: 1.045407    NLLloss: 1.043973    ECELoss:  2.46%    MCELoss:  4.83%    Accuracy: 63.45%    Time: 0:00:07
-->Epoch: 006    Loss: 1.011682    NLLloss: 1.010241    ECELoss:  2.01%    MCELoss:  6.13%    Accuracy: 64.42%    Time: 0:00:07
-->Epoch: 007    Loss: 0.990149    NLLloss: 0.988701    ECELoss:  1.80%    MCELoss:  3.37%    Accuracy: 65.22%    Time: 0:00:06
-->Epoch: 008    Loss: 0.969828    NLLloss: 0.968373    ECELoss:  1.86%    MCELoss:  3.35%    Accuracy: 65.87%    Time: 0:00:07
-->Epoch: 009    Loss: 0.965846    NLLloss: 0.964384    ECELoss:  1.61%    MCELoss:  5.81%    Accuracy: 66.20%    Time: 0:00:07
-->Epoch: 010    Loss: 0.972748    NLLloss: 0.971279    ECELoss:  1.37%    MCELoss:  2.66%    Accuracy: 66.02%    Time: 0:00:06
Trainset:
 Mean:
  Loss: 0.820864
  NLLloss: 0.819392
  ECELoss: 2.16%
  MCELoss: 4.04%
  Accuracy: 71.37%
 Ensemble:
  Loss: 0.851741
  NLLloss: 0.850268
  ECELoss: 6.95%
  MCELoss: 10.59%
  Accuracy: 70.77%
Testset:
 Mean:
  Loss: 0.821161
  NLLloss: 0.813798
  ECELoss: 1.30%
  MCELoss: 6.75%
  Accuracy: 71.71%
 Ensemble:
  Loss: 0.836931
  NLLloss: 0.829568
  ECELoss: 5.72%
  MCELoss: 11.84%
  Accuracy: 71.46%
-->Epoch: 011    Loss: 0.946237    NLLloss: 0.944761    ECELoss:  1.39%    MCELoss:  2.86%    Accuracy: 66.64%    Time: 0:00:06
-->Epoch: 012    Loss: 0.953417    NLLloss: 0.951934    ECELoss:  1.06%    MCELoss:  7.16%    Accuracy: 66.63%    Time: 0:00:08
-->Epoch: 013    Loss: 0.935111    NLLloss: 0.933622    ECELoss:  1.22%    MCELoss:  4.33%    Accuracy: 67.07%    Time: 0:00:07
-->Epoch: 014    Loss: 0.940365    NLLloss: 0.938869    ECELoss:  1.41%    MCELoss:  4.21%    Accuracy: 66.73%    Time: 0:00:06
-->Epoch: 015    Loss: 0.921552    NLLloss: 0.920050    ECELoss:  1.14%    MCELoss:  5.52%    Accuracy: 67.49%    Time: 0:00:06
-->Epoch: 016    Loss: 0.911375    NLLloss: 0.909866    ECELoss:  1.22%    MCELoss:  3.64%    Accuracy: 67.75%    Time: 0:00:07
-->Epoch: 017    Loss: 0.913303    NLLloss: 0.911789    ECELoss:  1.05%    MCELoss:  9.80%    Accuracy: 67.80%    Time: 0:00:07
-->Epoch: 018    Loss: 0.913741    NLLloss: 0.912220    ECELoss:  1.21%    MCELoss:  2.68%    Accuracy: 67.80%    Time: 0:00:06
-->Epoch: 019    Loss: 0.918457    NLLloss: 0.916929    ECELoss:  1.14%    MCELoss:  2.88%    Accuracy: 67.84%    Time: 0:00:07
-->Epoch: 020    Loss: 0.913185    NLLloss: 0.911650    ECELoss:  0.80%    MCELoss:  6.89%    Accuracy: 67.95%    Time: 0:00:07
Trainset:
 Mean:
  Loss: 0.797336
  NLLloss: 0.795798
  ECELoss: 1.81%
  MCELoss: 11.28%
  Accuracy: 71.93%
 Ensemble:
  Loss: 0.812547
  NLLloss: 0.811008
  ECELoss: 5.64%
  MCELoss: 8.98%
  Accuracy: 72.09%
Testset:
 Mean:
  Loss: 0.797696
  NLLloss: 0.790004
  ECELoss: 1.60%
  MCELoss: 23.83%
  Accuracy: 72.69%
 Ensemble:
  Loss: 0.802696
  NLLloss: 0.795005
  ECELoss: 3.70%
  MCELoss: 21.46%
  Accuracy: 72.39%
-->Epoch: 021    Loss: 0.900656    NLLloss: 0.899114    ECELoss:  0.84%    MCELoss:  5.51%    Accuracy: 68.23%    Time: 0:00:07
-->Epoch: 022    Loss: 0.901912    NLLloss: 0.900364    ECELoss:  0.95%    MCELoss:  7.75%    Accuracy: 68.37%    Time: 0:00:06
-->Epoch: 023    Loss: 0.875585    NLLloss: 0.874031    ECELoss:  0.74%    MCELoss:  1.66%    Accuracy: 69.12%    Time: 0:00:08
-->Epoch: 024    Loss: 0.875958    NLLloss: 0.874398    ECELoss:  0.90%    MCELoss:  7.49%    Accuracy: 69.39%    Time: 0:00:07
-->Epoch: 025    Loss: 0.891796    NLLloss: 0.890230    ECELoss:  0.98%    MCELoss: 11.25%    Accuracy: 68.65%    Time: 0:00:07
-->Epoch: 026    Loss: 0.876599    NLLloss: 0.875026    ECELoss:  0.78%    MCELoss:  3.11%    Accuracy: 69.21%    Time: 0:00:06
-->Epoch: 027    Loss: 0.876456    NLLloss: 0.874876    ECELoss:  0.87%    MCELoss:  6.69%    Accuracy: 69.19%    Time: 0:00:07
-->Epoch: 028    Loss: 0.869520    NLLloss: 0.867933    ECELoss:  0.80%    MCELoss:  1.99%    Accuracy: 69.36%    Time: 0:00:07
-->Epoch: 029    Loss: 0.864643    NLLloss: 0.863050    ECELoss:  0.79%    MCELoss:  1.39%    Accuracy: 69.61%    Time: 0:00:07
-->Epoch: 030    Loss: 0.869060    NLLloss: 0.867461    ECELoss:  0.89%    MCELoss:  2.94%    Accuracy: 69.41%    Time: 0:00:07
Trainset:
 Mean:
  Loss: 0.803616
  NLLloss: 0.802014
  ECELoss: 0.70%
  MCELoss: 2.34%
  Accuracy: 71.57%
 Ensemble:
  Loss: 0.806697
  NLLloss: 0.805095
  ECELoss: 2.54%
  MCELoss: 5.82%
  Accuracy: 71.65%
Testset:
 Mean:
  Loss: 0.804361
  NLLloss: 0.796350
  ECELoss: 1.69%
  MCELoss: 6.37%
  Accuracy: 72.17%
 Ensemble:
  Loss: 0.801704
  NLLloss: 0.793693
  ECELoss: 1.48%
  MCELoss: 10.47%
  Accuracy: 72.42%
-->Epoch: 031    Loss: 0.870483    NLLloss: 0.868878    ECELoss:  0.73%    MCELoss:  6.62%    Accuracy: 69.28%    Time: 0:00:07
-->Epoch: 032    Loss: 0.864247    NLLloss: 0.862636    ECELoss:  0.83%    MCELoss:  2.71%    Accuracy: 69.70%    Time: 0:00:07
-->Epoch: 033    Loss: 0.862729    NLLloss: 0.861112    ECELoss:  0.87%    MCELoss:  9.80%    Accuracy: 69.65%    Time: 0:00:08
-->Epoch: 034    Loss: 0.843895    NLLloss: 0.842272    ECELoss:  0.66%    MCELoss:  5.46%    Accuracy: 70.28%    Time: 0:00:06
-->Epoch: 035    Loss: 0.852617    NLLloss: 0.850986    ECELoss:  0.70%    MCELoss:  1.22%    Accuracy: 69.99%    Time: 0:00:07
-->Epoch: 036    Loss: 0.852037    NLLloss: 0.850401    ECELoss:  0.67%    MCELoss:  1.97%    Accuracy: 70.11%    Time: 0:00:08
-->Epoch: 037    Loss: 0.837862    NLLloss: 0.836220    ECELoss:  0.47%    MCELoss:  5.81%    Accuracy: 70.55%    Time: 0:00:06
-->Epoch: 038    Loss: 0.843432    NLLloss: 0.841784    ECELoss:  0.92%    MCELoss:  6.95%    Accuracy: 70.18%    Time: 0:00:07
-->Epoch: 039    Loss: 0.843071    NLLloss: 0.841416    ECELoss:  0.68%    MCELoss:  3.18%    Accuracy: 70.34%    Time: 0:00:07
-->Epoch: 040    Loss: 0.835855    NLLloss: 0.834195    ECELoss:  0.73%    MCELoss:  8.06%    Accuracy: 70.58%    Time: 0:00:06
Trainset:
 Mean:
  Loss: 0.797250
  NLLloss: 0.795587
  ECELoss: 0.45%
  MCELoss: 2.64%
  Accuracy: 71.66%
 Ensemble:
  Loss: 0.804838
  NLLloss: 0.803174
  ECELoss: 2.07%
  MCELoss: 8.78%
  Accuracy: 71.71%
Testset:
 Mean:
  Loss: 0.803766
  NLLloss: 0.795449
  ECELoss: 1.84%
  MCELoss: 18.99%
  Accuracy: 72.31%
 Ensemble:
  Loss: 0.799391
  NLLloss: 0.791074
  ECELoss: 1.44%
  MCELoss: 18.75%
  Accuracy: 72.37%
-->Epoch: 041    Loss: 0.840328    NLLloss: 0.838661    ECELoss:  0.65%    MCELoss:  1.21%    Accuracy: 70.31%    Time: 0:00:06
-->Epoch: 042    Loss: 0.830763    NLLloss: 0.829090    ECELoss:  0.56%    MCELoss:  3.17%    Accuracy: 70.95%    Time: 0:00:07
-->Epoch: 043    Loss: 0.833701    NLLloss: 0.832023    ECELoss:  0.54%    MCELoss:  5.08%    Accuracy: 70.75%    Time: 0:00:07
-->Epoch: 044    Loss: 0.842517    NLLloss: 0.840832    ECELoss:  0.78%    MCELoss:  1.79%    Accuracy: 70.36%    Time: 0:00:07
-->Epoch: 045    Loss: 0.837875    NLLloss: 0.836184    ECELoss:  0.66%    MCELoss:  8.66%    Accuracy: 70.57%    Time: 0:00:06
-->Epoch: 046    Loss: 0.836444    NLLloss: 0.834747    ECELoss:  0.61%    MCELoss:  2.16%    Accuracy: 70.67%    Time: 0:00:07
-->Epoch: 047    Loss: 0.831480    NLLloss: 0.829776    ECELoss:  0.82%    MCELoss:  2.25%    Accuracy: 70.83%    Time: 0:00:08
-->Epoch: 048    Loss: 0.821923    NLLloss: 0.820213    ECELoss:  0.64%    MCELoss:  3.00%    Accuracy: 71.11%    Time: 0:00:06
-->Epoch: 049    Loss: 0.819156    NLLloss: 0.817441    ECELoss:  0.71%    MCELoss:  6.67%    Accuracy: 71.30%    Time: 0:00:07
-->Epoch: 050    Loss: 0.810433    NLLloss: 0.808711    ECELoss:  0.51%    MCELoss:  1.11%    Accuracy: 71.45%    Time: 0:00:07
Trainset:
 Mean:
  Loss: 0.781453
  NLLloss: 0.779728
  ECELoss: 0.70%
  MCELoss: 1.99%
  Accuracy: 72.57%
 Ensemble:
  Loss: 0.785715
  NLLloss: 0.783991
  ECELoss: 2.25%
  MCELoss: 5.46%
  Accuracy: 72.35%
Testset:
 Mean:
  Loss: 0.789415
  NLLloss: 0.780793
  ECELoss: 1.09%
  MCELoss: 11.05%
  Accuracy: 72.63%
 Ensemble:
  Loss: 0.787392
  NLLloss: 0.778770
  ECELoss: 1.15%
  MCELoss: 18.78%
  Accuracy: 72.82%
-->Epoch: 051    Loss: 0.807293    NLLloss: 0.805566    ECELoss:  0.56%    MCELoss:  3.16%    Accuracy: 71.47%    Time: 0:00:08
-->Epoch: 052    Loss: 0.819429    NLLloss: 0.817696    ECELoss:  0.70%    MCELoss:  7.11%    Accuracy: 71.21%    Time: 0:00:07
-->Epoch: 053    Loss: 0.809920    NLLloss: 0.808181    ECELoss:  0.69%    MCELoss:  2.14%    Accuracy: 71.48%    Time: 0:00:07
-->Epoch: 054    Loss: 0.807617    NLLloss: 0.805872    ECELoss:  0.56%    MCELoss:  2.59%    Accuracy: 71.63%    Time: 0:00:08
-->Epoch: 055    Loss: 0.817632    NLLloss: 0.815881    ECELoss:  0.57%    MCELoss:  6.81%    Accuracy: 71.06%    Time: 0:00:08
-->Epoch: 056    Loss: 0.813425    NLLloss: 0.811668    ECELoss:  0.67%    MCELoss:  4.49%    Accuracy: 71.39%    Time: 0:00:06
-->Epoch: 057    Loss: 0.803520    NLLloss: 0.801758    ECELoss:  0.44%    MCELoss:  5.84%    Accuracy: 71.86%    Time: 0:00:07
-->Epoch: 058    Loss: 0.814280    NLLloss: 0.812511    ECELoss:  0.83%    MCELoss:  6.55%    Accuracy: 71.02%    Time: 0:00:07
-->Epoch: 059    Loss: 0.805483    NLLloss: 0.803708    ECELoss:  0.54%    MCELoss:  3.71%    Accuracy: 71.53%    Time: 0:00:06
-->Epoch: 060    Loss: 0.803216    NLLloss: 0.801436    ECELoss:  0.57%    MCELoss:  5.55%    Accuracy: 71.53%    Time: 0:00:07
Trainset:
 Mean:
  Loss: 0.762648
  NLLloss: 0.760865
  ECELoss: 0.48%
  MCELoss: 1.83%
  Accuracy: 73.21%
 Ensemble:
  Loss: 0.762933
  NLLloss: 0.761149
  ECELoss: 1.55%
  MCELoss: 6.62%
  Accuracy: 73.08%
Testset:
 Mean:
  Loss: 0.779001
  NLLloss: 0.770084
  ECELoss: 1.20%
  MCELoss: 4.44%
  Accuracy: 73.59%
 Ensemble:
  Loss: 0.776392
  NLLloss: 0.767476
  ECELoss: 0.82%
  MCELoss: 9.95%
  Accuracy: 73.59%
-->Epoch: 061    Loss: 0.801257    NLLloss: 0.799470    ECELoss:  0.74%    MCELoss:  4.22%    Accuracy: 71.88%    Time: 0:00:06
-->Epoch: 062    Loss: 0.810003    NLLloss: 0.808211    ECELoss:  0.45%    MCELoss:  1.73%    Accuracy: 71.68%    Time: 0:00:07
-->Epoch: 063    Loss: 0.813187    NLLloss: 0.811389    ECELoss:  0.53%    MCELoss:  4.80%    Accuracy: 71.46%    Time: 0:00:07
-->Epoch: 064    Loss: 0.796863    NLLloss: 0.795058    ECELoss:  0.26%    MCELoss:  3.76%    Accuracy: 72.03%    Time: 0:00:06
-->Epoch: 065    Loss: 0.805947    NLLloss: 0.804137    ECELoss:  0.64%    MCELoss:  4.13%    Accuracy: 71.67%    Time: 0:00:07
-->Epoch: 066    Loss: 0.798881    NLLloss: 0.797065    ECELoss:  0.56%    MCELoss: 14.65%    Accuracy: 71.81%    Time: 0:00:07
-->Epoch: 067    Loss: 0.799569    NLLloss: 0.797746    ECELoss:  0.46%    MCELoss:  4.07%    Accuracy: 71.85%    Time: 0:00:06
-->Epoch: 068    Loss: 0.798717    NLLloss: 0.796889    ECELoss:  0.69%    MCELoss: 13.41%    Accuracy: 71.93%    Time: 0:00:07
-->Epoch: 069    Loss: 0.792300    NLLloss: 0.790466    ECELoss:  0.38%    MCELoss:  4.39%    Accuracy: 72.10%    Time: 0:00:07
-->Epoch: 070    Loss: 0.801543    NLLloss: 0.799703    ECELoss:  0.62%    MCELoss:  2.03%    Accuracy: 71.67%    Time: 0:00:07
Trainset:
 Mean:
  Loss: 0.773519
  NLLloss: 0.771675
  ECELoss: 0.63%
  MCELoss: 3.68%
  Accuracy: 72.82%
 Ensemble:
  Loss: 0.778417
  NLLloss: 0.776574
  ECELoss: 0.78%
  MCELoss: 2.61%
  Accuracy: 72.64%
Testset:
 Mean:
  Loss: 0.795844
  NLLloss: 0.786627
  ECELoss: 1.86%
  MCELoss: 14.54%
  Accuracy: 72.76%
 Ensemble:
  Loss: 0.791694
  NLLloss: 0.782476
  ECELoss: 1.38%
  MCELoss: 17.72%
  Accuracy: 72.95%
-->Epoch: 071    Loss: 0.793556    NLLloss: 0.791709    ECELoss:  0.67%    MCELoss:  5.03%    Accuracy: 71.99%    Time: 0:00:07
-->Epoch: 072    Loss: 0.786285    NLLloss: 0.784433    ECELoss:  0.45%    MCELoss:  3.85%    Accuracy: 72.37%    Time: 0:00:06
-->Epoch: 073    Loss: 0.786738    NLLloss: 0.784879    ECELoss:  0.36%    MCELoss:  3.24%    Accuracy: 72.31%    Time: 0:00:07
-->Epoch: 074    Loss: 0.793768    NLLloss: 0.791904    ECELoss:  0.61%    MCELoss:  2.97%    Accuracy: 72.20%    Time: 0:00:08
-->Epoch: 075    Loss: 0.786976    NLLloss: 0.785105    ECELoss:  0.65%    MCELoss:  2.72%    Accuracy: 72.35%    Time: 0:00:06
-->Epoch: 076    Loss: 0.781916    NLLloss: 0.780039    ECELoss:  0.52%    MCELoss:  7.61%    Accuracy: 72.49%    Time: 0:00:07
-->Epoch: 077    Loss: 0.782898    NLLloss: 0.781015    ECELoss:  0.64%    MCELoss:  3.12%    Accuracy: 72.51%    Time: 0:00:08
-->Epoch: 078    Loss: 0.790046    NLLloss: 0.788158    ECELoss:  0.50%    MCELoss:  3.19%    Accuracy: 72.09%    Time: 0:00:06
-->Epoch: 079    Loss: 0.787793    NLLloss: 0.785899    ECELoss:  0.60%    MCELoss:  9.79%    Accuracy: 72.13%    Time: 0:00:07
-->Epoch: 080    Loss: 0.787600    NLLloss: 0.785700    ECELoss:  0.50%    MCELoss:  3.24%    Accuracy: 72.25%    Time: 0:00:07
Trainset:
 Mean:
  Loss: 0.757366
  NLLloss: 0.755463
  ECELoss: 0.53%
  MCELoss: 7.67%
  Accuracy: 73.33%
 Ensemble:
  Loss: 0.756857
  NLLloss: 0.754955
  ECELoss: 1.27%
  MCELoss: 4.53%
  Accuracy: 73.53%
Testset:
 Mean:
  Loss: 0.766492
  NLLloss: 0.756980
  ECELoss: 1.28%
  MCELoss: 3.05%
  Accuracy: 73.83%
 Ensemble:
  Loss: 0.763945
  NLLloss: 0.754433
  ECELoss: 1.00%
  MCELoss: 3.29%
  Accuracy: 73.73%
-->Epoch: 081    Loss: 0.779265    NLLloss: 0.777360    ECELoss:  0.47%    MCELoss:  8.38%    Accuracy: 72.49%    Time: 0:00:07
-->Epoch: 082    Loss: 0.780999    NLLloss: 0.779089    ECELoss:  0.44%    MCELoss:  1.16%    Accuracy: 72.51%    Time: 0:00:06
-->Epoch: 083    Loss: 0.775638    NLLloss: 0.773723    ECELoss:  0.45%    MCELoss:  3.30%    Accuracy: 72.72%    Time: 0:00:07
-->Epoch: 084    Loss: 0.773738    NLLloss: 0.771816    ECELoss:  0.59%    MCELoss: 13.05%    Accuracy: 72.93%    Time: 0:00:07
-->Epoch: 085    Loss: 0.771717    NLLloss: 0.769790    ECELoss:  0.56%    MCELoss:  6.36%    Accuracy: 72.88%    Time: 0:00:07
-->Epoch: 086    Loss: 0.771655    NLLloss: 0.769724    ECELoss:  0.57%    MCELoss:  4.29%    Accuracy: 72.84%    Time: 0:00:06
-->Epoch: 087    Loss: 0.778062    NLLloss: 0.776125    ECELoss:  0.52%    MCELoss:  6.98%    Accuracy: 72.78%    Time: 0:00:07
-->Epoch: 088    Loss: 0.773038    NLLloss: 0.771095    ECELoss:  0.61%    MCELoss:  3.51%    Accuracy: 72.76%    Time: 0:00:08
-->Epoch: 089    Loss: 0.775032    NLLloss: 0.773084    ECELoss:  0.52%    MCELoss:  2.76%    Accuracy: 72.72%    Time: 0:00:06
-->Epoch: 090    Loss: 0.770626    NLLloss: 0.768672    ECELoss:  0.30%    MCELoss: 12.28%    Accuracy: 72.92%    Time: 0:00:07
Trainset:
 Mean:
  Loss: 0.745398
  NLLloss: 0.743441
  ECELoss: 0.83%
  MCELoss: 9.00%
  Accuracy: 73.92%
 Ensemble:
  Loss: 0.748663
  NLLloss: 0.746706
  ECELoss: 1.30%
  MCELoss: 3.82%
  Accuracy: 73.60%
Testset:
 Mean:
  Loss: 0.779314
  NLLloss: 0.769530
  ECELoss: 1.84%
  MCELoss: 15.37%
  Accuracy: 73.30%
 Ensemble:
  Loss: 0.776648
  NLLloss: 0.766864
  ECELoss: 1.33%
  MCELoss: 18.59%
  Accuracy: 73.38%
-->Epoch: 091    Loss: 0.782182    NLLloss: 0.780223    ECELoss:  0.39%    MCELoss: 13.57%    Accuracy: 72.52%    Time: 0:00:07
-->Epoch: 092    Loss: 0.779927    NLLloss: 0.777962    ECELoss:  0.60%    MCELoss:  4.08%    Accuracy: 72.64%    Time: 0:00:07
-->Epoch: 093    Loss: 0.773189    NLLloss: 0.771218    ECELoss:  0.41%    MCELoss:  1.31%    Accuracy: 72.77%    Time: 0:00:07
-->Epoch: 094    Loss: 0.771813    NLLloss: 0.769837    ECELoss:  0.26%    MCELoss: 12.24%    Accuracy: 72.82%    Time: 0:00:07
-->Epoch: 095    Loss: 0.775873    NLLloss: 0.773891    ECELoss:  0.52%    MCELoss:  4.18%    Accuracy: 72.63%    Time: 0:00:07
-->Epoch: 096    Loss: 0.766677    NLLloss: 0.764690    ECELoss:  0.48%    MCELoss:  2.23%    Accuracy: 72.99%    Time: 0:00:07
-->Epoch: 097    Loss: 0.769161    NLLloss: 0.767169    ECELoss:  0.30%    MCELoss:  7.78%    Accuracy: 72.95%    Time: 0:00:06
-->Epoch: 098    Loss: 0.770823    NLLloss: 0.768825    ECELoss:  0.68%    MCELoss:  4.91%    Accuracy: 72.88%    Time: 0:00:07
-->Epoch: 099    Loss: 0.764016    NLLloss: 0.762013    ECELoss:  0.38%    MCELoss:  1.66%    Accuracy: 72.93%    Time: 0:00:06
-->Epoch: 100    Loss: 0.762841    NLLloss: 0.760833    ECELoss:  0.56%    MCELoss:  3.41%    Accuracy: 73.16%    Time: 0:00:06
Trainset:
 Mean:
  Loss: 0.751617
  NLLloss: 0.749607
  ECELoss: 0.28%
  MCELoss: 3.42%
  Accuracy: 73.50%
 Ensemble:
  Loss: 0.753542
  NLLloss: 0.751532
  ECELoss: 0.56%
  MCELoss: 4.91%
  Accuracy: 73.35%
Testset:
 Mean:
  Loss: 0.773826
  NLLloss: 0.763776
  ECELoss: 1.57%
  MCELoss: 7.31%
  Accuracy: 73.63%
 Ensemble:
  Loss: 0.771739
  NLLloss: 0.761688
  ECELoss: 1.51%
  MCELoss: 9.35%
  Accuracy: 73.66%
