Files already downloaded and verified
Files already downloaded and verified
Trainset:
 Mean:
  Average loss: 0.706885
  Accuracy: 74.75
 Ensemble:
  Average loss: 1.745604
  Accuracy: 42.74
Testset:
 Mean:
  Average loss: 0.736114
  Accuracy: 73.97
 Ensemble:
  Average loss: 1.644803
  Accuracy: 46.81
-->Epoch: 001    Loss: 2.82888738    Accuracy: 24.65    Time: 0:00:03
-->Epoch: 002    Loss: 2.09996066    Accuracy: 29.14    Time: 0:00:03
-->Epoch: 003    Loss: 1.95331958    Accuracy: 32.36    Time: 0:00:03
-->Epoch: 004    Loss: 1.83713303    Accuracy: 35.26    Time: 0:00:03
-->Epoch: 005    Loss: 1.78188134    Accuracy: 37.12    Time: 0:00:03
-->Epoch: 006    Loss: 1.71464263    Accuracy: 39.41    Time: 0:00:02
-->Epoch: 007    Loss: 1.70249658    Accuracy: 40.14    Time: 0:00:02
-->Epoch: 008    Loss: 1.61864127    Accuracy: 42.60    Time: 0:00:02
-->Epoch: 009    Loss: 1.59658359    Accuracy: 43.96    Time: 0:00:02
-->Epoch: 010    Loss: 1.56712165    Accuracy: 44.67    Time: 0:00:02
Trainset:
 Mean:
  Average loss: 1.191254
  Accuracy: 58.27
 Ensemble:
  Average loss: 1.306730
  Accuracy: 56.97
Testset:
 Mean:
  Average loss: 1.120744
  Accuracy: 61.40
 Ensemble:
  Average loss: 1.243871
  Accuracy: 60.10
-->Epoch: 011    Loss: 1.51089279    Accuracy: 46.71    Time: 0:00:03
-->Epoch: 012    Loss: 1.49761366    Accuracy: 47.39    Time: 0:00:03
-->Epoch: 013    Loss: 1.45958348    Accuracy: 48.86    Time: 0:00:03
-->Epoch: 014    Loss: 1.46186348    Accuracy: 48.78    Time: 0:00:03
-->Epoch: 015    Loss: 1.44411120    Accuracy: 49.23    Time: 0:00:03
-->Epoch: 016    Loss: 1.41053790    Accuracy: 50.46    Time: 0:00:03
-->Epoch: 017    Loss: 1.38742231    Accuracy: 50.97    Time: 0:00:03
-->Epoch: 018    Loss: 1.36250940    Accuracy: 51.92    Time: 0:00:03
-->Epoch: 019    Loss: 1.35971277    Accuracy: 52.43    Time: 0:00:03
-->Epoch: 020    Loss: 1.33770015    Accuracy: 52.79    Time: 0:00:03
Trainset:
 Mean:
  Average loss: 1.075555
  Accuracy: 62.87
 Ensemble:
  Average loss: 1.156666
  Accuracy: 62.25
Testset:
 Mean:
  Average loss: 1.019364
  Accuracy: 64.72
 Ensemble:
  Average loss: 1.089134
  Accuracy: 64.50
-->Epoch: 021    Loss: 1.32403745    Accuracy: 53.47    Time: 0:00:03
-->Epoch: 022    Loss: 1.31899983    Accuracy: 53.64    Time: 0:00:03
-->Epoch: 023    Loss: 1.28085311    Accuracy: 54.86    Time: 0:00:03
-->Epoch: 024    Loss: 1.26586859    Accuracy: 55.42    Time: 0:00:03
-->Epoch: 025    Loss: 1.25451667    Accuracy: 56.02    Time: 0:00:03
-->Epoch: 026    Loss: 1.23552455    Accuracy: 56.41    Time: 0:00:03
-->Epoch: 027    Loss: 1.23295921    Accuracy: 56.80    Time: 0:00:03
-->Epoch: 028    Loss: 1.21854371    Accuracy: 57.41    Time: 0:00:03
-->Epoch: 029    Loss: 1.21815704    Accuracy: 57.13    Time: 0:00:03
-->Epoch: 030    Loss: 1.20919165    Accuracy: 57.31    Time: 0:00:03
Trainset:
 Mean:
  Average loss: 0.999412
  Accuracy: 64.87
 Ensemble:
  Average loss: 1.042550
  Accuracy: 65.10
Testset:
 Mean:
  Average loss: 0.945010
  Accuracy: 67.39
 Ensemble:
  Average loss: 0.980884
  Accuracy: 67.09
-->Epoch: 031    Loss: 1.19676806    Accuracy: 58.20    Time: 0:00:07
-->Epoch: 032    Loss: 1.18166204    Accuracy: 58.51    Time: 0:00:06
-->Epoch: 033    Loss: 1.16489554    Accuracy: 59.19    Time: 0:00:06
-->Epoch: 034    Loss: 1.15722077    Accuracy: 59.26    Time: 0:00:05
-->Epoch: 035    Loss: 1.14464329    Accuracy: 59.77    Time: 0:00:05
-->Epoch: 036    Loss: 1.13740316    Accuracy: 60.09    Time: 0:00:05
-->Epoch: 037    Loss: 1.12644276    Accuracy: 60.33    Time: 0:00:04
-->Epoch: 038    Loss: 1.11496668    Accuracy: 60.86    Time: 0:00:04
-->Epoch: 039    Loss: 1.12462307    Accuracy: 60.82    Time: 0:00:04
-->Epoch: 040    Loss: 1.10416008    Accuracy: 61.44    Time: 0:00:04
Trainset:
 Mean:
  Average loss: 0.939256
  Accuracy: 66.89
 Ensemble:
  Average loss: 0.966812
  Accuracy: 66.83
Testset:
 Mean:
  Average loss: 0.895322
  Accuracy: 68.61
 Ensemble:
  Average loss: 0.911275
  Accuracy: 68.61
-->Epoch: 041    Loss: 1.09935041    Accuracy: 61.30    Time: 0:00:04
-->Epoch: 042    Loss: 1.09039747    Accuracy: 61.88    Time: 0:00:04
-->Epoch: 043    Loss: 1.09104700    Accuracy: 61.47    Time: 0:00:04
-->Epoch: 044    Loss: 1.07319866    Accuracy: 62.42    Time: 0:00:03
-->Epoch: 045    Loss: 1.05564600    Accuracy: 62.79    Time: 0:00:03
-->Epoch: 046    Loss: 1.07203727    Accuracy: 62.44    Time: 0:00:03
-->Epoch: 047    Loss: 1.06811715    Accuracy: 62.53    Time: 0:00:03
-->Epoch: 048    Loss: 1.05415062    Accuracy: 62.85    Time: 0:00:03
-->Epoch: 049    Loss: 1.03847022    Accuracy: 63.40    Time: 0:00:03
-->Epoch: 050    Loss: 1.03672821    Accuracy: 63.52    Time: 0:00:03
Trainset:
 Mean:
  Average loss: 0.907616
  Accuracy: 68.07
 Ensemble:
  Average loss: 0.925499
  Accuracy: 68.01
Testset:
 Mean:
  Average loss: 0.872747
  Accuracy: 69.28
 Ensemble:
  Average loss: 0.880933
  Accuracy: 69.55
-->Epoch: 051    Loss: 1.02171855    Accuracy: 64.18    Time: 0:00:03
-->Epoch: 052    Loss: 1.01922433    Accuracy: 64.30    Time: 0:00:03
-->Epoch: 053    Loss: 1.01093936    Accuracy: 64.61    Time: 0:00:03
-->Epoch: 054    Loss: 1.01335055    Accuracy: 64.32    Time: 0:00:03
-->Epoch: 055    Loss: 1.00763241    Accuracy: 64.47    Time: 0:00:03
-->Epoch: 056    Loss: 1.00527135    Accuracy: 64.57    Time: 0:00:03
-->Epoch: 057    Loss: 1.00605561    Accuracy: 64.73    Time: 0:00:03
-->Epoch: 058    Loss: 0.99371854    Accuracy: 65.01    Time: 0:00:03
-->Epoch: 059    Loss: 0.98317060    Accuracy: 65.40    Time: 0:00:03
-->Epoch: 060    Loss: 0.98603584    Accuracy: 65.33    Time: 0:00:03
Trainset:
 Mean:
  Average loss: 0.883310
  Accuracy: 68.85
 Ensemble:
  Average loss: 0.887458
  Accuracy: 69.00
Testset:
 Mean:
  Average loss: 0.854855
  Accuracy: 69.86
 Ensemble:
  Average loss: 0.852822
  Accuracy: 70.08
-->Epoch: 061    Loss: 0.97946270    Accuracy: 65.49    Time: 0:00:03
-->Epoch: 062    Loss: 0.98106829    Accuracy: 65.70    Time: 0:00:03
-->Epoch: 063    Loss: 0.97365456    Accuracy: 65.90    Time: 0:00:03
-->Epoch: 064    Loss: 0.95293281    Accuracy: 66.52    Time: 0:00:03
-->Epoch: 065    Loss: 0.95733587    Accuracy: 66.41    Time: 0:00:03
-->Epoch: 066    Loss: 0.95264889    Accuracy: 66.67    Time: 0:00:03
-->Epoch: 067    Loss: 0.95608983    Accuracy: 66.22    Time: 0:00:03
-->Epoch: 068    Loss: 0.95292585    Accuracy: 66.31    Time: 0:00:03
-->Epoch: 069    Loss: 0.94948894    Accuracy: 66.78    Time: 0:00:03
-->Epoch: 070    Loss: 0.94413218    Accuracy: 66.67    Time: 0:00:03
Trainset:
 Mean:
  Average loss: 0.877265
  Accuracy: 69.18
 Ensemble:
  Average loss: 0.882766
  Accuracy: 69.31
Testset:
 Mean:
  Average loss: 0.842790
  Accuracy: 70.17
 Ensemble:
  Average loss: 0.841645
  Accuracy: 70.23
-->Epoch: 071    Loss: 0.93669335    Accuracy: 66.86    Time: 0:00:03
-->Epoch: 072    Loss: 0.93667661    Accuracy: 67.18    Time: 0:00:03
-->Epoch: 073    Loss: 0.92748004    Accuracy: 67.36    Time: 0:00:03
-->Epoch: 074    Loss: 0.92919766    Accuracy: 67.55    Time: 0:00:03
-->Epoch: 075    Loss: 0.91758528    Accuracy: 67.90    Time: 0:00:03
-->Epoch: 076    Loss: 0.92127828    Accuracy: 67.74    Time: 0:00:03
-->Epoch: 077    Loss: 0.90659684    Accuracy: 68.02    Time: 0:00:03
-->Epoch: 078    Loss: 0.90798616    Accuracy: 68.05    Time: 0:00:03
-->Epoch: 079    Loss: 0.90844352    Accuracy: 68.01    Time: 0:00:03
-->Epoch: 080    Loss: 0.90641391    Accuracy: 68.22    Time: 0:00:03
Trainset:
 Mean:
  Average loss: 0.848804
  Accuracy: 70.15
 Ensemble:
  Average loss: 0.847481
  Accuracy: 70.44
Testset:
 Mean:
  Average loss: 0.830153
  Accuracy: 70.81
 Ensemble:
  Average loss: 0.825016
  Accuracy: 70.98
-->Epoch: 081    Loss: 0.89880582    Accuracy: 68.47    Time: 0:00:03
-->Epoch: 082    Loss: 0.89757219    Accuracy: 68.46    Time: 0:00:03
-->Epoch: 083    Loss: 0.89402599    Accuracy: 68.61    Time: 0:00:03
-->Epoch: 084    Loss: 0.89358537    Accuracy: 68.30    Time: 0:00:03
-->Epoch: 085    Loss: 0.89289223    Accuracy: 68.56    Time: 0:00:03
-->Epoch: 086    Loss: 0.88700930    Accuracy: 68.80    Time: 0:00:03
-->Epoch: 087    Loss: 0.89520196    Accuracy: 68.63    Time: 0:00:03
-->Epoch: 088    Loss: 0.88131167    Accuracy: 68.87    Time: 0:00:03
-->Epoch: 089    Loss: 0.88155873    Accuracy: 69.33    Time: 0:00:03
-->Epoch: 090    Loss: 0.87184926    Accuracy: 69.36    Time: 0:00:03
Trainset:
 Mean:
  Average loss: 0.839097
  Accuracy: 70.55
 Ensemble:
  Average loss: 0.842231
  Accuracy: 70.64
Testset:
 Mean:
  Average loss: 0.827205
  Accuracy: 70.69
 Ensemble:
  Average loss: 0.822376
  Accuracy: 70.87
-->Epoch: 091    Loss: 0.87404947    Accuracy: 69.31    Time: 0:00:03
-->Epoch: 092    Loss: 0.86351393    Accuracy: 69.66    Time: 0:00:03
-->Epoch: 093    Loss: 0.87527526    Accuracy: 69.37    Time: 0:00:03
-->Epoch: 094    Loss: 0.85873149    Accuracy: 69.63    Time: 0:00:03
-->Epoch: 095    Loss: 0.86002383    Accuracy: 69.88    Time: 0:00:03
-->Epoch: 096    Loss: 0.86370478    Accuracy: 69.32    Time: 0:00:03
-->Epoch: 097    Loss: 0.85750193    Accuracy: 69.91    Time: 0:00:03
-->Epoch: 098    Loss: 0.85552769    Accuracy: 70.08    Time: 0:00:03
-->Epoch: 099    Loss: 0.85184810    Accuracy: 70.06    Time: 0:00:03
-->Epoch: 100    Loss: 0.85062727    Accuracy: 70.02    Time: 0:00:03
Trainset:
 Mean:
  Average loss: 0.808654
  Accuracy: 71.50
 Ensemble:
  Average loss: 0.809152
  Accuracy: 71.49
Testset:
 Mean:
  Average loss: 0.793335
  Accuracy: 72.21
 Ensemble:
  Average loss: 0.789646
  Accuracy: 72.46
